2023-12-05 10:51:08.842  DEBUG [main                          ] - o.s.b.f.support.DefaultListableBeanFactory   [213] : Creating shared instance of singleton bean 'otcDerivativeCounterpartyMapper'
2023-12-05 10:51:08.853  DEBUG [main                          ] - o.s.b.f.support.DefaultListableBeanFactory   [213] : Creating shared instance of singleton bean 'sqlSessionFactory'
2023-12-05 10:51:08.853  DEBUG [main                          ] - o.s.b.f.support.DefaultListableBeanFactory   [213] : Creating shared instance of singleton bean 'com.baomidou.mybatisplus.autoconfigure.MybatisPlusAutoConfiguration'
2023-12-05 10:51:08.855  DEBUG [main                          ] - s.c.LocalVariableTableParameterNameDiscoverer[108] : Cannot find '.class' file for class [class com.baomidou.mybatisplus.autoconfigure.MybatisPlusAutoConfiguration$$EnhancerBySpringCGLIB$$faf8253c] - unable to determine constructor/method parameter names
2023-12-05 10:51:08.857  DEBUG [main                          ] - o.s.b.f.support.DefaultListableBeanFactory   [213] : Creating shared instance of singleton bean 'mybatis-plus-com.baomidou.mybatisplus.autoconfigure.MybatisPlusProperties'
2023-12-05 10:51:08.865  DEBUG [main                          ] - o.s.b.f.support.DefaultListableBeanFactory   [777] : Autowiring by type from bean name 'com.baomidou.mybatisplus.autoconfigure.MybatisPlusAutoConfiguration' via constructor to bean named 'mybatis-plus-com.baomidou.mybatisplus.autoconfigure.MybatisPlusProperties'
2023-12-05 10:51:08.866  DEBUG [main                          ] - o.s.b.f.support.DefaultListableBeanFactory   [777] : Autowiring by type from bean name 'com.baomidou.mybatisplus.autoconfigure.MybatisPlusAutoConfiguration' via constructor to bean named 'org.springframework.boot.web.servlet.context.AnnotationConfigServletWebServerApplicationContext@7880cdf3'
2023-12-05 10:51:08.868  DEBUG [main                          ] - o.s.b.f.support.DefaultListableBeanFactory   [213] : Creating shared instance of singleton bean 'com.github.yulichang.interceptor.MPJInterceptor'
2023-12-05 10:51:08.883  DEBUG [main                          ] - o.s.b.f.support.DefaultListableBeanFactory   [213] : Creating shared instance of singleton bean 'dataSource'
2023-12-05 10:51:08.884  DEBUG [main                          ] - o.s.b.f.support.DefaultListableBeanFactory   [213] : Creating shared instance of singleton bean 'com.alibaba.druid.spring.boot.autoconfigure.DruidDataSourceAutoConfigure'
2023-12-05 10:51:08.889  INFO  [main                          ] - c.a.d.s.b.a.DruidDataSourceAutoConfigure     [56] : Init DruidDataSource
2023-12-05 10:51:08.961  DEBUG [main                          ] - o.s.b.f.support.DefaultListableBeanFactory   [213] : Creating shared instance of singleton bean 'spring.datasource-org.springframework.boot.autoconfigure.jdbc.DataSourceProperties'
2023-12-05 10:51:09.228  INFO  [main                          ] - com.alibaba.druid.pool.DruidDataSource       [1002] : {dataSource-1} inited
2023-12-05 10:51:09.229  DEBUG [main                          ] - o.s.b.f.support.DefaultListableBeanFactory   [777] : Autowiring by type from bean name 'sqlSessionFactory' via factory method to bean named 'dataSource'
2023-12-05 10:51:09.324  DEBUG [main                          ] - o.s.b.f.support.DefaultListableBeanFactory   [213] : Creating shared instance of singleton bean 'com.github.yulichang.injector.MPJSqlInjector'
2023-12-05 10:51:09.334  DEBUG [main                          ] - c.b.m.e.spring.MybatisSqlSessionFactoryBean  [49] : Registered plugin: 'com.github.yulichang.interceptor.MPJInterceptor@408613cc'
2023-12-05 10:51:09.506  DEBUG [main                          ] - c.b.mybatisplus.core.MybatisConfiguration    [96] : addMappedStatement: sql.AmlBeneficiaryMapper.selectByPrimaryKey
2023-12-05 10:51:09.507  DEBUG [main                          ] - c.b.mybatisplus.core.MybatisConfiguration    [96] : addMappedStatement: sql.AmlBeneficiaryMapper.deleteByPrimaryKey
2023-12-05 10:51:09.509  DEBUG [main                          ] - c.b.mybatisplus.core.MybatisConfiguration    [96] : addMappedStatement: sql.AmlBeneficiaryMapper.insert
2023-12-05 10:51:09.513  DEBUG [main                          ] - c.b.mybatisplus.core.MybatisConfiguration    [96] : addMappedStatement: sql.AmlBeneficiaryMapper.insertSelective
2023-12-05 10:51:09.515  DEBUG [main                          ] - c.b.mybatisplus.core.MybatisConfiguration    [96] : addMappedStatement: sql.AmlBeneficiaryMapper.updateByPrimaryKeySelective
2023-12-05 10:51:09.518  DEBUG [main                          ] - c.b.mybatisplus.core.MybatisConfiguration    [96] : addMappedStatement: sql.AmlBeneficiaryMapper.updateByPrimaryKey
2023-12-05 10:51:09.537  DEBUG [main                          ] - c.b.m.e.spring.MybatisSqlSessionFactoryBean  [49] : Parsed mapper file: 'file [D:\demo\target\classes\mapper\AmlBeneficiaryMapper.xml]'
2023-12-05 10:51:09.556  DEBUG [main                          ] - c.b.mybatisplus.core.MybatisConfiguration    [96] : addMappedStatement: sql.AmlCounterpartyMapper.selectByExample
2023-12-05 10:51:09.557  DEBUG [main                          ] - c.b.mybatisplus.core.MybatisConfiguration    [96] : addMappedStatement: sql.AmlCounterpartyMapper.selectByPrimaryKey
2023-12-05 10:51:09.558  DEBUG [main                          ] - c.b.mybatisplus.core.MybatisConfiguration    [96] : addMappedStatement: sql.AmlCounterpartyMapper.deleteByPrimaryKey
2023-12-05 10:51:09.560  DEBUG [main                          ] - c.b.mybatisplus.core.MybatisConfiguration    [96] : addMappedStatement: sql.AmlCounterpartyMapper.insert
2023-12-05 10:51:09.563  DEBUG [main                          ] - c.b.mybatisplus.core.MybatisConfiguration    [96] : addMappedStatement: sql.AmlCounterpartyMapper.insertSelective
2023-12-05 10:51:09.564  DEBUG [main                          ] - c.b.mybatisplus.core.MybatisConfiguration    [96] : addMappedStatement: sql.AmlCounterpartyMapper.updateByPrimaryKeySelective
2023-12-05 10:51:09.566  DEBUG [main                          ] - c.b.mybatisplus.core.MybatisConfiguration    [96] : addMappedStatement: sql.AmlCounterpartyMapper.updateByPrimaryKey
2023-12-05 10:51:09.569  DEBUG [main                          ] - c.b.m.e.spring.MybatisSqlSessionFactoryBean  [49] : Parsed mapper file: 'file [D:\demo\target\classes\mapper\AmlCounterpartyMapper.xml]'
2023-12-05 10:51:09.589  DEBUG [main                          ] - c.b.mybatisplus.core.MybatisConfiguration    [96] : addMappedStatement: sql.AorgMapper.selectByExample
