2023-12-05 10:47:15.402  DEBUG [main                          ] - o.s.b.f.support.DefaultListableBeanFactory   [777] : Autowiring by type from bean name 'org.springframework.boot.autoconfigure.web.servlet.error.ErrorMvcAutoConfiguration' via constructor to bean named 'dispatcherServletRegistration'
2023-12-05 10:47:15.408  DEBUG [main                          ] - o.s.b.f.support.DefaultListableBeanFactory   [213] : Creating shared instance of singleton bean 'conventionErrorViewResolver'
2023-12-05 10:47:15.409  DEBUG [main                          ] - o.s.b.f.support.DefaultListableBeanFactory   [213] : Creating shared instance of singleton bean 'org.springframework.boot.autoconfigure.web.servlet.error.ErrorMvcAutoConfiguration$DefaultErrorViewResolverConfiguration'
2023-12-05 10:47:15.410  DEBUG [main                          ] - s.c.LocalVariableTableParameterNameDiscoverer[108] : Cannot find '.class' file for class [class org.springframework.boot.autoconfigure.web.servlet.error.ErrorMvcAutoConfiguration$DefaultErrorViewResolverConfiguration$$EnhancerBySpringCGLIB$$efd663b1] - unable to determine constructor/method parameter names
2023-12-05 10:47:15.412  DEBUG [main                          ] - o.s.b.f.support.DefaultListableBeanFactory   [213] : Creating shared instance of singleton bean 'spring.resources-org.springframework.boot.autoconfigure.web.ResourceProperties'
2023-12-05 10:47:15.420  DEBUG [main                          ] - o.s.b.f.support.DefaultListableBeanFactory   [777] : Autowiring by type from bean name 'org.springframework.boot.autoconfigure.web.servlet.error.ErrorMvcAutoConfiguration$DefaultErrorViewResolverConfiguration' via constructor to bean named 'org.springframework.boot.web.servlet.context.AnnotationConfigServletWebServerApplicationContext@433d61fb'
2023-12-05 10:47:15.421  DEBUG [main                          ] - o.s.b.f.support.DefaultListableBeanFactory   [777] : Autowiring by type from bean name 'org.springframework.boot.autoconfigure.web.servlet.error.ErrorMvcAutoConfiguration$DefaultErrorViewResolverConfiguration' via constructor to bean named 'spring.resources-org.springframework.boot.autoconfigure.web.ResourceProperties'
2023-12-05 10:47:15.898  DEBUG [main                          ] - o.s.b.w.e.t.TomcatServletWebServerFactory    [82] : Code archive: D:\javalesson\JAVAstudyrespository\org\springframework\boot\spring-boot\2.1.5.RELEASE\spring-boot-2.1.5.RELEASE.jar
2023-12-05 10:47:15.899  DEBUG [main                          ] - o.s.b.w.e.t.TomcatServletWebServerFactory    [126] : Code archive: D:\javalesson\JAVAstudyrespository\org\springframework\boot\spring-boot\2.1.5.RELEASE\spring-boot-2.1.5.RELEASE.jar
2023-12-05 10:47:15.900  DEBUG [main                          ] - o.s.b.w.e.t.TomcatServletWebServerFactory    [151] : None of the document roots [src/main/webapp, public, static] point to a directory and will be ignored.
2023-12-05 10:47:15.938  INFO  [main                          ] - o.s.boot.web.embedded.tomcat.TomcatWebServer [90] : Tomcat initialized with port(s): 8080 (http)
2023-12-05 10:47:15.956  INFO  [main                          ] - org.apache.coyote.http11.Http11NioProtocol   [173] : Initializing ProtocolHandler ["http-nio-8080"]
2023-12-05 10:47:15.972  INFO  [main                          ] - org.apache.catalina.core.StandardService     [173] : Starting service [Tomcat]
2023-12-05 10:47:15.972  INFO  [main                          ] - org.apache.catalina.core.StandardEngine      [173] : Starting Servlet engine: [Apache Tomcat/9.0.19]
2023-12-05 10:47:16.127  INFO  [main                          ] - o.a.c.c.C.[Tomcat].[localhost].[/]           [173] : Initializing Spring embedded WebApplicationContext
2023-12-05 10:47:16.127  DEBUG [main                          ] - o.springframework.web.context.ContextLoader  [288] : Published root WebApplicationContext as ServletContext attribute with name [org.springframework.web.context.WebApplicationContext.ROOT]
2023-12-05 10:47:16.127  INFO  [main                          ] - o.springframework.web.context.ContextLoader  [296] : Root WebApplicationContext: initialization completed in 2984 ms
2023-12-05 10:47:16.134  DEBUG [main                          ] - o.s.b.f.support.DefaultListableBeanFactory   [213] : Creating shared instance of singleton bean 'requestContextFilter'
2023-12-05 10:47:16.138  DEBUG [main                          ] - o.s.b.f.support.DefaultListableBeanFactory   [213] : Creating shared instance of singleton bean 'hiddenHttpMethodFilter'
2023-12-05 10:47:16.139  DEBUG [main                          ] - o.s.b.f.support.DefaultListableBeanFactory   [213] : Creating shared instance of singleton bean 'org.springframework.boot.autoconfigure.web.servlet.WebMvcAutoConfiguration'
2023-12-05 10:47:16.148  DEBUG [main                          ] - o.s.b.f.support.DefaultListableBeanFactory   [213] : Creating shared instance of singleton bean 'formContentFilter'
2023-12-05 10:47:16.153  DEBUG [main                          ] - o.s.b.f.support.DefaultListableBeanFactory   [213] : Creating shared instance of singleton bean 'characterEncodingFilter'
2023-12-05 10:47:16.162  DEBUG [main                          ] - o.s.b.w.s.ServletContextInitializerBeans     [267] : Mapping filters: characterEncodingFilter urls=[/*], hiddenHttpMethodFilter urls=[/*], formContentFilter urls=[/*], requestContextFilter urls=[/*]
2023-12-05 10:47:16.162  DEBUG [main                          ] - o.s.b.w.s.ServletContextInitializerBeans     [267] : Mapping servlets: dispatcherServlet urls=[/]
2023-12-05 10:47:16.194  DEBUG [main                          ] - o.s.b.w.s.filter.OrderedRequestContextFilter [241] : Filter 'requestContextFilter' configured for use
2023-12-05 10:47:16.195  DEBUG [main                          ] - o.s.b.w.s.f.OrderedHiddenHttpMethodFilter    [241] : Filter 'hiddenHttpMethodFilter' configured for use
2023-12-05 10:47:16.195  DEBUG [main                          ] - o.s.b.w.s.f.OrderedCharacterEncodingFilter   [241] : Filter 'characterEncodingFilter' configured for use
2023-12-05 10:47:16.195  DEBUG [main                          ] - o.s.b.w.s.filter.OrderedFormContentFilter    [241] : Filter 'formContentFilter' configured for use
