2023-12-05 08:22:17.835  DEBUG [main                          ] - c.b.mybatisplus.core.MybatisConfiguration    [96] : addMappedStatement: sql.AmlBeneficiaryMapper.deleteByPrimaryKey
2023-12-05 08:22:17.839  DEBUG [main                          ] - c.b.mybatisplus.core.MybatisConfiguration    [96] : addMappedStatement: sql.AmlBeneficiaryMapper.insert
2023-12-05 08:22:17.844  DEBUG [main                          ] - c.b.mybatisplus.core.MybatisConfiguration    [96] : addMappedStatement: sql.AmlBeneficiaryMapper.insertSelective
2023-12-05 08:22:17.846  DEBUG [main                          ] - c.b.mybatisplus.core.MybatisConfiguration    [96] : addMappedStatement: sql.AmlBeneficiaryMapper.updateByPrimaryKeySelective
2023-12-05 08:22:17.848  DEBUG [main                          ] - c.b.mybatisplus.core.MybatisConfiguration    [96] : addMappedStatement: sql.AmlBeneficiaryMapper.updateByPrimaryKey
2023-12-05 08:22:17.870  DEBUG [main                          ] - c.b.m.e.spring.MybatisSqlSessionFactoryBean  [49] : Parsed mapper file: 'file [D:\demo\target\classes\mapper\AmlBeneficiaryMapper.xml]'
2023-12-05 08:22:17.897  DEBUG [main                          ] - c.b.mybatisplus.core.MybatisConfiguration    [96] : addMappedStatement: sql.AmlCounterpartyMapper.selectByExample
2023-12-05 08:22:17.899  DEBUG [main                          ] - c.b.mybatisplus.core.MybatisConfiguration    [96] : addMappedStatement: sql.AmlCounterpartyMapper.selectByPrimaryKey
2023-12-05 08:22:17.900  DEBUG [main                          ] - c.b.mybatisplus.core.MybatisConfiguration    [96] : addMappedStatement: sql.AmlCounterpartyMapper.deleteByPrimaryKey
2023-12-05 08:22:17.901  DEBUG [main                          ] - c.b.mybatisplus.core.MybatisConfiguration    [96] : addMappedStatement: sql.AmlCounterpartyMapper.insert
2023-12-05 08:22:17.903  DEBUG [main                          ] - c.b.mybatisplus.core.MybatisConfiguration    [96] : addMappedStatement: sql.AmlCounterpartyMapper.insertSelective
2023-12-05 08:22:17.907  DEBUG [main                          ] - c.b.mybatisplus.core.MybatisConfiguration    [96] : addMappedStatement: sql.AmlCounterpartyMapper.updateByPrimaryKeySelective
2023-12-05 08:22:17.912  DEBUG [main                          ] - c.b.mybatisplus.core.MybatisConfiguration    [96] : addMappedStatement: sql.AmlCounterpartyMapper.updateByPrimaryKey
2023-12-05 08:22:17.914  DEBUG [main                          ] - c.b.m.e.spring.MybatisSqlSessionFactoryBean  [49] : Parsed mapper file: 'file [D:\demo\target\classes\mapper\AmlCounterpartyMapper.xml]'
2023-12-05 08:22:17.938  DEBUG [main                          ] - c.b.mybatisplus.core.MybatisConfiguration    [96] : addMappedStatement: sql.AorgMapper.selectByExample
2023-12-05 08:22:17.940  DEBUG [main                          ] - c.b.mybatisplus.core.MybatisConfiguration    [96] : addMappedStatement: sql.AorgMapper.selectByPrimaryKey
2023-12-05 08:22:17.942  DEBUG [main                          ] - c.b.mybatisplus.core.MybatisConfiguration    [96] : addMappedStatement: sql.AorgMapper.deleteByPrimaryKey
2023-12-05 08:22:17.944  DEBUG [main                          ] - c.b.mybatisplus.core.MybatisConfiguration    [96] : addMappedStatement: sql.AorgMapper.insert
2023-12-05 08:22:17.946  DEBUG [main                          ] - c.b.mybatisplus.core.MybatisConfiguration    [96] : addMappedStatement: sql.AorgMapper.insertSelective
2023-12-05 08:22:17.953  DEBUG [main                          ] - c.b.mybatisplus.core.MybatisConfiguration    [96] : addMappedStatement: sql.AorgMapper.updateByPrimaryKeySelective
2023-12-05 08:22:17.956  DEBUG [main                          ] - c.b.mybatisplus.core.MybatisConfiguration    [96] : addMappedStatement: sql.AorgMapper.updateByPrimaryKey
2023-12-05 08:22:17.960  DEBUG [main                          ] - c.b.m.e.spring.MybatisSqlSessionFactoryBean  [49] : Parsed mapper file: 'file [D:\demo\target\classes\mapper\AorgMapper.xml]'
2023-12-05 08:22:18.001  DEBUG [main                          ] - c.b.mybatisplus.core.MybatisConfiguration    [96] : addMappedStatement: sql.AuserMapper.selectByExample
2023-12-05 08:22:18.002  DEBUG [main                          ] - c.b.mybatisplus.core.MybatisConfiguration    [96] : addMappedStatement: sql.AuserMapper.selectByPrimaryKey
2023-12-05 08:22:18.004  DEBUG [main                          ] - c.b.mybatisplus.core.MybatisConfiguration    [96] : addMappedStatement: sql.AuserMapper.deleteByPrimaryKey
2023-12-05 08:22:18.006  DEBUG [main                          ] - c.b.mybatisplus.core.MybatisConfiguration    [96] : addMappedStatement: sql.AuserMapper.insert
2023-12-05 08:22:18.009  DEBUG [main                          ] - c.b.mybatisplus.core.MybatisConfiguration    [96] : addMappedStatement: sql.AuserMapper.insertSelective
2023-12-05 08:22:18.013  DEBUG [main                          ] - c.b.mybatisplus.core.MybatisConfiguration    [96] : addMappedStatement: sql.AuserMapper.updateByPrimaryKeySelective
2023-12-05 08:22:18.015  DEBUG [main                          ] - c.b.mybatisplus.core.MybatisConfiguration    [96] : addMappedStatement: sql.AuserMapper.updateByPrimaryKey
2023-12-05 08:22:18.016  DEBUG [main                          ] - c.b.m.e.spring.MybatisSqlSessionFactoryBean  [49] : Parsed mapper file: 'file [D:\demo\target\classes\mapper\AuserMapper.xml]'
2023-12-05 08:22:18.040  DEBUG [main                          ] - c.b.mybatisplus.core.MybatisConfiguration    [96] : addMappedStatement: sql.BeneficiaryOrgMapper.selectByExample
2023-12-05 08:22:18.043  DEBUG [main                          ] - c.b.mybatisplus.core.MybatisConfiguration    [96] : addMappedStatement: sql.BeneficiaryOrgMapper.selectByPrimaryKey
