2023-12-05 10:20:19.396  DEBUG [main                          ] - c.b.mybatisplus.core.MybatisConfiguration    [96] : addMappedStatement: sql.AmlCounterpartyMapper.insert
2023-12-05 10:20:19.401  DEBUG [main                          ] - c.b.mybatisplus.core.MybatisConfiguration    [96] : addMappedStatement: sql.AmlCounterpartyMapper.insertSelective
2023-12-05 10:20:19.403  DEBUG [main                          ] - c.b.mybatisplus.core.MybatisConfiguration    [96] : addMappedStatement: sql.AmlCounterpartyMapper.updateByPrimaryKeySelective
2023-12-05 10:20:19.404  DEBUG [main                          ] - c.b.mybatisplus.core.MybatisConfiguration    [96] : addMappedStatement: sql.AmlCounterpartyMapper.updateByPrimaryKey
2023-12-05 10:20:19.406  DEBUG [main                          ] - c.b.m.e.spring.MybatisSqlSessionFactoryBean  [49] : Parsed mapper file: 'file [D:\demo\target\classes\mapper\AmlCounterpartyMapper.xml]'
2023-12-05 10:20:19.429  DEBUG [main                          ] - c.b.mybatisplus.core.MybatisConfiguration    [96] : addMappedStatement: sql.AorgMapper.selectByExample
2023-12-05 10:20:19.430  DEBUG [main                          ] - c.b.mybatisplus.core.MybatisConfiguration    [96] : addMappedStatement: sql.AorgMapper.selectByPrimaryKey
2023-12-05 10:20:19.431  DEBUG [main                          ] - c.b.mybatisplus.core.MybatisConfiguration    [96] : addMappedStatement: sql.AorgMapper.deleteByPrimaryKey
2023-12-05 10:20:19.433  DEBUG [main                          ] - c.b.mybatisplus.core.MybatisConfiguration    [96] : addMappedStatement: sql.AorgMapper.insert
2023-12-05 10:20:19.435  DEBUG [main                          ] - c.b.mybatisplus.core.MybatisConfiguration    [96] : addMappedStatement: sql.AorgMapper.insertSelective
2023-12-05 10:20:19.436  DEBUG [main                          ] - c.b.mybatisplus.core.MybatisConfiguration    [96] : addMappedStatement: sql.AorgMapper.updateByPrimaryKeySelective
2023-12-05 10:20:19.440  DEBUG [main                          ] - c.b.mybatisplus.core.MybatisConfiguration    [96] : addMappedStatement: sql.AorgMapper.updateByPrimaryKey
2023-12-05 10:20:19.442  DEBUG [main                          ] - c.b.m.e.spring.MybatisSqlSessionFactoryBean  [49] : Parsed mapper file: 'file [D:\demo\target\classes\mapper\AorgMapper.xml]'
2023-12-05 10:20:19.464  DEBUG [main                          ] - c.b.mybatisplus.core.MybatisConfiguration    [96] : addMappedStatement: sql.AuserMapper.selectByExample
2023-12-05 10:20:19.466  DEBUG [main                          ] - c.b.mybatisplus.core.MybatisConfiguration    [96] : addMappedStatement: sql.AuserMapper.selectByPrimaryKey
2023-12-05 10:20:19.468  DEBUG [main                          ] - c.b.mybatisplus.core.MybatisConfiguration    [96] : addMappedStatement: sql.AuserMapper.deleteByPrimaryKey
2023-12-05 10:20:19.473  DEBUG [main                          ] - c.b.mybatisplus.core.MybatisConfiguration    [96] : addMappedStatement: sql.AuserMapper.insert
2023-12-05 10:20:19.475  DEBUG [main                          ] - c.b.mybatisplus.core.MybatisConfiguration    [96] : addMappedStatement: sql.AuserMapper.insertSelective
2023-12-05 10:20:19.479  DEBUG [main                          ] - c.b.mybatisplus.core.MybatisConfiguration    [96] : addMappedStatement: sql.AuserMapper.updateByPrimaryKeySelective
2023-12-05 10:20:19.482  DEBUG [main                          ] - c.b.mybatisplus.core.MybatisConfiguration    [96] : addMappedStatement: sql.AuserMapper.updateByPrimaryKey
2023-12-05 10:20:19.483  DEBUG [main                          ] - c.b.m.e.spring.MybatisSqlSessionFactoryBean  [49] : Parsed mapper file: 'file [D:\demo\target\classes\mapper\AuserMapper.xml]'
2023-12-05 10:20:19.503  DEBUG [main                          ] - c.b.mybatisplus.core.MybatisConfiguration    [96] : addMappedStatement: sql.BeneficiaryOrgMapper.selectByExample
2023-12-05 10:20:19.504  DEBUG [main                          ] - c.b.mybatisplus.core.MybatisConfiguration    [96] : addMappedStatement: sql.BeneficiaryOrgMapper.selectByPrimaryKey
2023-12-05 10:20:19.505  DEBUG [main                          ] - c.b.mybatisplus.core.MybatisConfiguration    [96] : addMappedStatement: sql.BeneficiaryOrgMapper.deleteByPrimaryKey
2023-12-05 10:20:19.507  DEBUG [main                          ] - c.b.mybatisplus.core.MybatisConfiguration    [96] : addMappedStatement: sql.BeneficiaryOrgMapper.insert
2023-12-05 10:20:19.509  DEBUG [main                          ] - c.b.mybatisplus.core.MybatisConfiguration    [96] : addMappedStatement: sql.BeneficiaryOrgMapper.insertSelective
2023-12-05 10:20:19.511  DEBUG [main                          ] - c.b.mybatisplus.core.MybatisConfiguration    [96] : addMappedStatement: sql.BeneficiaryOrgMapper.updateByPrimaryKeySelective
2023-12-05 10:20:19.515  DEBUG [main                          ] - c.b.mybatisplus.core.MybatisConfiguration    [96] : addMappedStatement: sql.BeneficiaryOrgMapper.updateByPrimaryKey
2023-12-05 10:20:19.518  DEBUG [main                          ] - c.b.m.e.spring.MybatisSqlSessionFactoryBean  [49] : Parsed mapper file: 'file [D:\demo\target\classes\mapper\BeneficiaryOrgMapper.xml]'
2023-12-05 10:20:19.538  DEBUG [main                          ] - c.b.mybatisplus.core.MybatisConfiguration    [96] : addMappedStatement: sql.ClientReviewBufferMapper.selectByExample
2023-12-05 10:20:19.539  DEBUG [main                          ] - c.b.mybatisplus.core.MybatisConfiguration    [96] : addMappedStatement: sql.ClientReviewBufferMapper.selectByPrimaryKey
2023-12-05 10:20:19.539  DEBUG [main                          ] - c.b.mybatisplus.core.MybatisConfiguration    [96] : addMappedStatement: sql.ClientReviewBufferMapper.deleteByPrimaryKey
