2023-12-05 10:55:59.239  DEBUG [main                          ] - o.s.b.f.support.DefaultListableBeanFactory   [213] : Creating shared instance of singleton bean 'otcDerivativeCounterpartyMapper'
2023-12-05 10:55:59.255  DEBUG [main                          ] - o.s.b.f.support.DefaultListableBeanFactory   [213] : Creating shared instance of singleton bean 'sqlSessionFactory'
2023-12-05 10:55:59.256  DEBUG [main                          ] - o.s.b.f.support.DefaultListableBeanFactory   [213] : Creating shared instance of singleton bean 'com.baomidou.mybatisplus.autoconfigure.MybatisPlusAutoConfiguration'
2023-12-05 10:55:59.257  DEBUG [main                          ] - s.c.LocalVariableTableParameterNameDiscoverer[108] : Cannot find '.class' file for class [class com.baomidou.mybatisplus.autoconfigure.MybatisPlusAutoConfiguration$$EnhancerBySpringCGLIB$$ac710da1] - unable to determine constructor/method parameter names
2023-12-05 10:55:59.260  DEBUG [main                          ] - o.s.b.f.support.DefaultListableBeanFactory   [213] : Creating shared instance of singleton bean 'mybatis-plus-com.baomidou.mybatisplus.autoconfigure.MybatisPlusProperties'
2023-12-05 10:55:59.269  DEBUG [main                          ] - o.s.b.f.support.DefaultListableBeanFactory   [777] : Autowiring by type from bean name 'com.baomidou.mybatisplus.autoconfigure.MybatisPlusAutoConfiguration' via constructor to bean named 'mybatis-plus-com.baomidou.mybatisplus.autoconfigure.MybatisPlusProperties'
2023-12-05 10:55:59.270  DEBUG [main                          ] - o.s.b.f.support.DefaultListableBeanFactory   [777] : Autowiring by type from bean name 'com.baomidou.mybatisplus.autoconfigure.MybatisPlusAutoConfiguration' via constructor to bean named 'org.springframework.boot.web.servlet.context.AnnotationConfigServletWebServerApplicationContext@418e7838'
2023-12-05 10:55:59.272  DEBUG [main                          ] - o.s.b.f.support.DefaultListableBeanFactory   [213] : Creating shared instance of singleton bean 'com.github.yulichang.interceptor.MPJInterceptor'
2023-12-05 10:55:59.290  DEBUG [main                          ] - o.s.b.f.support.DefaultListableBeanFactory   [213] : Creating shared instance of singleton bean 'dataSource'
2023-12-05 10:55:59.290  DEBUG [main                          ] - o.s.b.f.support.DefaultListableBeanFactory   [213] : Creating shared instance of singleton bean 'com.alibaba.druid.spring.boot.autoconfigure.DruidDataSourceAutoConfigure'
2023-12-05 10:55:59.294  INFO  [main                          ] - c.a.d.s.b.a.DruidDataSourceAutoConfigure     [56] : Init DruidDataSource
2023-12-05 10:55:59.378  DEBUG [main                          ] - o.s.b.f.support.DefaultListableBeanFactory   [213] : Creating shared instance of singleton bean 'spring.datasource-org.springframework.boot.autoconfigure.jdbc.DataSourceProperties'
2023-12-05 10:55:59.620  INFO  [main                          ] - com.alibaba.druid.pool.DruidDataSource       [1002] : {dataSource-1} inited
2023-12-05 10:55:59.621  DEBUG [main                          ] - o.s.b.f.support.DefaultListableBeanFactory   [777] : Autowiring by type from bean name 'sqlSessionFactory' via factory method to bean named 'dataSource'
2023-12-05 10:55:59.700  DEBUG [main                          ] - o.s.b.f.support.DefaultListableBeanFactory   [213] : Creating shared instance of singleton bean 'com.github.yulichang.injector.MPJSqlInjector'
2023-12-05 10:55:59.713  DEBUG [main                          ] - c.b.m.e.spring.MybatisSqlSessionFactoryBean  [49] : Registered plugin: 'com.github.yulichang.interceptor.MPJInterceptor@6bfdb014'
2023-12-05 10:55:59.850  DEBUG [main                          ] - c.b.mybatisplus.core.MybatisConfiguration    [96] : addMappedStatement: sql.AmlBeneficiaryMapper.selectByPrimaryKey
2023-12-05 10:55:59.851  DEBUG [main                          ] - c.b.mybatisplus.core.MybatisConfiguration    [96] : addMappedStatement: sql.AmlBeneficiaryMapper.deleteByPrimaryKey
2023-12-05 10:55:59.852  DEBUG [main                          ] - c.b.mybatisplus.core.MybatisConfiguration    [96] : addMappedStatement: sql.AmlBeneficiaryMapper.insert
2023-12-05 10:55:59.857  DEBUG [main                          ] - c.b.mybatisplus.core.MybatisConfiguration    [96] : addMappedStatement: sql.AmlBeneficiaryMapper.insertSelective
2023-12-05 10:55:59.860  DEBUG [main                          ] - c.b.mybatisplus.core.MybatisConfiguration    [96] : addMappedStatement: sql.AmlBeneficiaryMapper.updateByPrimaryKeySelective
2023-12-05 10:55:59.861  DEBUG [main                          ] - c.b.mybatisplus.core.MybatisConfiguration    [96] : addMappedStatement: sql.AmlBeneficiaryMapper.updateByPrimaryKey
2023-12-05 10:55:59.882  DEBUG [main                          ] - c.b.m.e.spring.MybatisSqlSessionFactoryBean  [49] : Parsed mapper file: 'file [D:\demo\target\classes\mapper\AmlBeneficiaryMapper.xml]'
2023-12-05 10:55:59.909  DEBUG [main                          ] - c.b.mybatisplus.core.MybatisConfiguration    [96] : addMappedStatement: sql.AmlCounterpartyMapper.selectByExample
2023-12-05 10:55:59.911  DEBUG [main                          ] - c.b.mybatisplus.core.MybatisConfiguration    [96] : addMappedStatement: sql.AmlCounterpartyMapper.selectByPrimaryKey
2023-12-05 10:55:59.914  DEBUG [main                          ] - c.b.mybatisplus.core.MybatisConfiguration    [96] : addMappedStatement: sql.AmlCounterpartyMapper.deleteByPrimaryKey
2023-12-05 10:55:59.916  DEBUG [main                          ] - c.b.mybatisplus.core.MybatisConfiguration    [96] : addMappedStatement: sql.AmlCounterpartyMapper.insert
2023-12-05 10:55:59.918  DEBUG [main                          ] - c.b.mybatisplus.core.MybatisConfiguration    [96] : addMappedStatement: sql.AmlCounterpartyMapper.insertSelective
2023-12-05 10:55:59.920  DEBUG [main                          ] - c.b.mybatisplus.core.MybatisConfiguration    [96] : addMappedStatement: sql.AmlCounterpartyMapper.updateByPrimaryKeySelective
2023-12-05 10:55:59.922  DEBUG [main                          ] - c.b.mybatisplus.core.MybatisConfiguration    [96] : addMappedStatement: sql.AmlCounterpartyMapper.updateByPrimaryKey
2023-12-05 10:55:59.924  DEBUG [main                          ] - c.b.m.e.spring.MybatisSqlSessionFactoryBean  [49] : Parsed mapper file: 'file [D:\demo\target\classes\mapper\AmlCounterpartyMapper.xml]'
2023-12-05 10:55:59.944  DEBUG [main                          ] - c.b.mybatisplus.core.MybatisConfiguration    [96] : addMappedStatement: sql.AorgMapper.selectByExample
