2023-12-05 08:20:26.169  DEBUG [main                          ] - c.b.mybatisplus.core.MybatisConfiguration    [96] : addMappedStatement: sql.ClientReviewFileRecordMapper.updateByPrimaryKeySelective
2023-12-05 08:20:26.178  DEBUG [main                          ] - c.b.mybatisplus.core.MybatisConfiguration    [96] : addMappedStatement: sql.ClientReviewFileRecordMapper.updateByPrimaryKey
2023-12-05 08:20:26.181  DEBUG [main                          ] - c.b.m.e.spring.MybatisSqlSessionFactoryBean  [49] : Parsed mapper file: 'file [D:\demo\target\classes\mapper\ClientReviewFileRecordMapper.xml]'
2023-12-05 08:20:26.205  DEBUG [main                          ] - c.b.mybatisplus.core.MybatisConfiguration    [96] : addMappedStatement: sql.ClientReviewRecordMapper.selectByExample
2023-12-05 08:20:26.206  DEBUG [main                          ] - c.b.mybatisplus.core.MybatisConfiguration    [96] : addMappedStatement: sql.ClientReviewRecordMapper.selectByPrimaryKey
2023-12-05 08:20:26.207  DEBUG [main                          ] - c.b.mybatisplus.core.MybatisConfiguration    [96] : addMappedStatement: sql.ClientReviewRecordMapper.deleteByPrimaryKey
2023-12-05 08:20:26.208  DEBUG [main                          ] - c.b.mybatisplus.core.MybatisConfiguration    [96] : addMappedStatement: sql.ClientReviewRecordMapper.insert
2023-12-05 08:20:26.210  DEBUG [main                          ] - c.b.mybatisplus.core.MybatisConfiguration    [96] : addMappedStatement: sql.ClientReviewRecordMapper.insertSelective
2023-12-05 08:20:26.211  DEBUG [main                          ] - c.b.mybatisplus.core.MybatisConfiguration    [96] : addMappedStatement: sql.ClientReviewRecordMapper.updateByPrimaryKeySelective
2023-12-05 08:20:26.226  DEBUG [main                          ] - c.b.mybatisplus.core.MybatisConfiguration    [96] : addMappedStatement: sql.ClientReviewRecordMapper.updateByPrimaryKey
2023-12-05 08:20:26.228  DEBUG [main                          ] - c.b.m.e.spring.MybatisSqlSessionFactoryBean  [49] : Parsed mapper file: 'file [D:\demo\target\classes\mapper\ClientReviewRecordMapper.xml]'
2023-12-05 08:20:26.244  DEBUG [main                          ] - c.b.mybatisplus.core.MybatisConfiguration    [96] : addMappedStatement: sql.CounterpartyBenefitOverListMapper.selectByExample
2023-12-05 08:20:26.246  DEBUG [main                          ] - c.b.mybatisplus.core.MybatisConfiguration    [96] : addMappedStatement: sql.CounterpartyBenefitOverListMapper.selectByPrimaryKey
2023-12-05 08:20:26.247  DEBUG [main                          ] - c.b.mybatisplus.core.MybatisConfiguration    [96] : addMappedStatement: sql.CounterpartyBenefitOverListMapper.deleteByPrimaryKey
2023-12-05 08:20:26.249  DEBUG [main                          ] - c.b.mybatisplus.core.MybatisConfiguration    [96] : addMappedStatement: sql.CounterpartyBenefitOverListMapper.insert
2023-12-05 08:20:26.250  DEBUG [main                          ] - c.b.mybatisplus.core.MybatisConfiguration    [96] : addMappedStatement: sql.CounterpartyBenefitOverListMapper.insertSelective
2023-12-05 08:20:26.251  DEBUG [main                          ] - c.b.mybatisplus.core.MybatisConfiguration    [96] : addMappedStatement: sql.CounterpartyBenefitOverListMapper.updateByPrimaryKeySelective
2023-12-05 08:20:26.251  DEBUG [main                          ] - c.b.mybatisplus.core.MybatisConfiguration    [96] : addMappedStatement: sql.CounterpartyBenefitOverListMapper.updateByPrimaryKey
2023-12-05 08:20:26.253  DEBUG [main                          ] - c.b.m.e.spring.MybatisSqlSessionFactoryBean  [49] : Parsed mapper file: 'file [D:\demo\target\classes\mapper\CounterpartyBenefitOverListMapper.xml]'
2023-12-05 08:20:26.271  DEBUG [main                          ] - c.b.mybatisplus.core.MybatisConfiguration    [96] : addMappedStatement: sql.CounterpartyOrgMapper.selectByExample
2023-12-05 08:20:26.272  DEBUG [main                          ] - c.b.mybatisplus.core.MybatisConfiguration    [96] : addMappedStatement: sql.CounterpartyOrgMapper.selectByPrimaryKey
2023-12-05 08:20:26.273  DEBUG [main                          ] - c.b.mybatisplus.core.MybatisConfiguration    [96] : addMappedStatement: sql.CounterpartyOrgMapper.deleteByPrimaryKey
2023-12-05 08:20:26.275  DEBUG [main                          ] - c.b.mybatisplus.core.MybatisConfiguration    [96] : addMappedStatement: sql.CounterpartyOrgMapper.insert
2023-12-05 08:20:26.278  DEBUG [main                          ] - c.b.mybatisplus.core.MybatisConfiguration    [96] : addMappedStatement: sql.CounterpartyOrgMapper.insertSelective
2023-12-05 08:20:26.279  DEBUG [main                          ] - c.b.mybatisplus.core.MybatisConfiguration    [96] : addMappedStatement: sql.CounterpartyOrgMapper.updateByPrimaryKeySelective
2023-12-05 08:20:26.281  DEBUG [main                          ] - c.b.mybatisplus.core.MybatisConfiguration    [96] : addMappedStatement: sql.CounterpartyOrgMapper.updateByPrimaryKey
2023-12-05 08:20:26.283  DEBUG [main                          ] - c.b.m.e.spring.MybatisSqlSessionFactoryBean  [49] : Parsed mapper file: 'file [D:\demo\target\classes\mapper\CounterpartyOrgMapper.xml]'
2023-12-05 08:20:26.301  DEBUG [main                          ] - c.b.mybatisplus.core.MybatisConfiguration    [96] : addMappedStatement: sql.CounterpartyProdMonitorFlowMapper.selectByExample
2023-12-05 08:20:26.302  DEBUG [main                          ] - c.b.mybatisplus.core.MybatisConfiguration    [96] : addMappedStatement: sql.CounterpartyProdMonitorFlowMapper.selectByPrimaryKey
2023-12-05 08:20:26.303  DEBUG [main                          ] - c.b.mybatisplus.core.MybatisConfiguration    [96] : addMappedStatement: sql.CounterpartyProdMonitorFlowMapper.deleteByPrimaryKey
2023-12-05 08:20:26.304  DEBUG [main                          ] - c.b.mybatisplus.core.MybatisConfiguration    [96] : addMappedStatement: sql.CounterpartyProdMonitorFlowMapper.insert
2023-12-05 08:20:26.304  DEBUG [main                          ] - c.b.mybatisplus.core.MybatisConfiguration    [96] : addMappedStatement: sql.CounterpartyProdMonitorFlowMapper.insertSelective
2023-12-05 08:20:26.306  DEBUG [main                          ] - c.b.mybatisplus.core.MybatisConfiguration    [96] : addMappedStatement: sql.CounterpartyProdMonitorFlowMapper.updateByPrimaryKeySelective
2023-12-05 08:20:26.313  DEBUG [main                          ] - c.b.mybatisplus.core.MybatisConfiguration    [96] : addMappedStatement: sql.CounterpartyProdMonitorFlowMapper.updateByPrimaryKey
2023-12-05 08:20:26.315  DEBUG [main                          ] - c.b.m.e.spring.MybatisSqlSessionFactoryBean  [49] : Parsed mapper file: 'file [D:\demo\target\classes\mapper\CounterpartyProdMonitorFlowMapper.xml]'
2023-12-05 08:20:26.334  DEBUG [main                          ] - c.b.mybatisplus.core.MybatisConfiguration    [96] : addMappedStatement: sql.CrtExpiredPersonRecordMapper.selectByExample
2023-12-05 08:20:26.336  DEBUG [main                          ] - c.b.mybatisplus.core.MybatisConfiguration    [96] : addMappedStatement: sql.CrtExpiredPersonRecordMapper.selectByPrimaryKey
2023-12-05 08:20:26.337  DEBUG [main                          ] - c.b.mybatisplus.core.MybatisConfiguration    [96] : addMappedStatement: sql.CrtExpiredPersonRecordMapper.deleteByPrimaryKey
2023-12-05 08:20:26.339  DEBUG [main                          ] - c.b.mybatisplus.core.MybatisConfiguration    [96] : addMappedStatement: sql.CrtExpiredPersonRecordMapper.insert
2023-12-05 08:20:26.341  DEBUG [main                          ] - c.b.mybatisplus.core.MybatisConfiguration    [96] : addMappedStatement: sql.CrtExpiredPersonRecordMapper.insertSelective
2023-12-05 08:20:26.342  DEBUG [main                          ] - c.b.mybatisplus.core.MybatisConfiguration    [96] : addMappedStatement: sql.CrtExpiredPersonRecordMapper.updateByPrimaryKeySelective
2023-12-05 08:20:26.344  DEBUG [main                          ] - c.b.mybatisplus.core.MybatisConfiguration    [96] : addMappedStatement: sql.CrtExpiredPersonRecordMapper.updateByPrimaryKey
2023-12-05 08:20:26.346  DEBUG [main                          ] - c.b.m.e.spring.MybatisSqlSessionFactoryBean  [49] : Parsed mapper file: 'file [D:\demo\target\classes\mapper\CrtExpiredPersonRecordMapper.xml]'
2023-12-05 08:20:26.363  DEBUG [main                          ] - c.b.mybatisplus.core.MybatisConfiguration    [96] : addMappedStatement: sql.CrtExpiredRecordMapper.selectByExample
2023-12-05 08:20:26.364  DEBUG [main                          ] - c.b.mybatisplus.core.MybatisConfiguration    [96] : addMappedStatement: sql.CrtExpiredRecordMapper.selectByPrimaryKey
2023-12-05 08:20:26.367  DEBUG [main                          ] - c.b.mybatisplus.core.MybatisConfiguration    [96] : addMappedStatement: sql.CrtExpiredRecordMapper.deleteByPrimaryKey
2023-12-05 08:20:26.368  DEBUG [main                          ] - c.b.mybatisplus.core.MybatisConfiguration    [96] : addMappedStatement: sql.CrtExpiredRecordMapper.insert
2023-12-05 08:20:26.370  DEBUG [main                          ] - c.b.mybatisplus.core.MybatisConfiguration    [96] : addMappedStatement: sql.CrtExpiredRecordMapper.insertSelective
2023-12-05 08:20:26.371  DEBUG [main                          ] - c.b.mybatisplus.core.MybatisConfiguration    [96] : addMappedStatement: sql.CrtExpiredRecordMapper.updateByPrimaryKeySelective
2023-12-05 08:20:26.372  DEBUG [main                          ] - c.b.mybatisplus.core.MybatisConfiguration    [96] : addMappedStatement: sql.CrtExpiredRecordMapper.updateByPrimaryKey
2023-12-05 08:20:26.374  DEBUG [main                          ] - c.b.m.e.spring.MybatisSqlSessionFactoryBean  [49] : Parsed mapper file: 'file [D:\demo\target\classes\mapper\CrtExpiredRecordMapper.xml]'
2023-12-05 08:20:26.391  DEBUG [main                          ] - c.b.mybatisplus.core.MybatisConfiguration    [96] : addMappedStatement: sql.CrtExpiredRecordUnionMapper.selectByExample
2023-12-05 08:20:26.392  DEBUG [main                          ] - c.b.mybatisplus.core.MybatisConfiguration    [96] : addMappedStatement: sql.CrtExpiredRecordUnionMapper.selectByPrimaryKey
2023-12-05 08:20:26.393  DEBUG [main                          ] - c.b.mybatisplus.core.MybatisConfiguration    [96] : addMappedStatement: sql.CrtExpiredRecordUnionMapper.deleteByPrimaryKey
2023-12-05 08:20:26.396  DEBUG [main                          ] - c.b.mybatisplus.core.MybatisConfiguration    [96] : addMappedStatement: sql.CrtExpiredRecordUnionMapper.insert
2023-12-05 08:20:26.397  DEBUG [main                          ] - c.b.mybatisplus.core.MybatisConfiguration    [96] : addMappedStatement: sql.CrtExpiredRecordUnionMapper.insertSelective
2023-12-05 08:20:26.398  DEBUG [main                          ] - c.b.mybatisplus.core.MybatisConfiguration    [96] : addMappedStatement: sql.CrtExpiredRecordUnionMapper.updateByPrimaryKeySelective
2023-12-05 08:20:26.400  DEBUG [main                          ] - c.b.mybatisplus.core.MybatisConfiguration    [96] : addMappedStatement: sql.CrtExpiredRecordUnionMapper.updateByPrimaryKey
2023-12-05 08:20:26.404  DEBUG [main                          ] - c.b.m.e.spring.MybatisSqlSessionFactoryBean  [49] : Parsed mapper file: 'file [D:\demo\target\classes\mapper\CrtExpiredRecordUnionMapper.xml]'
2023-12-05 08:20:26.420  DEBUG [main                          ] - c.b.mybatisplus.core.MybatisConfiguration    [96] : addMappedStatement: sql.CtptyInfoUpdateRecordMapper.selectByExample
2023-12-05 08:20:26.421  DEBUG [main                          ] - c.b.mybatisplus.core.MybatisConfiguration    [96] : addMappedStatement: sql.CtptyInfoUpdateRecordMapper.selectByPrimaryKey
2023-12-05 08:20:26.422  DEBUG [main                          ] - c.b.mybatisplus.core.MybatisConfiguration    [96] : addMappedStatement: sql.CtptyInfoUpdateRecordMapper.deleteByPrimaryKey
2023-12-05 08:20:26.422  DEBUG [main                          ] - c.b.mybatisplus.core.MybatisConfiguration    [96] : addMappedStatement: sql.CtptyInfoUpdateRecordMapper.insert
2023-12-05 08:20:26.423  DEBUG [main                          ] - c.b.mybatisplus.core.MybatisConfiguration    [96] : addMappedStatement: sql.CtptyInfoUpdateRecordMapper.insertSelective
