2023-12-05 15:58:07.113  [39mDEBUG[0;39m [[32mmain                          [0;39m] - [34mo.h.v.internal.engine.ConfigurationImpl      [0;39m[194]: Setting custom ParameterNameProvider of type org.springframework.validation.beanvalidation.LocalValidatorFactoryBean$1
2023-12-05 15:58:07.121  [39mDEBUG[0;39m [[32mmain                          [0;39m] - [34mo.h.v.internal.xml.config.ValidationXmlParser[0;39m[120]: Trying to load META-INF/validation.xml for XML based Validator configuration.
2023-12-05 15:58:07.122  [39mDEBUG[0;39m [[32mmain                          [0;39m] - [34mo.h.v.i.xml.config.ResourceLoaderHelper      [0;39m[53]: Trying to load META-INF/validation.xml via user class loader
2023-12-05 15:58:07.123  [39mDEBUG[0;39m [[32mmain                          [0;39m] - [34mo.h.v.i.xml.config.ResourceLoaderHelper      [0;39m[60]: Trying to load META-INF/validation.xml via TCCL
2023-12-05 15:58:07.124  [39mDEBUG[0;39m [[32mmain                          [0;39m] - [34mo.h.v.i.xml.config.ResourceLoaderHelper      [0;39m[66]: Trying to load META-INF/validation.xml via Hibernate Validator's class loader
2023-12-05 15:58:07.125  [39mDEBUG[0;39m [[32mmain                          [0;39m] - [34mo.h.v.internal.xml.config.ValidationXmlParser[0;39m[127]: No META-INF/validation.xml found. Using annotation based configuration only.
2023-12-05 15:58:07.138  [39mDEBUG[0;39m [[32mmain                          [0;39m] - [34mo.h.v.internal.engine.ValidatorFactoryImpl   [0;39m[578]: HV000234: Using org.springframework.validation.beanvalidation.LocaleContextMessageInterpolator as ValidatorFactory-scoped message interpolator.
2023-12-05 15:58:07.138  [39mDEBUG[0;39m [[32mmain                          [0;39m] - [34mo.h.v.internal.engine.ValidatorFactoryImpl   [0;39m[579]: HV000234: Using org.hibernate.validator.internal.engine.resolver.TraverseAllTraversableResolver as ValidatorFactory-scoped traversable resolver.
2023-12-05 15:58:07.139  [39mDEBUG[0;39m [[32mmain                          [0;39m] - [34mo.h.v.internal.engine.ValidatorFactoryImpl   [0;39m[580]: HV000234: Using org.hibernate.validator.internal.util.ExecutableParameterNameProvider as ValidatorFactory-scoped parameter name provider.
2023-12-05 15:58:07.139  [39mDEBUG[0;39m [[32mmain                          [0;39m] - [34mo.h.v.internal.engine.ValidatorFactoryImpl   [0;39m[581]: HV000234: Using org.hibernate.validator.internal.engine.DefaultClockProvider as ValidatorFactory-scoped clock provider.
2023-12-05 15:58:07.139  [39mDEBUG[0;39m [[32mmain                          [0;39m] - [34mo.h.v.internal.engine.ValidatorFactoryImpl   [0;39m[582]: HV000234: Using org.hibernate.validator.internal.engine.scripting.DefaultScriptEvaluatorFactory as ValidatorFactory-scoped script evaluator factory.
2023-12-05 15:58:07.141  [39mDEBUG[0;39m [[32mmain                          [0;39m] - [34mo.s.b.f.support.DefaultListableBeanFactory   [0;39m[213]: Creating shared instance of singleton bean 'org.springframework.boot.autoconfigure.web.servlet.error.ErrorMvcAutoConfiguration$WhitelabelErrorViewConfiguration'
2023-12-05 15:58:07.143  [39mDEBUG[0;39m [[32mmain                          [0;39m] - [34mo.s.b.f.support.DefaultListableBeanFactory   [0;39m[213]: Creating shared instance of singleton bean 'error'
2023-12-05 15:58:07.152  [39mDEBUG[0;39m [[32mmain                          [0;39m] - [34mo.s.b.f.support.DefaultListableBeanFactory   [0;39m[213]: Creating shared instance of singleton bean 'beanNameViewResolver'
2023-12-05 15:58:07.156  [39mDEBUG[0;39m [[32mmain                          [0;39m] - [34mo.s.b.f.support.DefaultListableBeanFactory   [0;39m[213]: Creating shared instance of singleton bean 'errorAttributes'
2023-12-05 15:58:07.158  [39mDEBUG[0;39m [[32mmain                          [0;39m] - [34mo.s.b.f.support.DefaultListableBeanFactory   [0;39m[213]: Creating shared instance of singleton bean 'basicErrorController'
2023-12-05 15:58:07.159  [39mDEBUG[0;39m [[32mmain                          [0;39m] - [34mo.s.b.f.support.DefaultListableBeanFactory   [0;39m[777]: Autowiring by type from bean name 'basicErrorController' via factory method to bean named 'errorAttributes'
2023-12-05 15:58:07.163  [39mDEBUG[0;39m [[32mmain                          [0;39m] - [34mo.s.b.f.support.DefaultListableBeanFactory   [0;39m[213]: Creating shared instance of singleton bean 'org.springframework.boot.autoconfigure.web.servlet.WebMvcAutoConfiguration$WebMvcAutoConfigurationAdapter$FaviconConfiguration'
2023-12-05 15:58:07.164  [39mDEBUG[0;39m [[32mmain                          [0;39m] - [34ms.c.LocalVariableTableParameterNameDiscoverer[0;39m[108]: Cannot find '.class' file for class [class org.springframework.boot.autoconfigure.web.servlet.WebMvcAutoConfiguration$WebMvcAutoConfigurationAdapter$FaviconConfiguration$$EnhancerBySpringCGLIB$$9f6fbb7f] - unable to determine constructor/method parameter names
2023-12-05 15:58:07.165  [39mDEBUG[0;39m [[32mmain                          [0;39m] - [34mo.s.b.f.support.DefaultListableBeanFactory   [0;39m[777]: Autowiring by type from bean name 'org.springframework.boot.autoconfigure.web.servlet.WebMvcAutoConfiguration$WebMvcAutoConfigurationAdapter$FaviconConfiguration' via constructor to bean named 'spring.resources-org.springframework.boot.autoconfigure.web.ResourceProperties'
2023-12-05 15:58:07.166  [39mDEBUG[0;39m [[32mmain                          [0;39m] - [34mo.s.b.f.support.DefaultListableBeanFactory   [0;39m[213]: Creating shared instance of singleton bean 'faviconHandlerMapping'
2023-12-05 15:58:07.175  [39mDEBUG[0;39m [[32mmain                          [0;39m] - [34mo.s.b.f.support.DefaultListableBeanFactory   [0;39m[213]: Creating shared instance of singleton bean 'faviconRequestHandler'
2023-12-05 15:58:07.199  [39mDEBUG[0;39m [[32mmain                          [0;39m] - [34mo.s.w.servlet.handler.SimpleUrlHandlerMapping[0;39m[139]: Patterns [/**/favicon.ico] in 'faviconHandlerMapping'
2023-12-05 15:58:07.200  [39mDEBUG[0;39m [[32mmain                          [0;39m] - [34mo.s.b.f.support.DefaultListableBeanFactory   [0;39m[213]: Creating shared instance of singleton bean 'org.springframework.boot.autoconfigure.web.servlet.WebMvcAutoConfiguration$EnableWebMvcConfiguration'
2023-12-05 15:58:07.200  [39mDEBUG[0;39m [[32mmain                          [0;39m] - [34ms.c.LocalVariableTableParameterNameDiscoverer[0;39m[108]: Cannot find '.class' file for class [class org.springframework.boot.autoconfigure.web.servlet.WebMvcAutoConfiguration$EnableWebMvcConfiguration$$EnhancerBySpringCGLIB$$412ee854] - unable to determine constructor/method parameter names
2023-12-05 15:58:07.204  [39mDEBUG[0;39m [[32mmain                          [0;39m] - [34mo.s.b.f.support.DefaultListableBeanFactory   [0;39m[777]: Autowiring by type from bean name 'org.springframework.boot.autoconfigure.web.servlet.WebMvcAutoConfiguration$EnableWebMvcConfiguration' via constructor to bean named 'org.springframework.beans.factory.support.DefaultListableBeanFactory@1eb5174b'
2023-12-05 15:58:07.220  [39mDEBUG[0;39m [[32mmain                          [0;39m] - [34mo.s.b.f.support.DefaultListableBeanFactory   [0;39m[213]: Creating shared instance of singleton bean 'org.springframework.boot.autoconfigure.web.servlet.WebMvcAutoConfiguration$WebMvcAutoConfigurationAdapter'
2023-12-05 15:58:07.221  [39mDEBUG[0;39m [[32mmain                          [0;39m] - [34ms.c.LocalVariableTableParameterNameDiscoverer[0;39m[108]: Cannot find '.class' file for class [class org.springframework.boot.autoconfigure.web.servlet.WebMvcAutoConfiguration$WebMvcAutoConfigurationAdapter$$EnhancerBySpringCGLIB$$e332b339] - unable to determine constructor/method parameter names
2023-12-05 15:58:07.222  [39mDEBUG[0;39m [[32mmain                          [0;39m] - [34mo.s.b.f.support.DefaultListableBeanFactory   [0;39m[777]: Autowiring by type from bean name 'org.springframework.boot.autoconfigure.web.servlet.WebMvcAutoConfiguration$WebMvcAutoConfigurationAdapter' via constructor to bean named 'spring.resources-org.springframework.boot.autoconfigure.web.ResourceProperties'
2023-12-05 15:58:07.222  [39mDEBUG[0;39m [[32mmain                          [0;39m] - [34mo.s.b.f.support.DefaultListableBeanFactory   [0;39m[777]: Autowiring by type from bean name 'org.springframework.boot.autoconfigure.web.servlet.WebMvcAutoConfiguration$WebMvcAutoConfigurationAdapter' via constructor to bean named 'spring.mvc-org.springframework.boot.autoconfigure.web.servlet.WebMvcProperties'
2023-12-05 15:58:07.223  [39mDEBUG[0;39m [[32mmain                          [0;39m] - [34mo.s.b.f.support.DefaultListableBeanFactory   [0;39m[777]: Autowiring by type from bean name 'org.springframework.boot.autoconfigure.web.servlet.WebMvcAutoConfiguration$WebMvcAutoConfigurationAdapter' via constructor to bean named 'org.springframework.beans.factory.support.DefaultListableBeanFactory@1eb5174b'
2023-12-05 15:58:07.229  [39mDEBUG[0;39m [[32mmain                          [0;39m] - [34mo.s.b.f.support.DefaultListableBeanFactory   [0;39m[213]: Creating shared instance of singleton bean 'requestMappingHandlerAdapter'
