2023-12-05 08:20:24.526  INFO  [main                          ] - org.apache.catalina.core.StandardService     [173] : Starting service [Tomcat]
2023-12-05 08:20:24.531  INFO  [main                          ] - org.apache.catalina.core.StandardEngine      [173] : Starting Servlet engine: [Apache Tomcat/9.0.19]
2023-12-05 08:20:24.684  INFO  [main                          ] - o.a.c.c.C.[Tomcat].[localhost].[/]           [173] : Initializing Spring embedded WebApplicationContext
2023-12-05 08:20:24.684  DEBUG [main                          ] - o.springframework.web.context.ContextLoader  [288] : Published root WebApplicationContext as ServletContext attribute with name [org.springframework.web.context.WebApplicationContext.ROOT]
2023-12-05 08:20:24.685  INFO  [main                          ] - o.springframework.web.context.ContextLoader  [296] : Root WebApplicationContext: initialization completed in 3098 ms
2023-12-05 08:20:24.692  DEBUG [main                          ] - o.s.b.f.support.DefaultListableBeanFactory   [213] : Creating shared instance of singleton bean 'requestContextFilter'
2023-12-05 08:20:24.695  DEBUG [main                          ] - o.s.b.f.support.DefaultListableBeanFactory   [213] : Creating shared instance of singleton bean 'hiddenHttpMethodFilter'
2023-12-05 08:20:24.695  DEBUG [main                          ] - o.s.b.f.support.DefaultListableBeanFactory   [213] : Creating shared instance of singleton bean 'org.springframework.boot.autoconfigure.web.servlet.WebMvcAutoConfiguration'
2023-12-05 08:20:24.701  DEBUG [main                          ] - o.s.b.f.support.DefaultListableBeanFactory   [213] : Creating shared instance of singleton bean 'formContentFilter'
2023-12-05 08:20:24.706  DEBUG [main                          ] - o.s.b.f.support.DefaultListableBeanFactory   [213] : Creating shared instance of singleton bean 'characterEncodingFilter'
2023-12-05 08:20:24.717  DEBUG [main                          ] - o.s.b.w.s.ServletContextInitializerBeans     [267] : Mapping filters: characterEncodingFilter urls=[/*], hiddenHttpMethodFilter urls=[/*], formContentFilter urls=[/*], requestContextFilter urls=[/*]
2023-12-05 08:20:24.718  DEBUG [main                          ] - o.s.b.w.s.ServletContextInitializerBeans     [267] : Mapping servlets: dispatcherServlet urls=[/]
2023-12-05 08:20:24.753  DEBUG [main                          ] - o.s.b.w.s.filter.OrderedRequestContextFilter [241] : Filter 'requestContextFilter' configured for use
2023-12-05 08:20:24.754  DEBUG [main                          ] - o.s.b.w.s.f.OrderedHiddenHttpMethodFilter    [241] : Filter 'hiddenHttpMethodFilter' configured for use
2023-12-05 08:20:24.754  DEBUG [main                          ] - o.s.b.w.s.f.OrderedCharacterEncodingFilter   [241] : Filter 'characterEncodingFilter' configured for use
2023-12-05 08:20:24.755  DEBUG [main                          ] - o.s.b.w.s.filter.OrderedFormContentFilter    [241] : Filter 'formContentFilter' configured for use
2023-12-05 08:20:24.769  DEBUG [main                          ] - o.s.b.f.support.DefaultListableBeanFactory   [213] : Creating shared instance of singleton bean 'demoApplication'
2023-12-05 08:20:24.770  DEBUG [main                          ] - o.s.b.f.support.DefaultListableBeanFactory   [213] : Creating shared instance of singleton bean 'testController'
2023-12-05 08:20:24.774  DEBUG [main                          ] - o.s.b.f.support.DefaultListableBeanFactory   [213] : Creating shared instance of singleton bean 'testserviceImpl'
2023-12-05 08:20:24.776  DEBUG [main                          ] - o.s.b.f.support.DefaultListableBeanFactory   [213] : Creating shared instance of singleton bean 'testSpring'
2023-12-05 08:20:24.781  DEBUG [main                          ] - o.s.b.f.support.DefaultListableBeanFactory   [213] : Creating shared instance of singleton bean 'org.springframework.boot.autoconfigure.context.PropertyPlaceholderAutoConfiguration'
2023-12-05 08:20:24.782  DEBUG [main                          ] - o.s.b.f.support.DefaultListableBeanFactory   [213] : Creating shared instance of singleton bean 'org.springframework.boot.autoconfigure.websocket.servlet.WebSocketServletAutoConfiguration'
2023-12-05 08:20:24.783  DEBUG [main                          ] - o.s.b.f.support.DefaultListableBeanFactory   [213] : Creating shared instance of singleton bean 'org.springframework.boot.autoconfigure.web.servlet.DispatcherServletAutoConfiguration'
2023-12-05 08:20:24.784  DEBUG [main                          ] - o.s.b.f.support.DefaultListableBeanFactory   [213] : Creating shared instance of singleton bean 'org.springframework.boot.autoconfigure.task.TaskExecutionAutoConfiguration'
2023-12-05 08:20:24.784  DEBUG [main                          ] - s.c.LocalVariableTableParameterNameDiscoverer[108] : Cannot find '.class' file for class [class org.springframework.boot.autoconfigure.task.TaskExecutionAutoConfiguration$$EnhancerBySpringCGLIB$$1e0c9c3d] - unable to determine constructor/method parameter names
2023-12-05 08:20:24.786  DEBUG [main                          ] - o.s.b.f.support.DefaultListableBeanFactory   [213] : Creating shared instance of singleton bean 'spring.task.execution-org.springframework.boot.autoconfigure.task.TaskExecutionProperties'
2023-12-05 08:20:24.787  DEBUG [main                          ] - o.s.b.f.support.DefaultListableBeanFactory   [777] : Autowiring by type from bean name 'org.springframework.boot.autoconfigure.task.TaskExecutionAutoConfiguration' via constructor to bean named 'spring.task.execution-org.springframework.boot.autoconfigure.task.TaskExecutionProperties'
2023-12-05 08:20:24.788  DEBUG [main                          ] - o.s.b.f.support.DefaultListableBeanFactory   [213] : Creating shared instance of singleton bean 'taskExecutorBuilder'
2023-12-05 08:20:24.795  DEBUG [main                          ] - o.s.b.f.support.DefaultListableBeanFactory   [213] : Creating shared instance of singleton bean 'org.springframework.boot.autoconfigure.validation.ValidationAutoConfiguration'
2023-12-05 08:20:24.796  DEBUG [main                          ] - o.s.b.f.support.DefaultListableBeanFactory   [213] : Creating shared instance of singleton bean 'defaultValidator'
2023-12-05 08:20:24.802  DEBUG [main                          ] - o.h.v.i.engine.resolver.TraversableResolvers [60] : Cannot find javax.persistence.Persistence on classpath. Assuming non JPA 2 environment. All properties will per default be traversable.
2023-12-05 08:20:24.802  DEBUG [main                          ] - o.h.v.m.ResourceBundleMessageInterpolator    [89] : Loaded expression factory via original TCCL
