2023-12-05 09:51:29.368  DEBUG [main                          ] - c.b.mybatisplus.core.MybatisConfiguration    [96] : addMappedStatement: sql.BeneficiaryOrgMapper.updateByPrimaryKey
2023-12-05 09:51:29.372  DEBUG [main                          ] - c.b.m.e.spring.MybatisSqlSessionFactoryBean  [49] : Parsed mapper file: 'file [D:\demo\target\classes\mapper\BeneficiaryOrgMapper.xml]'
2023-12-05 09:51:29.392  DEBUG [main                          ] - c.b.mybatisplus.core.MybatisConfiguration    [96] : addMappedStatement: sql.ClientReviewBufferMapper.selectByExample
2023-12-05 09:51:29.394  DEBUG [main                          ] - c.b.mybatisplus.core.MybatisConfiguration    [96] : addMappedStatement: sql.ClientReviewBufferMapper.selectByPrimaryKey
2023-12-05 09:51:29.395  DEBUG [main                          ] - c.b.mybatisplus.core.MybatisConfiguration    [96] : addMappedStatement: sql.ClientReviewBufferMapper.deleteByPrimaryKey
2023-12-05 09:51:29.397  DEBUG [main                          ] - c.b.mybatisplus.core.MybatisConfiguration    [96] : addMappedStatement: sql.ClientReviewBufferMapper.insert
2023-12-05 09:51:29.398  DEBUG [main                          ] - c.b.mybatisplus.core.MybatisConfiguration    [96] : addMappedStatement: sql.ClientReviewBufferMapper.insertSelective
2023-12-05 09:51:29.399  DEBUG [main                          ] - c.b.mybatisplus.core.MybatisConfiguration    [96] : addMappedStatement: sql.ClientReviewBufferMapper.updateByPrimaryKeySelective
2023-12-05 09:51:29.400  DEBUG [main                          ] - c.b.mybatisplus.core.MybatisConfiguration    [96] : addMappedStatement: sql.ClientReviewBufferMapper.updateByPrimaryKey
2023-12-05 09:51:29.402  DEBUG [main                          ] - c.b.m.e.spring.MybatisSqlSessionFactoryBean  [49] : Parsed mapper file: 'file [D:\demo\target\classes\mapper\ClientReviewBufferMapper.xml]'
2023-12-05 09:51:29.418  DEBUG [main                          ] - c.b.mybatisplus.core.MybatisConfiguration    [96] : addMappedStatement: sql.ClientReviewCounterpartyMapper.selectByExample
2023-12-05 09:51:29.419  DEBUG [main                          ] - c.b.mybatisplus.core.MybatisConfiguration    [96] : addMappedStatement: sql.ClientReviewCounterpartyMapper.selectByPrimaryKey
2023-12-05 09:51:29.420  DEBUG [main                          ] - c.b.mybatisplus.core.MybatisConfiguration    [96] : addMappedStatement: sql.ClientReviewCounterpartyMapper.deleteByPrimaryKey
2023-12-05 09:51:29.421  DEBUG [main                          ] - c.b.mybatisplus.core.MybatisConfiguration    [96] : addMappedStatement: sql.ClientReviewCounterpartyMapper.insert
2023-12-05 09:51:29.422  DEBUG [main                          ] - c.b.mybatisplus.core.MybatisConfiguration    [96] : addMappedStatement: sql.ClientReviewCounterpartyMapper.insertSelective
2023-12-05 09:51:29.423  DEBUG [main                          ] - c.b.mybatisplus.core.MybatisConfiguration    [96] : addMappedStatement: sql.ClientReviewCounterpartyMapper.updateByPrimaryKeySelective
2023-12-05 09:51:29.424  DEBUG [main                          ] - c.b.mybatisplus.core.MybatisConfiguration    [96] : addMappedStatement: sql.ClientReviewCounterpartyMapper.updateByPrimaryKey
2023-12-05 09:51:29.425  DEBUG [main                          ] - c.b.m.e.spring.MybatisSqlSessionFactoryBean  [49] : Parsed mapper file: 'file [D:\demo\target\classes\mapper\ClientReviewCounterpartyMapper.xml]'
2023-12-05 09:51:29.436  DEBUG [main                          ] - c.b.mybatisplus.core.MybatisConfiguration    [96] : addMappedStatement: sql.ClientReviewDetailMapper.selectByExampleWithBLOBs
2023-12-05 09:51:29.438  DEBUG [main                          ] - c.b.mybatisplus.core.MybatisConfiguration    [96] : addMappedStatement: sql.ClientReviewDetailMapper.selectByExample
2023-12-05 09:51:29.440  DEBUG [main                          ] - c.b.mybatisplus.core.MybatisConfiguration    [96] : addMappedStatement: sql.ClientReviewDetailMapper.selectByPrimaryKey
2023-12-05 09:51:29.444  DEBUG [main                          ] - c.b.mybatisplus.core.MybatisConfiguration    [96] : addMappedStatement: sql.ClientReviewDetailMapper.deleteByPrimaryKey
2023-12-05 09:51:29.445  DEBUG [main                          ] - c.b.mybatisplus.core.MybatisConfiguration    [96] : addMappedStatement: sql.ClientReviewDetailMapper.insert
2023-12-05 09:51:29.447  DEBUG [main                          ] - c.b.mybatisplus.core.MybatisConfiguration    [96] : addMappedStatement: sql.ClientReviewDetailMapper.insertSelective
2023-12-05 09:51:29.449  DEBUG [main                          ] - c.b.mybatisplus.core.MybatisConfiguration    [96] : addMappedStatement: sql.ClientReviewDetailMapper.updateByPrimaryKeySelective
2023-12-05 09:51:29.450  DEBUG [main                          ] - c.b.mybatisplus.core.MybatisConfiguration    [96] : addMappedStatement: sql.ClientReviewDetailMapper.updateByPrimaryKeyWithBLOBs
2023-12-05 09:51:29.451  DEBUG [main                          ] - c.b.mybatisplus.core.MybatisConfiguration    [96] : addMappedStatement: sql.ClientReviewDetailMapper.updateByPrimaryKey
2023-12-05 09:51:29.453  DEBUG [main                          ] - c.b.m.e.spring.MybatisSqlSessionFactoryBean  [49] : Parsed mapper file: 'file [D:\demo\target\classes\mapper\ClientReviewDetailMapper.xml]'
2023-12-05 09:51:29.463  DEBUG [main                          ] - c.b.mybatisplus.core.MybatisConfiguration    [96] : addMappedStatement: sql.ClientReviewFileRecordMapper.selectByExample
2023-12-05 09:51:29.464  DEBUG [main                          ] - c.b.mybatisplus.core.MybatisConfiguration    [96] : addMappedStatement: sql.ClientReviewFileRecordMapper.selectByPrimaryKey
2023-12-05 09:51:29.465  DEBUG [main                          ] - c.b.mybatisplus.core.MybatisConfiguration    [96] : addMappedStatement: sql.ClientReviewFileRecordMapper.deleteByPrimaryKey
2023-12-05 09:51:29.466  DEBUG [main                          ] - c.b.mybatisplus.core.MybatisConfiguration    [96] : addMappedStatement: sql.ClientReviewFileRecordMapper.insert
