2023-12-05 10:28:45.144  DEBUG [main                          ] - o.s.b.f.support.DefaultListableBeanFactory   [213] : Creating shared instance of singleton bean 'org.springframework.boot.autoconfigure.web.servlet.DispatcherServletAutoConfiguration$DispatcherServletConfiguration'
2023-12-05 10:28:45.150  DEBUG [main                          ] - s.c.LocalVariableTableParameterNameDiscoverer[108] : Cannot find '.class' file for class [class org.springframework.boot.autoconfigure.web.servlet.DispatcherServletAutoConfiguration$DispatcherServletConfiguration$$EnhancerBySpringCGLIB$$6f516041] - unable to determine constructor/method parameter names
2023-12-05 10:28:45.155  DEBUG [main                          ] - o.s.b.f.support.DefaultListableBeanFactory   [777] : Autowiring by type from bean name 'org.springframework.boot.autoconfigure.web.servlet.DispatcherServletAutoConfiguration$DispatcherServletConfiguration' via constructor to bean named 'spring.http-org.springframework.boot.autoconfigure.http.HttpProperties'
2023-12-05 10:28:45.155  DEBUG [main                          ] - o.s.b.f.support.DefaultListableBeanFactory   [777] : Autowiring by type from bean name 'org.springframework.boot.autoconfigure.web.servlet.DispatcherServletAutoConfiguration$DispatcherServletConfiguration' via constructor to bean named 'spring.mvc-org.springframework.boot.autoconfigure.web.servlet.WebMvcProperties'
2023-12-05 10:28:45.184  DEBUG [main                          ] - o.s.b.f.support.DefaultListableBeanFactory   [777] : Autowiring by type from bean name 'dispatcherServletRegistration' via factory method to bean named 'dispatcherServlet'
2023-12-05 10:28:45.195  DEBUG [main                          ] - o.s.b.f.support.DefaultListableBeanFactory   [777] : Autowiring by type from bean name 'org.springframework.boot.autoconfigure.web.servlet.error.ErrorMvcAutoConfiguration' via constructor to bean named 'server-org.springframework.boot.autoconfigure.web.ServerProperties'
2023-12-05 10:28:45.199  DEBUG [main                          ] - o.s.b.f.support.DefaultListableBeanFactory   [777] : Autowiring by type from bean name 'org.springframework.boot.autoconfigure.web.servlet.error.ErrorMvcAutoConfiguration' via constructor to bean named 'dispatcherServletRegistration'
2023-12-05 10:28:45.201  DEBUG [main                          ] - o.s.b.f.support.DefaultListableBeanFactory   [213] : Creating shared instance of singleton bean 'conventionErrorViewResolver'
2023-12-05 10:28:45.202  DEBUG [main                          ] - o.s.b.f.support.DefaultListableBeanFactory   [213] : Creating shared instance of singleton bean 'org.springframework.boot.autoconfigure.web.servlet.error.ErrorMvcAutoConfiguration$DefaultErrorViewResolverConfiguration'
2023-12-05 10:28:45.203  DEBUG [main                          ] - s.c.LocalVariableTableParameterNameDiscoverer[108] : Cannot find '.class' file for class [class org.springframework.boot.autoconfigure.web.servlet.error.ErrorMvcAutoConfiguration$DefaultErrorViewResolverConfiguration$$EnhancerBySpringCGLIB$$5f92aa9d] - unable to determine constructor/method parameter names
2023-12-05 10:28:45.207  DEBUG [main                          ] - o.s.b.f.support.DefaultListableBeanFactory   [213] : Creating shared instance of singleton bean 'spring.resources-org.springframework.boot.autoconfigure.web.ResourceProperties'
2023-12-05 10:28:45.216  DEBUG [main                          ] - o.s.b.f.support.DefaultListableBeanFactory   [777] : Autowiring by type from bean name 'org.springframework.boot.autoconfigure.web.servlet.error.ErrorMvcAutoConfiguration$DefaultErrorViewResolverConfiguration' via constructor to bean named 'org.springframework.boot.web.servlet.context.AnnotationConfigServletWebServerApplicationContext@433d61fb'
2023-12-05 10:28:45.217  DEBUG [main                          ] - o.s.b.f.support.DefaultListableBeanFactory   [777] : Autowiring by type from bean name 'org.springframework.boot.autoconfigure.web.servlet.error.ErrorMvcAutoConfiguration$DefaultErrorViewResolverConfiguration' via constructor to bean named 'spring.resources-org.springframework.boot.autoconfigure.web.ResourceProperties'
2023-12-05 10:28:45.796  DEBUG [main                          ] - o.s.b.w.e.t.TomcatServletWebServerFactory    [82] : Code archive: D:\javalesson\JAVAstudyrespository\org\springframework\boot\spring-boot\2.1.5.RELEASE\spring-boot-2.1.5.RELEASE.jar
2023-12-05 10:28:45.797  DEBUG [main                          ] - o.s.b.w.e.t.TomcatServletWebServerFactory    [126] : Code archive: D:\javalesson\JAVAstudyrespository\org\springframework\boot\spring-boot\2.1.5.RELEASE\spring-boot-2.1.5.RELEASE.jar
2023-12-05 10:28:45.798  DEBUG [main                          ] - o.s.b.w.e.t.TomcatServletWebServerFactory    [151] : None of the document roots [src/main/webapp, public, static] point to a directory and will be ignored.
2023-12-05 10:28:45.844  INFO  [main                          ] - o.s.boot.web.embedded.tomcat.TomcatWebServer [90] : Tomcat initialized with port(s): 8080 (http)
2023-12-05 10:28:45.868  INFO  [main                          ] - org.apache.coyote.http11.Http11NioProtocol   [173] : Initializing ProtocolHandler ["http-nio-8080"]
2023-12-05 10:28:45.889  INFO  [main                          ] - org.apache.catalina.core.StandardService     [173] : Starting service [Tomcat]
2023-12-05 10:28:45.890  INFO  [main                          ] - org.apache.catalina.core.StandardEngine      [173] : Starting Servlet engine: [Apache Tomcat/9.0.19]
