2023-12-05 08:54:02.696  DEBUG [main                          ] - o.m.spring.mapper.ClassPathMapperScanner     [437] : Identified candidate component class: file [D:\demo\target\classes\sql\CrtExpiredPersonRecordMapper.class]
2023-12-05 08:54:02.703  DEBUG [main                          ] - o.m.spring.mapper.ClassPathMapperScanner     [437] : Identified candidate component class: file [D:\demo\target\classes\sql\CrtExpiredRecordMapper.class]
2023-12-05 08:54:02.705  DEBUG [main                          ] - o.m.spring.mapper.ClassPathMapperScanner     [437] : Identified candidate component class: file [D:\demo\target\classes\sql\CrtExpiredRecordUnionMapper.class]
2023-12-05 08:54:02.707  DEBUG [main                          ] - o.m.spring.mapper.ClassPathMapperScanner     [437] : Identified candidate component class: file [D:\demo\target\classes\sql\CtptyInfoUpdateRecordMapper.class]
2023-12-05 08:54:02.710  DEBUG [main                          ] - o.m.spring.mapper.ClassPathMapperScanner     [437] : Identified candidate component class: file [D:\demo\target\classes\sql\OtcDerivativeCounterpartyMapper.class]
2023-12-05 08:54:02.711  DEBUG [main                          ] - o.m.spring.mapper.ClassPathMapperScanner     [437] : Identified candidate component class: file [D:\demo\target\classes\sql\ProcessExpiredRemindMapper.class]
2023-12-05 08:54:02.714  DEBUG [main                          ] - o.m.spring.mapper.ClassPathMapperScanner     [49] : Creating MapperFactoryBean with name 'amlBeneficiaryMapper' and 'sql.AmlBeneficiaryMapper' mapperInterface
2023-12-05 08:54:02.715  DEBUG [main                          ] - o.m.spring.mapper.ClassPathMapperScanner     [49] : Enabling autowire by type for MapperFactoryBean with name 'amlBeneficiaryMapper'.
2023-12-05 08:54:02.715  DEBUG [main                          ] - o.m.spring.mapper.ClassPathMapperScanner     [49] : Creating MapperFactoryBean with name 'amlCounterpartyMapper' and 'sql.AmlCounterpartyMapper' mapperInterface
2023-12-05 08:54:02.716  DEBUG [main                          ] - o.m.spring.mapper.ClassPathMapperScanner     [49] : Enabling autowire by type for MapperFactoryBean with name 'amlCounterpartyMapper'.
2023-12-05 08:54:02.716  DEBUG [main                          ] - o.m.spring.mapper.ClassPathMapperScanner     [49] : Creating MapperFactoryBean with name 'aorgMapper' and 'sql.AorgMapper' mapperInterface
2023-12-05 08:54:02.717  DEBUG [main                          ] - o.m.spring.mapper.ClassPathMapperScanner     [49] : Enabling autowire by type for MapperFactoryBean with name 'aorgMapper'.
2023-12-05 08:54:02.717  DEBUG [main                          ] - o.m.spring.mapper.ClassPathMapperScanner     [49] : Creating MapperFactoryBean with name 'auserMapper' and 'sql.AuserMapper' mapperInterface
2023-12-05 08:54:02.718  DEBUG [main                          ] - o.m.spring.mapper.ClassPathMapperScanner     [49] : Enabling autowire by type for MapperFactoryBean with name 'auserMapper'.
2023-12-05 08:54:02.718  DEBUG [main                          ] - o.m.spring.mapper.ClassPathMapperScanner     [49] : Creating MapperFactoryBean with name 'beneficiaryOrgMapper' and 'sql.BeneficiaryOrgMapper' mapperInterface
2023-12-05 08:54:02.718  DEBUG [main                          ] - o.m.spring.mapper.ClassPathMapperScanner     [49] : Enabling autowire by type for MapperFactoryBean with name 'beneficiaryOrgMapper'.
2023-12-05 08:54:02.719  DEBUG [main                          ] - o.m.spring.mapper.ClassPathMapperScanner     [49] : Creating MapperFactoryBean with name 'clientReviewBufferMapper' and 'sql.ClientReviewBufferMapper' mapperInterface
2023-12-05 08:54:02.719  DEBUG [main                          ] - o.m.spring.mapper.ClassPathMapperScanner     [49] : Enabling autowire by type for MapperFactoryBean with name 'clientReviewBufferMapper'.
2023-12-05 08:54:02.720  DEBUG [main                          ] - o.m.spring.mapper.ClassPathMapperScanner     [49] : Creating MapperFactoryBean with name 'clientReviewCounterpartyMapper' and 'sql.ClientReviewCounterpartyMapper' mapperInterface
2023-12-05 08:54:02.720  DEBUG [main                          ] - o.m.spring.mapper.ClassPathMapperScanner     [49] : Enabling autowire by type for MapperFactoryBean with name 'clientReviewCounterpartyMapper'.
2023-12-05 08:54:02.720  DEBUG [main                          ] - o.m.spring.mapper.ClassPathMapperScanner     [49] : Creating MapperFactoryBean with name 'clientReviewDetailMapper' and 'sql.ClientReviewDetailMapper' mapperInterface
2023-12-05 08:54:02.721  DEBUG [main                          ] - o.m.spring.mapper.ClassPathMapperScanner     [49] : Enabling autowire by type for MapperFactoryBean with name 'clientReviewDetailMapper'.
2023-12-05 08:54:02.721  DEBUG [main                          ] - o.m.spring.mapper.ClassPathMapperScanner     [49] : Creating MapperFactoryBean with name 'clientReviewFileRecordMapper' and 'sql.ClientReviewFileRecordMapper' mapperInterface
2023-12-05 08:54:02.721  DEBUG [main                          ] - o.m.spring.mapper.ClassPathMapperScanner     [49] : Enabling autowire by type for MapperFactoryBean with name 'clientReviewFileRecordMapper'.
2023-12-05 08:54:02.721  DEBUG [main                          ] - o.m.spring.mapper.ClassPathMapperScanner     [49] : Creating MapperFactoryBean with name 'clientReviewRecordMapper' and 'sql.ClientReviewRecordMapper' mapperInterface
2023-12-05 08:54:02.722  DEBUG [main                          ] - o.m.spring.mapper.ClassPathMapperScanner     [49] : Enabling autowire by type for MapperFactoryBean with name 'clientReviewRecordMapper'.
2023-12-05 08:54:02.722  DEBUG [main                          ] - o.m.spring.mapper.ClassPathMapperScanner     [49] : Creating MapperFactoryBean with name 'counterpartyBenefitOverListMapper' and 'sql.CounterpartyBenefitOverListMapper' mapperInterface
2023-12-05 08:54:02.722  DEBUG [main                          ] - o.m.spring.mapper.ClassPathMapperScanner     [49] : Enabling autowire by type for MapperFactoryBean with name 'counterpartyBenefitOverListMapper'.
2023-12-05 08:54:02.722  DEBUG [main                          ] - o.m.spring.mapper.ClassPathMapperScanner     [49] : Creating MapperFactoryBean with name 'counterpartyOrgMapper' and 'sql.CounterpartyOrgMapper' mapperInterface
2023-12-05 08:54:02.723  DEBUG [main                          ] - o.m.spring.mapper.ClassPathMapperScanner     [49] : Enabling autowire by type for MapperFactoryBean with name 'counterpartyOrgMapper'.
2023-12-05 08:54:02.723  DEBUG [main                          ] - o.m.spring.mapper.ClassPathMapperScanner     [49] : Creating MapperFactoryBean with name 'counterpartyProdMonitorFlowMapper' and 'sql.CounterpartyProdMonitorFlowMapper' mapperInterface
2023-12-05 08:54:02.723  DEBUG [main                          ] - o.m.spring.mapper.ClassPathMapperScanner     [49] : Enabling autowire by type for MapperFactoryBean with name 'counterpartyProdMonitorFlowMapper'.
