2023-12-05 13:16:26.968  [39mDEBUG[0;39m [[32mmain                          [0;39m] - [34mo.m.spring.mapper.ClassPathMapperScanner     [0;39m[437]: Identified candidate component class: file [D:\demo\target\classes\sql\CrtExpiredPersonRecordMapper.class]
2023-12-05 13:16:26.980  [39mDEBUG[0;39m [[32mmain                          [0;39m] - [34mo.m.spring.mapper.ClassPathMapperScanner     [0;39m[437]: Identified candidate component class: file [D:\demo\target\classes\sql\CrtExpiredRecordMapper.class]
2023-12-05 13:16:26.982  [39mDEBUG[0;39m [[32mmain                          [0;39m] - [34mo.m.spring.mapper.ClassPathMapperScanner     [0;39m[437]: Identified candidate component class: file [D:\demo\target\classes\sql\CrtExpiredRecordUnionMapper.class]
2023-12-05 13:16:26.985  [39mDEBUG[0;39m [[32mmain                          [0;39m] - [34mo.m.spring.mapper.ClassPathMapperScanner     [0;39m[437]: Identified candidate component class: file [D:\demo\target\classes\sql\CtptyInfoUpdateRecordMapper.class]
2023-12-05 13:16:26.990  [39mDEBUG[0;39m [[32mmain                          [0;39m] - [34mo.m.spring.mapper.ClassPathMapperScanner     [0;39m[437]: Identified candidate component class: file [D:\demo\target\classes\sql\OtcDerivativeCounterpartyMapper.class]
2023-12-05 13:16:26.993  [39mDEBUG[0;39m [[32mmain                          [0;39m] - [34mo.m.spring.mapper.ClassPathMapperScanner     [0;39m[437]: Identified candidate component class: file [D:\demo\target\classes\sql\ProcessExpiredRemindMapper.class]
2023-12-05 13:16:26.998  [39mDEBUG[0;39m [[32mmain                          [0;39m] - [34mo.m.spring.mapper.ClassPathMapperScanner     [0;39m[49]: Creating MapperFactoryBean with name 'amlBeneficiaryMapper' and 'sql.AmlBeneficiaryMapper' mapperInterface
2023-12-05 13:16:26.999  [39mDEBUG[0;39m [[32mmain                          [0;39m] - [34mo.m.spring.mapper.ClassPathMapperScanner     [0;39m[49]: Enabling autowire by type for MapperFactoryBean with name 'amlBeneficiaryMapper'.
2023-12-05 13:16:27.000  [39mDEBUG[0;39m [[32mmain                          [0;39m] - [34mo.m.spring.mapper.ClassPathMapperScanner     [0;39m[49]: Creating MapperFactoryBean with name 'amlCounterpartyMapper' and 'sql.AmlCounterpartyMapper' mapperInterface
2023-12-05 13:16:27.000  [39mDEBUG[0;39m [[32mmain                          [0;39m] - [34mo.m.spring.mapper.ClassPathMapperScanner     [0;39m[49]: Enabling autowire by type for MapperFactoryBean with name 'amlCounterpartyMapper'.
2023-12-05 13:16:27.001  [39mDEBUG[0;39m [[32mmain                          [0;39m] - [34mo.m.spring.mapper.ClassPathMapperScanner     [0;39m[49]: Creating MapperFactoryBean with name 'aorgMapper' and 'sql.AorgMapper' mapperInterface
2023-12-05 13:16:27.001  [39mDEBUG[0;39m [[32mmain                          [0;39m] - [34mo.m.spring.mapper.ClassPathMapperScanner     [0;39m[49]: Enabling autowire by type for MapperFactoryBean with name 'aorgMapper'.
2023-12-05 13:16:27.002  [39mDEBUG[0;39m [[32mmain                          [0;39m] - [34mo.m.spring.mapper.ClassPathMapperScanner     [0;39m[49]: Creating MapperFactoryBean with name 'auserMapper' and 'sql.AuserMapper' mapperInterface
2023-12-05 13:16:27.003  [39mDEBUG[0;39m [[32mmain                          [0;39m] - [34mo.m.spring.mapper.ClassPathMapperScanner     [0;39m[49]: Enabling autowire by type for MapperFactoryBean with name 'auserMapper'.
2023-12-05 13:16:27.004  [39mDEBUG[0;39m [[32mmain                          [0;39m] - [34mo.m.spring.mapper.ClassPathMapperScanner     [0;39m[49]: Creating MapperFactoryBean with name 'beneficiaryOrgMapper' and 'sql.BeneficiaryOrgMapper' mapperInterface
2023-12-05 13:16:27.004  [39mDEBUG[0;39m [[32mmain                          [0;39m] - [34mo.m.spring.mapper.ClassPathMapperScanner     [0;39m[49]: Enabling autowire by type for MapperFactoryBean with name 'beneficiaryOrgMapper'.
2023-12-05 13:16:27.005  [39mDEBUG[0;39m [[32mmain                          [0;39m] - [34mo.m.spring.mapper.ClassPathMapperScanner     [0;39m[49]: Creating MapperFactoryBean with name 'clientReviewBufferMapper' and 'sql.ClientReviewBufferMapper' mapperInterface
2023-12-05 13:16:27.006  [39mDEBUG[0;39m [[32mmain                          [0;39m] - [34mo.m.spring.mapper.ClassPathMapperScanner     [0;39m[49]: Enabling autowire by type for MapperFactoryBean with name 'clientReviewBufferMapper'.
2023-12-05 13:16:27.006  [39mDEBUG[0;39m [[32mmain                          [0;39m] - [34mo.m.spring.mapper.ClassPathMapperScanner     [0;39m[49]: Creating MapperFactoryBean with name 'clientReviewCounterpartyMapper' and 'sql.ClientReviewCounterpartyMapper' mapperInterface
2023-12-05 13:16:27.007  [39mDEBUG[0;39m [[32mmain                          [0;39m] - [34mo.m.spring.mapper.ClassPathMapperScanner     [0;39m[49]: Enabling autowire by type for MapperFactoryBean with name 'clientReviewCounterpartyMapper'.
2023-12-05 13:16:27.007  [39mDEBUG[0;39m [[32mmain                          [0;39m] - [34mo.m.spring.mapper.ClassPathMapperScanner     [0;39m[49]: Creating MapperFactoryBean with name 'clientReviewDetailMapper' and 'sql.ClientReviewDetailMapper' mapperInterface
2023-12-05 13:16:27.007  [39mDEBUG[0;39m [[32mmain                          [0;39m] - [34mo.m.spring.mapper.ClassPathMapperScanner     [0;39m[49]: Enabling autowire by type for MapperFactoryBean with name 'clientReviewDetailMapper'.
2023-12-05 13:16:27.008  [39mDEBUG[0;39m [[32mmain                          [0;39m] - [34mo.m.spring.mapper.ClassPathMapperScanner     [0;39m[49]: Creating MapperFactoryBean with name 'clientReviewFileRecordMapper' and 'sql.ClientReviewFileRecordMapper' mapperInterface
2023-12-05 13:16:27.008  [39mDEBUG[0;39m [[32mmain                          [0;39m] - [34mo.m.spring.mapper.ClassPathMapperScanner     [0;39m[49]: Enabling autowire by type for MapperFactoryBean with name 'clientReviewFileRecordMapper'.
2023-12-05 13:16:27.008  [39mDEBUG[0;39m [[32mmain                          [0;39m] - [34mo.m.spring.mapper.ClassPathMapperScanner     [0;39m[49]: Creating MapperFactoryBean with name 'clientReviewRecordMapper' and 'sql.ClientReviewRecordMapper' mapperInterface
2023-12-05 13:16:27.009  [39mDEBUG[0;39m [[32mmain                          [0;39m] - [34mo.m.spring.mapper.ClassPathMapperScanner     [0;39m[49]: Enabling autowire by type for MapperFactoryBean with name 'clientReviewRecordMapper'.
2023-12-05 13:16:27.009  [39mDEBUG[0;39m [[32mmain                          [0;39m] - [34mo.m.spring.mapper.ClassPathMapperScanner     [0;39m[49]: Creating MapperFactoryBean with name 'counterpartyBenefitOverListMapper' and 'sql.CounterpartyBenefitOverListMapper' mapperInterface
2023-12-05 13:16:27.009  [39mDEBUG[0;39m [[32mmain                          [0;39m] - [34mo.m.spring.mapper.ClassPathMapperScanner     [0;39m[49]: Enabling autowire by type for MapperFactoryBean with name 'counterpartyBenefitOverListMapper'.
2023-12-05 13:16:27.010  [39mDEBUG[0;39m [[32mmain                          [0;39m] - [34mo.m.spring.mapper.ClassPathMapperScanner     [0;39m[49]: Creating MapperFactoryBean with name 'counterpartyOrgMapper' and 'sql.CounterpartyOrgMapper' mapperInterface
2023-12-05 13:16:27.011  [39mDEBUG[0;39m [[32mmain                          [0;39m] - [34mo.m.spring.mapper.ClassPathMapperScanner     [0;39m[49]: Enabling autowire by type for MapperFactoryBean with name 'counterpartyOrgMapper'.
2023-12-05 13:16:27.011  [39mDEBUG[0;39m [[32mmain                          [0;39m] - [34mo.m.spring.mapper.ClassPathMapperScanner     [0;39m[49]: Creating MapperFactoryBean with name 'counterpartyProdMonitorFlowMapper' and 'sql.CounterpartyProdMonitorFlowMapper' mapperInterface
2023-12-05 13:16:27.012  [39mDEBUG[0;39m [[32mmain                          [0;39m] - [34mo.m.spring.mapper.ClassPathMapperScanner     [0;39m[49]: Enabling autowire by type for MapperFactoryBean with name 'counterpartyProdMonitorFlowMapper'.
