2023-12-05 08:54:02.723  DEBUG [main                          ] - o.m.spring.mapper.ClassPathMapperScanner     [49] : Creating MapperFactoryBean with name 'crtExpiredPersonRecordMapper' and 'sql.CrtExpiredPersonRecordMapper' mapperInterface
2023-12-05 08:54:02.728  DEBUG [main                          ] - o.m.spring.mapper.ClassPathMapperScanner     [49] : Enabling autowire by type for MapperFactoryBean with name 'crtExpiredPersonRecordMapper'.
2023-12-05 08:54:02.729  DEBUG [main                          ] - o.m.spring.mapper.ClassPathMapperScanner     [49] : Creating MapperFactoryBean with name 'crtExpiredRecordMapper' and 'sql.CrtExpiredRecordMapper' mapperInterface
2023-12-05 08:54:02.730  DEBUG [main                          ] - o.m.spring.mapper.ClassPathMapperScanner     [49] : Enabling autowire by type for MapperFactoryBean with name 'crtExpiredRecordMapper'.
2023-12-05 08:54:02.730  DEBUG [main                          ] - o.m.spring.mapper.ClassPathMapperScanner     [49] : Creating MapperFactoryBean with name 'crtExpiredRecordUnionMapper' and 'sql.CrtExpiredRecordUnionMapper' mapperInterface
2023-12-05 08:54:02.730  DEBUG [main                          ] - o.m.spring.mapper.ClassPathMapperScanner     [49] : Enabling autowire by type for MapperFactoryBean with name 'crtExpiredRecordUnionMapper'.
2023-12-05 08:54:02.731  DEBUG [main                          ] - o.m.spring.mapper.ClassPathMapperScanner     [49] : Creating MapperFactoryBean with name 'ctptyInfoUpdateRecordMapper' and 'sql.CtptyInfoUpdateRecordMapper' mapperInterface
2023-12-05 08:54:02.731  DEBUG [main                          ] - o.m.spring.mapper.ClassPathMapperScanner     [49] : Enabling autowire by type for MapperFactoryBean with name 'ctptyInfoUpdateRecordMapper'.
2023-12-05 08:54:02.732  DEBUG [main                          ] - o.m.spring.mapper.ClassPathMapperScanner     [49] : Creating MapperFactoryBean with name 'otcDerivativeCounterpartyMapper' and 'sql.OtcDerivativeCounterpartyMapper' mapperInterface
2023-12-05 08:54:02.733  DEBUG [main                          ] - o.m.spring.mapper.ClassPathMapperScanner     [49] : Enabling autowire by type for MapperFactoryBean with name 'otcDerivativeCounterpartyMapper'.
2023-12-05 08:54:02.733  DEBUG [main                          ] - o.m.spring.mapper.ClassPathMapperScanner     [49] : Creating MapperFactoryBean with name 'processExpiredRemindMapper' and 'sql.ProcessExpiredRemindMapper' mapperInterface
2023-12-05 08:54:02.734  DEBUG [main                          ] - o.m.spring.mapper.ClassPathMapperScanner     [49] : Enabling autowire by type for MapperFactoryBean with name 'processExpiredRemindMapper'.
2023-12-05 08:54:03.067  DEBUG [main                          ] - o.s.b.f.support.DefaultListableBeanFactory   [213] : Creating shared instance of singleton bean 'org.springframework.context.event.internalEventListenerProcessor'
2023-12-05 08:54:03.070  DEBUG [main                          ] - o.s.b.f.support.DefaultListableBeanFactory   [213] : Creating shared instance of singleton bean 'org.springframework.boot.context.properties.ConfigurationBeanFactoryMetadata'
2023-12-05 08:54:03.070  DEBUG [main                          ] - o.s.b.f.support.DefaultListableBeanFactory   [213] : Creating shared instance of singleton bean 'preserveErrorControllerTargetClassPostProcessor'
2023-12-05 08:54:03.072  DEBUG [main                          ] - o.s.b.f.support.DefaultListableBeanFactory   [213] : Creating shared instance of singleton bean 'org.springframework.context.event.internalEventListenerFactory'
2023-12-05 08:54:03.072  DEBUG [main                          ] - o.s.b.f.support.DefaultListableBeanFactory   [213] : Creating shared instance of singleton bean 'org.springframework.transaction.config.internalTransactionalEventListenerFactory'
2023-12-05 08:54:03.091  DEBUG [main                          ] - o.s.b.f.support.DefaultListableBeanFactory   [213] : Creating shared instance of singleton bean 'org.springframework.context.annotation.internalAutowiredAnnotationProcessor'
2023-12-05 08:54:03.093  DEBUG [main                          ] - o.s.b.f.support.DefaultListableBeanFactory   [213] : Creating shared instance of singleton bean 'org.springframework.context.annotation.internalCommonAnnotationProcessor'
2023-12-05 08:54:03.099  DEBUG [main                          ] - o.s.b.f.support.DefaultListableBeanFactory   [213] : Creating shared instance of singleton bean 'org.springframework.boot.context.properties.ConfigurationPropertiesBindingPostProcessor'
2023-12-05 08:54:03.105  DEBUG [main                          ] - o.s.b.f.support.DefaultListableBeanFactory   [213] : Creating shared instance of singleton bean 'methodValidationPostProcessor'
2023-12-05 08:54:03.174  DEBUG [main                          ] - o.s.b.f.support.DefaultListableBeanFactory   [777] : Autowiring by type from bean name 'methodValidationPostProcessor' via factory method to bean named 'environment'
2023-12-05 08:54:03.194  DEBUG [main                          ] - o.s.b.f.support.DefaultListableBeanFactory   [213] : Creating shared instance of singleton bean 'dataSourceInitializerPostProcessor'
2023-12-05 08:54:03.203  DEBUG [main                          ] - o.s.b.f.support.DefaultListableBeanFactory   [213] : Creating shared instance of singleton bean 'persistenceExceptionTranslationPostProcessor'
2023-12-05 08:54:03.206  DEBUG [main                          ] - o.s.b.f.support.DefaultListableBeanFactory   [777] : Autowiring by type from bean name 'persistenceExceptionTranslationPostProcessor' via factory method to bean named 'environment'
2023-12-05 08:54:03.210  DEBUG [main                          ] - o.s.b.f.support.DefaultListableBeanFactory   [213] : Creating shared instance of singleton bean 'org.springframework.aop.config.internalAutoProxyCreator'
2023-12-05 08:54:03.242  DEBUG [main                          ] - o.s.b.f.support.DefaultListableBeanFactory   [213] : Creating shared instance of singleton bean 'webServerFactoryCustomizerBeanPostProcessor'
2023-12-05 08:54:03.244  DEBUG [main                          ] - o.s.b.f.support.DefaultListableBeanFactory   [213] : Creating shared instance of singleton bean 'errorPageRegistrarBeanPostProcessor'
2023-12-05 08:54:03.251  DEBUG [main                          ] - o.s.u.c.support.UiApplicationContextUtils    [85] : Unable to locate ThemeSource with name 'themeSource': using default [org.springframework.ui.context.support.ResourceBundleThemeSource@6e521c1e]
2023-12-05 08:54:03.257  DEBUG [main                          ] - o.s.b.f.support.DefaultListableBeanFactory   [213] : Creating shared instance of singleton bean 'tomcatServletWebServerFactory'
2023-12-05 08:54:03.258  DEBUG [main                          ] - o.s.b.f.support.DefaultListableBeanFactory   [213] : Creating shared instance of singleton bean 'org.springframework.boot.autoconfigure.web.servlet.ServletWebServerFactoryConfiguration$EmbeddedTomcat'
2023-12-05 08:54:03.265  DEBUG [main                          ] - o.s.b.f.support.DefaultListableBeanFactory   [213] : Creating shared instance of singleton bean 'org.springframework.transaction.config.internalTransactionAdvisor'
2023-12-05 08:54:03.266  DEBUG [main                          ] - o.s.b.f.support.DefaultListableBeanFactory   [213] : Creating shared instance of singleton bean 'org.springframework.transaction.annotation.ProxyTransactionManagementConfiguration'
2023-12-05 08:54:03.310  DEBUG [main                          ] - o.s.b.f.support.DefaultListableBeanFactory   [213] : Creating shared instance of singleton bean 'transactionAttributeSource'
2023-12-05 08:54:03.320  DEBUG [main                          ] - o.s.b.f.support.DefaultListableBeanFactory   [213] : Creating shared instance of singleton bean 'transactionInterceptor'
2023-12-05 08:54:03.428  DEBUG [main                          ] - o.s.b.f.support.DefaultListableBeanFactory   [213] : Creating shared instance of singleton bean 'websocketServletWebServerCustomizer'
2023-12-05 08:54:03.429  DEBUG [main                          ] - o.s.b.f.support.DefaultListableBeanFactory   [213] : Creating shared instance of singleton bean 'org.springframework.boot.autoconfigure.websocket.servlet.WebSocketServletAutoConfiguration$TomcatWebSocketConfiguration'
2023-12-05 08:54:03.438  DEBUG [main                          ] - o.s.b.f.support.DefaultListableBeanFactory   [213] : Creating shared instance of singleton bean 'servletWebServerFactoryCustomizer'
2023-12-05 08:54:03.438  DEBUG [main                          ] - o.s.b.f.support.DefaultListableBeanFactory   [213] : Creating shared instance of singleton bean 'org.springframework.boot.autoconfigure.web.servlet.ServletWebServerFactoryAutoConfiguration'
2023-12-05 08:54:03.444  DEBUG [main                          ] - o.s.b.f.support.DefaultListableBeanFactory   [213] : Creating shared instance of singleton bean 'server-org.springframework.boot.autoconfigure.web.ServerProperties'
2023-12-05 08:54:03.522  DEBUG [main                          ] - o.s.b.f.support.DefaultListableBeanFactory   [777] : Autowiring by type from bean name 'servletWebServerFactoryCustomizer' via factory method to bean named 'server-org.springframework.boot.autoconfigure.web.ServerProperties'
