2023-12-05 15:34:02.778  [39mDEBUG[0;39m [[32mmain                          [0;39m] - [34mo.s.b.f.support.DefaultListableBeanFactory   [0;39m[777]: Autowiring by type from bean name 'org.springframework.boot.autoconfigure.web.servlet.error.ErrorMvcAutoConfiguration' via constructor to bean named 'server-org.springframework.boot.autoconfigure.web.ServerProperties'
2023-12-05 15:34:02.781  [39mDEBUG[0;39m [[32mmain                          [0;39m] - [34mo.s.b.f.support.DefaultListableBeanFactory   [0;39m[777]: Autowiring by type from bean name 'org.springframework.boot.autoconfigure.web.servlet.error.ErrorMvcAutoConfiguration' via constructor to bean named 'dispatcherServletRegistration'
2023-12-05 15:34:02.783  [39mDEBUG[0;39m [[32mmain                          [0;39m] - [34mo.s.b.f.support.DefaultListableBeanFactory   [0;39m[213]: Creating shared instance of singleton bean 'conventionErrorViewResolver'
2023-12-05 15:34:02.784  [39mDEBUG[0;39m [[32mmain                          [0;39m] - [34mo.s.b.f.support.DefaultListableBeanFactory   [0;39m[213]: Creating shared instance of singleton bean 'org.springframework.boot.autoconfigure.web.servlet.error.ErrorMvcAutoConfiguration$DefaultErrorViewResolverConfiguration'
2023-12-05 15:34:02.784  [39mDEBUG[0;39m [[32mmain                          [0;39m] - [34ms.c.LocalVariableTableParameterNameDiscoverer[0;39m[108]: Cannot find '.class' file for class [class org.springframework.boot.autoconfigure.web.servlet.error.ErrorMvcAutoConfiguration$DefaultErrorViewResolverConfiguration$$EnhancerBySpringCGLIB$$6bbfec3d] - unable to determine constructor/method parameter names
2023-12-05 15:34:02.785  [39mDEBUG[0;39m [[32mmain                          [0;39m] - [34mo.s.b.f.support.DefaultListableBeanFactory   [0;39m[213]: Creating shared instance of singleton bean 'spring.resources-org.springframework.boot.autoconfigure.web.ResourceProperties'
2023-12-05 15:34:02.789  [39mDEBUG[0;39m [[32mmain                          [0;39m] - [34mo.s.b.f.support.DefaultListableBeanFactory   [0;39m[777]: Autowiring by type from bean name 'org.springframework.boot.autoconfigure.web.servlet.error.ErrorMvcAutoConfiguration$DefaultErrorViewResolverConfiguration' via constructor to bean named 'org.springframework.boot.web.servlet.context.AnnotationConfigServletWebServerApplicationContext@3c130745'
2023-12-05 15:34:02.789  [39mDEBUG[0;39m [[32mmain                          [0;39m] - [34mo.s.b.f.support.DefaultListableBeanFactory   [0;39m[777]: Autowiring by type from bean name 'org.springframework.boot.autoconfigure.web.servlet.error.ErrorMvcAutoConfiguration$DefaultErrorViewResolverConfiguration' via constructor to bean named 'spring.resources-org.springframework.boot.autoconfigure.web.ResourceProperties'
2023-12-05 15:34:03.162  [39mDEBUG[0;39m [[32mmain                          [0;39m] - [34mo.s.b.w.e.t.TomcatServletWebServerFactory    [0;39m[82]: Code archive: D:\javalesson\JAVAstudyrespository\org\springframework\boot\spring-boot\2.1.5.RELEASE\spring-boot-2.1.5.RELEASE.jar
2023-12-05 15:34:03.163  [39mDEBUG[0;39m [[32mmain                          [0;39m] - [34mo.s.b.w.e.t.TomcatServletWebServerFactory    [0;39m[126]: Code archive: D:\javalesson\JAVAstudyrespository\org\springframework\boot\spring-boot\2.1.5.RELEASE\spring-boot-2.1.5.RELEASE.jar
2023-12-05 15:34:03.163  [39mDEBUG[0;39m [[32mmain                          [0;39m] - [34mo.s.b.w.e.t.TomcatServletWebServerFactory    [0;39m[151]: None of the document roots [src/main/webapp, public, static] point to a directory and will be ignored.
2023-12-05 15:34:03.191  [34mINFO [0;39m [[32mmain                          [0;39m] - [34mo.s.boot.web.embedded.tomcat.TomcatWebServer [0;39m[90]: Tomcat initialized with port(s): 8080 (http)
2023-12-05 15:34:03.205  [34mINFO [0;39m [[32mmain                          [0;39m] - [34morg.apache.coyote.http11.Http11NioProtocol   [0;39m[173]: Initializing ProtocolHandler ["http-nio-8080"]
2023-12-05 15:34:03.215  [34mINFO [0;39m [[32mmain                          [0;39m] - [34morg.apache.catalina.core.StandardService     [0;39m[173]: Starting service [Tomcat]
2023-12-05 15:34:03.215  [34mINFO [0;39m [[32mmain                          [0;39m] - [34morg.apache.catalina.core.StandardEngine      [0;39m[173]: Starting Servlet engine: [Apache Tomcat/9.0.19]
2023-12-05 15:34:03.333  [34mINFO [0;39m [[32mmain                          [0;39m] - [34mo.a.c.c.C.[Tomcat].[localhost].[/]           [0;39m[173]: Initializing Spring embedded WebApplicationContext
2023-12-05 15:34:03.334  [39mDEBUG[0;39m [[32mmain                          [0;39m] - [34morg.springframework.web.context.ContextLoader[0;39m[288]: Published root WebApplicationContext as ServletContext attribute with name [org.springframework.web.context.WebApplicationContext.ROOT]
2023-12-05 15:34:03.334  [34mINFO [0;39m [[32mmain                          [0;39m] - [34morg.springframework.web.context.ContextLoader[0;39m[296]: Root WebApplicationContext: initialization completed in 2102 ms
2023-12-05 15:34:03.339  [39mDEBUG[0;39m [[32mmain                          [0;39m] - [34mo.s.b.f.support.DefaultListableBeanFactory   [0;39m[213]: Creating shared instance of singleton bean 'requestContextFilter'
2023-12-05 15:34:03.341  [39mDEBUG[0;39m [[32mmain                          [0;39m] - [34mo.s.b.f.support.DefaultListableBeanFactory   [0;39m[213]: Creating shared instance of singleton bean 'hiddenHttpMethodFilter'
2023-12-05 15:34:03.341  [39mDEBUG[0;39m [[32mmain                          [0;39m] - [34mo.s.b.f.support.DefaultListableBeanFactory   [0;39m[213]: Creating shared instance of singleton bean 'org.springframework.boot.autoconfigure.web.servlet.WebMvcAutoConfiguration'
2023-12-05 15:34:03.346  [39mDEBUG[0;39m [[32mmain                          [0;39m] - [34mo.s.b.f.support.DefaultListableBeanFactory   [0;39m[213]: Creating shared instance of singleton bean 'formContentFilter'
2023-12-05 15:34:03.350  [39mDEBUG[0;39m [[32mmain                          [0;39m] - [34mo.s.b.f.support.DefaultListableBeanFactory   [0;39m[213]: Creating shared instance of singleton bean 'characterEncodingFilter'
2023-12-05 15:34:03.359  [39mDEBUG[0;39m [[32mmain                          [0;39m] - [34mo.s.b.w.s.ServletContextInitializerBeans     [0;39m[267]: Mapping filters: characterEncodingFilter urls=[/*], hiddenHttpMethodFilter urls=[/*], formContentFilter urls=[/*], requestContextFilter urls=[/*]
2023-12-05 15:34:03.359  [39mDEBUG[0;39m [[32mmain                          [0;39m] - [34mo.s.b.w.s.ServletContextInitializerBeans     [0;39m[267]: Mapping servlets: dispatcherServlet urls=[/]
2023-12-05 15:34:03.382  [39mDEBUG[0;39m [[32mmain                          [0;39m] - [34mo.s.b.w.s.filter.OrderedRequestContextFilter [0;39m[241]: Filter 'requestContextFilter' configured for use
2023-12-05 15:34:03.383  [39mDEBUG[0;39m [[32mmain                          [0;39m] - [34mo.s.b.w.s.f.OrderedHiddenHttpMethodFilter    [0;39m[241]: Filter 'hiddenHttpMethodFilter' configured for use
2023-12-05 15:34:03.383  [39mDEBUG[0;39m [[32mmain                          [0;39m] - [34mo.s.b.w.s.f.OrderedCharacterEncodingFilter   [0;39m[241]: Filter 'characterEncodingFilter' configured for use
2023-12-05 15:34:03.384  [39mDEBUG[0;39m [[32mmain                          [0;39m] - [34mo.s.b.w.s.filter.OrderedFormContentFilter    [0;39m[241]: Filter 'formContentFilter' configured for use
2023-12-05 15:34:03.392  [39mDEBUG[0;39m [[32mmain                          [0;39m] - [34mo.s.b.f.support.DefaultListableBeanFactory   [0;39m[213]: Creating shared instance of singleton bean 'demoApplication'
2023-12-05 15:34:03.393  [39mDEBUG[0;39m [[32mmain                          [0;39m] - [34mo.s.b.f.support.DefaultListableBeanFactory   [0;39m[213]: Creating shared instance of singleton bean 'testController'
2023-12-05 15:34:03.397  [39mDEBUG[0;39m [[32mmain                          [0;39m] - [34mo.s.b.f.support.DefaultListableBeanFactory   [0;39m[213]: Creating shared instance of singleton bean 'testserviceImpl'
2023-12-05 15:34:03.398  [39mDEBUG[0;39m [[32mmain                          [0;39m] - [34mo.s.b.f.support.DefaultListableBeanFactory   [0;39m[213]: Creating shared instance of singleton bean 'testSpring'
2023-12-05 15:34:03.400  [39mDEBUG[0;39m [[32mmain                          [0;39m] - [34mo.s.b.f.support.DefaultListableBeanFactory   [0;39m[213]: Creating shared instance of singleton bean 'otcDerivativeCounterpartyMapper'
2023-12-05 15:34:03.405  [39mDEBUG[0;39m [[32mmain                          [0;39m] - [34mo.s.b.f.support.DefaultListableBeanFactory   [0;39m[213]: Creating shared instance of singleton bean 'sqlSessionFactory'
2023-12-05 15:34:03.406  [39mDEBUG[0;39m [[32mmain                          [0;39m] - [34mo.s.b.f.support.DefaultListableBeanFactory   [0;39m[213]: Creating shared instance of singleton bean 'com.baomidou.mybatisplus.autoconfigure.MybatisPlusAutoConfiguration'
2023-12-05 15:34:03.406  [39mDEBUG[0;39m [[32mmain                          [0;39m] - [34ms.c.LocalVariableTableParameterNameDiscoverer[0;39m[108]: Cannot find '.class' file for class [class com.baomidou.mybatisplus.autoconfigure.MybatisPlusAutoConfiguration$$EnhancerBySpringCGLIB$$69477eb2] - unable to determine constructor/method parameter names
2023-12-05 15:34:03.408  [39mDEBUG[0;39m [[32mmain                          [0;39m] - [34mo.s.b.f.support.DefaultListableBeanFactory   [0;39m[213]: Creating shared instance of singleton bean 'mybatis-plus-com.baomidou.mybatisplus.autoconfigure.MybatisPlusProperties'
2023-12-05 15:34:03.415  [39mDEBUG[0;39m [[32mmain                          [0;39m] - [34mo.s.b.f.support.DefaultListableBeanFactory   [0;39m[777]: Autowiring by type from bean name 'com.baomidou.mybatisplus.autoconfigure.MybatisPlusAutoConfiguration' via constructor to bean named 'mybatis-plus-com.baomidou.mybatisplus.autoconfigure.MybatisPlusProperties'
2023-12-05 15:34:03.415  [39mDEBUG[0;39m [[32mmain                          [0;39m] - [34mo.s.b.f.support.DefaultListableBeanFactory   [0;39m[777]: Autowiring by type from bean name 'com.baomidou.mybatisplus.autoconfigure.MybatisPlusAutoConfiguration' via constructor to bean named 'org.springframework.boot.web.servlet.context.AnnotationConfigServletWebServerApplicationContext@3c130745'
2023-12-05 15:34:03.416  [39mDEBUG[0;39m [[32mmain                          [0;39m] - [34mo.s.b.f.support.DefaultListableBeanFactory   [0;39m[213]: Creating shared instance of singleton bean 'com.github.yulichang.interceptor.MPJInterceptor'
2023-12-05 15:34:03.427  [39mDEBUG[0;39m [[32mmain                          [0;39m] - [34mo.s.b.f.support.DefaultListableBeanFactory   [0;39m[213]: Creating shared instance of singleton bean 'dataSource'
2023-12-05 15:34:03.427  [39mDEBUG[0;39m [[32mmain                          [0;39m] - [34mo.s.b.f.support.DefaultListableBeanFactory   [0;39m[213]: Creating shared instance of singleton bean 'com.alibaba.druid.spring.boot.autoconfigure.DruidDataSourceAutoConfigure'
2023-12-05 15:34:03.430  [34mINFO [0;39m [[32mmain                          [0;39m] - [34mc.a.d.s.b.a.DruidDataSourceAutoConfigure     [0;39m[56]: Init DruidDataSource
2023-12-05 15:34:03.494  [39mDEBUG[0;39m [[32mmain                          [0;39m] - [34mo.s.b.f.support.DefaultListableBeanFactory   [0;39m[213]: Creating shared instance of singleton bean 'spring.datasource-org.springframework.boot.autoconfigure.jdbc.DataSourceProperties'
2023-12-05 15:34:03.502  [39mDEBUG[0;39m [[32mmain                          [0;39m] - [34mo.s.b.f.support.DefaultListableBeanFactory   [0;39m[213]: Creating shared instance of singleton bean 'configFilter'
2023-12-05 15:34:03.503  [39mDEBUG[0;39m [[32mmain                          [0;39m] - [34mo.s.b.f.support.DefaultListableBeanFactory   [0;39m[213]: Creating shared instance of singleton bean 'com.alibaba.druid.spring.boot.autoconfigure.stat.DruidFilterConfiguration'
