2023-12-05 10:20:19.935  DEBUG [main                          ] - c.b.mybatisplus.core.MybatisConfiguration    [96] : addMappedStatement: sql.OtcDerivativeCounterpartyMapper.selectAll
2023-12-05 10:20:19.942  DEBUG [main                          ] - c.b.mybatisplus.core.MybatisConfiguration    [96] : addMappedStatement: sql.OtcDerivativeCounterpartyMapper.selectClientbyid
2023-12-05 10:20:19.943  DEBUG [main                          ] - c.b.mybatisplus.core.MybatisConfiguration    [96] : addMappedStatement: sql.OtcDerivativeCounterpartyMapper.deleteByPrimaryKey
2023-12-05 10:20:19.946  DEBUG [main                          ] - c.b.mybatisplus.core.MybatisConfiguration    [96] : addMappedStatement: sql.OtcDerivativeCounterpartyMapper.insert
2023-12-05 10:20:19.950  DEBUG [main                          ] - c.b.mybatisplus.core.MybatisConfiguration    [96] : addMappedStatement: sql.OtcDerivativeCounterpartyMapper.insertSelective
2023-12-05 10:20:19.952  DEBUG [main                          ] - c.b.mybatisplus.core.MybatisConfiguration    [96] : addMappedStatement: sql.OtcDerivativeCounterpartyMapper.updateByPrimaryKeySelective
2023-12-05 10:20:19.955  DEBUG [main                          ] - c.b.mybatisplus.core.MybatisConfiguration    [96] : addMappedStatement: sql.OtcDerivativeCounterpartyMapper.updateByPrimaryKey
2023-12-05 10:20:19.957  DEBUG [main                          ] - c.b.m.e.spring.MybatisSqlSessionFactoryBean  [49] : Parsed mapper file: 'file [D:\demo\target\classes\mapper\OtcDerivativeCounterpartyMapper.xml]'
2023-12-05 10:20:19.973  DEBUG [main                          ] - c.b.mybatisplus.core.MybatisConfiguration    [96] : addMappedStatement: sql.ProcessExpiredRemindMapper.selectByExample
2023-12-05 10:20:19.974  DEBUG [main                          ] - c.b.mybatisplus.core.MybatisConfiguration    [96] : addMappedStatement: sql.ProcessExpiredRemindMapper.selectByPrimaryKey
2023-12-05 10:20:19.975  DEBUG [main                          ] - c.b.mybatisplus.core.MybatisConfiguration    [96] : addMappedStatement: sql.ProcessExpiredRemindMapper.deleteByPrimaryKey
2023-12-05 10:20:19.977  DEBUG [main                          ] - c.b.mybatisplus.core.MybatisConfiguration    [96] : addMappedStatement: sql.ProcessExpiredRemindMapper.insert
2023-12-05 10:20:19.979  DEBUG [main                          ] - c.b.mybatisplus.core.MybatisConfiguration    [96] : addMappedStatement: sql.ProcessExpiredRemindMapper.insertSelective
2023-12-05 10:20:19.980  DEBUG [main                          ] - c.b.mybatisplus.core.MybatisConfiguration    [96] : addMappedStatement: sql.ProcessExpiredRemindMapper.updateByPrimaryKeySelective
2023-12-05 10:20:19.981  DEBUG [main                          ] - c.b.mybatisplus.core.MybatisConfiguration    [96] : addMappedStatement: sql.ProcessExpiredRemindMapper.updateByPrimaryKey
2023-12-05 10:20:19.983  DEBUG [main                          ] - c.b.m.e.spring.MybatisSqlSessionFactoryBean  [49] : Parsed mapper file: 'file [D:\demo\target\classes\mapper\ProcessExpiredRemindMapper.xml]'
2023-12-05 10:20:20.672  DEBUG [main                          ] - o.s.b.f.support.DefaultListableBeanFactory   [213] : Creating shared instance of singleton bean 'sqlSessionTemplate'
2023-12-05 10:20:20.673  DEBUG [main                          ] - o.s.b.f.support.DefaultListableBeanFactory   [777] : Autowiring by type from bean name 'sqlSessionTemplate' via factory method to bean named 'sqlSessionFactory'
2023-12-05 10:20:20.711  DEBUG [main                          ] - o.s.b.f.support.DefaultListableBeanFactory   [213] : Creating shared instance of singleton bean 'org.springframework.boot.autoconfigure.AutoConfigurationPackages'
2023-12-05 10:20:20.714  DEBUG [main                          ] - o.s.b.f.support.DefaultListableBeanFactory   [213] : Creating shared instance of singleton bean 'org.springframework.boot.autoconfigure.context.PropertyPlaceholderAutoConfiguration'
2023-12-05 10:20:20.715  DEBUG [main                          ] - o.s.b.f.support.DefaultListableBeanFactory   [213] : Creating shared instance of singleton bean 'org.springframework.boot.autoconfigure.websocket.servlet.WebSocketServletAutoConfiguration'
2023-12-05 10:20:20.716  DEBUG [main                          ] - o.s.b.f.support.DefaultListableBeanFactory   [213] : Creating shared instance of singleton bean 'org.springframework.boot.autoconfigure.web.servlet.DispatcherServletAutoConfiguration'
2023-12-05 10:20:20.717  DEBUG [main                          ] - o.s.b.f.support.DefaultListableBeanFactory   [213] : Creating shared instance of singleton bean 'org.springframework.boot.autoconfigure.task.TaskExecutionAutoConfiguration'
2023-12-05 10:20:20.717  DEBUG [main                          ] - s.c.LocalVariableTableParameterNameDiscoverer[108] : Cannot find '.class' file for class [class org.springframework.boot.autoconfigure.task.TaskExecutionAutoConfiguration$$EnhancerBySpringCGLIB$$c16c7453] - unable to determine constructor/method parameter names
2023-12-05 10:20:20.718  DEBUG [main                          ] - o.s.b.f.support.DefaultListableBeanFactory   [213] : Creating shared instance of singleton bean 'spring.task.execution-org.springframework.boot.autoconfigure.task.TaskExecutionProperties'
2023-12-05 10:20:20.719  DEBUG [main                          ] - o.s.b.f.support.DefaultListableBeanFactory   [777] : Autowiring by type from bean name 'org.springframework.boot.autoconfigure.task.TaskExecutionAutoConfiguration' via constructor to bean named 'spring.task.execution-org.springframework.boot.autoconfigure.task.TaskExecutionProperties'
2023-12-05 10:20:20.721  DEBUG [main                          ] - o.s.b.f.support.DefaultListableBeanFactory   [213] : Creating shared instance of singleton bean 'taskExecutorBuilder'
2023-12-05 10:20:20.729  DEBUG [main                          ] - o.s.b.f.support.DefaultListableBeanFactory   [213] : Creating shared instance of singleton bean 'org.springframework.boot.autoconfigure.validation.ValidationAutoConfiguration'
2023-12-05 10:20:20.730  DEBUG [main                          ] - o.s.b.f.support.DefaultListableBeanFactory   [213] : Creating shared instance of singleton bean 'defaultValidator'
2023-12-05 10:20:20.735  DEBUG [main                          ] - o.h.v.i.engine.resolver.TraversableResolvers [60] : Cannot find javax.persistence.Persistence on classpath. Assuming non JPA 2 environment. All properties will per default be traversable.
2023-12-05 10:20:20.736  DEBUG [main                          ] - o.h.v.m.ResourceBundleMessageInterpolator    [89] : Loaded expression factory via original TCCL
