2023-12-05 10:28:34.866  DEBUG [Thread-3                      ] - ationConfigServletWebServerApplicationContext[1002] : Closing org.springframework.boot.web.servlet.context.AnnotationConfigServletWebServerApplicationContext@79b06cab, started on Tue Dec 05 10:20:15 CST 2023
2023-12-05 10:28:34.870  DEBUG [Thread-3                      ] - o.s.j.e.annotation.AnnotationMBeanExporter   [451] : Unregistering JMX-exposed beans on shutdown
2023-12-05 10:28:34.871  DEBUG [Thread-3                      ] - o.s.j.e.annotation.AnnotationMBeanExporter   [185] : Unregistering JMX-exposed beans
2023-12-05 10:28:34.872  INFO  [Thread-3                      ] - o.s.s.concurrent.ThreadPoolTaskExecutor      [208] : Shutting down ExecutorService 'applicationTaskExecutor'
2023-12-05 10:28:34.873  INFO  [Thread-3                      ] - com.alibaba.druid.pool.DruidDataSource       [1885] : {dataSource-1} closing ...
2023-12-05 10:28:34.878  WARN  [Thread-3                      ] - com.alibaba.druid.pool.DruidDataSource       [1932] : close connection error
java.sql.SQLRecoverableException: IO 错误: Connection reset by peer: socket write error
	at oracle.jdbc.driver.T4CConnection.logoff(T4CConnection.java:556)
	at oracle.jdbc.driver.PhysicalConnection.close(PhysicalConnection.java:3984)
	at com.alibaba.druid.pool.DruidDataSource.close(DruidDataSource.java:1930)
	at sun.reflect.NativeMethodAccessorImpl.invoke0(Native Method)
	at sun.reflect.NativeMethodAccessorImpl.invoke(NativeMethodAccessorImpl.java:62)
	at sun.reflect.DelegatingMethodAccessorImpl.invoke(DelegatingMethodAccessorImpl.java:43)
	at java.lang.reflect.Method.invoke(Method.java:498)
	at org.springframework.beans.factory.support.DisposableBeanAdapter.invokeCustomDestroyMethod(DisposableBeanAdapter.java:337)
	at org.springframework.beans.factory.support.DisposableBeanAdapter.destroy(DisposableBeanAdapter.java:271)
	at org.springframework.beans.factory.support.DefaultSingletonBeanRegistry.destroyBean(DefaultSingletonBeanRegistry.java:571)
	at org.springframework.beans.factory.support.DefaultSingletonBeanRegistry.destroySingleton(DefaultSingletonBeanRegistry.java:543)
	at org.springframework.beans.factory.support.DefaultListableBeanFactory.destroySingleton(DefaultListableBeanFactory.java:1034)
	at org.springframework.beans.factory.support.DefaultSingletonBeanRegistry.destroySingletons(DefaultSingletonBeanRegistry.java:504)
	at org.springframework.beans.factory.support.DefaultListableBeanFactory.destroySingletons(DefaultListableBeanFactory.java:1027)
	at org.springframework.context.support.AbstractApplicationContext.destroyBeans(AbstractApplicationContext.java:1057)
	at org.springframework.context.support.AbstractApplicationContext.doClose(AbstractApplicationContext.java:1026)
	at org.springframework.context.support.AbstractApplicationContext$1.run(AbstractApplicationContext.java:945)
Caused by: java.net.SocketException: Connection reset by peer: socket write error
	at java.net.SocketOutputStream.socketWrite0(Native Method)
	at java.net.SocketOutputStream.socketWrite(SocketOutputStream.java:111)
	at java.net.SocketOutputStream.write(SocketOutputStream.java:155)
	at oracle.net.ns.DataPacket.send(DataPacket.java:210)
	at oracle.net.ns.NetOutputStream.flush(NetOutputStream.java:230)
	at oracle.net.ns.NetInputStream.getNextPacket(NetInputStream.java:312)
	at oracle.net.ns.NetInputStream.read(NetInputStream.java:260)
	at oracle.net.ns.NetInputStream.read(NetInputStream.java:185)
	at oracle.net.ns.NetInputStream.read(NetInputStream.java:102)
	at oracle.jdbc.driver.T4CSocketInputStreamWrapper.readNextPacket(T4CSocketInputStreamWrapper.java:124)
	at oracle.jdbc.driver.T4CSocketInputStreamWrapper.read(T4CSocketInputStreamWrapper.java:80)
	at oracle.jdbc.driver.T4CMAREngine.unmarshalUB1(T4CMAREngine.java:1137)
	at oracle.jdbc.driver.T4CTTIfun.receive(T4CTTIfun.java:290)
	at oracle.jdbc.driver.T4CTTIfun.doRPC(T4CTTIfun.java:192)
	at oracle.jdbc.driver.T4C7Ocommoncall.doOLOGOFF(T4C7Ocommoncall.java:61)
	at oracle.jdbc.driver.T4CConnection.logoff(T4CConnection.java:543)
	... 16 common frames omitted
