2023-12-05 09:02:41.707  DEBUG [http-nio-8080-exec-1          ] - o.s.w.s.m.m.a.RequestMappingHandlerMapping   [420] : Mapped to public java.util.List<model.OtcDerivativeCounterparty> com.example.demo.test.controller.TestController.selectAll()
2023-12-05 09:02:41.731  DEBUG [http-nio-8080-exec-1          ] - org.mybatis.spring.SqlSessionUtils           [49] : Creating a new SqlSession
2023-12-05 09:02:41.739  DEBUG [http-nio-8080-exec-1          ] - org.mybatis.spring.SqlSessionUtils           [49] : SqlSession [org.apache.ibatis.session.defaults.DefaultSqlSession@37b9995a] was not registered for synchronization because synchronization is not active
2023-12-05 09:02:41.765  DEBUG [http-nio-8080-exec-1          ] - o.s.jdbc.datasource.DataSourceUtils          [114] : Fetching JDBC Connection from DataSource
2023-12-05 09:02:41.766  DEBUG [http-nio-8080-exec-1          ] - com.zaxxer.hikari.HikariConfig               [1020] : HikariPool-1 - configuration:
2023-12-05 09:02:41.768  DEBUG [http-nio-8080-exec-1          ] - com.zaxxer.hikari.HikariConfig               [1052] : allowPoolSuspension.............false
2023-12-05 09:02:41.768  DEBUG [http-nio-8080-exec-1          ] - com.zaxxer.hikari.HikariConfig               [1052] : autoCommit......................true
2023-12-05 09:02:41.769  DEBUG [http-nio-8080-exec-1          ] - com.zaxxer.hikari.HikariConfig               [1052] : catalog.........................none
2023-12-05 09:02:41.769  DEBUG [http-nio-8080-exec-1          ] - com.zaxxer.hikari.HikariConfig               [1052] : connectionInitSql...............none
2023-12-05 09:02:41.769  DEBUG [http-nio-8080-exec-1          ] - com.zaxxer.hikari.HikariConfig               [1052] : connectionTestQuery.............none
2023-12-05 09:02:41.769  DEBUG [http-nio-8080-exec-1          ] - com.zaxxer.hikari.HikariConfig               [1052] : connectionTimeout...............30000
2023-12-05 09:02:41.769  DEBUG [http-nio-8080-exec-1          ] - com.zaxxer.hikari.HikariConfig               [1052] : dataSource......................none
2023-12-05 09:02:41.769  DEBUG [http-nio-8080-exec-1          ] - com.zaxxer.hikari.HikariConfig               [1052] : dataSourceClassName.............none
2023-12-05 09:02:41.770  DEBUG [http-nio-8080-exec-1          ] - com.zaxxer.hikari.HikariConfig               [1052] : dataSourceJNDI..................none
2023-12-05 09:02:41.770  DEBUG [http-nio-8080-exec-1          ] - com.zaxxer.hikari.HikariConfig               [1052] : dataSourceProperties............{password=<masked>}
2023-12-05 09:02:41.771  DEBUG [http-nio-8080-exec-1          ] - com.zaxxer.hikari.HikariConfig               [1052] : driverClassName................."oracle.jdbc.OracleDriver"
2023-12-05 09:02:41.771  DEBUG [http-nio-8080-exec-1          ] - com.zaxxer.hikari.HikariConfig               [1052] : healthCheckProperties...........{}
2023-12-05 09:02:41.771  DEBUG [http-nio-8080-exec-1          ] - com.zaxxer.hikari.HikariConfig               [1052] : healthCheckRegistry.............none
2023-12-05 09:02:41.771  DEBUG [http-nio-8080-exec-1          ] - com.zaxxer.hikari.HikariConfig               [1052] : idleTimeout.....................30000
2023-12-05 09:02:41.771  DEBUG [http-nio-8080-exec-1          ] - com.zaxxer.hikari.HikariConfig               [1052] : initializationFailTimeout.......1
2023-12-05 09:02:41.772  DEBUG [http-nio-8080-exec-1          ] - com.zaxxer.hikari.HikariConfig               [1052] : isolateInternalQueries..........false
2023-12-05 09:02:41.772  DEBUG [http-nio-8080-exec-1          ] - com.zaxxer.hikari.HikariConfig               [1052] : jdbcUrl.........................jdbc:oracle:thin:@jgjtest.oracle.db.gf.com.cn:1521/jgjtest
2023-12-05 09:02:41.772  DEBUG [http-nio-8080-exec-1          ] - com.zaxxer.hikari.HikariConfig               [1052] : leakDetectionThreshold..........0
2023-12-05 09:02:41.773  DEBUG [http-nio-8080-exec-1          ] - com.zaxxer.hikari.HikariConfig               [1052] : maxLifetime.....................1800000
2023-12-05 09:02:41.773  DEBUG [http-nio-8080-exec-1          ] - com.zaxxer.hikari.HikariConfig               [1052] : maximumPoolSize.................10
2023-12-05 09:02:41.773  DEBUG [http-nio-8080-exec-1          ] - com.zaxxer.hikari.HikariConfig               [1052] : metricRegistry..................none
2023-12-05 09:02:41.773  DEBUG [http-nio-8080-exec-1          ] - com.zaxxer.hikari.HikariConfig               [1052] : metricsTrackerFactory...........none
2023-12-05 09:02:41.774  DEBUG [http-nio-8080-exec-1          ] - com.zaxxer.hikari.HikariConfig               [1052] : minimumIdle.....................2
2023-12-05 09:02:41.774  DEBUG [http-nio-8080-exec-1          ] - com.zaxxer.hikari.HikariConfig               [1052] : password........................<masked>
2023-12-05 09:02:41.774  DEBUG [http-nio-8080-exec-1          ] - com.zaxxer.hikari.HikariConfig               [1052] : poolName........................"HikariPool-1"
2023-12-05 09:02:41.774  DEBUG [http-nio-8080-exec-1          ] - com.zaxxer.hikari.HikariConfig               [1052] : readOnly........................false
2023-12-05 09:02:41.774  DEBUG [http-nio-8080-exec-1          ] - com.zaxxer.hikari.HikariConfig               [1052] : registerMbeans..................false
