2023-12-05 08:22:16.430  DEBUG [main                          ] - o.s.b.f.support.DefaultListableBeanFactory   [213] : Creating shared instance of singleton bean 'taskExecutorBuilder'
2023-12-05 08:22:16.449  DEBUG [main                          ] - o.s.b.f.support.DefaultListableBeanFactory   [213] : Creating shared instance of singleton bean 'org.springframework.boot.autoconfigure.validation.ValidationAutoConfiguration'
2023-12-05 08:22:16.452  DEBUG [main                          ] - o.s.b.f.support.DefaultListableBeanFactory   [213] : Creating shared instance of singleton bean 'defaultValidator'
2023-12-05 08:22:16.463  DEBUG [main                          ] - o.h.v.i.engine.resolver.TraversableResolvers [60] : Cannot find javax.persistence.Persistence on classpath. Assuming non JPA 2 environment. All properties will per default be traversable.
2023-12-05 08:22:16.464  DEBUG [main                          ] - o.h.v.m.ResourceBundleMessageInterpolator    [89] : Loaded expression factory via original TCCL
2023-12-05 08:22:16.469  DEBUG [main                          ] - o.h.v.i.engine.resolver.TraversableResolvers [60] : Cannot find javax.persistence.Persistence on classpath. Assuming non JPA 2 environment. All properties will per default be traversable.
2023-12-05 08:22:16.471  DEBUG [main                          ] - o.h.v.internal.engine.ConfigurationImpl      [148] : Setting custom MessageInterpolator of type org.springframework.validation.beanvalidation.LocaleContextMessageInterpolator
2023-12-05 08:22:16.473  DEBUG [main                          ] - o.h.v.internal.engine.ConfigurationImpl      [180] : Setting custom ConstraintValidatorFactory of type org.springframework.validation.beanvalidation.SpringConstraintValidatorFactory
2023-12-05 08:22:16.474  DEBUG [main                          ] - o.h.v.internal.engine.ConfigurationImpl      [194] : Setting custom ParameterNameProvider of type org.springframework.validation.beanvalidation.LocalValidatorFactoryBean$1
2023-12-05 08:22:16.477  DEBUG [main                          ] - o.h.v.i.xml.config.ValidationXmlParser       [120] : Trying to load META-INF/validation.xml for XML based Validator configuration.
2023-12-05 08:22:16.477  DEBUG [main                          ] - o.h.v.i.xml.config.ResourceLoaderHelper      [53] : Trying to load META-INF/validation.xml via user class loader
2023-12-05 08:22:16.478  DEBUG [main                          ] - o.h.v.i.xml.config.ResourceLoaderHelper      [60] : Trying to load META-INF/validation.xml via TCCL
2023-12-05 08:22:16.479  DEBUG [main                          ] - o.h.v.i.xml.config.ResourceLoaderHelper      [66] : Trying to load META-INF/validation.xml via Hibernate Validator's class loader
2023-12-05 08:22:16.479  DEBUG [main                          ] - o.h.v.i.xml.config.ValidationXmlParser       [127] : No META-INF/validation.xml found. Using annotation based configuration only.
2023-12-05 08:22:16.489  DEBUG [main                          ] - o.h.v.internal.engine.ValidatorFactoryImpl   [578] : HV000234: Using org.springframework.validation.beanvalidation.LocaleContextMessageInterpolator as ValidatorFactory-scoped message interpolator.
2023-12-05 08:22:16.490  DEBUG [main                          ] - o.h.v.internal.engine.ValidatorFactoryImpl   [579] : HV000234: Using org.hibernate.validator.internal.engine.resolver.TraverseAllTraversableResolver as ValidatorFactory-scoped traversable resolver.
2023-12-05 08:22:16.490  DEBUG [main                          ] - o.h.v.internal.engine.ValidatorFactoryImpl   [580] : HV000234: Using org.hibernate.validator.internal.util.ExecutableParameterNameProvider as ValidatorFactory-scoped parameter name provider.
2023-12-05 08:22:16.490  DEBUG [main                          ] - o.h.v.internal.engine.ValidatorFactoryImpl   [581] : HV000234: Using org.hibernate.validator.internal.engine.DefaultClockProvider as ValidatorFactory-scoped clock provider.
2023-12-05 08:22:16.491  DEBUG [main                          ] - o.h.v.internal.engine.ValidatorFactoryImpl   [582] : HV000234: Using org.hibernate.validator.internal.engine.scripting.DefaultScriptEvaluatorFactory as ValidatorFactory-scoped script evaluator factory.
2023-12-05 08:22:16.493  DEBUG [main                          ] - o.s.b.f.support.DefaultListableBeanFactory   [213] : Creating shared instance of singleton bean 'org.springframework.boot.autoconfigure.web.servlet.error.ErrorMvcAutoConfiguration$WhitelabelErrorViewConfiguration'
2023-12-05 08:22:16.497  DEBUG [main                          ] - o.s.b.f.support.DefaultListableBeanFactory   [213] : Creating shared instance of singleton bean 'error'
2023-12-05 08:22:16.504  DEBUG [main                          ] - o.s.b.f.support.DefaultListableBeanFactory   [213] : Creating shared instance of singleton bean 'beanNameViewResolver'
2023-12-05 08:22:16.512  DEBUG [main                          ] - o.s.b.f.support.DefaultListableBeanFactory   [213] : Creating shared instance of singleton bean 'errorAttributes'
2023-12-05 08:22:16.516  DEBUG [main                          ] - o.s.b.f.support.DefaultListableBeanFactory   [213] : Creating shared instance of singleton bean 'basicErrorController'
2023-12-05 08:22:16.517  DEBUG [main                          ] - o.s.b.f.support.DefaultListableBeanFactory   [777] : Autowiring by type from bean name 'basicErrorController' via factory method to bean named 'errorAttributes'
2023-12-05 08:22:16.523  DEBUG [main                          ] - o.s.b.f.support.DefaultListableBeanFactory   [213] : Creating shared instance of singleton bean 'org.springframework.boot.autoconfigure.web.servlet.WebMvcAutoConfiguration$WebMvcAutoConfigurationAdapter$FaviconConfiguration'
2023-12-05 08:22:16.524  DEBUG [main                          ] - s.c.LocalVariableTableParameterNameDiscoverer[108] : Cannot find '.class' file for class [class org.springframework.boot.autoconfigure.web.servlet.WebMvcAutoConfiguration$WebMvcAutoConfigurationAdapter$FaviconConfiguration$$EnhancerBySpringCGLIB$$4fff427b] - unable to determine constructor/method parameter names
2023-12-05 08:22:16.526  DEBUG [main                          ] - o.s.b.f.support.DefaultListableBeanFactory   [777] : Autowiring by type from bean name 'org.springframework.boot.autoconfigure.web.servlet.WebMvcAutoConfiguration$WebMvcAutoConfigurationAdapter$FaviconConfiguration' via constructor to bean named 'spring.resources-org.springframework.boot.autoconfigure.web.ResourceProperties'
2023-12-05 08:22:16.527  DEBUG [main                          ] - o.s.b.f.support.DefaultListableBeanFactory   [213] : Creating shared instance of singleton bean 'faviconHandlerMapping'
2023-12-05 08:22:16.540  DEBUG [main                          ] - o.s.b.f.support.DefaultListableBeanFactory   [213] : Creating shared instance of singleton bean 'faviconRequestHandler'
2023-12-05 08:22:16.572  DEBUG [main                          ] - o.s.w.s.handler.SimpleUrlHandlerMapping      [139] : Patterns [/**/favicon.ico] in 'faviconHandlerMapping'
2023-12-05 08:22:16.574  DEBUG [main                          ] - o.s.b.f.support.DefaultListableBeanFactory   [213] : Creating shared instance of singleton bean 'org.springframework.boot.autoconfigure.web.servlet.WebMvcAutoConfiguration$EnableWebMvcConfiguration'
