2023-12-05 10:56:02.040  DEBUG [main                          ] - o.s.b.f.support.DefaultListableBeanFactory   [213] : Creating shared instance of singleton bean 'com.github.yulichang.config.InterceptorConfig'
2023-12-05 10:56:02.050  DEBUG [main                          ] - o.s.b.f.support.DefaultListableBeanFactory   [213] : Creating shared instance of singleton bean 'org.springframework.boot.autoconfigure.jmx.JmxAutoConfiguration'
2023-12-05 10:56:02.054  DEBUG [main                          ] - o.s.b.f.support.DefaultListableBeanFactory   [213] : Creating shared instance of singleton bean 'mbeanExporter'
2023-12-05 10:56:02.055  DEBUG [main                          ] - o.s.b.f.support.DefaultListableBeanFactory   [213] : Creating shared instance of singleton bean 'objectNamingStrategy'
2023-12-05 10:56:02.059  DEBUG [main                          ] - o.s.b.f.support.DefaultListableBeanFactory   [777] : Autowiring by type from bean name 'mbeanExporter' via factory method to bean named 'objectNamingStrategy'
2023-12-05 10:56:02.075  DEBUG [main                          ] - o.s.b.f.support.DefaultListableBeanFactory   [213] : Creating shared instance of singleton bean 'mbeanServer'
2023-12-05 10:56:02.081  DEBUG [main                          ] - org.springframework.jmx.support.JmxUtils     [126] : Found MBeanServer: com.sun.jmx.mbeanserver.JmxMBeanServer@5a6dc60d
2023-12-05 10:56:02.086  DEBUG [main                          ] - o.s.b.f.support.DefaultListableBeanFactory   [213] : Creating shared instance of singleton bean 'org.springframework.boot.autoconfigure.context.ConfigurationPropertiesAutoConfiguration'
2023-12-05 10:56:02.088  DEBUG [main                          ] - o.s.b.f.support.DefaultListableBeanFactory   [213] : Creating shared instance of singleton bean 'org.springframework.boot.autoconfigure.dao.PersistenceExceptionTranslationAutoConfiguration'
2023-12-05 10:56:02.089  DEBUG [main                          ] - o.s.b.f.support.DefaultListableBeanFactory   [213] : Creating shared instance of singleton bean 'org.springframework.boot.autoconfigure.http.JacksonHttpMessageConvertersConfiguration'
2023-12-05 10:56:02.092  DEBUG [main                          ] - o.s.b.f.support.DefaultListableBeanFactory   [213] : Creating shared instance of singleton bean 'org.springframework.boot.autoconfigure.http.codec.CodecsAutoConfiguration$LoggingCodecConfiguration'
2023-12-05 10:56:02.093  DEBUG [main                          ] - o.s.b.f.support.DefaultListableBeanFactory   [213] : Creating shared instance of singleton bean 'loggingCodecCustomizer'
2023-12-05 10:56:02.093  DEBUG [main                          ] - o.s.b.f.support.DefaultListableBeanFactory   [777] : Autowiring by type from bean name 'loggingCodecCustomizer' via factory method to bean named 'spring.http-org.springframework.boot.autoconfigure.http.HttpProperties'
2023-12-05 10:56:02.100  DEBUG [main                          ] - o.s.b.f.support.DefaultListableBeanFactory   [213] : Creating shared instance of singleton bean 'org.springframework.boot.autoconfigure.http.codec.CodecsAutoConfiguration$JacksonCodecConfiguration'
2023-12-05 10:56:02.100  DEBUG [main                          ] - o.s.b.f.support.DefaultListableBeanFactory   [213] : Creating shared instance of singleton bean 'jacksonCodecCustomizer'
2023-12-05 10:56:02.101  DEBUG [main                          ] - o.s.b.f.support.DefaultListableBeanFactory   [777] : Autowiring by type from bean name 'jacksonCodecCustomizer' via factory method to bean named 'jacksonObjectMapper'
2023-12-05 10:56:02.106  DEBUG [main                          ] - o.s.b.f.support.DefaultListableBeanFactory   [213] : Creating shared instance of singleton bean 'org.springframework.boot.autoconfigure.http.codec.CodecsAutoConfiguration'
2023-12-05 10:56:02.107  DEBUG [main                          ] - o.s.b.f.support.DefaultListableBeanFactory   [213] : Creating shared instance of singleton bean 'org.springframework.boot.autoconfigure.info.ProjectInfoAutoConfiguration'
2023-12-05 10:56:02.108  DEBUG [main                          ] - s.c.LocalVariableTableParameterNameDiscoverer[108] : Cannot find '.class' file for class [class org.springframework.boot.autoconfigure.info.ProjectInfoAutoConfiguration$$EnhancerBySpringCGLIB$$aaa2ae20] - unable to determine constructor/method parameter names
2023-12-05 10:56:02.109  DEBUG [main                          ] - o.s.b.f.support.DefaultListableBeanFactory   [213] : Creating shared instance of singleton bean 'spring.info-org.springframework.boot.autoconfigure.info.ProjectInfoProperties'
2023-12-05 10:56:02.110  DEBUG [main                          ] - o.s.b.f.support.DefaultListableBeanFactory   [777] : Autowiring by type from bean name 'org.springframework.boot.autoconfigure.info.ProjectInfoAutoConfiguration' via constructor to bean named 'spring.info-org.springframework.boot.autoconfigure.info.ProjectInfoProperties'
2023-12-05 10:56:02.111  DEBUG [main                          ] - o.s.b.f.support.DefaultListableBeanFactory   [213] : Creating shared instance of singleton bean 'org.springframework.boot.autoconfigure.jdbc.JdbcTemplateAutoConfiguration$JdbcTemplateConfiguration'
2023-12-05 10:56:02.112  DEBUG [main                          ] - s.c.LocalVariableTableParameterNameDiscoverer[108] : Cannot find '.class' file for class [class org.springframework.boot.autoconfigure.jdbc.JdbcTemplateAutoConfiguration$JdbcTemplateConfiguration$$EnhancerBySpringCGLIB$$8733cf74] - unable to determine constructor/method parameter names
2023-12-05 10:56:02.113  DEBUG [main                          ] - o.s.b.f.support.DefaultListableBeanFactory   [213] : Creating shared instance of singleton bean 'spring.jdbc-org.springframework.boot.autoconfigure.jdbc.JdbcProperties'
2023-12-05 10:56:02.115  DEBUG [main                          ] - o.s.b.f.support.DefaultListableBeanFactory   [777] : Autowiring by type from bean name 'org.springframework.boot.autoconfigure.jdbc.JdbcTemplateAutoConfiguration$JdbcTemplateConfiguration' via constructor to bean named 'dataSource'
2023-12-05 10:56:02.116  DEBUG [main                          ] - o.s.b.f.support.DefaultListableBeanFactory   [777] : Autowiring by type from bean name 'org.springframework.boot.autoconfigure.jdbc.JdbcTemplateAutoConfiguration$JdbcTemplateConfiguration' via constructor to bean named 'spring.jdbc-org.springframework.boot.autoconfigure.jdbc.JdbcProperties'
2023-12-05 10:56:02.116  DEBUG [main                          ] - o.s.b.f.support.DefaultListableBeanFactory   [213] : Creating shared instance of singleton bean 'jdbcTemplate'
2023-12-05 10:56:02.130  DEBUG [main                          ] - o.s.b.f.support.DefaultListableBeanFactory   [213] : Creating shared instance of singleton bean 'org.springframework.boot.autoconfigure.jdbc.JdbcTemplateAutoConfiguration$NamedParameterJdbcTemplateConfiguration'
2023-12-05 10:56:02.132  DEBUG [main                          ] - o.s.b.f.support.DefaultListableBeanFactory   [213] : Creating shared instance of singleton bean 'namedParameterJdbcTemplate'
2023-12-05 10:56:02.133  DEBUG [main                          ] - o.s.b.f.support.DefaultListableBeanFactory   [777] : Autowiring by type from bean name 'namedParameterJdbcTemplate' via factory method to bean named 'jdbcTemplate'
2023-12-05 10:56:02.141  DEBUG [main                          ] - o.s.b.f.support.DefaultListableBeanFactory   [213] : Creating shared instance of singleton bean 'org.springframework.boot.autoconfigure.jdbc.JdbcTemplateAutoConfiguration'
2023-12-05 10:56:02.141  DEBUG [main                          ] - o.s.b.f.support.DefaultListableBeanFactory   [213] : Creating shared instance of singleton bean 'org.springframework.boot.autoconfigure.task.TaskSchedulingAutoConfiguration'
