2023-12-05 10:38:22.089  DEBUG [main                          ] - o.m.spring.mapper.ClassPathMapperScanner     [437] : Identified candidate component class: file [D:\demo\target\classes\sql\CrtExpiredRecordMapper.class]
2023-12-05 10:38:22.096  DEBUG [main                          ] - o.m.spring.mapper.ClassPathMapperScanner     [437] : Identified candidate component class: file [D:\demo\target\classes\sql\CrtExpiredRecordUnionMapper.class]
2023-12-05 10:38:22.098  DEBUG [main                          ] - o.m.spring.mapper.ClassPathMapperScanner     [437] : Identified candidate component class: file [D:\demo\target\classes\sql\CtptyInfoUpdateRecordMapper.class]
2023-12-05 10:38:22.102  DEBUG [main                          ] - o.m.spring.mapper.ClassPathMapperScanner     [437] : Identified candidate component class: file [D:\demo\target\classes\sql\OtcDerivativeCounterpartyMapper.class]
2023-12-05 10:38:22.103  DEBUG [main                          ] - o.m.spring.mapper.ClassPathMapperScanner     [437] : Identified candidate component class: file [D:\demo\target\classes\sql\ProcessExpiredRemindMapper.class]
2023-12-05 10:38:22.105  DEBUG [main                          ] - o.m.spring.mapper.ClassPathMapperScanner     [49] : Creating MapperFactoryBean with name 'amlBeneficiaryMapper' and 'sql.AmlBeneficiaryMapper' mapperInterface
2023-12-05 10:38:22.106  DEBUG [main                          ] - o.m.spring.mapper.ClassPathMapperScanner     [49] : Enabling autowire by type for MapperFactoryBean with name 'amlBeneficiaryMapper'.
2023-12-05 10:38:22.107  DEBUG [main                          ] - o.m.spring.mapper.ClassPathMapperScanner     [49] : Creating MapperFactoryBean with name 'amlCounterpartyMapper' and 'sql.AmlCounterpartyMapper' mapperInterface
2023-12-05 10:38:22.108  DEBUG [main                          ] - o.m.spring.mapper.ClassPathMapperScanner     [49] : Enabling autowire by type for MapperFactoryBean with name 'amlCounterpartyMapper'.
2023-12-05 10:38:22.108  DEBUG [main                          ] - o.m.spring.mapper.ClassPathMapperScanner     [49] : Creating MapperFactoryBean with name 'aorgMapper' and 'sql.AorgMapper' mapperInterface
2023-12-05 10:38:22.109  DEBUG [main                          ] - o.m.spring.mapper.ClassPathMapperScanner     [49] : Enabling autowire by type for MapperFactoryBean with name 'aorgMapper'.
2023-12-05 10:38:22.110  DEBUG [main                          ] - o.m.spring.mapper.ClassPathMapperScanner     [49] : Creating MapperFactoryBean with name 'auserMapper' and 'sql.AuserMapper' mapperInterface
2023-12-05 10:38:22.111  DEBUG [main                          ] - o.m.spring.mapper.ClassPathMapperScanner     [49] : Enabling autowire by type for MapperFactoryBean with name 'auserMapper'.
2023-12-05 10:38:22.112  DEBUG [main                          ] - o.m.spring.mapper.ClassPathMapperScanner     [49] : Creating MapperFactoryBean with name 'beneficiaryOrgMapper' and 'sql.BeneficiaryOrgMapper' mapperInterface
2023-12-05 10:38:22.113  DEBUG [main                          ] - o.m.spring.mapper.ClassPathMapperScanner     [49] : Enabling autowire by type for MapperFactoryBean with name 'beneficiaryOrgMapper'.
2023-12-05 10:38:22.114  DEBUG [main                          ] - o.m.spring.mapper.ClassPathMapperScanner     [49] : Creating MapperFactoryBean with name 'clientReviewBufferMapper' and 'sql.ClientReviewBufferMapper' mapperInterface
2023-12-05 10:38:22.115  DEBUG [main                          ] - o.m.spring.mapper.ClassPathMapperScanner     [49] : Enabling autowire by type for MapperFactoryBean with name 'clientReviewBufferMapper'.
2023-12-05 10:38:22.117  DEBUG [main                          ] - o.m.spring.mapper.ClassPathMapperScanner     [49] : Creating MapperFactoryBean with name 'clientReviewCounterpartyMapper' and 'sql.ClientReviewCounterpartyMapper' mapperInterface
2023-12-05 10:38:22.119  DEBUG [main                          ] - o.m.spring.mapper.ClassPathMapperScanner     [49] : Enabling autowire by type for MapperFactoryBean with name 'clientReviewCounterpartyMapper'.
2023-12-05 10:38:22.120  DEBUG [main                          ] - o.m.spring.mapper.ClassPathMapperScanner     [49] : Creating MapperFactoryBean with name 'clientReviewDetailMapper' and 'sql.ClientReviewDetailMapper' mapperInterface
2023-12-05 10:38:22.121  DEBUG [main                          ] - o.m.spring.mapper.ClassPathMapperScanner     [49] : Enabling autowire by type for MapperFactoryBean with name 'clientReviewDetailMapper'.
2023-12-05 10:38:22.121  DEBUG [main                          ] - o.m.spring.mapper.ClassPathMapperScanner     [49] : Creating MapperFactoryBean with name 'clientReviewFileRecordMapper' and 'sql.ClientReviewFileRecordMapper' mapperInterface
2023-12-05 10:38:22.122  DEBUG [main                          ] - o.m.spring.mapper.ClassPathMapperScanner     [49] : Enabling autowire by type for MapperFactoryBean with name 'clientReviewFileRecordMapper'.
2023-12-05 10:38:22.123  DEBUG [main                          ] - o.m.spring.mapper.ClassPathMapperScanner     [49] : Creating MapperFactoryBean with name 'clientReviewRecordMapper' and 'sql.ClientReviewRecordMapper' mapperInterface
2023-12-05 10:38:22.123  DEBUG [main                          ] - o.m.spring.mapper.ClassPathMapperScanner     [49] : Enabling autowire by type for MapperFactoryBean with name 'clientReviewRecordMapper'.
2023-12-05 10:38:22.124  DEBUG [main                          ] - o.m.spring.mapper.ClassPathMapperScanner     [49] : Creating MapperFactoryBean with name 'counterpartyBenefitOverListMapper' and 'sql.CounterpartyBenefitOverListMapper' mapperInterface
2023-12-05 10:38:22.124  DEBUG [main                          ] - o.m.spring.mapper.ClassPathMapperScanner     [49] : Enabling autowire by type for MapperFactoryBean with name 'counterpartyBenefitOverListMapper'.
2023-12-05 10:38:22.125  DEBUG [main                          ] - o.m.spring.mapper.ClassPathMapperScanner     [49] : Creating MapperFactoryBean with name 'counterpartyOrgMapper' and 'sql.CounterpartyOrgMapper' mapperInterface
2023-12-05 10:38:22.125  DEBUG [main                          ] - o.m.spring.mapper.ClassPathMapperScanner     [49] : Enabling autowire by type for MapperFactoryBean with name 'counterpartyOrgMapper'.
2023-12-05 10:38:22.126  DEBUG [main                          ] - o.m.spring.mapper.ClassPathMapperScanner     [49] : Creating MapperFactoryBean with name 'counterpartyProdMonitorFlowMapper' and 'sql.CounterpartyProdMonitorFlowMapper' mapperInterface
2023-12-05 10:38:22.126  DEBUG [main                          ] - o.m.spring.mapper.ClassPathMapperScanner     [49] : Enabling autowire by type for MapperFactoryBean with name 'counterpartyProdMonitorFlowMapper'.
2023-12-05 10:38:22.126  DEBUG [main                          ] - o.m.spring.mapper.ClassPathMapperScanner     [49] : Creating MapperFactoryBean with name 'crtExpiredPersonRecordMapper' and 'sql.CrtExpiredPersonRecordMapper' mapperInterface
