2023-12-05 08:22:16.770  DEBUG [main                          ] - o.s.b.f.support.DefaultListableBeanFactory   [213] : Creating shared instance of singleton bean 'jsonComponentModule'
2023-12-05 08:22:16.776  DEBUG [main                          ] - o.s.b.f.support.DefaultListableBeanFactory   [213] : Creating shared instance of singleton bean 'org.springframework.boot.autoconfigure.jackson.JacksonAutoConfiguration'
2023-12-05 08:22:16.824  DEBUG [main                          ] - o.s.b.f.support.DefaultListableBeanFactory   [777] : Autowiring by type from bean name 'jacksonObjectMapper' via factory method to bean named 'jacksonObjectMapperBuilder'
2023-12-05 08:22:16.865  DEBUG [main                          ] - o.s.b.f.support.DefaultListableBeanFactory   [777] : Autowiring by type from bean name 'mappingJackson2HttpMessageConverter' via factory method to bean named 'jacksonObjectMapper'
2023-12-05 08:22:16.894  DEBUG [main                          ] - o.s.b.f.support.DefaultListableBeanFactory   [213] : Creating shared instance of singleton bean 'mvcConversionService'
2023-12-05 08:22:16.907  DEBUG [main                          ] - o.s.b.f.support.DefaultListableBeanFactory   [213] : Creating shared instance of singleton bean 'mvcValidator'
2023-12-05 08:22:16.922  DEBUG [main                          ] - o.s.b.f.support.DefaultListableBeanFactory   [213] : Creating shared instance of singleton bean 'applicationTaskExecutor'
2023-12-05 08:22:16.924  DEBUG [main                          ] - o.s.b.f.support.DefaultListableBeanFactory   [777] : Autowiring by type from bean name 'applicationTaskExecutor' via factory method to bean named 'taskExecutorBuilder'
2023-12-05 08:22:16.938  INFO  [main                          ] - o.s.s.concurrent.ThreadPoolTaskExecutor      [171] : Initializing ExecutorService 'applicationTaskExecutor'
2023-12-05 08:22:16.963  DEBUG [main                          ] - o.s.w.s.m.m.a.RequestMappingHandlerAdapter   [619] : ControllerAdvice beans: 0 @ModelAttribute, 0 @InitBinder, 1 RequestBodyAdvice, 1 ResponseBodyAdvice
2023-12-05 08:22:17.108  DEBUG [main                          ] - o.s.b.f.support.DefaultListableBeanFactory   [213] : Creating shared instance of singleton bean 'requestMappingHandlerMapping'
2023-12-05 08:22:17.121  DEBUG [main                          ] - o.s.b.f.support.DefaultListableBeanFactory   [213] : Creating shared instance of singleton bean 'mvcResourceUrlProvider'
2023-12-05 08:22:17.172  DEBUG [main                          ] - o.s.w.s.m.m.a.RequestMappingHandlerMapping   [350] : 4 mappings in 'requestMappingHandlerMapping'
2023-12-05 08:22:17.174  DEBUG [main                          ] - o.s.b.f.support.DefaultListableBeanFactory   [213] : Creating shared instance of singleton bean 'mvcPathMatcher'
2023-12-05 08:22:17.176  DEBUG [main                          ] - o.s.b.f.support.DefaultListableBeanFactory   [213] : Creating shared instance of singleton bean 'mvcUrlPathHelper'
2023-12-05 08:22:17.178  DEBUG [main                          ] - o.s.b.f.support.DefaultListableBeanFactory   [213] : Creating shared instance of singleton bean 'viewControllerHandlerMapping'
2023-12-05 08:22:17.180  DEBUG [main                          ] - o.s.b.f.support.DefaultListableBeanFactory   [213] : Creating shared instance of singleton bean 'beanNameHandlerMapping'
2023-12-05 08:22:17.186  DEBUG [main                          ] - o.s.b.f.support.DefaultListableBeanFactory   [213] : Creating shared instance of singleton bean 'resourceHandlerMapping'
2023-12-05 08:22:17.195  DEBUG [main                          ] - o.s.w.s.handler.SimpleUrlHandlerMapping      [139] : Patterns [/webjars/**, /**] in 'resourceHandlerMapping'
2023-12-05 08:22:17.196  DEBUG [main                          ] - o.s.b.f.support.DefaultListableBeanFactory   [213] : Creating shared instance of singleton bean 'defaultServletHandlerMapping'
2023-12-05 08:22:17.197  DEBUG [main                          ] - o.s.b.f.support.DefaultListableBeanFactory   [213] : Creating shared instance of singleton bean 'mvcUriComponentsContributor'
2023-12-05 08:22:17.203  DEBUG [main                          ] - o.s.b.f.support.DefaultListableBeanFactory   [213] : Creating shared instance of singleton bean 'httpRequestHandlerAdapter'
2023-12-05 08:22:17.204  DEBUG [main                          ] - o.s.b.f.support.DefaultListableBeanFactory   [213] : Creating shared instance of singleton bean 'simpleControllerHandlerAdapter'
2023-12-05 08:22:17.206  DEBUG [main                          ] - o.s.b.f.support.DefaultListableBeanFactory   [213] : Creating shared instance of singleton bean 'handlerExceptionResolver'
2023-12-05 08:22:17.213  DEBUG [main                          ] - s.w.s.m.m.a.ExceptionHandlerExceptionResolver[302] : ControllerAdvice beans: 0 @ExceptionHandler, 1 ResponseBodyAdvice
2023-12-05 08:22:17.218  DEBUG [main                          ] - o.s.b.f.support.DefaultListableBeanFactory   [213] : Creating shared instance of singleton bean 'mvcViewResolver'
2023-12-05 08:22:17.223  DEBUG [main                          ] - o.s.b.f.support.DefaultListableBeanFactory   [213] : Creating shared instance of singleton bean 'defaultViewResolver'
2023-12-05 08:22:17.237  DEBUG [main                          ] - o.s.b.f.support.DefaultListableBeanFactory   [213] : Creating shared instance of singleton bean 'viewResolver'
2023-12-05 08:22:17.238  DEBUG [main                          ] - o.s.b.f.support.DefaultListableBeanFactory   [777] : Autowiring by type from bean name 'viewResolver' via factory method to bean named 'org.springframework.beans.factory.support.DefaultListableBeanFactory@40dff0b7'
2023-12-05 08:22:17.242  DEBUG [main                          ] - o.s.b.f.support.DefaultListableBeanFactory   [213] : Creating shared instance of singleton bean 'welcomePageHandlerMapping'
2023-12-05 08:22:17.243  DEBUG [main                          ] - o.s.b.f.support.DefaultListableBeanFactory   [777] : Autowiring by type from bean name 'welcomePageHandlerMapping' via factory method to bean named 'org.springframework.boot.web.servlet.context.AnnotationConfigServletWebServerApplicationContext@4ebff610'
2023-12-05 08:22:17.254  DEBUG [main                          ] - o.s.b.f.support.DefaultListableBeanFactory   [213] : Creating shared instance of singleton bean 'com.baomidou.mybatisplus.autoconfigure.IdentifierGeneratorAutoConfiguration'
