2023-12-05 10:52:28.081  DEBUG [main                          ] - o.h.v.internal.engine.ConfigurationImpl      [148] : Setting custom MessageInterpolator of type org.springframework.validation.beanvalidation.LocaleContextMessageInterpolator
2023-12-05 10:52:28.085  DEBUG [main                          ] - o.h.v.internal.engine.ConfigurationImpl      [180] : Setting custom ConstraintValidatorFactory of type org.springframework.validation.beanvalidation.SpringConstraintValidatorFactory
2023-12-05 10:52:28.086  DEBUG [main                          ] - o.h.v.internal.engine.ConfigurationImpl      [194] : Setting custom ParameterNameProvider of type org.springframework.validation.beanvalidation.LocalValidatorFactoryBean$1
2023-12-05 10:52:28.088  DEBUG [main                          ] - o.h.v.i.xml.config.ValidationXmlParser       [120] : Trying to load META-INF/validation.xml for XML based Validator configuration.
2023-12-05 10:52:28.088  DEBUG [main                          ] - o.h.v.i.xml.config.ResourceLoaderHelper      [53] : Trying to load META-INF/validation.xml via user class loader
2023-12-05 10:52:28.089  DEBUG [main                          ] - o.h.v.i.xml.config.ResourceLoaderHelper      [60] : Trying to load META-INF/validation.xml via TCCL
2023-12-05 10:52:28.089  DEBUG [main                          ] - o.h.v.i.xml.config.ResourceLoaderHelper      [66] : Trying to load META-INF/validation.xml via Hibernate Validator's class loader
2023-12-05 10:52:28.089  DEBUG [main                          ] - o.h.v.i.xml.config.ValidationXmlParser       [127] : No META-INF/validation.xml found. Using annotation based configuration only.
2023-12-05 10:52:28.096  DEBUG [main                          ] - o.h.v.internal.engine.ValidatorFactoryImpl   [578] : HV000234: Using org.springframework.validation.beanvalidation.LocaleContextMessageInterpolator as ValidatorFactory-scoped message interpolator.
2023-12-05 10:52:28.097  DEBUG [main                          ] - o.h.v.internal.engine.ValidatorFactoryImpl   [579] : HV000234: Using org.hibernate.validator.internal.engine.resolver.TraverseAllTraversableResolver as ValidatorFactory-scoped traversable resolver.
2023-12-05 10:52:28.097  DEBUG [main                          ] - o.h.v.internal.engine.ValidatorFactoryImpl   [580] : HV000234: Using org.hibernate.validator.internal.util.ExecutableParameterNameProvider as ValidatorFactory-scoped parameter name provider.
2023-12-05 10:52:28.097  DEBUG [main                          ] - o.h.v.internal.engine.ValidatorFactoryImpl   [581] : HV000234: Using org.hibernate.validator.internal.engine.DefaultClockProvider as ValidatorFactory-scoped clock provider.
2023-12-05 10:52:28.098  DEBUG [main                          ] - o.h.v.internal.engine.ValidatorFactoryImpl   [582] : HV000234: Using org.hibernate.validator.internal.engine.scripting.DefaultScriptEvaluatorFactory as ValidatorFactory-scoped script evaluator factory.
2023-12-05 10:52:28.099  DEBUG [main                          ] - o.s.b.f.support.DefaultListableBeanFactory   [213] : Creating shared instance of singleton bean 'org.springframework.boot.autoconfigure.web.servlet.error.ErrorMvcAutoConfiguration$WhitelabelErrorViewConfiguration'
2023-12-05 10:52:28.100  DEBUG [main                          ] - o.s.b.f.support.DefaultListableBeanFactory   [213] : Creating shared instance of singleton bean 'error'
2023-12-05 10:52:28.104  DEBUG [main                          ] - o.s.b.f.support.DefaultListableBeanFactory   [213] : Creating shared instance of singleton bean 'beanNameViewResolver'
2023-12-05 10:52:28.110  DEBUG [main                          ] - o.s.b.f.support.DefaultListableBeanFactory   [213] : Creating shared instance of singleton bean 'errorAttributes'
2023-12-05 10:52:28.112  DEBUG [main                          ] - o.s.b.f.support.DefaultListableBeanFactory   [213] : Creating shared instance of singleton bean 'basicErrorController'
2023-12-05 10:52:28.113  DEBUG [main                          ] - o.s.b.f.support.DefaultListableBeanFactory   [777] : Autowiring by type from bean name 'basicErrorController' via factory method to bean named 'errorAttributes'
2023-12-05 10:52:28.116  DEBUG [main                          ] - o.s.b.f.support.DefaultListableBeanFactory   [213] : Creating shared instance of singleton bean 'org.springframework.boot.autoconfigure.web.servlet.WebMvcAutoConfiguration$WebMvcAutoConfigurationAdapter$FaviconConfiguration'
2023-12-05 10:52:28.118  DEBUG [main                          ] - s.c.LocalVariableTableParameterNameDiscoverer[108] : Cannot find '.class' file for class [class org.springframework.boot.autoconfigure.web.servlet.WebMvcAutoConfiguration$WebMvcAutoConfigurationAdapter$FaviconConfiguration$$EnhancerBySpringCGLIB$$32227195] - unable to determine constructor/method parameter names
2023-12-05 10:52:28.119  DEBUG [main                          ] - o.s.b.f.support.DefaultListableBeanFactory   [777] : Autowiring by type from bean name 'org.springframework.boot.autoconfigure.web.servlet.WebMvcAutoConfiguration$WebMvcAutoConfigurationAdapter$FaviconConfiguration' via constructor to bean named 'spring.resources-org.springframework.boot.autoconfigure.web.ResourceProperties'
2023-12-05 10:52:28.120  DEBUG [main                          ] - o.s.b.f.support.DefaultListableBeanFactory   [213] : Creating shared instance of singleton bean 'faviconHandlerMapping'
2023-12-05 10:52:28.131  DEBUG [main                          ] - o.s.b.f.support.DefaultListableBeanFactory   [213] : Creating shared instance of singleton bean 'faviconRequestHandler'
2023-12-05 10:52:28.156  DEBUG [main                          ] - o.s.w.s.handler.SimpleUrlHandlerMapping      [139] : Patterns [/**/favicon.ico] in 'faviconHandlerMapping'
2023-12-05 10:52:28.158  DEBUG [main                          ] - o.s.b.f.support.DefaultListableBeanFactory   [213] : Creating shared instance of singleton bean 'org.springframework.boot.autoconfigure.web.servlet.WebMvcAutoConfiguration$EnableWebMvcConfiguration'
2023-12-05 10:52:28.159  DEBUG [main                          ] - s.c.LocalVariableTableParameterNameDiscoverer[108] : Cannot find '.class' file for class [class org.springframework.boot.autoconfigure.web.servlet.WebMvcAutoConfiguration$EnableWebMvcConfiguration$$EnhancerBySpringCGLIB$$d3e19e6a] - unable to determine constructor/method parameter names
2023-12-05 10:52:28.163  DEBUG [main                          ] - o.s.b.f.support.DefaultListableBeanFactory   [777] : Autowiring by type from bean name 'org.springframework.boot.autoconfigure.web.servlet.WebMvcAutoConfiguration$EnableWebMvcConfiguration' via constructor to bean named 'org.springframework.beans.factory.support.DefaultListableBeanFactory@51f116b8'
2023-12-05 10:52:28.177  DEBUG [main                          ] - o.s.b.f.support.DefaultListableBeanFactory   [213] : Creating shared instance of singleton bean 'org.springframework.boot.autoconfigure.web.servlet.WebMvcAutoConfiguration$WebMvcAutoConfigurationAdapter'
2023-12-05 10:52:28.178  DEBUG [main                          ] - s.c.LocalVariableTableParameterNameDiscoverer[108] : Cannot find '.class' file for class [class org.springframework.boot.autoconfigure.web.servlet.WebMvcAutoConfiguration$WebMvcAutoConfigurationAdapter$$EnhancerBySpringCGLIB$$75e5694f] - unable to determine constructor/method parameter names
2023-12-05 10:52:28.179  DEBUG [main                          ] - o.s.b.f.support.DefaultListableBeanFactory   [777] : Autowiring by type from bean name 'org.springframework.boot.autoconfigure.web.servlet.WebMvcAutoConfiguration$WebMvcAutoConfigurationAdapter' via constructor to bean named 'spring.resources-org.springframework.boot.autoconfigure.web.ResourceProperties'
2023-12-05 10:52:28.180  DEBUG [main                          ] - o.s.b.f.support.DefaultListableBeanFactory   [777] : Autowiring by type from bean name 'org.springframework.boot.autoconfigure.web.servlet.WebMvcAutoConfiguration$WebMvcAutoConfigurationAdapter' via constructor to bean named 'spring.mvc-org.springframework.boot.autoconfigure.web.servlet.WebMvcProperties'
