2023-12-05 15:12:35.472  DEBUG [main                          ] - o.m.spring.mapper.ClassPathMapperScanner     [49] : Enabling autowire by type for MapperFactoryBean with name 'counterpartyProdMonitorFlowMapper'.
2023-12-05 15:12:35.475  DEBUG [main                          ] - o.m.spring.mapper.ClassPathMapperScanner     [49] : Creating MapperFactoryBean with name 'crtExpiredPersonRecordMapper' and 'sql.CrtExpiredPersonRecordMapper' mapperInterface
2023-12-05 15:12:35.475  DEBUG [main                          ] - o.m.spring.mapper.ClassPathMapperScanner     [49] : Enabling autowire by type for MapperFactoryBean with name 'crtExpiredPersonRecordMapper'.
2023-12-05 15:12:35.476  DEBUG [main                          ] - o.m.spring.mapper.ClassPathMapperScanner     [49] : Creating MapperFactoryBean with name 'crtExpiredRecordMapper' and 'sql.CrtExpiredRecordMapper' mapperInterface
2023-12-05 15:12:35.476  DEBUG [main                          ] - o.m.spring.mapper.ClassPathMapperScanner     [49] : Enabling autowire by type for MapperFactoryBean with name 'crtExpiredRecordMapper'.
2023-12-05 15:12:35.476  DEBUG [main                          ] - o.m.spring.mapper.ClassPathMapperScanner     [49] : Creating MapperFactoryBean with name 'crtExpiredRecordUnionMapper' and 'sql.CrtExpiredRecordUnionMapper' mapperInterface
2023-12-05 15:12:35.476  DEBUG [main                          ] - o.m.spring.mapper.ClassPathMapperScanner     [49] : Enabling autowire by type for MapperFactoryBean with name 'crtExpiredRecordUnionMapper'.
2023-12-05 15:12:35.476  DEBUG [main                          ] - o.m.spring.mapper.ClassPathMapperScanner     [49] : Creating MapperFactoryBean with name 'ctptyInfoUpdateRecordMapper' and 'sql.CtptyInfoUpdateRecordMapper' mapperInterface
2023-12-05 15:12:35.477  DEBUG [main                          ] - o.m.spring.mapper.ClassPathMapperScanner     [49] : Enabling autowire by type for MapperFactoryBean with name 'ctptyInfoUpdateRecordMapper'.
2023-12-05 15:12:35.477  DEBUG [main                          ] - o.m.spring.mapper.ClassPathMapperScanner     [49] : Creating MapperFactoryBean with name 'otcDerivativeCounterpartyMapper' and 'sql.OtcDerivativeCounterpartyMapper' mapperInterface
2023-12-05 15:12:35.477  DEBUG [main                          ] - o.m.spring.mapper.ClassPathMapperScanner     [49] : Enabling autowire by type for MapperFactoryBean with name 'otcDerivativeCounterpartyMapper'.
2023-12-05 15:12:35.477  DEBUG [main                          ] - o.m.spring.mapper.ClassPathMapperScanner     [49] : Creating MapperFactoryBean with name 'processExpiredRemindMapper' and 'sql.ProcessExpiredRemindMapper' mapperInterface
2023-12-05 15:12:35.477  DEBUG [main                          ] - o.m.spring.mapper.ClassPathMapperScanner     [49] : Enabling autowire by type for MapperFactoryBean with name 'processExpiredRemindMapper'.
2023-12-05 15:12:35.665  DEBUG [main                          ] - o.s.b.f.support.DefaultListableBeanFactory   [213] : Creating shared instance of singleton bean 'org.springframework.context.event.internalEventListenerProcessor'
2023-12-05 15:12:35.667  DEBUG [main                          ] - o.s.b.f.support.DefaultListableBeanFactory   [213] : Creating shared instance of singleton bean 'org.springframework.boot.context.properties.ConfigurationBeanFactoryMetadata'
2023-12-05 15:12:35.668  DEBUG [main                          ] - o.s.b.f.support.DefaultListableBeanFactory   [213] : Creating shared instance of singleton bean 'preserveErrorControllerTargetClassPostProcessor'
2023-12-05 15:12:35.669  DEBUG [main                          ] - o.s.b.f.support.DefaultListableBeanFactory   [213] : Creating shared instance of singleton bean 'org.springframework.context.event.internalEventListenerFactory'
2023-12-05 15:12:35.677  DEBUG [main                          ] - o.s.b.f.support.DefaultListableBeanFactory   [213] : Creating shared instance of singleton bean 'org.springframework.context.annotation.internalAutowiredAnnotationProcessor'
2023-12-05 15:12:35.678  DEBUG [main                          ] - o.s.b.f.support.DefaultListableBeanFactory   [213] : Creating shared instance of singleton bean 'org.springframework.context.annotation.internalCommonAnnotationProcessor'
2023-12-05 15:12:35.681  DEBUG [main                          ] - o.s.b.f.support.DefaultListableBeanFactory   [213] : Creating shared instance of singleton bean 'org.springframework.boot.context.properties.ConfigurationPropertiesBindingPostProcessor'
2023-12-05 15:12:35.684  DEBUG [main                          ] - o.s.b.f.support.DefaultListableBeanFactory   [213] : Creating shared instance of singleton bean 'methodValidationPostProcessor'
2023-12-05 15:12:35.715  DEBUG [main                          ] - o.s.b.f.support.DefaultListableBeanFactory   [777] : Autowiring by type from bean name 'methodValidationPostProcessor' via factory method to bean named 'environment'
2023-12-05 15:12:35.724  DEBUG [main                          ] - o.s.b.f.support.DefaultListableBeanFactory   [213] : Creating shared instance of singleton bean 'persistenceExceptionTranslationPostProcessor'
2023-12-05 15:12:35.725  DEBUG [main                          ] - o.s.b.f.support.DefaultListableBeanFactory   [777] : Autowiring by type from bean name 'persistenceExceptionTranslationPostProcessor' via factory method to bean named 'environment'
2023-12-05 15:12:35.728  DEBUG [main                          ] - o.s.b.f.support.DefaultListableBeanFactory   [213] : Creating shared instance of singleton bean 'webServerFactoryCustomizerBeanPostProcessor'
2023-12-05 15:12:35.729  DEBUG [main                          ] - o.s.b.f.support.DefaultListableBeanFactory   [213] : Creating shared instance of singleton bean 'errorPageRegistrarBeanPostProcessor'
2023-12-05 15:12:35.733  DEBUG [main                          ] - o.s.u.c.support.UiApplicationContextUtils    [85] : Unable to locate ThemeSource with name 'themeSource': using default [org.springframework.ui.context.support.ResourceBundleThemeSource@751d3241]
2023-12-05 15:12:35.734  DEBUG [main                          ] - o.s.b.f.support.DefaultListableBeanFactory   [213] : Creating shared instance of singleton bean 'tomcatServletWebServerFactory'
2023-12-05 15:12:35.735  DEBUG [main                          ] - o.s.b.f.support.DefaultListableBeanFactory   [213] : Creating shared instance of singleton bean 'org.springframework.boot.autoconfigure.web.servlet.ServletWebServerFactoryConfiguration$EmbeddedTomcat'
2023-12-05 15:12:35.784  DEBUG [main                          ] - o.s.b.f.support.DefaultListableBeanFactory   [213] : Creating shared instance of singleton bean 'websocketServletWebServerCustomizer'
2023-12-05 15:12:35.785  DEBUG [main                          ] - o.s.b.f.support.DefaultListableBeanFactory   [213] : Creating shared instance of singleton bean 'org.springframework.boot.autoconfigure.websocket.servlet.WebSocketServletAutoConfiguration$TomcatWebSocketConfiguration'
2023-12-05 15:12:35.791  DEBUG [main                          ] - o.s.b.f.support.DefaultListableBeanFactory   [213] : Creating shared instance of singleton bean 'servletWebServerFactoryCustomizer'
2023-12-05 15:12:35.791  DEBUG [main                          ] - o.s.b.f.support.DefaultListableBeanFactory   [213] : Creating shared instance of singleton bean 'org.springframework.boot.autoconfigure.web.servlet.ServletWebServerFactoryAutoConfiguration'
2023-12-05 15:12:35.796  DEBUG [main                          ] - o.s.b.f.support.DefaultListableBeanFactory   [213] : Creating shared instance of singleton bean 'server-org.springframework.boot.autoconfigure.web.ServerProperties'
2023-12-05 15:12:35.835  DEBUG [main                          ] - o.s.b.f.support.DefaultListableBeanFactory   [777] : Autowiring by type from bean name 'servletWebServerFactoryCustomizer' via factory method to bean named 'server-org.springframework.boot.autoconfigure.web.ServerProperties'
2023-12-05 15:12:35.847  DEBUG [main                          ] - o.s.b.f.support.DefaultListableBeanFactory   [213] : Creating shared instance of singleton bean 'tomcatServletWebServerFactoryCustomizer'
2023-12-05 15:12:35.849  DEBUG [main                          ] - o.s.b.f.support.DefaultListableBeanFactory   [777] : Autowiring by type from bean name 'tomcatServletWebServerFactoryCustomizer' via factory method to bean named 'server-org.springframework.boot.autoconfigure.web.ServerProperties'
2023-12-05 15:12:35.851  DEBUG [main                          ] - o.s.b.f.support.DefaultListableBeanFactory   [213] : Creating shared instance of singleton bean 'tomcatWebServerFactoryCustomizer'
2023-12-05 15:12:35.852  DEBUG [main                          ] - o.s.b.f.support.DefaultListableBeanFactory   [213] : Creating shared instance of singleton bean 'org.springframework.boot.autoconfigure.web.embedded.EmbeddedWebServerFactoryCustomizerAutoConfiguration$TomcatWebServerFactoryCustomizerConfiguration'
2023-12-05 15:12:35.860  DEBUG [main                          ] - o.s.b.f.support.DefaultListableBeanFactory   [777] : Autowiring by type from bean name 'tomcatWebServerFactoryCustomizer' via factory method to bean named 'environment'
2023-12-05 15:12:35.861  DEBUG [main                          ] - o.s.b.f.support.DefaultListableBeanFactory   [777] : Autowiring by type from bean name 'tomcatWebServerFactoryCustomizer' via factory method to bean named 'server-org.springframework.boot.autoconfigure.web.ServerProperties'
2023-12-05 15:12:35.869  DEBUG [main                          ] - o.s.b.f.support.DefaultListableBeanFactory   [213] : Creating shared instance of singleton bean 'localeCharsetMappingsCustomizer'
2023-12-05 15:12:35.870  DEBUG [main                          ] - o.s.b.f.support.DefaultListableBeanFactory   [213] : Creating shared instance of singleton bean 'org.springframework.boot.autoconfigure.web.servlet.HttpEncodingAutoConfiguration'
2023-12-05 15:12:35.871  DEBUG [main                          ] - s.c.LocalVariableTableParameterNameDiscoverer[108] : Cannot find '.class' file for class [class org.springframework.boot.autoconfigure.web.servlet.HttpEncodingAutoConfiguration$$EnhancerBySpringCGLIB$$d4d51b0] - unable to determine constructor/method parameter names
2023-12-05 15:12:35.872  DEBUG [main                          ] - o.s.b.f.support.DefaultListableBeanFactory   [213] : Creating shared instance of singleton bean 'spring.http-org.springframework.boot.autoconfigure.http.HttpProperties'
2023-12-05 15:12:35.875  DEBUG [main                          ] - o.s.b.f.support.DefaultListableBeanFactory   [777] : Autowiring by type from bean name 'org.springframework.boot.autoconfigure.web.servlet.HttpEncodingAutoConfiguration' via constructor to bean named 'spring.http-org.springframework.boot.autoconfigure.http.HttpProperties'
2023-12-05 15:12:35.919  DEBUG [main                          ] - o.s.b.f.support.DefaultListableBeanFactory   [213] : Creating shared instance of singleton bean 'errorPageCustomizer'
2023-12-05 15:12:35.920  DEBUG [main                          ] - o.s.b.f.support.DefaultListableBeanFactory   [213] : Creating shared instance of singleton bean 'org.springframework.boot.autoconfigure.web.servlet.error.ErrorMvcAutoConfiguration'
2023-12-05 15:12:35.921  DEBUG [main                          ] - s.c.LocalVariableTableParameterNameDiscoverer[108] : Cannot find '.class' file for class [class org.springframework.boot.autoconfigure.web.servlet.error.ErrorMvcAutoConfiguration$$EnhancerBySpringCGLIB$$65a4a093] - unable to determine constructor/method parameter names
2023-12-05 15:12:35.923  DEBUG [main                          ] - o.s.b.f.support.DefaultListableBeanFactory   [213] : Creating shared instance of singleton bean 'dispatcherServletRegistration'
2023-12-05 15:12:35.924  DEBUG [main                          ] - o.s.b.f.support.DefaultListableBeanFactory   [213] : Creating shared instance of singleton bean 'org.springframework.boot.autoconfigure.web.servlet.DispatcherServletAutoConfiguration$DispatcherServletRegistrationConfiguration'
2023-12-05 15:12:35.925  DEBUG [main                          ] - s.c.LocalVariableTableParameterNameDiscoverer[108] : Cannot find '.class' file for class [class org.springframework.boot.autoconfigure.web.servlet.DispatcherServletAutoConfiguration$DispatcherServletRegistrationConfiguration$$EnhancerBySpringCGLIB$$ebffbf7e] - unable to determine constructor/method parameter names
2023-12-05 15:12:35.926  DEBUG [main                          ] - o.s.b.f.support.DefaultListableBeanFactory   [213] : Creating shared instance of singleton bean 'spring.mvc-org.springframework.boot.autoconfigure.web.servlet.WebMvcProperties'
2023-12-05 15:12:35.930  DEBUG [main                          ] - o.s.b.f.support.DefaultListableBeanFactory   [777] : Autowiring by type from bean name 'org.springframework.boot.autoconfigure.web.servlet.DispatcherServletAutoConfiguration$DispatcherServletRegistrationConfiguration' via constructor to bean named 'spring.mvc-org.springframework.boot.autoconfigure.web.servlet.WebMvcProperties'
2023-12-05 15:12:35.931  DEBUG [main                          ] - o.s.b.f.support.DefaultListableBeanFactory   [213] : Creating shared instance of singleton bean 'multipartConfigElement'
2023-12-05 15:12:35.932  DEBUG [main                          ] - o.s.b.f.support.DefaultListableBeanFactory   [213] : Creating shared instance of singleton bean 'org.springframework.boot.autoconfigure.web.servlet.MultipartAutoConfiguration'
2023-12-05 15:12:35.933  DEBUG [main                          ] - s.c.LocalVariableTableParameterNameDiscoverer[108] : Cannot find '.class' file for class [class org.springframework.boot.autoconfigure.web.servlet.MultipartAutoConfiguration$$EnhancerBySpringCGLIB$$7c3dd9bd] - unable to determine constructor/method parameter names
2023-12-05 15:12:35.935  DEBUG [main                          ] - o.s.b.f.support.DefaultListableBeanFactory   [213] : Creating shared instance of singleton bean 'spring.servlet.multipart-org.springframework.boot.autoconfigure.web.servlet.MultipartProperties'
2023-12-05 15:12:35.962  DEBUG [main                          ] - o.s.b.f.support.DefaultListableBeanFactory   [777] : Autowiring by type from bean name 'org.springframework.boot.autoconfigure.web.servlet.MultipartAutoConfiguration' via constructor to bean named 'spring.servlet.multipart-org.springframework.boot.autoconfigure.web.servlet.MultipartProperties'
2023-12-05 15:12:35.973  DEBUG [main                          ] - o.s.b.f.support.DefaultListableBeanFactory   [213] : Creating shared instance of singleton bean 'dispatcherServlet'
2023-12-05 15:12:35.974  DEBUG [main                          ] - o.s.b.f.support.DefaultListableBeanFactory   [213] : Creating shared instance of singleton bean 'org.springframework.boot.autoconfigure.web.servlet.DispatcherServletAutoConfiguration$DispatcherServletConfiguration'
2023-12-05 15:12:35.974  DEBUG [main                          ] - s.c.LocalVariableTableParameterNameDiscoverer[108] : Cannot find '.class' file for class [class org.springframework.boot.autoconfigure.web.servlet.DispatcherServletAutoConfiguration$DispatcherServletConfiguration$$EnhancerBySpringCGLIB$$89f82ad7] - unable to determine constructor/method parameter names
2023-12-05 15:12:35.976  DEBUG [main                          ] - o.s.b.f.support.DefaultListableBeanFactory   [777] : Autowiring by type from bean name 'org.springframework.boot.autoconfigure.web.servlet.DispatcherServletAutoConfiguration$DispatcherServletConfiguration' via constructor to bean named 'spring.http-org.springframework.boot.autoconfigure.http.HttpProperties'
2023-12-05 15:12:35.977  DEBUG [main                          ] - o.s.b.f.support.DefaultListableBeanFactory   [777] : Autowiring by type from bean name 'org.springframework.boot.autoconfigure.web.servlet.DispatcherServletAutoConfiguration$DispatcherServletConfiguration' via constructor to bean named 'spring.mvc-org.springframework.boot.autoconfigure.web.servlet.WebMvcProperties'
