2023-12-05 09:13:15.113  DEBUG [main                          ] - c.b.mybatisplus.core.MybatisConfiguration    [96] : addMappedStatement: sql.ClientReviewFileRecordMapper.insertSelective
2023-12-05 09:13:15.122  DEBUG [main                          ] - c.b.mybatisplus.core.MybatisConfiguration    [96] : addMappedStatement: sql.ClientReviewFileRecordMapper.updateByPrimaryKeySelective
2023-12-05 09:13:15.124  DEBUG [main                          ] - c.b.mybatisplus.core.MybatisConfiguration    [96] : addMappedStatement: sql.ClientReviewFileRecordMapper.updateByPrimaryKey
2023-12-05 09:13:15.126  DEBUG [main                          ] - c.b.m.e.spring.MybatisSqlSessionFactoryBean  [49] : Parsed mapper file: 'file [D:\demo\target\classes\mapper\ClientReviewFileRecordMapper.xml]'
2023-12-05 09:13:15.143  DEBUG [main                          ] - c.b.mybatisplus.core.MybatisConfiguration    [96] : addMappedStatement: sql.ClientReviewRecordMapper.selectByExample
2023-12-05 09:13:15.145  DEBUG [main                          ] - c.b.mybatisplus.core.MybatisConfiguration    [96] : addMappedStatement: sql.ClientReviewRecordMapper.selectByPrimaryKey
2023-12-05 09:13:15.146  DEBUG [main                          ] - c.b.mybatisplus.core.MybatisConfiguration    [96] : addMappedStatement: sql.ClientReviewRecordMapper.deleteByPrimaryKey
2023-12-05 09:13:15.147  DEBUG [main                          ] - c.b.mybatisplus.core.MybatisConfiguration    [96] : addMappedStatement: sql.ClientReviewRecordMapper.insert
2023-12-05 09:13:15.149  DEBUG [main                          ] - c.b.mybatisplus.core.MybatisConfiguration    [96] : addMappedStatement: sql.ClientReviewRecordMapper.insertSelective
2023-12-05 09:13:15.150  DEBUG [main                          ] - c.b.mybatisplus.core.MybatisConfiguration    [96] : addMappedStatement: sql.ClientReviewRecordMapper.updateByPrimaryKeySelective
2023-12-05 09:13:15.151  DEBUG [main                          ] - c.b.mybatisplus.core.MybatisConfiguration    [96] : addMappedStatement: sql.ClientReviewRecordMapper.updateByPrimaryKey
2023-12-05 09:13:15.158  DEBUG [main                          ] - c.b.m.e.spring.MybatisSqlSessionFactoryBean  [49] : Parsed mapper file: 'file [D:\demo\target\classes\mapper\ClientReviewRecordMapper.xml]'
2023-12-05 09:13:15.175  DEBUG [main                          ] - c.b.mybatisplus.core.MybatisConfiguration    [96] : addMappedStatement: sql.CounterpartyBenefitOverListMapper.selectByExample
2023-12-05 09:13:15.176  DEBUG [main                          ] - c.b.mybatisplus.core.MybatisConfiguration    [96] : addMappedStatement: sql.CounterpartyBenefitOverListMapper.selectByPrimaryKey
2023-12-05 09:13:15.177  DEBUG [main                          ] - c.b.mybatisplus.core.MybatisConfiguration    [96] : addMappedStatement: sql.CounterpartyBenefitOverListMapper.deleteByPrimaryKey
2023-12-05 09:13:15.178  DEBUG [main                          ] - c.b.mybatisplus.core.MybatisConfiguration    [96] : addMappedStatement: sql.CounterpartyBenefitOverListMapper.insert
2023-12-05 09:13:15.179  DEBUG [main                          ] - c.b.mybatisplus.core.MybatisConfiguration    [96] : addMappedStatement: sql.CounterpartyBenefitOverListMapper.insertSelective
2023-12-05 09:13:15.180  DEBUG [main                          ] - c.b.mybatisplus.core.MybatisConfiguration    [96] : addMappedStatement: sql.CounterpartyBenefitOverListMapper.updateByPrimaryKeySelective
2023-12-05 09:13:15.181  DEBUG [main                          ] - c.b.mybatisplus.core.MybatisConfiguration    [96] : addMappedStatement: sql.CounterpartyBenefitOverListMapper.updateByPrimaryKey
2023-12-05 09:13:15.184  DEBUG [main                          ] - c.b.m.e.spring.MybatisSqlSessionFactoryBean  [49] : Parsed mapper file: 'file [D:\demo\target\classes\mapper\CounterpartyBenefitOverListMapper.xml]'
2023-12-05 09:13:15.207  DEBUG [main                          ] - c.b.mybatisplus.core.MybatisConfiguration    [96] : addMappedStatement: sql.CounterpartyOrgMapper.selectByExample
2023-12-05 09:13:15.209  DEBUG [main                          ] - c.b.mybatisplus.core.MybatisConfiguration    [96] : addMappedStatement: sql.CounterpartyOrgMapper.selectByPrimaryKey
2023-12-05 09:13:15.210  DEBUG [main                          ] - c.b.mybatisplus.core.MybatisConfiguration    [96] : addMappedStatement: sql.CounterpartyOrgMapper.deleteByPrimaryKey
2023-12-05 09:13:15.211  DEBUG [main                          ] - c.b.mybatisplus.core.MybatisConfiguration    [96] : addMappedStatement: sql.CounterpartyOrgMapper.insert
2023-12-05 09:13:15.214  DEBUG [main                          ] - c.b.mybatisplus.core.MybatisConfiguration    [96] : addMappedStatement: sql.CounterpartyOrgMapper.insertSelective
2023-12-05 09:13:15.216  DEBUG [main                          ] - c.b.mybatisplus.core.MybatisConfiguration    [96] : addMappedStatement: sql.CounterpartyOrgMapper.updateByPrimaryKeySelective
2023-12-05 09:13:15.217  DEBUG [main                          ] - c.b.mybatisplus.core.MybatisConfiguration    [96] : addMappedStatement: sql.CounterpartyOrgMapper.updateByPrimaryKey
2023-12-05 09:13:15.220  DEBUG [main                          ] - c.b.m.e.spring.MybatisSqlSessionFactoryBean  [49] : Parsed mapper file: 'file [D:\demo\target\classes\mapper\CounterpartyOrgMapper.xml]'
2023-12-05 09:13:15.245  DEBUG [main                          ] - c.b.mybatisplus.core.MybatisConfiguration    [96] : addMappedStatement: sql.CounterpartyProdMonitorFlowMapper.selectByExample
2023-12-05 09:13:15.247  DEBUG [main                          ] - c.b.mybatisplus.core.MybatisConfiguration    [96] : addMappedStatement: sql.CounterpartyProdMonitorFlowMapper.selectByPrimaryKey
2023-12-05 09:13:15.248  DEBUG [main                          ] - c.b.mybatisplus.core.MybatisConfiguration    [96] : addMappedStatement: sql.CounterpartyProdMonitorFlowMapper.deleteByPrimaryKey
2023-12-05 09:13:15.250  DEBUG [main                          ] - c.b.mybatisplus.core.MybatisConfiguration    [96] : addMappedStatement: sql.CounterpartyProdMonitorFlowMapper.insert
