2023-12-05 09:13:14.796  DEBUG [main                          ] - c.b.mybatisplus.core.MybatisConfiguration    [96] : addMappedStatement: sql.AmlBeneficiaryMapper.updateByPrimaryKey
2023-12-05 09:13:14.818  DEBUG [main                          ] - c.b.m.e.spring.MybatisSqlSessionFactoryBean  [49] : Parsed mapper file: 'file [D:\demo\target\classes\mapper\AmlBeneficiaryMapper.xml]'
2023-12-05 09:13:14.845  DEBUG [main                          ] - c.b.mybatisplus.core.MybatisConfiguration    [96] : addMappedStatement: sql.AmlCounterpartyMapper.selectByExample
2023-12-05 09:13:14.847  DEBUG [main                          ] - c.b.mybatisplus.core.MybatisConfiguration    [96] : addMappedStatement: sql.AmlCounterpartyMapper.selectByPrimaryKey
2023-12-05 09:13:14.848  DEBUG [main                          ] - c.b.mybatisplus.core.MybatisConfiguration    [96] : addMappedStatement: sql.AmlCounterpartyMapper.deleteByPrimaryKey
2023-12-05 09:13:14.849  DEBUG [main                          ] - c.b.mybatisplus.core.MybatisConfiguration    [96] : addMappedStatement: sql.AmlCounterpartyMapper.insert
2023-12-05 09:13:14.851  DEBUG [main                          ] - c.b.mybatisplus.core.MybatisConfiguration    [96] : addMappedStatement: sql.AmlCounterpartyMapper.insertSelective
2023-12-05 09:13:14.851  DEBUG [main                          ] - c.b.mybatisplus.core.MybatisConfiguration    [96] : addMappedStatement: sql.AmlCounterpartyMapper.updateByPrimaryKeySelective
2023-12-05 09:13:14.856  DEBUG [main                          ] - c.b.mybatisplus.core.MybatisConfiguration    [96] : addMappedStatement: sql.AmlCounterpartyMapper.updateByPrimaryKey
2023-12-05 09:13:14.858  DEBUG [main                          ] - c.b.m.e.spring.MybatisSqlSessionFactoryBean  [49] : Parsed mapper file: 'file [D:\demo\target\classes\mapper\AmlCounterpartyMapper.xml]'
2023-12-05 09:13:14.881  DEBUG [main                          ] - c.b.mybatisplus.core.MybatisConfiguration    [96] : addMappedStatement: sql.AorgMapper.selectByExample
2023-12-05 09:13:14.882  DEBUG [main                          ] - c.b.mybatisplus.core.MybatisConfiguration    [96] : addMappedStatement: sql.AorgMapper.selectByPrimaryKey
2023-12-05 09:13:14.883  DEBUG [main                          ] - c.b.mybatisplus.core.MybatisConfiguration    [96] : addMappedStatement: sql.AorgMapper.deleteByPrimaryKey
2023-12-05 09:13:14.885  DEBUG [main                          ] - c.b.mybatisplus.core.MybatisConfiguration    [96] : addMappedStatement: sql.AorgMapper.insert
2023-12-05 09:13:14.887  DEBUG [main                          ] - c.b.mybatisplus.core.MybatisConfiguration    [96] : addMappedStatement: sql.AorgMapper.insertSelective
2023-12-05 09:13:14.889  DEBUG [main                          ] - c.b.mybatisplus.core.MybatisConfiguration    [96] : addMappedStatement: sql.AorgMapper.updateByPrimaryKeySelective
2023-12-05 09:13:14.890  DEBUG [main                          ] - c.b.mybatisplus.core.MybatisConfiguration    [96] : addMappedStatement: sql.AorgMapper.updateByPrimaryKey
2023-12-05 09:13:14.892  DEBUG [main                          ] - c.b.m.e.spring.MybatisSqlSessionFactoryBean  [49] : Parsed mapper file: 'file [D:\demo\target\classes\mapper\AorgMapper.xml]'
2023-12-05 09:13:14.925  DEBUG [main                          ] - c.b.mybatisplus.core.MybatisConfiguration    [96] : addMappedStatement: sql.AuserMapper.selectByExample
2023-12-05 09:13:14.926  DEBUG [main                          ] - c.b.mybatisplus.core.MybatisConfiguration    [96] : addMappedStatement: sql.AuserMapper.selectByPrimaryKey
2023-12-05 09:13:14.927  DEBUG [main                          ] - c.b.mybatisplus.core.MybatisConfiguration    [96] : addMappedStatement: sql.AuserMapper.deleteByPrimaryKey
2023-12-05 09:13:14.930  DEBUG [main                          ] - c.b.mybatisplus.core.MybatisConfiguration    [96] : addMappedStatement: sql.AuserMapper.insert
2023-12-05 09:13:14.933  DEBUG [main                          ] - c.b.mybatisplus.core.MybatisConfiguration    [96] : addMappedStatement: sql.AuserMapper.insertSelective
2023-12-05 09:13:14.935  DEBUG [main                          ] - c.b.mybatisplus.core.MybatisConfiguration    [96] : addMappedStatement: sql.AuserMapper.updateByPrimaryKeySelective
2023-12-05 09:13:14.939  DEBUG [main                          ] - c.b.mybatisplus.core.MybatisConfiguration    [96] : addMappedStatement: sql.AuserMapper.updateByPrimaryKey
2023-12-05 09:13:14.940  DEBUG [main                          ] - c.b.m.e.spring.MybatisSqlSessionFactoryBean  [49] : Parsed mapper file: 'file [D:\demo\target\classes\mapper\AuserMapper.xml]'
2023-12-05 09:13:14.964  DEBUG [main                          ] - c.b.mybatisplus.core.MybatisConfiguration    [96] : addMappedStatement: sql.BeneficiaryOrgMapper.selectByExample
2023-12-05 09:13:14.965  DEBUG [main                          ] - c.b.mybatisplus.core.MybatisConfiguration    [96] : addMappedStatement: sql.BeneficiaryOrgMapper.selectByPrimaryKey
2023-12-05 09:13:14.966  DEBUG [main                          ] - c.b.mybatisplus.core.MybatisConfiguration    [96] : addMappedStatement: sql.BeneficiaryOrgMapper.deleteByPrimaryKey
2023-12-05 09:13:14.967  DEBUG [main                          ] - c.b.mybatisplus.core.MybatisConfiguration    [96] : addMappedStatement: sql.BeneficiaryOrgMapper.insert
2023-12-05 09:13:14.969  DEBUG [main                          ] - c.b.mybatisplus.core.MybatisConfiguration    [96] : addMappedStatement: sql.BeneficiaryOrgMapper.insertSelective
2023-12-05 09:13:14.971  DEBUG [main                          ] - c.b.mybatisplus.core.MybatisConfiguration    [96] : addMappedStatement: sql.BeneficiaryOrgMapper.updateByPrimaryKeySelective
