2023-12-05 15:32:52.307  [39mDEBUG[0;39m [[32mmain                          [0;39m] - [34mo.s.b.f.support.DefaultListableBeanFactory   [0;39m[777]: Autowiring by type from bean name 'org.springframework.boot.autoconfigure.web.servlet.error.ErrorMvcAutoConfiguration' via constructor to bean named 'server-org.springframework.boot.autoconfigure.web.ServerProperties'
2023-12-05 15:32:52.310  [39mDEBUG[0;39m [[32mmain                          [0;39m] - [34mo.s.b.f.support.DefaultListableBeanFactory   [0;39m[777]: Autowiring by type from bean name 'org.springframework.boot.autoconfigure.web.servlet.error.ErrorMvcAutoConfiguration' via constructor to bean named 'dispatcherServletRegistration'
2023-12-05 15:32:52.313  [39mDEBUG[0;39m [[32mmain                          [0;39m] - [34mo.s.b.f.support.DefaultListableBeanFactory   [0;39m[213]: Creating shared instance of singleton bean 'conventionErrorViewResolver'
2023-12-05 15:32:52.314  [39mDEBUG[0;39m [[32mmain                          [0;39m] - [34mo.s.b.f.support.DefaultListableBeanFactory   [0;39m[213]: Creating shared instance of singleton bean 'org.springframework.boot.autoconfigure.web.servlet.error.ErrorMvcAutoConfiguration$DefaultErrorViewResolverConfiguration'
2023-12-05 15:32:52.315  [39mDEBUG[0;39m [[32mmain                          [0;39m] - [34ms.c.LocalVariableTableParameterNameDiscoverer[0;39m[108]: Cannot find '.class' file for class [class org.springframework.boot.autoconfigure.web.servlet.error.ErrorMvcAutoConfiguration$DefaultErrorViewResolverConfiguration$$EnhancerBySpringCGLIB$$e63b629f] - unable to determine constructor/method parameter names
2023-12-05 15:32:52.317  [39mDEBUG[0;39m [[32mmain                          [0;39m] - [34mo.s.b.f.support.DefaultListableBeanFactory   [0;39m[213]: Creating shared instance of singleton bean 'spring.resources-org.springframework.boot.autoconfigure.web.ResourceProperties'
2023-12-05 15:32:52.321  [39mDEBUG[0;39m [[32mmain                          [0;39m] - [34mo.s.b.f.support.DefaultListableBeanFactory   [0;39m[777]: Autowiring by type from bean name 'org.springframework.boot.autoconfigure.web.servlet.error.ErrorMvcAutoConfiguration$DefaultErrorViewResolverConfiguration' via constructor to bean named 'org.springframework.boot.web.servlet.context.AnnotationConfigServletWebServerApplicationContext@7f552bd3'
2023-12-05 15:32:52.322  [39mDEBUG[0;39m [[32mmain                          [0;39m] - [34mo.s.b.f.support.DefaultListableBeanFactory   [0;39m[777]: Autowiring by type from bean name 'org.springframework.boot.autoconfigure.web.servlet.error.ErrorMvcAutoConfiguration$DefaultErrorViewResolverConfiguration' via constructor to bean named 'spring.resources-org.springframework.boot.autoconfigure.web.ResourceProperties'
2023-12-05 15:32:52.673  [39mDEBUG[0;39m [[32mmain                          [0;39m] - [34mo.s.b.w.e.t.TomcatServletWebServerFactory    [0;39m[82]: Code archive: D:\javalesson\JAVAstudyrespository\org\springframework\boot\spring-boot\2.1.5.RELEASE\spring-boot-2.1.5.RELEASE.jar
2023-12-05 15:32:52.674  [39mDEBUG[0;39m [[32mmain                          [0;39m] - [34mo.s.b.w.e.t.TomcatServletWebServerFactory    [0;39m[126]: Code archive: D:\javalesson\JAVAstudyrespository\org\springframework\boot\spring-boot\2.1.5.RELEASE\spring-boot-2.1.5.RELEASE.jar
2023-12-05 15:32:52.674  [39mDEBUG[0;39m [[32mmain                          [0;39m] - [34mo.s.b.w.e.t.TomcatServletWebServerFactory    [0;39m[151]: None of the document roots [src/main/webapp, public, static] point to a directory and will be ignored.
2023-12-05 15:32:52.705  [34mINFO [0;39m [[32mmain                          [0;39m] - [34mo.s.boot.web.embedded.tomcat.TomcatWebServer [0;39m[90]: Tomcat initialized with port(s): 8080 (http)
2023-12-05 15:32:52.725  [34mINFO [0;39m [[32mmain                          [0;39m] - [34morg.apache.coyote.http11.Http11NioProtocol   [0;39m[173]: Initializing ProtocolHandler ["http-nio-8080"]
2023-12-05 15:32:52.736  [34mINFO [0;39m [[32mmain                          [0;39m] - [34morg.apache.catalina.core.StandardService     [0;39m[173]: Starting service [Tomcat]
2023-12-05 15:32:52.736  [34mINFO [0;39m [[32mmain                          [0;39m] - [34morg.apache.catalina.core.StandardEngine      [0;39m[173]: Starting Servlet engine: [Apache Tomcat/9.0.19]
2023-12-05 15:32:52.853  [34mINFO [0;39m [[32mmain                          [0;39m] - [34mo.a.c.c.C.[Tomcat].[localhost].[/]           [0;39m[173]: Initializing Spring embedded WebApplicationContext
2023-12-05 15:32:52.854  [39mDEBUG[0;39m [[32mmain                          [0;39m] - [34morg.springframework.web.context.ContextLoader[0;39m[288]: Published root WebApplicationContext as ServletContext attribute with name [org.springframework.web.context.WebApplicationContext.ROOT]
2023-12-05 15:32:52.854  [34mINFO [0;39m [[32mmain                          [0;39m] - [34morg.springframework.web.context.ContextLoader[0;39m[296]: Root WebApplicationContext: initialization completed in 2074 ms
2023-12-05 15:32:52.859  [39mDEBUG[0;39m [[32mmain                          [0;39m] - [34mo.s.b.f.support.DefaultListableBeanFactory   [0;39m[213]: Creating shared instance of singleton bean 'requestContextFilter'
2023-12-05 15:32:52.861  [39mDEBUG[0;39m [[32mmain                          [0;39m] - [34mo.s.b.f.support.DefaultListableBeanFactory   [0;39m[213]: Creating shared instance of singleton bean 'hiddenHttpMethodFilter'
2023-12-05 15:32:52.861  [39mDEBUG[0;39m [[32mmain                          [0;39m] - [34mo.s.b.f.support.DefaultListableBeanFactory   [0;39m[213]: Creating shared instance of singleton bean 'org.springframework.boot.autoconfigure.web.servlet.WebMvcAutoConfiguration'
2023-12-05 15:32:52.866  [39mDEBUG[0;39m [[32mmain                          [0;39m] - [34mo.s.b.f.support.DefaultListableBeanFactory   [0;39m[213]: Creating shared instance of singleton bean 'formContentFilter'
2023-12-05 15:32:52.869  [39mDEBUG[0;39m [[32mmain                          [0;39m] - [34mo.s.b.f.support.DefaultListableBeanFactory   [0;39m[213]: Creating shared instance of singleton bean 'characterEncodingFilter'
2023-12-05 15:32:52.877  [39mDEBUG[0;39m [[32mmain                          [0;39m] - [34mo.s.b.w.s.ServletContextInitializerBeans     [0;39m[267]: Mapping filters: characterEncodingFilter urls=[/*], hiddenHttpMethodFilter urls=[/*], formContentFilter urls=[/*], requestContextFilter urls=[/*]
2023-12-05 15:32:52.878  [39mDEBUG[0;39m [[32mmain                          [0;39m] - [34mo.s.b.w.s.ServletContextInitializerBeans     [0;39m[267]: Mapping servlets: dispatcherServlet urls=[/]
2023-12-05 15:32:52.909  [39mDEBUG[0;39m [[32mmain                          [0;39m] - [34mo.s.b.w.s.filter.OrderedRequestContextFilter [0;39m[241]: Filter 'requestContextFilter' configured for use
2023-12-05 15:32:52.910  [39mDEBUG[0;39m [[32mmain                          [0;39m] - [34mo.s.b.w.s.f.OrderedHiddenHttpMethodFilter    [0;39m[241]: Filter 'hiddenHttpMethodFilter' configured for use
2023-12-05 15:32:52.910  [39mDEBUG[0;39m [[32mmain                          [0;39m] - [34mo.s.b.w.s.f.OrderedCharacterEncodingFilter   [0;39m[241]: Filter 'characterEncodingFilter' configured for use
2023-12-05 15:32:52.910  [39mDEBUG[0;39m [[32mmain                          [0;39m] - [34mo.s.b.w.s.filter.OrderedFormContentFilter    [0;39m[241]: Filter 'formContentFilter' configured for use
2023-12-05 15:32:52.922  [39mDEBUG[0;39m [[32mmain                          [0;39m] - [34mo.s.b.f.support.DefaultListableBeanFactory   [0;39m[213]: Creating shared instance of singleton bean 'demoApplication'
2023-12-05 15:32:52.923  [39mDEBUG[0;39m [[32mmain                          [0;39m] - [34mo.s.b.f.support.DefaultListableBeanFactory   [0;39m[213]: Creating shared instance of singleton bean 'testController'
2023-12-05 15:32:52.926  [39mDEBUG[0;39m [[32mmain                          [0;39m] - [34mo.s.b.f.support.DefaultListableBeanFactory   [0;39m[213]: Creating shared instance of singleton bean 'testserviceImpl'
2023-12-05 15:32:52.928  [39mDEBUG[0;39m [[32mmain                          [0;39m] - [34mo.s.b.f.support.DefaultListableBeanFactory   [0;39m[213]: Creating shared instance of singleton bean 'testSpring'
2023-12-05 15:32:52.931  [39mDEBUG[0;39m [[32mmain                          [0;39m] - [34mo.s.b.f.support.DefaultListableBeanFactory   [0;39m[213]: Creating shared instance of singleton bean 'otcDerivativeCounterpartyMapper'
2023-12-05 15:32:52.937  [39mDEBUG[0;39m [[32mmain                          [0;39m] - [34mo.s.b.f.support.DefaultListableBeanFactory   [0;39m[213]: Creating shared instance of singleton bean 'sqlSessionFactory'
2023-12-05 15:32:52.938  [39mDEBUG[0;39m [[32mmain                          [0;39m] - [34mo.s.b.f.support.DefaultListableBeanFactory   [0;39m[213]: Creating shared instance of singleton bean 'com.baomidou.mybatisplus.autoconfigure.MybatisPlusAutoConfiguration'
2023-12-05 15:32:52.938  [39mDEBUG[0;39m [[32mmain                          [0;39m] - [34ms.c.LocalVariableTableParameterNameDiscoverer[0;39m[108]: Cannot find '.class' file for class [class com.baomidou.mybatisplus.autoconfigure.MybatisPlusAutoConfiguration$$EnhancerBySpringCGLIB$$e3c2f514] - unable to determine constructor/method parameter names
2023-12-05 15:32:52.940  [39mDEBUG[0;39m [[32mmain                          [0;39m] - [34mo.s.b.f.support.DefaultListableBeanFactory   [0;39m[213]: Creating shared instance of singleton bean 'mybatis-plus-com.baomidou.mybatisplus.autoconfigure.MybatisPlusProperties'
2023-12-05 15:32:52.947  [39mDEBUG[0;39m [[32mmain                          [0;39m] - [34mo.s.b.f.support.DefaultListableBeanFactory   [0;39m[777]: Autowiring by type from bean name 'com.baomidou.mybatisplus.autoconfigure.MybatisPlusAutoConfiguration' via constructor to bean named 'mybatis-plus-com.baomidou.mybatisplus.autoconfigure.MybatisPlusProperties'
2023-12-05 15:32:52.947  [39mDEBUG[0;39m [[32mmain                          [0;39m] - [34mo.s.b.f.support.DefaultListableBeanFactory   [0;39m[777]: Autowiring by type from bean name 'com.baomidou.mybatisplus.autoconfigure.MybatisPlusAutoConfiguration' via constructor to bean named 'org.springframework.boot.web.servlet.context.AnnotationConfigServletWebServerApplicationContext@7f552bd3'
2023-12-05 15:32:52.948  [39mDEBUG[0;39m [[32mmain                          [0;39m] - [34mo.s.b.f.support.DefaultListableBeanFactory   [0;39m[213]: Creating shared instance of singleton bean 'com.github.yulichang.interceptor.MPJInterceptor'
2023-12-05 15:32:52.961  [39mDEBUG[0;39m [[32mmain                          [0;39m] - [34mo.s.b.f.support.DefaultListableBeanFactory   [0;39m[213]: Creating shared instance of singleton bean 'dataSource'
2023-12-05 15:32:52.961  [39mDEBUG[0;39m [[32mmain                          [0;39m] - [34mo.s.b.f.support.DefaultListableBeanFactory   [0;39m[213]: Creating shared instance of singleton bean 'com.alibaba.druid.spring.boot.autoconfigure.DruidDataSourceAutoConfigure'
2023-12-05 15:32:52.966  [34mINFO [0;39m [[32mmain                          [0;39m] - [34mc.a.d.s.b.a.DruidDataSourceAutoConfigure     [0;39m[56]: Init DruidDataSource
2023-12-05 15:32:53.027  [39mDEBUG[0;39m [[32mmain                          [0;39m] - [34mo.s.b.f.support.DefaultListableBeanFactory   [0;39m[213]: Creating shared instance of singleton bean 'spring.datasource-org.springframework.boot.autoconfigure.jdbc.DataSourceProperties'
2023-12-05 15:32:53.038  [39mDEBUG[0;39m [[32mmain                          [0;39m] - [34mo.s.b.f.support.DefaultListableBeanFactory   [0;39m[213]: Creating shared instance of singleton bean 'configFilter'
2023-12-05 15:32:53.038  [39mDEBUG[0;39m [[32mmain                          [0;39m] - [34mo.s.b.f.support.DefaultListableBeanFactory   [0;39m[213]: Creating shared instance of singleton bean 'com.alibaba.druid.spring.boot.autoconfigure.stat.DruidFilterConfiguration'
