2023-12-05 15:12:36.003  DEBUG [main                          ] - o.s.b.f.support.DefaultListableBeanFactory   [777] : Autowiring by type from bean name 'dispatcherServletRegistration' via factory method to bean named 'dispatcherServlet'
2023-12-05 15:12:36.020  DEBUG [main                          ] - o.s.b.f.support.DefaultListableBeanFactory   [777] : Autowiring by type from bean name 'org.springframework.boot.autoconfigure.web.servlet.error.ErrorMvcAutoConfiguration' via constructor to bean named 'server-org.springframework.boot.autoconfigure.web.ServerProperties'
2023-12-05 15:12:36.020  DEBUG [main                          ] - o.s.b.f.support.DefaultListableBeanFactory   [777] : Autowiring by type from bean name 'org.springframework.boot.autoconfigure.web.servlet.error.ErrorMvcAutoConfiguration' via constructor to bean named 'dispatcherServletRegistration'
2023-12-05 15:12:36.022  DEBUG [main                          ] - o.s.b.f.support.DefaultListableBeanFactory   [213] : Creating shared instance of singleton bean 'conventionErrorViewResolver'
2023-12-05 15:12:36.023  DEBUG [main                          ] - o.s.b.f.support.DefaultListableBeanFactory   [213] : Creating shared instance of singleton bean 'org.springframework.boot.autoconfigure.web.servlet.error.ErrorMvcAutoConfiguration$DefaultErrorViewResolverConfiguration'
2023-12-05 15:12:36.024  DEBUG [main                          ] - s.c.LocalVariableTableParameterNameDiscoverer[108] : Cannot find '.class' file for class [class org.springframework.boot.autoconfigure.web.servlet.error.ErrorMvcAutoConfiguration$DefaultErrorViewResolverConfiguration$$EnhancerBySpringCGLIB$$7a397533] - unable to determine constructor/method parameter names
2023-12-05 15:12:36.028  DEBUG [main                          ] - o.s.b.f.support.DefaultListableBeanFactory   [213] : Creating shared instance of singleton bean 'spring.resources-org.springframework.boot.autoconfigure.web.ResourceProperties'
2023-12-05 15:12:36.032  DEBUG [main                          ] - o.s.b.f.support.DefaultListableBeanFactory   [777] : Autowiring by type from bean name 'org.springframework.boot.autoconfigure.web.servlet.error.ErrorMvcAutoConfiguration$DefaultErrorViewResolverConfiguration' via constructor to bean named 'org.springframework.boot.web.servlet.context.AnnotationConfigServletWebServerApplicationContext@3967e60c'
2023-12-05 15:12:36.032  DEBUG [main                          ] - o.s.b.f.support.DefaultListableBeanFactory   [777] : Autowiring by type from bean name 'org.springframework.boot.autoconfigure.web.servlet.error.ErrorMvcAutoConfiguration$DefaultErrorViewResolverConfiguration' via constructor to bean named 'spring.resources-org.springframework.boot.autoconfigure.web.ResourceProperties'
2023-12-05 15:12:36.528  DEBUG [main                          ] - o.s.b.w.e.t.TomcatServletWebServerFactory    [82] : Code archive: D:\javalesson\JAVAstudyrespository\org\springframework\boot\spring-boot\2.1.5.RELEASE\spring-boot-2.1.5.RELEASE.jar
2023-12-05 15:12:36.529  DEBUG [main                          ] - o.s.b.w.e.t.TomcatServletWebServerFactory    [126] : Code archive: D:\javalesson\JAVAstudyrespository\org\springframework\boot\spring-boot\2.1.5.RELEASE\spring-boot-2.1.5.RELEASE.jar
2023-12-05 15:12:36.529  DEBUG [main                          ] - o.s.b.w.e.t.TomcatServletWebServerFactory    [151] : None of the document roots [src/main/webapp, public, static] point to a directory and will be ignored.
2023-12-05 15:12:36.563  INFO  [main                          ] - o.s.boot.web.embedded.tomcat.TomcatWebServer [90] : Tomcat initialized with port(s): 8080 (http)
2023-12-05 15:12:36.582  INFO  [main                          ] - org.apache.coyote.http11.Http11NioProtocol   [173] : Initializing ProtocolHandler ["http-nio-8080"]
2023-12-05 15:12:36.599  INFO  [main                          ] - org.apache.catalina.core.StandardService     [173] : Starting service [Tomcat]
2023-12-05 15:12:36.599  INFO  [main                          ] - org.apache.catalina.core.StandardEngine      [173] : Starting Servlet engine: [Apache Tomcat/9.0.19]
2023-12-05 15:12:36.782  INFO  [main                          ] - o.a.c.c.C.[Tomcat].[localhost].[/]           [173] : Initializing Spring embedded WebApplicationContext
2023-12-05 15:12:36.782  DEBUG [main                          ] - o.springframework.web.context.ContextLoader  [288] : Published root WebApplicationContext as ServletContext attribute with name [org.springframework.web.context.WebApplicationContext.ROOT]
2023-12-05 15:12:36.782  INFO  [main                          ] - o.springframework.web.context.ContextLoader  [296] : Root WebApplicationContext: initialization completed in 2579 ms
2023-12-05 15:12:36.789  DEBUG [main                          ] - o.s.b.f.support.DefaultListableBeanFactory   [213] : Creating shared instance of singleton bean 'requestContextFilter'
2023-12-05 15:12:36.791  DEBUG [main                          ] - o.s.b.f.support.DefaultListableBeanFactory   [213] : Creating shared instance of singleton bean 'hiddenHttpMethodFilter'
2023-12-05 15:12:36.791  DEBUG [main                          ] - o.s.b.f.support.DefaultListableBeanFactory   [213] : Creating shared instance of singleton bean 'org.springframework.boot.autoconfigure.web.servlet.WebMvcAutoConfiguration'
2023-12-05 15:12:36.798  DEBUG [main                          ] - o.s.b.f.support.DefaultListableBeanFactory   [213] : Creating shared instance of singleton bean 'formContentFilter'
2023-12-05 15:12:36.801  DEBUG [main                          ] - o.s.b.f.support.DefaultListableBeanFactory   [213] : Creating shared instance of singleton bean 'characterEncodingFilter'
