2023-12-05 08:26:16.827  DEBUG [http-nio-8080-exec-1          ] - o.s.web.servlet.DispatcherServlet            [1100] : Failed to complete request: java.lang.NullPointerException
2023-12-05 08:26:16.837  ERROR [http-nio-8080-exec-1          ] - o.a.c.c.C.[.[.[/].[dispatcherServlet]        [175] : Servlet.service() for servlet [dispatcherServlet] in context with path [] threw exception [Request processing failed; nested exception is java.lang.NullPointerException] with root cause
java.lang.NullPointerException: null
	at com.example.demo.test.testSpring.seletAll(testSpring.java:25)
	at com.example.demo.test.impl.TestserviceImpl.selectAll(TestserviceImpl.java:24)
	at com.example.demo.test.controller.TestController.selectAll(TestController.java:38)
	at sun.reflect.NativeMethodAccessorImpl.invoke0(Native Method)
	at sun.reflect.NativeMethodAccessorImpl.invoke(NativeMethodAccessorImpl.java:62)
	at sun.reflect.DelegatingMethodAccessorImpl.invoke(DelegatingMethodAccessorImpl.java:43)
	at java.lang.reflect.Method.invoke(Method.java:498)
	at org.springframework.web.method.support.InvocableHandlerMethod.doInvoke(InvocableHandlerMethod.java:190)
	at org.springframework.web.method.support.InvocableHandlerMethod.invokeForRequest(InvocableHandlerMethod.java:138)
	at org.springframework.web.servlet.mvc.method.annotation.ServletInvocableHandlerMethod.invokeAndHandle(ServletInvocableHandlerMethod.java:104)
	at org.springframework.web.servlet.mvc.method.annotation.RequestMappingHandlerAdapter.invokeHandlerMethod(RequestMappingHandlerAdapter.java:892)
	at org.springframework.web.servlet.mvc.method.annotation.RequestMappingHandlerAdapter.handleInternal(RequestMappingHandlerAdapter.java:797)
	at org.springframework.web.servlet.mvc.method.AbstractHandlerMethodAdapter.handle(AbstractHandlerMethodAdapter.java:87)
	at org.springframework.web.servlet.DispatcherServlet.doDispatch(DispatcherServlet.java:1039)
	at org.springframework.web.servlet.DispatcherServlet.doService(DispatcherServlet.java:942)
	at org.springframework.web.servlet.FrameworkServlet.processRequest(FrameworkServlet.java:1005)
	at org.springframework.web.servlet.FrameworkServlet.doGet(FrameworkServlet.java:897)
	at javax.servlet.http.HttpServlet.service(HttpServlet.java:634)
	at org.springframework.web.servlet.FrameworkServlet.service(FrameworkServlet.java:882)
	at javax.servlet.http.HttpServlet.service(HttpServlet.java:741)
	at org.apache.catalina.core.ApplicationFilterChain.internalDoFilter(ApplicationFilterChain.java:231)
	at org.apache.catalina.core.ApplicationFilterChain.doFilter(ApplicationFilterChain.java:166)
	at org.apache.tomcat.websocket.server.WsFilter.doFilter(WsFilter.java:53)
	at org.apache.catalina.core.ApplicationFilterChain.internalDoFilter(ApplicationFilterChain.java:193)
	at org.apache.catalina.core.ApplicationFilterChain.doFilter(ApplicationFilterChain.java:166)
	at org.springframework.web.filter.RequestContextFilter.doFilterInternal(RequestContextFilter.java:99)
	at org.springframework.web.filter.OncePerRequestFilter.doFilter(OncePerRequestFilter.java:107)
	at org.apache.catalina.core.ApplicationFilterChain.internalDoFilter(ApplicationFilterChain.java:193)
	at org.apache.catalina.core.ApplicationFilterChain.doFilter(ApplicationFilterChain.java:166)
	at org.springframework.web.filter.FormContentFilter.doFilterInternal(FormContentFilter.java:92)
	at org.springframework.web.filter.OncePerRequestFilter.doFilter(OncePerRequestFilter.java:107)
	at org.apache.catalina.core.ApplicationFilterChain.internalDoFilter(ApplicationFilterChain.java:193)
	at org.apache.catalina.core.ApplicationFilterChain.doFilter(ApplicationFilterChain.java:166)
	at org.springframework.web.filter.HiddenHttpMethodFilter.doFilterInternal(HiddenHttpMethodFilter.java:93)
	at org.springframework.web.filter.OncePerRequestFilter.doFilter(OncePerRequestFilter.java:107)
	at org.apache.catalina.core.ApplicationFilterChain.internalDoFilter(ApplicationFilterChain.java:193)
	at org.apache.catalina.core.ApplicationFilterChain.doFilter(ApplicationFilterChain.java:166)
	at org.springframework.web.filter.CharacterEncodingFilter.doFilterInternal(CharacterEncodingFilter.java:200)
	at org.springframework.web.filter.OncePerRequestFilter.doFilter(OncePerRequestFilter.java:107)
	at org.apache.catalina.core.ApplicationFilterChain.internalDoFilter(ApplicationFilterChain.java:193)
	at org.apache.catalina.core.ApplicationFilterChain.doFilter(ApplicationFilterChain.java:166)
	at org.apache.catalina.core.StandardWrapperValve.invoke(StandardWrapperValve.java:200)
	at org.apache.catalina.core.StandardContextValve.invoke(StandardContextValve.java:96)
	at org.apache.catalina.authenticator.AuthenticatorBase.invoke(AuthenticatorBase.java:490)
	at org.apache.catalina.core.StandardHostValve.invoke(StandardHostValve.java:139)
	at org.apache.catalina.valves.ErrorReportValve.invoke(ErrorReportValve.java:92)
	at org.apache.catalina.core.StandardEngineValve.invoke(StandardEngineValve.java:74)
	at org.apache.catalina.connector.CoyoteAdapter.service(CoyoteAdapter.java:343)
	at org.apache.coyote.http11.Http11Processor.service(Http11Processor.java:408)
	at org.apache.coyote.AbstractProcessorLight.process(AbstractProcessorLight.java:66)
	at org.apache.coyote.AbstractProtocol$ConnectionHandler.process(AbstractProtocol.java:836)
	at org.apache.tomcat.util.net.NioEndpoint$SocketProcessor.doRun(NioEndpoint.java:1747)
	at org.apache.tomcat.util.net.SocketProcessorBase.run(SocketProcessorBase.java:49)
	at java.util.concurrent.ThreadPoolExecutor.runWorker(ThreadPoolExecutor.java:1149)
	at java.util.concurrent.ThreadPoolExecutor$Worker.run(ThreadPoolExecutor.java:624)
	at org.apache.tomcat.util.threads.TaskThread$WrappingRunnable.run(TaskThread.java:61)
	at java.lang.Thread.run(Thread.java:750)
2023-12-05 08:26:16.844  DEBUG [http-nio-8080-exec-1          ] - o.s.web.servlet.DispatcherServlet            [91] : "ERROR" dispatch for GET "/error", parameters={}
2023-12-05 08:26:16.847  DEBUG [http-nio-8080-exec-1          ] - o.s.w.s.m.m.a.RequestMappingHandlerMapping   [420] : Mapped to public org.springframework.http.ResponseEntity<java.util.Map<java.lang.String, java.lang.Object>> org.springframework.boot.autoconfigure.web.servlet.error.BasicErrorController.error(javax.servlet.http.HttpServletRequest)
2023-12-05 08:26:16.867  DEBUG [Thread-3                      ] - ationConfigServletWebServerApplicationContext[1002] : Closing org.springframework.boot.web.servlet.context.AnnotationConfigServletWebServerApplicationContext@4ebff610, started on Tue Dec 05 08:22:12 CST 2023
2023-12-05 08:26:16.870  DEBUG [Thread-3                      ] - o.s.j.e.annotation.AnnotationMBeanExporter   [451] : Unregistering JMX-exposed beans on shutdown
2023-12-05 08:26:16.870  DEBUG [Thread-3                      ] - o.s.j.e.annotation.AnnotationMBeanExporter   [185] : Unregistering JMX-exposed beans
2023-12-05 08:26:16.871  INFO  [Thread-3                      ] - o.s.s.concurrent.ThreadPoolTaskExecutor      [208] : Shutting down ExecutorService 'applicationTaskExecutor'
2023-12-05 08:26:16.876  DEBUG [http-nio-8080-exec-1          ] - o.s.w.s.m.m.a.HttpEntityMethodProcessor      [268] : Using 'application/json', given [*/*] and supported [application/json, application/*+json, application/json, application/*+json]
2023-12-05 08:26:16.877  DEBUG [http-nio-8080-exec-1          ] - o.s.w.s.m.m.a.HttpEntityMethodProcessor      [91] : Writing [{timestamp=Tue Dec 05 08:26:16 CST 2023, status=500, error=Internal Server Error, message=No message (truncated)...]
2023-12-05 08:26:16.952  DEBUG [http-nio-8080-exec-1          ] - o.s.web.servlet.DispatcherServlet            [1126] : Exiting from "ERROR" dispatch, status 500
2023-12-05 08:26:22.598  DEBUG [main                          ] - o.s.b.c.l.ClasspathLoggingApplicationListener[53] : Application started with classpath: [file:/D:/java8/jre/lib/charsets.jar, file:/D:/java8/jre/lib/deploy.jar, file:/D:/java8/jre/lib/ext/access-bridge-64.jar, file:/D:/java8/jre/lib/ext/cldrdata.jar, file:/D:/java8/jre/lib/ext/dnsns.jar, file:/D:/java8/jre/lib/ext/jaccess.jar, file:/D:/java8/jre/lib/ext/jfxrt.jar, file:/D:/java8/jre/lib/ext/localedata.jar, file:/D:/java8/jre/lib/ext/nashorn.jar, file:/D:/java8/jre/lib/ext/sunec.jar, file:/D:/java8/jre/lib/ext/sunjce_provider.jar, file:/D:/java8/jre/lib/ext/sunmscapi.jar, file:/D:/java8/jre/lib/ext/sunpkcs11.jar, file:/D:/java8/jre/lib/ext/zipfs.jar, file:/D:/java8/jre/lib/javaws.jar, file:/D:/java8/jre/lib/jce.jar, file:/D:/java8/jre/lib/jfr.jar, file:/D:/java8/jre/lib/jfxswt.jar, file:/D:/java8/jre/lib/jsse.jar, file:/D:/java8/jre/lib/management-agent.jar, file:/D:/java8/jre/lib/plugin.jar, file:/D:/java8/jre/lib/resources.jar, file:/D:/java8/jre/lib/rt.jar, file:/D:/demo/target/classes/, file:/D:/javalesson/JAVAstudyrespository/org/springframework/boot/spring-boot-starter-web/2.1.10.RELEASE/spring-boot-starter-web-2.1.10.RELEASE.jar, file:/D:/javalesson/JAVAstudyrespository/org/springframework/boot/spring-boot-starter/2.1.5.RELEASE/spring-boot-starter-2.1.5.RELEASE.jar, file:/D:/javalesson/JAVAstudyrespository/org/springframework/boot/spring-boot-starter-logging/2.1.5.RELEASE/spring-boot-starter-logging-2.1.5.RELEASE.jar, file:/D:/javalesson/JAVAstudyrespository/ch/qos/logback/logback-classic/1.2.3/logback-classic-1.2.3.jar, file:/D:/javalesson/JAVAstudyrespository/ch/qos/logback/logback-core/1.2.3/logback-core-1.2.3.jar, file:/D:/javalesson/JAVAstudyrespository/org/apache/logging/log4j/log4j-to-slf4j/2.11.2/log4j-to-slf4j-2.11.2.jar, file:/D:/javalesson/JAVAstudyrespository/org/apache/logging/log4j/log4j-api/2.11.2/log4j-api-2.11.2.jar, file:/D:/javalesson/JAVAstudyrespository/org/slf4j/jul-to-slf4j/1.7.26/jul-to-slf4j-1.7.26.jar, file:/D:/javalesson/JAVAstudyrespository/javax/annotation/javax.annotation-api/1.3.2/javax.annotation-api-1.3.2.jar, file:/D:/javalesson/JAVAstudyrespository/org/yaml/snakeyaml/1.23/snakeyaml-1.23.jar, file:/D:/javalesson/JAVAstudyrespository/org/springframework/boot/spring-boot-starter-json/2.1.5.RELEASE/spring-boot-starter-json-2.1.5.RELEASE.jar, file:/D:/javalesson/JAVAstudyrespository/com/fasterxml/jackson/core/jackson-databind/2.9.8/jackson-databind-2.9.8.jar, file:/D:/javalesson/JAVAstudyrespository/com/fasterxml/jackson/core/jackson-annotations/2.9.0/jackson-annotations-2.9.0.jar, file:/D:/javalesson/JAVAstudyrespository/com/fasterxml/jackson/core/jackson-core/2.9.8/jackson-core-2.9.8.jar, file:/D:/javalesson/JAVAstudyrespository/com/fasterxml/jackson/datatype/jackson-datatype-jdk8/2.9.8/jackson-datatype-jdk8-2.9.8.jar, file:/D:/javalesson/JAVAstudyrespository/com/fasterxml/jackson/datatype/jackson-datatype-jsr310/2.9.8/jackson-datatype-jsr310-2.9.8.jar, file:/D:/javalesson/JAVAstudyrespository/com/fasterxml/jackson/module/jackson-module-parameter-names/2.9.8/jackson-module-parameter-names-2.9.8.jar, file:/D:/javalesson/JAVAstudyrespository/org/springframework/boot/spring-boot-starter-tomcat/2.1.5.RELEASE/spring-boot-starter-tomcat-2.1.5.RELEASE.jar, file:/D:/javalesson/JAVAstudyrespository/org/apache/tomcat/embed/tomcat-embed-core/9.0.19/tomcat-embed-core-9.0.19.jar, file:/D:/javalesson/JAVAstudyrespository/org/apache/tomcat/embed/tomcat-embed-el/9.0.19/tomcat-embed-el-9.0.19.jar, file:/D:/javalesson/JAVAstudyrespository/org/apache/tomcat/embed/tomcat-embed-websocket/9.0.19/tomcat-embed-websocket-9.0.19.jar, file:/D:/javalesson/JAVAstudyrespository/org/hibernate/validator/hibernate-validator/6.0.16.Final/hibernate-validator-6.0.16.Final.jar, file:/D:/javalesson/JAVAstudyrespository/javax/validation/validation-api/2.0.1.Final/validation-api-2.0.1.Final.jar, file:/D:/javalesson/JAVAstudyrespository/org/jboss/logging/jboss-logging/3.3.2.Final/jboss-logging-3.3.2.Final.jar, file:/D:/javalesson/JAVAstudyrespository/com/fasterxml/classmate/1.4.0/classmate-1.4.0.jar, file:/D:/javalesson/JAVAstudyrespository/org/springframework/spring-web/5.1.7.RELEASE/spring-web-5.1.7.RELEASE.jar, file:/D:/javalesson/JAVAstudyrespository/org/springframework/spring-beans/5.1.7.RELEASE/spring-beans-5.1.7.RELEASE.jar, file:/D:/javalesson/JAVAstudyrespository/org/springframework/spring-webmvc/5.1.7.RELEASE/spring-webmvc-5.1.7.RELEASE.jar, file:/D:/javalesson/JAVAstudyrespository/org/springframework/spring-aop/5.1.7.RELEASE/spring-aop-5.1.7.RELEASE.jar, file:/D:/javalesson/JAVAstudyrespository/org/springframework/spring-expression/5.1.7.RELEASE/spring-expression-5.1.7.RELEASE.jar, file:/D:/javalesson/JAVAstudyrespository/org/slf4j/slf4j-api/1.7.26/slf4j-api-1.7.26.jar, file:/D:/javalesson/JAVAstudyrespository/org/springframework/spring-core/5.1.7.RELEASE/spring-core-5.1.7.RELEASE.jar, file:/D:/javalesson/JAVAstudyrespository/org/springframework/spring-jcl/5.1.7.RELEASE/spring-jcl-5.1.7.RELEASE.jar, file:/D:/javalesson/JAVAstudyrespository/org/springframework/boot/spring-boot/2.1.5.RELEASE/spring-boot-2.1.5.RELEASE.jar, file:/D:/javalesson/JAVAstudyrespository/org/springframework/spring-context/5.1.7.RELEASE/spring-context-5.1.7.RELEASE.jar, file:/D:/javalesson/JAVAstudyrespository/com/baomidou/mybatis-plus-boot-starter/3.4.3/mybatis-plus-boot-starter-3.4.3.jar, file:/D:/javalesson/JAVAstudyrespository/com/baomidou/mybatis-plus/3.4.3/mybatis-plus-3.4.3.jar, file:/D:/javalesson/JAVAstudyrespository/com/baomidou/mybatis-plus-extension/3.4.3/mybatis-plus-extension-3.4.3.jar, file:/D:/javalesson/JAVAstudyrespository/com/baomidou/mybatis-plus-core/3.4.3/mybatis-plus-core-3.4.3.jar, file:/D:/javalesson/JAVAstudyrespository/com/baomidou/mybatis-plus-annotation/3.4.3/mybatis-plus-annotation-3.4.3.jar, file:/D:/javalesson/JAVAstudyrespository/com/github/jsqlparser/jsqlparser/4.0/jsqlparser-4.0.jar, file:/D:/javalesson/JAVAstudyrespository/org/mybatis/mybatis/3.5.7/mybatis-3.5.7.jar, file:/D:/javalesson/JAVAstudyrespository/org/mybatis/mybatis-spring/2.0.6/mybatis-spring-2.0.6.jar, file:/D:/javalesson/JAVAstudyrespository/org/springframework/boot/spring-boot-autoconfigure/2.1.5.RELEASE/spring-boot-autoconfigure-2.1.5.RELEASE.jar, file:/D:/javalesson/JAVAstudyrespository/org/springframework/boot/spring-boot-starter-jdbc/2.1.5.RELEASE/spring-boot-starter-jdbc-2.1.5.RELEASE.jar, file:/D:/javalesson/JAVAstudyrespository/com/zaxxer/HikariCP/3.2.0/HikariCP-3.2.0.jar, file:/D:/javalesson/JAVAstudyrespository/org/springframework/spring-jdbc/5.1.7.RELEASE/spring-jdbc-5.1.7.RELEASE.jar, file:/D:/javalesson/JAVAstudyrespository/org/springframework/spring-tx/5.1.7.RELEASE/spring-tx-5.1.7.RELEASE.jar, file:/D:/javalesson/JAVAstudyrespository/com/github/yulichang/mybatis-plus-join/1.1.8.beta2/mybatis-plus-join-1.1.8.beta2.jar, file:/D:/javalesson/JAVAstudyrespository/org/mybatis/generator/mybatis-generator-core/1.3.7/mybatis-generator-core-1.3.7.jar, file:/D:/javalesson/JAVAstudyrespository/org/apache/httpcomponents/httpclient/4.5.13/httpclient-4.5.13.jar, file:/D:/javalesson/JAVAstudyrespository/commons-codec/commons-codec/1.11/commons-codec-1.11.jar, file:/D:/javalesson/JAVAstudyrespository/org/apache/httpcomponents/httpcore/4.4.10/httpcore-4.4.10.jar, file:/D:/javalesson/JAVAstudyrespository/org/apache/httpcomponents/httpmime/4.5.6/httpmime-4.5.6.jar, file:/D:/javalesson/JAVAstudyrespository/com/oracle/ojdbc6/11.2.0.3/ojdbc6-11.2.0.3.jar, file:/D:/IntelliJ%20IDEA%20Community%20Edition%202021.3.1/lib/idea_rt.jar]
2023-12-05 08:26:22.784  DEBUG [main                          ] - o.s.core.env.PropertySourcesPropertyResolver [115] : Found key 'spring.application.name' in PropertySource 'configurationProperties' with value of type String
2023-12-05 08:26:22.796  INFO  [main                          ] - com.example.demo.test.DemoApplication             [50] : Starting com.example.demo.test.DemoApplication on WINDOWS-871MNR0 with PID 12896 (D:\demo\target\classes started by EDY in D:\demo)
2023-12-05 08:26:22.796  DEBUG [main                          ] - com.example.demo.test.DemoApplication             [53] : Running with Spring Boot v2.1.5.RELEASE, Spring v5.1.7.RELEASE
2023-12-05 08:26:22.798  INFO  [main                          ] - com.example.demo.test.DemoApplication             [675] : No active profile set, falling back to default profiles: default
2023-12-05 08:26:22.798  DEBUG [main                          ] - org.springframework.boot.SpringApplication   [703] : Loading source class com.example.demo.test.DemoApplication
2023-12-05 08:26:22.881  DEBUG [main                          ] - o.s.b.c.config.ConfigFileApplicationListener [224] : Loaded config file 'file:/D:/demo/target/classes/application.properties' (classpath:/application.properties)
2023-12-05 08:26:22.883  DEBUG [main                          ] - ationConfigServletWebServerApplicationContext[594] : Refreshing org.springframework.boot.web.servlet.context.AnnotationConfigServletWebServerApplicationContext@3d74bf60
2023-12-05 08:26:22.925  DEBUG [main                          ] - o.s.b.f.support.DefaultListableBeanFactory   [213] : Creating shared instance of singleton bean 'org.springframework.context.annotation.internalConfigurationAnnotationProcessor'
2023-12-05 08:26:23.009  DEBUG [main                          ] - o.s.b.f.support.DefaultListableBeanFactory   [213] : Creating shared instance of singleton bean 'org.springframework.boot.autoconfigure.internalCachingMetadataReaderFactory'
2023-12-05 08:26:23.160  DEBUG [main                          ] - o.s.c.a.ClassPathBeanDefinitionScanner       [437] : Identified candidate component class: file [D:\demo\target\classes\com\example\demo\test\TestController.class]
2023-12-05 08:26:23.163  DEBUG [main                          ] - o.s.c.a.ClassPathBeanDefinitionScanner       [443] : Ignored because not a concrete top-level class: file [D:\demo\target\classes\com\example\demo\test\impl\Testservice.class]
2023-12-05 08:26:23.165  DEBUG [main                          ] - o.s.c.a.ClassPathBeanDefinitionScanner       [437] : Identified candidate component class: file [D:\demo\target\classes\com\example\demo\test\impl\TestserviceImpl.class]
2023-12-05 08:26:23.166  DEBUG [main                          ] - o.s.c.a.ClassPathBeanDefinitionScanner       [437] : Identified candidate component class: file [D:\demo\target\classes\com\example\demo\test\testSpring.class]
