2023-12-05 09:05:26.125  DEBUG [main                          ] - o.s.b.f.support.DefaultListableBeanFactory   [213] : Creating shared instance of singleton bean 'org.springframework.boot.autoconfigure.web.servlet.WebMvcAutoConfiguration$WebMvcAutoConfigurationAdapter'
2023-12-05 09:05:26.128  DEBUG [main                          ] - s.c.LocalVariableTableParameterNameDiscoverer[108] : Cannot find '.class' file for class [class org.springframework.boot.autoconfigure.web.servlet.WebMvcAutoConfiguration$WebMvcAutoConfigurationAdapter$$EnhancerBySpringCGLIB$$acd952ac] - unable to determine constructor/method parameter names
2023-12-05 09:05:26.129  DEBUG [main                          ] - o.s.b.f.support.DefaultListableBeanFactory   [777] : Autowiring by type from bean name 'org.springframework.boot.autoconfigure.web.servlet.WebMvcAutoConfiguration$WebMvcAutoConfigurationAdapter' via constructor to bean named 'spring.resources-org.springframework.boot.autoconfigure.web.ResourceProperties'
2023-12-05 09:05:26.130  DEBUG [main                          ] - o.s.b.f.support.DefaultListableBeanFactory   [777] : Autowiring by type from bean name 'org.springframework.boot.autoconfigure.web.servlet.WebMvcAutoConfiguration$WebMvcAutoConfigurationAdapter' via constructor to bean named 'spring.mvc-org.springframework.boot.autoconfigure.web.servlet.WebMvcProperties'
2023-12-05 09:05:26.130  DEBUG [main                          ] - o.s.b.f.support.DefaultListableBeanFactory   [777] : Autowiring by type from bean name 'org.springframework.boot.autoconfigure.web.servlet.WebMvcAutoConfiguration$WebMvcAutoConfigurationAdapter' via constructor to bean named 'org.springframework.beans.factory.support.DefaultListableBeanFactory@20f5239f'
2023-12-05 09:05:26.134  DEBUG [main                          ] - o.s.b.f.support.DefaultListableBeanFactory   [213] : Creating shared instance of singleton bean 'requestMappingHandlerAdapter'
2023-12-05 09:05:26.156  DEBUG [main                          ] - o.s.b.f.support.DefaultListableBeanFactory   [213] : Creating shared instance of singleton bean 'mvcContentNegotiationManager'
2023-12-05 09:05:26.160  DEBUG [main                          ] - o.s.b.f.support.DefaultListableBeanFactory   [213] : Creating shared instance of singleton bean 'messageConverters'
2023-12-05 09:05:26.160  DEBUG [main                          ] - o.s.b.f.support.DefaultListableBeanFactory   [213] : Creating shared instance of singleton bean 'org.springframework.boot.autoconfigure.http.HttpMessageConvertersAutoConfiguration'
2023-12-05 09:05:26.161  DEBUG [main                          ] - s.c.LocalVariableTableParameterNameDiscoverer[108] : Cannot find '.class' file for class [class org.springframework.boot.autoconfigure.http.HttpMessageConvertersAutoConfiguration$$EnhancerBySpringCGLIB$$ba1c02db] - unable to determine constructor/method parameter names
2023-12-05 09:05:26.166  DEBUG [main                          ] - o.s.b.f.support.DefaultListableBeanFactory   [213] : Creating shared instance of singleton bean 'stringHttpMessageConverter'
2023-12-05 09:05:26.167  DEBUG [main                          ] - o.s.b.f.support.DefaultListableBeanFactory   [213] : Creating shared instance of singleton bean 'org.springframework.boot.autoconfigure.http.HttpMessageConvertersAutoConfiguration$StringHttpMessageConverterConfiguration'
2023-12-05 09:05:26.167  DEBUG [main                          ] - s.c.LocalVariableTableParameterNameDiscoverer[108] : Cannot find '.class' file for class [class org.springframework.boot.autoconfigure.http.HttpMessageConvertersAutoConfiguration$StringHttpMessageConverterConfiguration$$EnhancerBySpringCGLIB$$ed29c97b] - unable to determine constructor/method parameter names
2023-12-05 09:05:26.169  DEBUG [main                          ] - o.s.b.f.support.DefaultListableBeanFactory   [777] : Autowiring by type from bean name 'org.springframework.boot.autoconfigure.http.HttpMessageConvertersAutoConfiguration$StringHttpMessageConverterConfiguration' via constructor to bean named 'spring.http-org.springframework.boot.autoconfigure.http.HttpProperties'
2023-12-05 09:05:26.182  DEBUG [main                          ] - o.s.b.f.support.DefaultListableBeanFactory   [213] : Creating shared instance of singleton bean 'mappingJackson2HttpMessageConverter'
2023-12-05 09:05:26.183  DEBUG [main                          ] - o.s.b.f.support.DefaultListableBeanFactory   [213] : Creating shared instance of singleton bean 'org.springframework.boot.autoconfigure.http.JacksonHttpMessageConvertersConfiguration$MappingJackson2HttpMessageConverterConfiguration'
2023-12-05 09:05:26.185  DEBUG [main                          ] - o.s.b.f.support.DefaultListableBeanFactory   [213] : Creating shared instance of singleton bean 'jacksonObjectMapper'
2023-12-05 09:05:26.186  DEBUG [main                          ] - o.s.b.f.support.DefaultListableBeanFactory   [213] : Creating shared instance of singleton bean 'org.springframework.boot.autoconfigure.jackson.JacksonAutoConfiguration$JacksonObjectMapperConfiguration'
2023-12-05 09:05:26.188  DEBUG [main                          ] - o.s.b.f.support.DefaultListableBeanFactory   [213] : Creating shared instance of singleton bean 'jacksonObjectMapperBuilder'
2023-12-05 09:05:26.189  DEBUG [main                          ] - o.s.b.f.support.DefaultListableBeanFactory   [213] : Creating shared instance of singleton bean 'org.springframework.boot.autoconfigure.jackson.JacksonAutoConfiguration$JacksonObjectMapperBuilderConfiguration'
2023-12-05 09:05:26.190  DEBUG [main                          ] - s.c.LocalVariableTableParameterNameDiscoverer[108] : Cannot find '.class' file for class [class org.springframework.boot.autoconfigure.jackson.JacksonAutoConfiguration$JacksonObjectMapperBuilderConfiguration$$EnhancerBySpringCGLIB$$adc878f1] - unable to determine constructor/method parameter names
2023-12-05 09:05:26.191  DEBUG [main                          ] - o.s.b.f.support.DefaultListableBeanFactory   [777] : Autowiring by type from bean name 'org.springframework.boot.autoconfigure.jackson.JacksonAutoConfiguration$JacksonObjectMapperBuilderConfiguration' via constructor to bean named 'org.springframework.boot.web.servlet.context.AnnotationConfigServletWebServerApplicationContext@35ef1869'
2023-12-05 09:05:26.193  DEBUG [main                          ] - o.s.b.f.support.DefaultListableBeanFactory   [213] : Creating shared instance of singleton bean 'standardJacksonObjectMapperBuilderCustomizer'
2023-12-05 09:05:26.193  DEBUG [main                          ] - o.s.b.f.support.DefaultListableBeanFactory   [213] : Creating shared instance of singleton bean 'org.springframework.boot.autoconfigure.jackson.JacksonAutoConfiguration$Jackson2ObjectMapperBuilderCustomizerConfiguration'
2023-12-05 09:05:26.195  DEBUG [main                          ] - o.s.b.f.support.DefaultListableBeanFactory   [213] : Creating shared instance of singleton bean 'spring.jackson-org.springframework.boot.autoconfigure.jackson.JacksonProperties'
2023-12-05 09:05:26.197  DEBUG [main                          ] - o.s.b.f.support.DefaultListableBeanFactory   [777] : Autowiring by type from bean name 'standardJacksonObjectMapperBuilderCustomizer' via factory method to bean named 'org.springframework.boot.web.servlet.context.AnnotationConfigServletWebServerApplicationContext@35ef1869'
2023-12-05 09:05:26.198  DEBUG [main                          ] - o.s.b.f.support.DefaultListableBeanFactory   [777] : Autowiring by type from bean name 'standardJacksonObjectMapperBuilderCustomizer' via factory method to bean named 'spring.jackson-org.springframework.boot.autoconfigure.jackson.JacksonProperties'
2023-12-05 09:05:26.201  DEBUG [main                          ] - o.s.b.f.support.DefaultListableBeanFactory   [777] : Autowiring by type from bean name 'jacksonObjectMapperBuilder' via factory method to bean named 'standardJacksonObjectMapperBuilderCustomizer'
2023-12-05 09:05:26.206  DEBUG [main                          ] - o.s.b.f.support.DefaultListableBeanFactory   [213] : Creating shared instance of singleton bean 'parameterNamesModule'
2023-12-05 09:05:26.206  DEBUG [main                          ] - o.s.b.f.support.DefaultListableBeanFactory   [213] : Creating shared instance of singleton bean 'org.springframework.boot.autoconfigure.jackson.JacksonAutoConfiguration$ParameterNamesModuleConfiguration'
2023-12-05 09:05:26.220  DEBUG [main                          ] - o.s.b.f.support.DefaultListableBeanFactory   [213] : Creating shared instance of singleton bean 'jsonComponentModule'
2023-12-05 09:05:26.221  DEBUG [main                          ] - o.s.b.f.support.DefaultListableBeanFactory   [213] : Creating shared instance of singleton bean 'org.springframework.boot.autoconfigure.jackson.JacksonAutoConfiguration'
2023-12-05 09:05:26.238  DEBUG [main                          ] - o.s.b.f.support.DefaultListableBeanFactory   [777] : Autowiring by type from bean name 'jacksonObjectMapper' via factory method to bean named 'jacksonObjectMapperBuilder'
2023-12-05 09:05:26.270  DEBUG [main                          ] - o.s.b.f.support.DefaultListableBeanFactory   [777] : Autowiring by type from bean name 'mappingJackson2HttpMessageConverter' via factory method to bean named 'jacksonObjectMapper'
2023-12-05 09:05:26.288  DEBUG [main                          ] - o.s.b.f.support.DefaultListableBeanFactory   [213] : Creating shared instance of singleton bean 'mvcConversionService'
2023-12-05 09:05:26.293  DEBUG [main                          ] - o.s.b.f.support.DefaultListableBeanFactory   [213] : Creating shared instance of singleton bean 'mvcValidator'
2023-12-05 09:05:26.299  DEBUG [main                          ] - o.s.b.f.support.DefaultListableBeanFactory   [213] : Creating shared instance of singleton bean 'applicationTaskExecutor'
2023-12-05 09:05:26.300  DEBUG [main                          ] - o.s.b.f.support.DefaultListableBeanFactory   [777] : Autowiring by type from bean name 'applicationTaskExecutor' via factory method to bean named 'taskExecutorBuilder'
2023-12-05 09:05:26.306  INFO  [main                          ] - o.s.s.concurrent.ThreadPoolTaskExecutor      [171] : Initializing ExecutorService 'applicationTaskExecutor'
2023-12-05 09:05:26.321  DEBUG [main                          ] - o.s.w.s.m.m.a.RequestMappingHandlerAdapter   [619] : ControllerAdvice beans: 0 @ModelAttribute, 0 @InitBinder, 1 RequestBodyAdvice, 1 ResponseBodyAdvice
2023-12-05 09:05:26.361  DEBUG [main                          ] - o.s.b.f.support.DefaultListableBeanFactory   [213] : Creating shared instance of singleton bean 'requestMappingHandlerMapping'
2023-12-05 09:05:26.370  DEBUG [main                          ] - o.s.b.f.support.DefaultListableBeanFactory   [213] : Creating shared instance of singleton bean 'mvcResourceUrlProvider'
2023-12-05 09:05:26.418  DEBUG [main                          ] - o.s.w.s.m.m.a.RequestMappingHandlerMapping   [350] : 4 mappings in 'requestMappingHandlerMapping'
2023-12-05 09:05:26.420  DEBUG [main                          ] - o.s.b.f.support.DefaultListableBeanFactory   [213] : Creating shared instance of singleton bean 'mvcPathMatcher'
2023-12-05 09:05:26.421  DEBUG [main                          ] - o.s.b.f.support.DefaultListableBeanFactory   [213] : Creating shared instance of singleton bean 'mvcUrlPathHelper'
2023-12-05 09:05:26.423  DEBUG [main                          ] - o.s.b.f.support.DefaultListableBeanFactory   [213] : Creating shared instance of singleton bean 'viewControllerHandlerMapping'
2023-12-05 09:05:26.424  DEBUG [main                          ] - o.s.b.f.support.DefaultListableBeanFactory   [213] : Creating shared instance of singleton bean 'beanNameHandlerMapping'
2023-12-05 09:05:26.429  DEBUG [main                          ] - o.s.b.f.support.DefaultListableBeanFactory   [213] : Creating shared instance of singleton bean 'resourceHandlerMapping'
2023-12-05 09:05:26.440  DEBUG [main                          ] - o.s.w.s.handler.SimpleUrlHandlerMapping      [139] : Patterns [/webjars/**, /**] in 'resourceHandlerMapping'
2023-12-05 09:05:26.441  DEBUG [main                          ] - o.s.b.f.support.DefaultListableBeanFactory   [213] : Creating shared instance of singleton bean 'defaultServletHandlerMapping'
2023-12-05 09:05:26.441  DEBUG [main                          ] - o.s.b.f.support.DefaultListableBeanFactory   [213] : Creating shared instance of singleton bean 'mvcUriComponentsContributor'
2023-12-05 09:05:26.445  DEBUG [main                          ] - o.s.b.f.support.DefaultListableBeanFactory   [213] : Creating shared instance of singleton bean 'httpRequestHandlerAdapter'
2023-12-05 09:05:26.447  DEBUG [main                          ] - o.s.b.f.support.DefaultListableBeanFactory   [213] : Creating shared instance of singleton bean 'simpleControllerHandlerAdapter'
2023-12-05 09:05:26.449  DEBUG [main                          ] - o.s.b.f.support.DefaultListableBeanFactory   [213] : Creating shared instance of singleton bean 'handlerExceptionResolver'
2023-12-05 09:05:26.455  DEBUG [main                          ] - s.w.s.m.m.a.ExceptionHandlerExceptionResolver[302] : ControllerAdvice beans: 0 @ExceptionHandler, 1 ResponseBodyAdvice
2023-12-05 09:05:26.459  DEBUG [main                          ] - o.s.b.f.support.DefaultListableBeanFactory   [213] : Creating shared instance of singleton bean 'mvcViewResolver'
2023-12-05 09:05:26.469  DEBUG [main                          ] - o.s.b.f.support.DefaultListableBeanFactory   [213] : Creating shared instance of singleton bean 'defaultViewResolver'
2023-12-05 09:05:26.484  DEBUG [main                          ] - o.s.b.f.support.DefaultListableBeanFactory   [213] : Creating shared instance of singleton bean 'viewResolver'
2023-12-05 09:05:26.485  DEBUG [main                          ] - o.s.b.f.support.DefaultListableBeanFactory   [777] : Autowiring by type from bean name 'viewResolver' via factory method to bean named 'org.springframework.beans.factory.support.DefaultListableBeanFactory@20f5239f'
2023-12-05 09:05:26.490  DEBUG [main                          ] - o.s.b.f.support.DefaultListableBeanFactory   [213] : Creating shared instance of singleton bean 'welcomePageHandlerMapping'
2023-12-05 09:05:26.492  DEBUG [main                          ] - o.s.b.f.support.DefaultListableBeanFactory   [777] : Autowiring by type from bean name 'welcomePageHandlerMapping' via factory method to bean named 'org.springframework.boot.web.servlet.context.AnnotationConfigServletWebServerApplicationContext@35ef1869'
2023-12-05 09:05:26.500  DEBUG [main                          ] - o.s.b.f.support.DefaultListableBeanFactory   [213] : Creating shared instance of singleton bean 'com.baomidou.mybatisplus.autoconfigure.IdentifierGeneratorAutoConfiguration'
2023-12-05 09:05:26.501  DEBUG [main                          ] - o.s.b.f.support.DefaultListableBeanFactory   [213] : Creating shared instance of singleton bean 'org.springframework.boot.autoconfigure.jdbc.DataSourceJmxConfiguration$Hikari'
2023-12-05 09:05:26.501  DEBUG [main                          ] - s.c.LocalVariableTableParameterNameDiscoverer[108] : Cannot find '.class' file for class [class org.springframework.boot.autoconfigure.jdbc.DataSourceJmxConfiguration$Hikari$$EnhancerBySpringCGLIB$$898c98b1] - unable to determine constructor/method parameter names
