2023-12-05 08:45:42.630  DEBUG [main                          ] - o.s.b.f.support.DefaultListableBeanFactory   [777] : Autowiring by type from bean name 'org.springframework.boot.autoconfigure.web.servlet.MultipartAutoConfiguration' via constructor to bean named 'spring.servlet.multipart-org.springframework.boot.autoconfigure.web.servlet.MultipartProperties'
2023-12-05 08:45:42.655  DEBUG [main                          ] - o.s.b.f.support.DefaultListableBeanFactory   [213] : Creating shared instance of singleton bean 'dispatcherServlet'
2023-12-05 08:45:42.655  DEBUG [main                          ] - o.s.b.f.support.DefaultListableBeanFactory   [213] : Creating shared instance of singleton bean 'org.springframework.boot.autoconfigure.web.servlet.DispatcherServletAutoConfiguration$DispatcherServletConfiguration'
2023-12-05 08:45:42.657  DEBUG [main                          ] - s.c.LocalVariableTableParameterNameDiscoverer[108] : Cannot find '.class' file for class [class org.springframework.boot.autoconfigure.web.servlet.DispatcherServletAutoConfiguration$DispatcherServletConfiguration$$EnhancerBySpringCGLIB$$e26c9330] - unable to determine constructor/method parameter names
2023-12-05 08:45:42.659  DEBUG [main                          ] - o.s.b.f.support.DefaultListableBeanFactory   [777] : Autowiring by type from bean name 'org.springframework.boot.autoconfigure.web.servlet.DispatcherServletAutoConfiguration$DispatcherServletConfiguration' via constructor to bean named 'spring.http-org.springframework.boot.autoconfigure.http.HttpProperties'
2023-12-05 08:45:42.659  DEBUG [main                          ] - o.s.b.f.support.DefaultListableBeanFactory   [777] : Autowiring by type from bean name 'org.springframework.boot.autoconfigure.web.servlet.DispatcherServletAutoConfiguration$DispatcherServletConfiguration' via constructor to bean named 'spring.mvc-org.springframework.boot.autoconfigure.web.servlet.WebMvcProperties'
2023-12-05 08:45:42.690  DEBUG [main                          ] - o.s.b.f.support.DefaultListableBeanFactory   [777] : Autowiring by type from bean name 'dispatcherServletRegistration' via factory method to bean named 'dispatcherServlet'
2023-12-05 08:45:42.705  DEBUG [main                          ] - o.s.b.f.support.DefaultListableBeanFactory   [777] : Autowiring by type from bean name 'org.springframework.boot.autoconfigure.web.servlet.error.ErrorMvcAutoConfiguration' via constructor to bean named 'server-org.springframework.boot.autoconfigure.web.ServerProperties'
2023-12-05 08:45:42.705  DEBUG [main                          ] - o.s.b.f.support.DefaultListableBeanFactory   [777] : Autowiring by type from bean name 'org.springframework.boot.autoconfigure.web.servlet.error.ErrorMvcAutoConfiguration' via constructor to bean named 'dispatcherServletRegistration'
2023-12-05 08:45:42.707  DEBUG [main                          ] - o.s.b.f.support.DefaultListableBeanFactory   [213] : Creating shared instance of singleton bean 'conventionErrorViewResolver'
2023-12-05 08:45:42.707  DEBUG [main                          ] - o.s.b.f.support.DefaultListableBeanFactory   [213] : Creating shared instance of singleton bean 'org.springframework.boot.autoconfigure.web.servlet.error.ErrorMvcAutoConfiguration$DefaultErrorViewResolverConfiguration'
2023-12-05 08:45:42.708  DEBUG [main                          ] - s.c.LocalVariableTableParameterNameDiscoverer[108] : Cannot find '.class' file for class [class org.springframework.boot.autoconfigure.web.servlet.error.ErrorMvcAutoConfiguration$DefaultErrorViewResolverConfiguration$$EnhancerBySpringCGLIB$$d2addd8c] - unable to determine constructor/method parameter names
2023-12-05 08:45:42.711  DEBUG [main                          ] - o.s.b.f.support.DefaultListableBeanFactory   [213] : Creating shared instance of singleton bean 'spring.resources-org.springframework.boot.autoconfigure.web.ResourceProperties'
2023-12-05 08:45:42.728  DEBUG [main                          ] - o.s.b.f.support.DefaultListableBeanFactory   [777] : Autowiring by type from bean name 'org.springframework.boot.autoconfigure.web.servlet.error.ErrorMvcAutoConfiguration$DefaultErrorViewResolverConfiguration' via constructor to bean named 'org.springframework.boot.web.servlet.context.AnnotationConfigServletWebServerApplicationContext@39529185'
2023-12-05 08:45:42.729  DEBUG [main                          ] - o.s.b.f.support.DefaultListableBeanFactory   [777] : Autowiring by type from bean name 'org.springframework.boot.autoconfigure.web.servlet.error.ErrorMvcAutoConfiguration$DefaultErrorViewResolverConfiguration' via constructor to bean named 'spring.resources-org.springframework.boot.autoconfigure.web.ResourceProperties'
2023-12-05 08:45:43.247  DEBUG [main                          ] - o.s.b.w.e.t.TomcatServletWebServerFactory    [82] : Code archive: D:\javalesson\JAVAstudyrespository\org\springframework\boot\spring-boot\2.1.5.RELEASE\spring-boot-2.1.5.RELEASE.jar
2023-12-05 08:45:43.248  DEBUG [main                          ] - o.s.b.w.e.t.TomcatServletWebServerFactory    [126] : Code archive: D:\javalesson\JAVAstudyrespository\org\springframework\boot\spring-boot\2.1.5.RELEASE\spring-boot-2.1.5.RELEASE.jar
2023-12-05 08:45:43.248  DEBUG [main                          ] - o.s.b.w.e.t.TomcatServletWebServerFactory    [151] : None of the document roots [src/main/webapp, public, static] point to a directory and will be ignored.
2023-12-05 08:45:43.287  INFO  [main                          ] - o.s.boot.web.embedded.tomcat.TomcatWebServer [90] : Tomcat initialized with port(s): 8080 (http)
2023-12-05 08:45:43.307  INFO  [main                          ] - org.apache.coyote.http11.Http11NioProtocol   [173] : Initializing ProtocolHandler ["http-nio-8080"]
2023-12-05 08:45:43.322  INFO  [main                          ] - org.apache.catalina.core.StandardService     [173] : Starting service [Tomcat]
2023-12-05 08:45:43.323  INFO  [main                          ] - org.apache.catalina.core.StandardEngine      [173] : Starting Servlet engine: [Apache Tomcat/9.0.19]
