2023-12-05 15:18:29.624  [39mDEBUG[0;39m [[32mmain                          [0;39m] - [34mc.b.mybatisplus.core.MybatisConfiguration    [0;39m[96]: addMappedStatement: sql.OtcDerivativeCounterpartyMapper.deleteByPrimaryKey
2023-12-05 15:18:29.629  [39mDEBUG[0;39m [[32mmain                          [0;39m] - [34mc.b.mybatisplus.core.MybatisConfiguration    [0;39m[96]: addMappedStatement: sql.OtcDerivativeCounterpartyMapper.insert
2023-12-05 15:18:29.630  [39mDEBUG[0;39m [[32mmain                          [0;39m] - [34mc.b.mybatisplus.core.MybatisConfiguration    [0;39m[96]: addMappedStatement: sql.OtcDerivativeCounterpartyMapper.insertSelective
2023-12-05 15:18:29.632  [39mDEBUG[0;39m [[32mmain                          [0;39m] - [34mc.b.mybatisplus.core.MybatisConfiguration    [0;39m[96]: addMappedStatement: sql.OtcDerivativeCounterpartyMapper.updateByPrimaryKeySelective
2023-12-05 15:18:29.634  [39mDEBUG[0;39m [[32mmain                          [0;39m] - [34mc.b.mybatisplus.core.MybatisConfiguration    [0;39m[96]: addMappedStatement: sql.OtcDerivativeCounterpartyMapper.updateByPrimaryKey
2023-12-05 15:18:29.637  [39mDEBUG[0;39m [[32mmain                          [0;39m] - [34mc.b.m.e.spring.MybatisSqlSessionFactoryBean  [0;39m[49]: Parsed mapper file: 'file [D:\demo\target\classes\mapper\OtcDerivativeCounterpartyMapper.xml]'
2023-12-05 15:18:29.649  [39mDEBUG[0;39m [[32mmain                          [0;39m] - [34mc.b.mybatisplus.core.MybatisConfiguration    [0;39m[96]: addMappedStatement: sql.ProcessExpiredRemindMapper.selectByExample
2023-12-05 15:18:29.650  [39mDEBUG[0;39m [[32mmain                          [0;39m] - [34mc.b.mybatisplus.core.MybatisConfiguration    [0;39m[96]: addMappedStatement: sql.ProcessExpiredRemindMapper.selectByPrimaryKey
2023-12-05 15:18:29.651  [39mDEBUG[0;39m [[32mmain                          [0;39m] - [34mc.b.mybatisplus.core.MybatisConfiguration    [0;39m[96]: addMappedStatement: sql.ProcessExpiredRemindMapper.deleteByPrimaryKey
2023-12-05 15:18:29.652  [39mDEBUG[0;39m [[32mmain                          [0;39m] - [34mc.b.mybatisplus.core.MybatisConfiguration    [0;39m[96]: addMappedStatement: sql.ProcessExpiredRemindMapper.insert
2023-12-05 15:18:29.654  [39mDEBUG[0;39m [[32mmain                          [0;39m] - [34mc.b.mybatisplus.core.MybatisConfiguration    [0;39m[96]: addMappedStatement: sql.ProcessExpiredRemindMapper.insertSelective
2023-12-05 15:18:29.655  [39mDEBUG[0;39m [[32mmain                          [0;39m] - [34mc.b.mybatisplus.core.MybatisConfiguration    [0;39m[96]: addMappedStatement: sql.ProcessExpiredRemindMapper.updateByPrimaryKeySelective
2023-12-05 15:18:29.659  [39mDEBUG[0;39m [[32mmain                          [0;39m] - [34mc.b.mybatisplus.core.MybatisConfiguration    [0;39m[96]: addMappedStatement: sql.ProcessExpiredRemindMapper.updateByPrimaryKey
2023-12-05 15:18:29.660  [39mDEBUG[0;39m [[32mmain                          [0;39m] - [34mc.b.m.e.spring.MybatisSqlSessionFactoryBean  [0;39m[49]: Parsed mapper file: 'file [D:\demo\target\classes\mapper\ProcessExpiredRemindMapper.xml]'
2023-12-05 15:18:30.185  [39mDEBUG[0;39m [[32mmain                          [0;39m] - [34mo.s.b.f.support.DefaultListableBeanFactory   [0;39m[213]: Creating shared instance of singleton bean 'sqlSessionTemplate'
2023-12-05 15:18:30.185  [39mDEBUG[0;39m [[32mmain                          [0;39m] - [34mo.s.b.f.support.DefaultListableBeanFactory   [0;39m[777]: Autowiring by type from bean name 'sqlSessionTemplate' via factory method to bean named 'sqlSessionFactory'
2023-12-05 15:18:30.214  [39mDEBUG[0;39m [[32mmain                          [0;39m] - [34mo.s.b.f.support.DefaultListableBeanFactory   [0;39m[213]: Creating shared instance of singleton bean 'org.springframework.boot.autoconfigure.AutoConfigurationPackages'
2023-12-05 15:18:30.215  [39mDEBUG[0;39m [[32mmain                          [0;39m] - [34mo.s.b.f.support.DefaultListableBeanFactory   [0;39m[213]: Creating shared instance of singleton bean 'org.springframework.boot.autoconfigure.context.PropertyPlaceholderAutoConfiguration'
2023-12-05 15:18:30.216  [39mDEBUG[0;39m [[32mmain                          [0;39m] - [34mo.s.b.f.support.DefaultListableBeanFactory   [0;39m[213]: Creating shared instance of singleton bean 'org.springframework.boot.autoconfigure.websocket.servlet.WebSocketServletAutoConfiguration'
2023-12-05 15:18:30.217  [39mDEBUG[0;39m [[32mmain                          [0;39m] - [34mo.s.b.f.support.DefaultListableBeanFactory   [0;39m[213]: Creating shared instance of singleton bean 'org.springframework.boot.autoconfigure.web.servlet.DispatcherServletAutoConfiguration'
2023-12-05 15:18:30.218  [39mDEBUG[0;39m [[32mmain                          [0;39m] - [34mo.s.b.f.support.DefaultListableBeanFactory   [0;39m[213]: Creating shared instance of singleton bean 'org.springframework.boot.autoconfigure.task.TaskExecutionAutoConfiguration'
2023-12-05 15:18:30.218  [39mDEBUG[0;39m [[32mmain                          [0;39m] - [34ms.c.LocalVariableTableParameterNameDiscoverer[0;39m[108]: Cannot find '.class' file for class [class org.springframework.boot.autoconfigure.task.TaskExecutionAutoConfiguration$$EnhancerBySpringCGLIB$$6ceef99e] - unable to determine constructor/method parameter names
2023-12-05 15:18:30.220  [39mDEBUG[0;39m [[32mmain                          [0;39m] - [34mo.s.b.f.support.DefaultListableBeanFactory   [0;39m[213]: Creating shared instance of singleton bean 'spring.task.execution-org.springframework.boot.autoconfigure.task.TaskExecutionProperties'
2023-12-05 15:18:30.221  [39mDEBUG[0;39m [[32mmain                          [0;39m] - [34mo.s.b.f.support.DefaultListableBeanFactory   [0;39m[777]: Autowiring by type from bean name 'org.springframework.boot.autoconfigure.task.TaskExecutionAutoConfiguration' via constructor to bean named 'spring.task.execution-org.springframework.boot.autoconfigure.task.TaskExecutionProperties'
2023-12-05 15:18:30.222  [39mDEBUG[0;39m [[32mmain                          [0;39m] - [34mo.s.b.f.support.DefaultListableBeanFactory   [0;39m[213]: Creating shared instance of singleton bean 'taskExecutorBuilder'
2023-12-05 15:18:30.232  [39mDEBUG[0;39m [[32mmain                          [0;39m] - [34mo.s.b.f.support.DefaultListableBeanFactory   [0;39m[213]: Creating shared instance of singleton bean 'org.springframework.boot.autoconfigure.validation.ValidationAutoConfiguration'
2023-12-05 15:18:30.237  [39mDEBUG[0;39m [[32mmain                          [0;39m] - [34mo.s.b.f.support.DefaultListableBeanFactory   [0;39m[213]: Creating shared instance of singleton bean 'defaultValidator'
2023-12-05 15:18:30.244  [39mDEBUG[0;39m [[32mmain                          [0;39m] - [34mo.h.v.i.engine.resolver.TraversableResolvers [0;39m[60]: Cannot find javax.persistence.Persistence on classpath. Assuming non JPA 2 environment. All properties will per default be traversable.
2023-12-05 15:18:30.246  [39mDEBUG[0;39m [[32mmain                          [0;39m] - [34mo.h.v.m.ResourceBundleMessageInterpolator    [0;39m[89]: Loaded expression factory via original TCCL
2023-12-05 15:18:30.248  [39mDEBUG[0;39m [[32mmain                          [0;39m] - [34mo.h.v.i.engine.resolver.TraversableResolvers [0;39m[60]: Cannot find javax.persistence.Persistence on classpath. Assuming non JPA 2 environment. All properties will per default be traversable.
2023-12-05 15:18:30.249  [39mDEBUG[0;39m [[32mmain                          [0;39m] - [34mo.h.v.internal.engine.ConfigurationImpl      [0;39m[148]: Setting custom MessageInterpolator of type org.springframework.validation.beanvalidation.LocaleContextMessageInterpolator
2023-12-05 15:18:30.250  [39mDEBUG[0;39m [[32mmain                          [0;39m] - [34mo.h.v.internal.engine.ConfigurationImpl      [0;39m[180]: Setting custom ConstraintValidatorFactory of type org.springframework.validation.beanvalidation.SpringConstraintValidatorFactory
2023-12-05 15:18:30.250  [39mDEBUG[0;39m [[32mmain                          [0;39m] - [34mo.h.v.internal.engine.ConfigurationImpl      [0;39m[194]: Setting custom ParameterNameProvider of type org.springframework.validation.beanvalidation.LocalValidatorFactoryBean$1
2023-12-05 15:18:30.252  [39mDEBUG[0;39m [[32mmain                          [0;39m] - [34mo.h.v.internal.xml.config.ValidationXmlParser[0;39m[120]: Trying to load META-INF/validation.xml for XML based Validator configuration.
2023-12-05 15:18:30.252  [39mDEBUG[0;39m [[32mmain                          [0;39m] - [34mo.h.v.i.xml.config.ResourceLoaderHelper      [0;39m[53]: Trying to load META-INF/validation.xml via user class loader
2023-12-05 15:18:30.252  [39mDEBUG[0;39m [[32mmain                          [0;39m] - [34mo.h.v.i.xml.config.ResourceLoaderHelper      [0;39m[60]: Trying to load META-INF/validation.xml via TCCL
2023-12-05 15:18:30.253  [39mDEBUG[0;39m [[32mmain                          [0;39m] - [34mo.h.v.i.xml.config.ResourceLoaderHelper      [0;39m[66]: Trying to load META-INF/validation.xml via Hibernate Validator's class loader
2023-12-05 15:18:30.253  [39mDEBUG[0;39m [[32mmain                          [0;39m] - [34mo.h.v.internal.xml.config.ValidationXmlParser[0;39m[127]: No META-INF/validation.xml found. Using annotation based configuration only.
2023-12-05 15:18:30.258  [39mDEBUG[0;39m [[32mmain                          [0;39m] - [34mo.h.v.internal.engine.ValidatorFactoryImpl   [0;39m[578]: HV000234: Using org.springframework.validation.beanvalidation.LocaleContextMessageInterpolator as ValidatorFactory-scoped message interpolator.
2023-12-05 15:18:30.259  [39mDEBUG[0;39m [[32mmain                          [0;39m] - [34mo.h.v.internal.engine.ValidatorFactoryImpl   [0;39m[579]: HV000234: Using org.hibernate.validator.internal.engine.resolver.TraverseAllTraversableResolver as ValidatorFactory-scoped traversable resolver.
2023-12-05 15:18:30.259  [39mDEBUG[0;39m [[32mmain                          [0;39m] - [34mo.h.v.internal.engine.ValidatorFactoryImpl   [0;39m[580]: HV000234: Using org.hibernate.validator.internal.util.ExecutableParameterNameProvider as ValidatorFactory-scoped parameter name provider.
2023-12-05 15:18:30.259  [39mDEBUG[0;39m [[32mmain                          [0;39m] - [34mo.h.v.internal.engine.ValidatorFactoryImpl   [0;39m[581]: HV000234: Using org.hibernate.validator.internal.engine.DefaultClockProvider as ValidatorFactory-scoped clock provider.
2023-12-05 15:18:30.260  [39mDEBUG[0;39m [[32mmain                          [0;39m] - [34mo.h.v.internal.engine.ValidatorFactoryImpl   [0;39m[582]: HV000234: Using org.hibernate.validator.internal.engine.scripting.DefaultScriptEvaluatorFactory as ValidatorFactory-scoped script evaluator factory.
2023-12-05 15:18:30.261  [39mDEBUG[0;39m [[32mmain                          [0;39m] - [34mo.s.b.f.support.DefaultListableBeanFactory   [0;39m[213]: Creating shared instance of singleton bean 'org.springframework.boot.autoconfigure.web.servlet.error.ErrorMvcAutoConfiguration$WhitelabelErrorViewConfiguration'
2023-12-05 15:18:30.262  [39mDEBUG[0;39m [[32mmain                          [0;39m] - [34mo.s.b.f.support.DefaultListableBeanFactory   [0;39m[213]: Creating shared instance of singleton bean 'error'
2023-12-05 15:18:30.266  [39mDEBUG[0;39m [[32mmain                          [0;39m] - [34mo.s.b.f.support.DefaultListableBeanFactory   [0;39m[213]: Creating shared instance of singleton bean 'beanNameViewResolver'
2023-12-05 15:18:30.269  [39mDEBUG[0;39m [[32mmain                          [0;39m] - [34mo.s.b.f.support.DefaultListableBeanFactory   [0;39m[213]: Creating shared instance of singleton bean 'errorAttributes'
2023-12-05 15:18:30.271  [39mDEBUG[0;39m [[32mmain                          [0;39m] - [34mo.s.b.f.support.DefaultListableBeanFactory   [0;39m[213]: Creating shared instance of singleton bean 'basicErrorController'
2023-12-05 15:18:30.271  [39mDEBUG[0;39m [[32mmain                          [0;39m] - [34mo.s.b.f.support.DefaultListableBeanFactory   [0;39m[777]: Autowiring by type from bean name 'basicErrorController' via factory method to bean named 'errorAttributes'
2023-12-05 15:18:30.275  [39mDEBUG[0;39m [[32mmain                          [0;39m] - [34mo.s.b.f.support.DefaultListableBeanFactory   [0;39m[213]: Creating shared instance of singleton bean 'org.springframework.boot.autoconfigure.web.servlet.WebMvcAutoConfiguration$WebMvcAutoConfigurationAdapter$FaviconConfiguration'
2023-12-05 15:18:30.276  [39mDEBUG[0;39m [[32mmain                          [0;39m] - [34ms.c.LocalVariableTableParameterNameDiscoverer[0;39m[108]: Cannot find '.class' file for class [class org.springframework.boot.autoconfigure.web.servlet.WebMvcAutoConfiguration$WebMvcAutoConfigurationAdapter$FaviconConfiguration$$EnhancerBySpringCGLIB$$aa7d8473] - unable to determine constructor/method parameter names
2023-12-05 15:18:30.277  [39mDEBUG[0;39m [[32mmain                          [0;39m] - [34mo.s.b.f.support.DefaultListableBeanFactory   [0;39m[777]: Autowiring by type from bean name 'org.springframework.boot.autoconfigure.web.servlet.WebMvcAutoConfiguration$WebMvcAutoConfigurationAdapter$FaviconConfiguration' via constructor to bean named 'spring.resources-org.springframework.boot.autoconfigure.web.ResourceProperties'
2023-12-05 15:18:30.278  [39mDEBUG[0;39m [[32mmain                          [0;39m] - [34mo.s.b.f.support.DefaultListableBeanFactory   [0;39m[213]: Creating shared instance of singleton bean 'faviconHandlerMapping'
2023-12-05 15:18:30.286  [39mDEBUG[0;39m [[32mmain                          [0;39m] - [34mo.s.b.f.support.DefaultListableBeanFactory   [0;39m[213]: Creating shared instance of singleton bean 'faviconRequestHandler'
2023-12-05 15:18:30.305  [39mDEBUG[0;39m [[32mmain                          [0;39m] - [34mo.s.w.servlet.handler.SimpleUrlHandlerMapping[0;39m[139]: Patterns [/**/favicon.ico] in 'faviconHandlerMapping'
2023-12-05 15:18:30.305  [39mDEBUG[0;39m [[32mmain                          [0;39m] - [34mo.s.b.f.support.DefaultListableBeanFactory   [0;39m[213]: Creating shared instance of singleton bean 'org.springframework.boot.autoconfigure.web.servlet.WebMvcAutoConfiguration$EnableWebMvcConfiguration'
2023-12-05 15:18:30.306  [39mDEBUG[0;39m [[32mmain                          [0;39m] - [34ms.c.LocalVariableTableParameterNameDiscoverer[0;39m[108]: Cannot find '.class' file for class [class org.springframework.boot.autoconfigure.web.servlet.WebMvcAutoConfiguration$EnableWebMvcConfiguration$$EnhancerBySpringCGLIB$$4c3cb148] - unable to determine constructor/method parameter names
2023-12-05 15:18:30.308  [39mDEBUG[0;39m [[32mmain                          [0;39m] - [34mo.s.b.f.support.DefaultListableBeanFactory   [0;39m[777]: Autowiring by type from bean name 'org.springframework.boot.autoconfigure.web.servlet.WebMvcAutoConfiguration$EnableWebMvcConfiguration' via constructor to bean named 'org.springframework.beans.factory.support.DefaultListableBeanFactory@6b8ca3c8'
2023-12-05 15:18:30.315  [39mDEBUG[0;39m [[32mmain                          [0;39m] - [34mo.s.b.f.support.DefaultListableBeanFactory   [0;39m[213]: Creating shared instance of singleton bean 'org.springframework.boot.autoconfigure.web.servlet.WebMvcAutoConfiguration$WebMvcAutoConfigurationAdapter'
2023-12-05 15:18:30.316  [39mDEBUG[0;39m [[32mmain                          [0;39m] - [34ms.c.LocalVariableTableParameterNameDiscoverer[0;39m[108]: Cannot find '.class' file for class [class org.springframework.boot.autoconfigure.web.servlet.WebMvcAutoConfiguration$WebMvcAutoConfigurationAdapter$$EnhancerBySpringCGLIB$$ee407c2d] - unable to determine constructor/method parameter names
2023-12-05 15:18:30.317  [39mDEBUG[0;39m [[32mmain                          [0;39m] - [34mo.s.b.f.support.DefaultListableBeanFactory   [0;39m[777]: Autowiring by type from bean name 'org.springframework.boot.autoconfigure.web.servlet.WebMvcAutoConfiguration$WebMvcAutoConfigurationAdapter' via constructor to bean named 'spring.resources-org.springframework.boot.autoconfigure.web.ResourceProperties'
2023-12-05 15:18:30.317  [39mDEBUG[0;39m [[32mmain                          [0;39m] - [34mo.s.b.f.support.DefaultListableBeanFactory   [0;39m[777]: Autowiring by type from bean name 'org.springframework.boot.autoconfigure.web.servlet.WebMvcAutoConfiguration$WebMvcAutoConfigurationAdapter' via constructor to bean named 'spring.mvc-org.springframework.boot.autoconfigure.web.servlet.WebMvcProperties'
2023-12-05 15:18:30.317  [39mDEBUG[0;39m [[32mmain                          [0;39m] - [34mo.s.b.f.support.DefaultListableBeanFactory   [0;39m[777]: Autowiring by type from bean name 'org.springframework.boot.autoconfigure.web.servlet.WebMvcAutoConfiguration$WebMvcAutoConfigurationAdapter' via constructor to bean named 'org.springframework.beans.factory.support.DefaultListableBeanFactory@6b8ca3c8'
2023-12-05 15:18:30.318  [39mDEBUG[0;39m [[32mmain                          [0;39m] - [34mo.s.b.f.support.DefaultListableBeanFactory   [0;39m[213]: Creating shared instance of singleton bean 'requestMappingHandlerAdapter'
