2023-12-05 08:20:24.804  DEBUG [main                          ] - o.h.v.i.engine.resolver.TraversableResolvers [60] : Cannot find javax.persistence.Persistence on classpath. Assuming non JPA 2 environment. All properties will per default be traversable.
2023-12-05 08:20:24.809  DEBUG [main                          ] - o.h.v.internal.engine.ConfigurationImpl      [148] : Setting custom MessageInterpolator of type org.springframework.validation.beanvalidation.LocaleContextMessageInterpolator
2023-12-05 08:20:24.810  DEBUG [main                          ] - o.h.v.internal.engine.ConfigurationImpl      [180] : Setting custom ConstraintValidatorFactory of type org.springframework.validation.beanvalidation.SpringConstraintValidatorFactory
2023-12-05 08:20:24.812  DEBUG [main                          ] - o.h.v.internal.engine.ConfigurationImpl      [194] : Setting custom ParameterNameProvider of type org.springframework.validation.beanvalidation.LocalValidatorFactoryBean$1
2023-12-05 08:20:24.813  DEBUG [main                          ] - o.h.v.i.xml.config.ValidationXmlParser       [120] : Trying to load META-INF/validation.xml for XML based Validator configuration.
2023-12-05 08:20:24.814  DEBUG [main                          ] - o.h.v.i.xml.config.ResourceLoaderHelper      [53] : Trying to load META-INF/validation.xml via user class loader
2023-12-05 08:20:24.814  DEBUG [main                          ] - o.h.v.i.xml.config.ResourceLoaderHelper      [60] : Trying to load META-INF/validation.xml via TCCL
2023-12-05 08:20:24.814  DEBUG [main                          ] - o.h.v.i.xml.config.ResourceLoaderHelper      [66] : Trying to load META-INF/validation.xml via Hibernate Validator's class loader
2023-12-05 08:20:24.814  DEBUG [main                          ] - o.h.v.i.xml.config.ValidationXmlParser       [127] : No META-INF/validation.xml found. Using annotation based configuration only.
2023-12-05 08:20:24.819  DEBUG [main                          ] - o.h.v.internal.engine.ValidatorFactoryImpl   [578] : HV000234: Using org.springframework.validation.beanvalidation.LocaleContextMessageInterpolator as ValidatorFactory-scoped message interpolator.
2023-12-05 08:20:24.819  DEBUG [main                          ] - o.h.v.internal.engine.ValidatorFactoryImpl   [579] : HV000234: Using org.hibernate.validator.internal.engine.resolver.TraverseAllTraversableResolver as ValidatorFactory-scoped traversable resolver.
2023-12-05 08:20:24.819  DEBUG [main                          ] - o.h.v.internal.engine.ValidatorFactoryImpl   [580] : HV000234: Using org.hibernate.validator.internal.util.ExecutableParameterNameProvider as ValidatorFactory-scoped parameter name provider.
2023-12-05 08:20:24.820  DEBUG [main                          ] - o.h.v.internal.engine.ValidatorFactoryImpl   [581] : HV000234: Using org.hibernate.validator.internal.engine.DefaultClockProvider as ValidatorFactory-scoped clock provider.
2023-12-05 08:20:24.820  DEBUG [main                          ] - o.h.v.internal.engine.ValidatorFactoryImpl   [582] : HV000234: Using org.hibernate.validator.internal.engine.scripting.DefaultScriptEvaluatorFactory as ValidatorFactory-scoped script evaluator factory.
2023-12-05 08:20:24.822  DEBUG [main                          ] - o.s.b.f.support.DefaultListableBeanFactory   [213] : Creating shared instance of singleton bean 'org.springframework.boot.autoconfigure.web.servlet.error.ErrorMvcAutoConfiguration$WhitelabelErrorViewConfiguration'
2023-12-05 08:20:24.824  DEBUG [main                          ] - o.s.b.f.support.DefaultListableBeanFactory   [213] : Creating shared instance of singleton bean 'error'
2023-12-05 08:20:24.830  DEBUG [main                          ] - o.s.b.f.support.DefaultListableBeanFactory   [213] : Creating shared instance of singleton bean 'beanNameViewResolver'
2023-12-05 08:20:24.832  DEBUG [main                          ] - o.s.b.f.support.DefaultListableBeanFactory   [213] : Creating shared instance of singleton bean 'errorAttributes'
2023-12-05 08:20:24.833  DEBUG [main                          ] - o.s.b.f.support.DefaultListableBeanFactory   [213] : Creating shared instance of singleton bean 'basicErrorController'
2023-12-05 08:20:24.834  DEBUG [main                          ] - o.s.b.f.support.DefaultListableBeanFactory   [777] : Autowiring by type from bean name 'basicErrorController' via factory method to bean named 'errorAttributes'
2023-12-05 08:20:24.837  DEBUG [main                          ] - o.s.b.f.support.DefaultListableBeanFactory   [213] : Creating shared instance of singleton bean 'org.springframework.boot.autoconfigure.web.servlet.WebMvcAutoConfiguration$WebMvcAutoConfigurationAdapter$FaviconConfiguration'
2023-12-05 08:20:24.838  DEBUG [main                          ] - s.c.LocalVariableTableParameterNameDiscoverer[108] : Cannot find '.class' file for class [class org.springframework.boot.autoconfigure.web.servlet.WebMvcAutoConfiguration$WebMvcAutoConfigurationAdapter$FaviconConfiguration$$EnhancerBySpringCGLIB$$5b9b2712] - unable to determine constructor/method parameter names
2023-12-05 08:20:24.838  DEBUG [main                          ] - o.s.b.f.support.DefaultListableBeanFactory   [777] : Autowiring by type from bean name 'org.springframework.boot.autoconfigure.web.servlet.WebMvcAutoConfiguration$WebMvcAutoConfigurationAdapter$FaviconConfiguration' via constructor to bean named 'spring.resources-org.springframework.boot.autoconfigure.web.ResourceProperties'
2023-12-05 08:20:24.839  DEBUG [main                          ] - o.s.b.f.support.DefaultListableBeanFactory   [213] : Creating shared instance of singleton bean 'faviconHandlerMapping'
2023-12-05 08:20:24.846  DEBUG [main                          ] - o.s.b.f.support.DefaultListableBeanFactory   [213] : Creating shared instance of singleton bean 'faviconRequestHandler'
2023-12-05 08:20:24.864  DEBUG [main                          ] - o.s.w.s.handler.SimpleUrlHandlerMapping      [139] : Patterns [/**/favicon.ico] in 'faviconHandlerMapping'
2023-12-05 08:20:24.865  DEBUG [main                          ] - o.s.b.f.support.DefaultListableBeanFactory   [213] : Creating shared instance of singleton bean 'org.springframework.boot.autoconfigure.web.servlet.WebMvcAutoConfiguration$EnableWebMvcConfiguration'
2023-12-05 08:20:24.866  DEBUG [main                          ] - s.c.LocalVariableTableParameterNameDiscoverer[108] : Cannot find '.class' file for class [class org.springframework.boot.autoconfigure.web.servlet.WebMvcAutoConfiguration$EnableWebMvcConfiguration$$EnhancerBySpringCGLIB$$fd5a53e7] - unable to determine constructor/method parameter names
2023-12-05 08:20:24.868  DEBUG [main                          ] - o.s.b.f.support.DefaultListableBeanFactory   [777] : Autowiring by type from bean name 'org.springframework.boot.autoconfigure.web.servlet.WebMvcAutoConfiguration$EnableWebMvcConfiguration' via constructor to bean named 'org.springframework.beans.factory.support.DefaultListableBeanFactory@693fe6c9'
2023-12-05 08:20:24.878  DEBUG [main                          ] - o.s.b.f.support.DefaultListableBeanFactory   [213] : Creating shared instance of singleton bean 'org.springframework.boot.autoconfigure.web.servlet.WebMvcAutoConfiguration$WebMvcAutoConfigurationAdapter'
2023-12-05 08:20:24.879  DEBUG [main                          ] - s.c.LocalVariableTableParameterNameDiscoverer[108] : Cannot find '.class' file for class [class org.springframework.boot.autoconfigure.web.servlet.WebMvcAutoConfiguration$WebMvcAutoConfigurationAdapter$$EnhancerBySpringCGLIB$$9f5e1ecc] - unable to determine constructor/method parameter names
2023-12-05 08:20:24.880  DEBUG [main                          ] - o.s.b.f.support.DefaultListableBeanFactory   [777] : Autowiring by type from bean name 'org.springframework.boot.autoconfigure.web.servlet.WebMvcAutoConfiguration$WebMvcAutoConfigurationAdapter' via constructor to bean named 'spring.resources-org.springframework.boot.autoconfigure.web.ResourceProperties'
