2023-12-05 09:40:37.459  DEBUG [main                          ] - c.b.mybatisplus.core.MybatisConfiguration    [96] : addMappedStatement: sql.CtptyInfoUpdateRecordMapper.insertSelective
2023-12-05 09:40:37.465  DEBUG [main                          ] - c.b.mybatisplus.core.MybatisConfiguration    [96] : addMappedStatement: sql.CtptyInfoUpdateRecordMapper.updateByPrimaryKeySelective
2023-12-05 09:40:37.466  DEBUG [main                          ] - c.b.mybatisplus.core.MybatisConfiguration    [96] : addMappedStatement: sql.CtptyInfoUpdateRecordMapper.updateByPrimaryKey
2023-12-05 09:40:37.468  DEBUG [main                          ] - c.b.m.e.spring.MybatisSqlSessionFactoryBean  [49] : Parsed mapper file: 'file [D:\demo\target\classes\mapper\CtptyInfoUpdateRecordMapper.xml]'
2023-12-05 09:40:37.490  DEBUG [main                          ] - c.b.mybatisplus.core.MybatisConfiguration    [96] : addMappedStatement: sql.OtcDerivativeCounterpartyMapper.selectByPrimaryKey
2023-12-05 09:40:37.492  DEBUG [main                          ] - c.b.mybatisplus.core.MybatisConfiguration    [96] : addMappedStatement: sql.OtcDerivativeCounterpartyMapper.selectAll
2023-12-05 09:40:37.493  DEBUG [main                          ] - c.b.mybatisplus.core.MybatisConfiguration    [96] : addMappedStatement: sql.OtcDerivativeCounterpartyMapper.selectClientbyid
2023-12-05 09:40:37.494  DEBUG [main                          ] - c.b.mybatisplus.core.MybatisConfiguration    [96] : addMappedStatement: sql.OtcDerivativeCounterpartyMapper.deleteByPrimaryKey
2023-12-05 09:40:37.495  DEBUG [main                          ] - c.b.mybatisplus.core.MybatisConfiguration    [96] : addMappedStatement: sql.OtcDerivativeCounterpartyMapper.insert
2023-12-05 09:40:37.497  DEBUG [main                          ] - c.b.mybatisplus.core.MybatisConfiguration    [96] : addMappedStatement: sql.OtcDerivativeCounterpartyMapper.insertSelective
2023-12-05 09:40:37.500  DEBUG [main                          ] - c.b.mybatisplus.core.MybatisConfiguration    [96] : addMappedStatement: sql.OtcDerivativeCounterpartyMapper.updateByPrimaryKeySelective
2023-12-05 09:40:37.504  DEBUG [main                          ] - c.b.mybatisplus.core.MybatisConfiguration    [96] : addMappedStatement: sql.OtcDerivativeCounterpartyMapper.updateByPrimaryKey
2023-12-05 09:40:37.506  DEBUG [main                          ] - c.b.m.e.spring.MybatisSqlSessionFactoryBean  [49] : Parsed mapper file: 'file [D:\demo\target\classes\mapper\OtcDerivativeCounterpartyMapper.xml]'
2023-12-05 09:40:37.524  DEBUG [main                          ] - c.b.mybatisplus.core.MybatisConfiguration    [96] : addMappedStatement: sql.ProcessExpiredRemindMapper.selectByExample
2023-12-05 09:40:37.526  DEBUG [main                          ] - c.b.mybatisplus.core.MybatisConfiguration    [96] : addMappedStatement: sql.ProcessExpiredRemindMapper.selectByPrimaryKey
2023-12-05 09:40:37.528  DEBUG [main                          ] - c.b.mybatisplus.core.MybatisConfiguration    [96] : addMappedStatement: sql.ProcessExpiredRemindMapper.deleteByPrimaryKey
2023-12-05 09:40:37.529  DEBUG [main                          ] - c.b.mybatisplus.core.MybatisConfiguration    [96] : addMappedStatement: sql.ProcessExpiredRemindMapper.insert
2023-12-05 09:40:37.531  DEBUG [main                          ] - c.b.mybatisplus.core.MybatisConfiguration    [96] : addMappedStatement: sql.ProcessExpiredRemindMapper.insertSelective
2023-12-05 09:40:37.532  DEBUG [main                          ] - c.b.mybatisplus.core.MybatisConfiguration    [96] : addMappedStatement: sql.ProcessExpiredRemindMapper.updateByPrimaryKeySelective
2023-12-05 09:40:37.533  DEBUG [main                          ] - c.b.mybatisplus.core.MybatisConfiguration    [96] : addMappedStatement: sql.ProcessExpiredRemindMapper.updateByPrimaryKey
2023-12-05 09:40:37.534  DEBUG [main                          ] - c.b.m.e.spring.MybatisSqlSessionFactoryBean  [49] : Parsed mapper file: 'file [D:\demo\target\classes\mapper\ProcessExpiredRemindMapper.xml]'
2023-12-05 09:40:38.170  DEBUG [main                          ] - o.s.b.f.support.DefaultListableBeanFactory   [213] : Creating shared instance of singleton bean 'sqlSessionTemplate'
2023-12-05 09:40:38.170  DEBUG [main                          ] - o.s.b.f.support.DefaultListableBeanFactory   [777] : Autowiring by type from bean name 'sqlSessionTemplate' via factory method to bean named 'sqlSessionFactory'
2023-12-05 09:40:38.203  DEBUG [main                          ] - o.s.b.f.support.DefaultListableBeanFactory   [213] : Creating shared instance of singleton bean 'org.springframework.boot.autoconfigure.AutoConfigurationPackages'
2023-12-05 09:40:38.204  DEBUG [main                          ] - o.s.b.f.support.DefaultListableBeanFactory   [213] : Creating shared instance of singleton bean 'org.springframework.boot.autoconfigure.context.PropertyPlaceholderAutoConfiguration'
2023-12-05 09:40:38.204  DEBUG [main                          ] - o.s.b.f.support.DefaultListableBeanFactory   [213] : Creating shared instance of singleton bean 'org.springframework.boot.autoconfigure.websocket.servlet.WebSocketServletAutoConfiguration'
2023-12-05 09:40:38.205  DEBUG [main                          ] - o.s.b.f.support.DefaultListableBeanFactory   [213] : Creating shared instance of singleton bean 'org.springframework.boot.autoconfigure.web.servlet.DispatcherServletAutoConfiguration'
2023-12-05 09:40:38.206  DEBUG [main                          ] - o.s.b.f.support.DefaultListableBeanFactory   [213] : Creating shared instance of singleton bean 'org.springframework.boot.autoconfigure.task.TaskExecutionAutoConfiguration'
2023-12-05 09:40:38.206  DEBUG [main                          ] - s.c.LocalVariableTableParameterNameDiscoverer[108] : Cannot find '.class' file for class [class org.springframework.boot.autoconfigure.task.TaskExecutionAutoConfiguration$$EnhancerBySpringCGLIB$$b1df1353] - unable to determine constructor/method parameter names
2023-12-05 09:40:38.208  DEBUG [main                          ] - o.s.b.f.support.DefaultListableBeanFactory   [213] : Creating shared instance of singleton bean 'spring.task.execution-org.springframework.boot.autoconfigure.task.TaskExecutionProperties'
2023-12-05 09:40:38.209  DEBUG [main                          ] - o.s.b.f.support.DefaultListableBeanFactory   [777] : Autowiring by type from bean name 'org.springframework.boot.autoconfigure.task.TaskExecutionAutoConfiguration' via constructor to bean named 'spring.task.execution-org.springframework.boot.autoconfigure.task.TaskExecutionProperties'
2023-12-05 09:40:38.210  DEBUG [main                          ] - o.s.b.f.support.DefaultListableBeanFactory   [213] : Creating shared instance of singleton bean 'taskExecutorBuilder'
2023-12-05 09:40:38.215  DEBUG [main                          ] - o.s.b.f.support.DefaultListableBeanFactory   [213] : Creating shared instance of singleton bean 'org.springframework.boot.autoconfigure.validation.ValidationAutoConfiguration'
2023-12-05 09:40:38.216  DEBUG [main                          ] - o.s.b.f.support.DefaultListableBeanFactory   [213] : Creating shared instance of singleton bean 'defaultValidator'
2023-12-05 09:40:38.222  DEBUG [main                          ] - o.h.v.i.engine.resolver.TraversableResolvers [60] : Cannot find javax.persistence.Persistence on classpath. Assuming non JPA 2 environment. All properties will per default be traversable.
2023-12-05 09:40:38.222  DEBUG [main                          ] - o.h.v.m.ResourceBundleMessageInterpolator    [89] : Loaded expression factory via original TCCL
2023-12-05 09:40:38.225  DEBUG [main                          ] - o.h.v.i.engine.resolver.TraversableResolvers [60] : Cannot find javax.persistence.Persistence on classpath. Assuming non JPA 2 environment. All properties will per default be traversable.
2023-12-05 09:40:38.226  DEBUG [main                          ] - o.h.v.internal.engine.ConfigurationImpl      [148] : Setting custom MessageInterpolator of type org.springframework.validation.beanvalidation.LocaleContextMessageInterpolator
2023-12-05 09:40:38.227  DEBUG [main                          ] - o.h.v.internal.engine.ConfigurationImpl      [180] : Setting custom ConstraintValidatorFactory of type org.springframework.validation.beanvalidation.SpringConstraintValidatorFactory
2023-12-05 09:40:38.228  DEBUG [main                          ] - o.h.v.internal.engine.ConfigurationImpl      [194] : Setting custom ParameterNameProvider of type org.springframework.validation.beanvalidation.LocalValidatorFactoryBean$1
2023-12-05 09:40:38.229  DEBUG [main                          ] - o.h.v.i.xml.config.ValidationXmlParser       [120] : Trying to load META-INF/validation.xml for XML based Validator configuration.
2023-12-05 09:40:38.229  DEBUG [main                          ] - o.h.v.i.xml.config.ResourceLoaderHelper      [53] : Trying to load META-INF/validation.xml via user class loader
2023-12-05 09:40:38.229  DEBUG [main                          ] - o.h.v.i.xml.config.ResourceLoaderHelper      [60] : Trying to load META-INF/validation.xml via TCCL
2023-12-05 09:40:38.229  DEBUG [main                          ] - o.h.v.i.xml.config.ResourceLoaderHelper      [66] : Trying to load META-INF/validation.xml via Hibernate Validator's class loader
2023-12-05 09:40:38.230  DEBUG [main                          ] - o.h.v.i.xml.config.ValidationXmlParser       [127] : No META-INF/validation.xml found. Using annotation based configuration only.
2023-12-05 09:40:38.236  DEBUG [main                          ] - o.h.v.internal.engine.ValidatorFactoryImpl   [578] : HV000234: Using org.springframework.validation.beanvalidation.LocaleContextMessageInterpolator as ValidatorFactory-scoped message interpolator.
2023-12-05 09:40:38.237  DEBUG [main                          ] - o.h.v.internal.engine.ValidatorFactoryImpl   [579] : HV000234: Using org.hibernate.validator.internal.engine.resolver.TraverseAllTraversableResolver as ValidatorFactory-scoped traversable resolver.
2023-12-05 09:40:38.237  DEBUG [main                          ] - o.h.v.internal.engine.ValidatorFactoryImpl   [580] : HV000234: Using org.hibernate.validator.internal.util.ExecutableParameterNameProvider as ValidatorFactory-scoped parameter name provider.
2023-12-05 09:40:38.238  DEBUG [main                          ] - o.h.v.internal.engine.ValidatorFactoryImpl   [581] : HV000234: Using org.hibernate.validator.internal.engine.DefaultClockProvider as ValidatorFactory-scoped clock provider.
2023-12-05 09:40:38.238  DEBUG [main                          ] - o.h.v.internal.engine.ValidatorFactoryImpl   [582] : HV000234: Using org.hibernate.validator.internal.engine.scripting.DefaultScriptEvaluatorFactory as ValidatorFactory-scoped script evaluator factory.
2023-12-05 09:40:38.241  DEBUG [main                          ] - o.s.b.f.support.DefaultListableBeanFactory   [213] : Creating shared instance of singleton bean 'org.springframework.boot.autoconfigure.web.servlet.error.ErrorMvcAutoConfiguration$WhitelabelErrorViewConfiguration'
2023-12-05 09:40:38.242  DEBUG [main                          ] - o.s.b.f.support.DefaultListableBeanFactory   [213] : Creating shared instance of singleton bean 'error'
2023-12-05 09:40:38.245  DEBUG [main                          ] - o.s.b.f.support.DefaultListableBeanFactory   [213] : Creating shared instance of singleton bean 'beanNameViewResolver'
2023-12-05 09:40:38.249  DEBUG [main                          ] - o.s.b.f.support.DefaultListableBeanFactory   [213] : Creating shared instance of singleton bean 'errorAttributes'
2023-12-05 09:40:38.251  DEBUG [main                          ] - o.s.b.f.support.DefaultListableBeanFactory   [213] : Creating shared instance of singleton bean 'basicErrorController'
2023-12-05 09:40:38.251  DEBUG [main                          ] - o.s.b.f.support.DefaultListableBeanFactory   [777] : Autowiring by type from bean name 'basicErrorController' via factory method to bean named 'errorAttributes'
2023-12-05 09:40:38.254  DEBUG [main                          ] - o.s.b.f.support.DefaultListableBeanFactory   [213] : Creating shared instance of singleton bean 'org.springframework.boot.autoconfigure.web.servlet.WebMvcAutoConfiguration$WebMvcAutoConfigurationAdapter$FaviconConfiguration'
2023-12-05 09:40:38.255  DEBUG [main                          ] - s.c.LocalVariableTableParameterNameDiscoverer[108] : Cannot find '.class' file for class [class org.springframework.boot.autoconfigure.web.servlet.WebMvcAutoConfiguration$WebMvcAutoConfigurationAdapter$FaviconConfiguration$$EnhancerBySpringCGLIB$$ef6d9e28] - unable to determine constructor/method parameter names
2023-12-05 09:40:38.256  DEBUG [main                          ] - o.s.b.f.support.DefaultListableBeanFactory   [777] : Autowiring by type from bean name 'org.springframework.boot.autoconfigure.web.servlet.WebMvcAutoConfiguration$WebMvcAutoConfigurationAdapter$FaviconConfiguration' via constructor to bean named 'spring.resources-org.springframework.boot.autoconfigure.web.ResourceProperties'
2023-12-05 09:40:38.257  DEBUG [main                          ] - o.s.b.f.support.DefaultListableBeanFactory   [213] : Creating shared instance of singleton bean 'faviconHandlerMapping'
