2023-12-05 08:54:06.022  DEBUG [main                          ] - c.b.mybatisplus.core.MybatisConfiguration    [96] : addMappedStatement: sql.CounterpartyProdMonitorFlowMapper.insertSelective
2023-12-05 08:54:06.033  DEBUG [main                          ] - c.b.mybatisplus.core.MybatisConfiguration    [96] : addMappedStatement: sql.CounterpartyProdMonitorFlowMapper.updateByPrimaryKeySelective
2023-12-05 08:54:06.035  DEBUG [main                          ] - c.b.mybatisplus.core.MybatisConfiguration    [96] : addMappedStatement: sql.CounterpartyProdMonitorFlowMapper.updateByPrimaryKey
2023-12-05 08:54:06.037  DEBUG [main                          ] - c.b.m.e.spring.MybatisSqlSessionFactoryBean  [49] : Parsed mapper file: 'file [D:\demo\target\classes\mapper\CounterpartyProdMonitorFlowMapper.xml]'
2023-12-05 08:54:06.060  DEBUG [main                          ] - c.b.mybatisplus.core.MybatisConfiguration    [96] : addMappedStatement: sql.CrtExpiredPersonRecordMapper.selectByExample
2023-12-05 08:54:06.061  DEBUG [main                          ] - c.b.mybatisplus.core.MybatisConfiguration    [96] : addMappedStatement: sql.CrtExpiredPersonRecordMapper.selectByPrimaryKey
2023-12-05 08:54:06.062  DEBUG [main                          ] - c.b.mybatisplus.core.MybatisConfiguration    [96] : addMappedStatement: sql.CrtExpiredPersonRecordMapper.deleteByPrimaryKey
2023-12-05 08:54:06.062  DEBUG [main                          ] - c.b.mybatisplus.core.MybatisConfiguration    [96] : addMappedStatement: sql.CrtExpiredPersonRecordMapper.insert
2023-12-05 08:54:06.063  DEBUG [main                          ] - c.b.mybatisplus.core.MybatisConfiguration    [96] : addMappedStatement: sql.CrtExpiredPersonRecordMapper.insertSelective
2023-12-05 08:54:06.064  DEBUG [main                          ] - c.b.mybatisplus.core.MybatisConfiguration    [96] : addMappedStatement: sql.CrtExpiredPersonRecordMapper.updateByPrimaryKeySelective
2023-12-05 08:54:06.066  DEBUG [main                          ] - c.b.mybatisplus.core.MybatisConfiguration    [96] : addMappedStatement: sql.CrtExpiredPersonRecordMapper.updateByPrimaryKey
2023-12-05 08:54:06.068  DEBUG [main                          ] - c.b.m.e.spring.MybatisSqlSessionFactoryBean  [49] : Parsed mapper file: 'file [D:\demo\target\classes\mapper\CrtExpiredPersonRecordMapper.xml]'
2023-12-05 08:54:06.085  DEBUG [main                          ] - c.b.mybatisplus.core.MybatisConfiguration    [96] : addMappedStatement: sql.CrtExpiredRecordMapper.selectByExample
2023-12-05 08:54:06.087  DEBUG [main                          ] - c.b.mybatisplus.core.MybatisConfiguration    [96] : addMappedStatement: sql.CrtExpiredRecordMapper.selectByPrimaryKey
2023-12-05 08:54:06.088  DEBUG [main                          ] - c.b.mybatisplus.core.MybatisConfiguration    [96] : addMappedStatement: sql.CrtExpiredRecordMapper.deleteByPrimaryKey
2023-12-05 08:54:06.089  DEBUG [main                          ] - c.b.mybatisplus.core.MybatisConfiguration    [96] : addMappedStatement: sql.CrtExpiredRecordMapper.insert
2023-12-05 08:54:06.091  DEBUG [main                          ] - c.b.mybatisplus.core.MybatisConfiguration    [96] : addMappedStatement: sql.CrtExpiredRecordMapper.insertSelective
2023-12-05 08:54:06.091  DEBUG [main                          ] - c.b.mybatisplus.core.MybatisConfiguration    [96] : addMappedStatement: sql.CrtExpiredRecordMapper.updateByPrimaryKeySelective
2023-12-05 08:54:06.092  DEBUG [main                          ] - c.b.mybatisplus.core.MybatisConfiguration    [96] : addMappedStatement: sql.CrtExpiredRecordMapper.updateByPrimaryKey
2023-12-05 08:54:06.094  DEBUG [main                          ] - c.b.m.e.spring.MybatisSqlSessionFactoryBean  [49] : Parsed mapper file: 'file [D:\demo\target\classes\mapper\CrtExpiredRecordMapper.xml]'
2023-12-05 08:54:06.108  DEBUG [main                          ] - c.b.mybatisplus.core.MybatisConfiguration    [96] : addMappedStatement: sql.CrtExpiredRecordUnionMapper.selectByExample
2023-12-05 08:54:06.109  DEBUG [main                          ] - c.b.mybatisplus.core.MybatisConfiguration    [96] : addMappedStatement: sql.CrtExpiredRecordUnionMapper.selectByPrimaryKey
2023-12-05 08:54:06.110  DEBUG [main                          ] - c.b.mybatisplus.core.MybatisConfiguration    [96] : addMappedStatement: sql.CrtExpiredRecordUnionMapper.deleteByPrimaryKey
2023-12-05 08:54:06.110  DEBUG [main                          ] - c.b.mybatisplus.core.MybatisConfiguration    [96] : addMappedStatement: sql.CrtExpiredRecordUnionMapper.insert
2023-12-05 08:54:06.111  DEBUG [main                          ] - c.b.mybatisplus.core.MybatisConfiguration    [96] : addMappedStatement: sql.CrtExpiredRecordUnionMapper.insertSelective
2023-12-05 08:54:06.113  DEBUG [main                          ] - c.b.mybatisplus.core.MybatisConfiguration    [96] : addMappedStatement: sql.CrtExpiredRecordUnionMapper.updateByPrimaryKeySelective
2023-12-05 08:54:06.115  DEBUG [main                          ] - c.b.mybatisplus.core.MybatisConfiguration    [96] : addMappedStatement: sql.CrtExpiredRecordUnionMapper.updateByPrimaryKey
2023-12-05 08:54:06.116  DEBUG [main                          ] - c.b.m.e.spring.MybatisSqlSessionFactoryBean  [49] : Parsed mapper file: 'file [D:\demo\target\classes\mapper\CrtExpiredRecordUnionMapper.xml]'
2023-12-05 08:54:06.128  DEBUG [main                          ] - c.b.mybatisplus.core.MybatisConfiguration    [96] : addMappedStatement: sql.CtptyInfoUpdateRecordMapper.selectByExample
2023-12-05 08:54:06.130  DEBUG [main                          ] - c.b.mybatisplus.core.MybatisConfiguration    [96] : addMappedStatement: sql.CtptyInfoUpdateRecordMapper.selectByPrimaryKey
2023-12-05 08:54:06.133  DEBUG [main                          ] - c.b.mybatisplus.core.MybatisConfiguration    [96] : addMappedStatement: sql.CtptyInfoUpdateRecordMapper.deleteByPrimaryKey
2023-12-05 08:54:06.134  DEBUG [main                          ] - c.b.mybatisplus.core.MybatisConfiguration    [96] : addMappedStatement: sql.CtptyInfoUpdateRecordMapper.insert
