2023-12-05 10:55:57.455  DEBUG [main                          ] - o.m.spring.mapper.ClassPathMapperScanner     [437] : Identified candidate component class: file [D:\demo\target\classes\sql\CrtExpiredRecordMapper.class]
2023-12-05 10:55:57.462  DEBUG [main                          ] - o.m.spring.mapper.ClassPathMapperScanner     [437] : Identified candidate component class: file [D:\demo\target\classes\sql\CrtExpiredRecordUnionMapper.class]
2023-12-05 10:55:57.463  DEBUG [main                          ] - o.m.spring.mapper.ClassPathMapperScanner     [437] : Identified candidate component class: file [D:\demo\target\classes\sql\CtptyInfoUpdateRecordMapper.class]
2023-12-05 10:55:57.465  DEBUG [main                          ] - o.m.spring.mapper.ClassPathMapperScanner     [437] : Identified candidate component class: file [D:\demo\target\classes\sql\OtcDerivativeCounterpartyMapper.class]
2023-12-05 10:55:57.466  DEBUG [main                          ] - o.m.spring.mapper.ClassPathMapperScanner     [437] : Identified candidate component class: file [D:\demo\target\classes\sql\ProcessExpiredRemindMapper.class]
2023-12-05 10:55:57.468  DEBUG [main                          ] - o.m.spring.mapper.ClassPathMapperScanner     [49] : Creating MapperFactoryBean with name 'amlBeneficiaryMapper' and 'sql.AmlBeneficiaryMapper' mapperInterface
2023-12-05 10:55:57.469  DEBUG [main                          ] - o.m.spring.mapper.ClassPathMapperScanner     [49] : Enabling autowire by type for MapperFactoryBean with name 'amlBeneficiaryMapper'.
2023-12-05 10:55:57.469  DEBUG [main                          ] - o.m.spring.mapper.ClassPathMapperScanner     [49] : Creating MapperFactoryBean with name 'amlCounterpartyMapper' and 'sql.AmlCounterpartyMapper' mapperInterface
2023-12-05 10:55:57.469  DEBUG [main                          ] - o.m.spring.mapper.ClassPathMapperScanner     [49] : Enabling autowire by type for MapperFactoryBean with name 'amlCounterpartyMapper'.
2023-12-05 10:55:57.470  DEBUG [main                          ] - o.m.spring.mapper.ClassPathMapperScanner     [49] : Creating MapperFactoryBean with name 'aorgMapper' and 'sql.AorgMapper' mapperInterface
2023-12-05 10:55:57.470  DEBUG [main                          ] - o.m.spring.mapper.ClassPathMapperScanner     [49] : Enabling autowire by type for MapperFactoryBean with name 'aorgMapper'.
2023-12-05 10:55:57.470  DEBUG [main                          ] - o.m.spring.mapper.ClassPathMapperScanner     [49] : Creating MapperFactoryBean with name 'auserMapper' and 'sql.AuserMapper' mapperInterface
2023-12-05 10:55:57.470  DEBUG [main                          ] - o.m.spring.mapper.ClassPathMapperScanner     [49] : Enabling autowire by type for MapperFactoryBean with name 'auserMapper'.
2023-12-05 10:55:57.471  DEBUG [main                          ] - o.m.spring.mapper.ClassPathMapperScanner     [49] : Creating MapperFactoryBean with name 'beneficiaryOrgMapper' and 'sql.BeneficiaryOrgMapper' mapperInterface
2023-12-05 10:55:57.471  DEBUG [main                          ] - o.m.spring.mapper.ClassPathMapperScanner     [49] : Enabling autowire by type for MapperFactoryBean with name 'beneficiaryOrgMapper'.
2023-12-05 10:55:57.472  DEBUG [main                          ] - o.m.spring.mapper.ClassPathMapperScanner     [49] : Creating MapperFactoryBean with name 'clientReviewBufferMapper' and 'sql.ClientReviewBufferMapper' mapperInterface
2023-12-05 10:55:57.472  DEBUG [main                          ] - o.m.spring.mapper.ClassPathMapperScanner     [49] : Enabling autowire by type for MapperFactoryBean with name 'clientReviewBufferMapper'.
2023-12-05 10:55:57.472  DEBUG [main                          ] - o.m.spring.mapper.ClassPathMapperScanner     [49] : Creating MapperFactoryBean with name 'clientReviewCounterpartyMapper' and 'sql.ClientReviewCounterpartyMapper' mapperInterface
2023-12-05 10:55:57.473  DEBUG [main                          ] - o.m.spring.mapper.ClassPathMapperScanner     [49] : Enabling autowire by type for MapperFactoryBean with name 'clientReviewCounterpartyMapper'.
2023-12-05 10:55:57.473  DEBUG [main                          ] - o.m.spring.mapper.ClassPathMapperScanner     [49] : Creating MapperFactoryBean with name 'clientReviewDetailMapper' and 'sql.ClientReviewDetailMapper' mapperInterface
2023-12-05 10:55:57.473  DEBUG [main                          ] - o.m.spring.mapper.ClassPathMapperScanner     [49] : Enabling autowire by type for MapperFactoryBean with name 'clientReviewDetailMapper'.
2023-12-05 10:55:57.474  DEBUG [main                          ] - o.m.spring.mapper.ClassPathMapperScanner     [49] : Creating MapperFactoryBean with name 'clientReviewFileRecordMapper' and 'sql.ClientReviewFileRecordMapper' mapperInterface
2023-12-05 10:55:57.474  DEBUG [main                          ] - o.m.spring.mapper.ClassPathMapperScanner     [49] : Enabling autowire by type for MapperFactoryBean with name 'clientReviewFileRecordMapper'.
2023-12-05 10:55:57.474  DEBUG [main                          ] - o.m.spring.mapper.ClassPathMapperScanner     [49] : Creating MapperFactoryBean with name 'clientReviewRecordMapper' and 'sql.ClientReviewRecordMapper' mapperInterface
2023-12-05 10:55:57.474  DEBUG [main                          ] - o.m.spring.mapper.ClassPathMapperScanner     [49] : Enabling autowire by type for MapperFactoryBean with name 'clientReviewRecordMapper'.
2023-12-05 10:55:57.475  DEBUG [main                          ] - o.m.spring.mapper.ClassPathMapperScanner     [49] : Creating MapperFactoryBean with name 'counterpartyBenefitOverListMapper' and 'sql.CounterpartyBenefitOverListMapper' mapperInterface
2023-12-05 10:55:57.476  DEBUG [main                          ] - o.m.spring.mapper.ClassPathMapperScanner     [49] : Enabling autowire by type for MapperFactoryBean with name 'counterpartyBenefitOverListMapper'.
2023-12-05 10:55:57.477  DEBUG [main                          ] - o.m.spring.mapper.ClassPathMapperScanner     [49] : Creating MapperFactoryBean with name 'counterpartyOrgMapper' and 'sql.CounterpartyOrgMapper' mapperInterface
2023-12-05 10:55:57.477  DEBUG [main                          ] - o.m.spring.mapper.ClassPathMapperScanner     [49] : Enabling autowire by type for MapperFactoryBean with name 'counterpartyOrgMapper'.
2023-12-05 10:55:57.478  DEBUG [main                          ] - o.m.spring.mapper.ClassPathMapperScanner     [49] : Creating MapperFactoryBean with name 'counterpartyProdMonitorFlowMapper' and 'sql.CounterpartyProdMonitorFlowMapper' mapperInterface
2023-12-05 10:55:57.478  DEBUG [main                          ] - o.m.spring.mapper.ClassPathMapperScanner     [49] : Enabling autowire by type for MapperFactoryBean with name 'counterpartyProdMonitorFlowMapper'.
2023-12-05 10:55:57.479  DEBUG [main                          ] - o.m.spring.mapper.ClassPathMapperScanner     [49] : Creating MapperFactoryBean with name 'crtExpiredPersonRecordMapper' and 'sql.CrtExpiredPersonRecordMapper' mapperInterface
