2023-12-05 16:00:27.989  [34mINFO [0;39m [[32mmain                          [0;39m] - [34mo.s.s.concurrent.ThreadPoolTaskExecutor      [0;39m[171]: Initializing ExecutorService 'applicationTaskExecutor'
2023-12-05 16:00:28.032  [39mDEBUG[0;39m [[32mmain                          [0;39m] - [34mo.s.w.s.m.m.a.RequestMappingHandlerAdapter   [0;39m[619]: ControllerAdvice beans: 0 @ModelAttribute, 0 @InitBinder, 1 RequestBodyAdvice, 1 ResponseBodyAdvice
2023-12-05 16:00:28.098  [39mDEBUG[0;39m [[32mmain                          [0;39m] - [34mo.s.b.f.support.DefaultListableBeanFactory   [0;39m[213]: Creating shared instance of singleton bean 'requestMappingHandlerMapping'
2023-12-05 16:00:28.114  [39mDEBUG[0;39m [[32mmain                          [0;39m] - [34mo.s.b.f.support.DefaultListableBeanFactory   [0;39m[213]: Creating shared instance of singleton bean 'mvcResourceUrlProvider'
2023-12-05 16:00:28.197  [39mDEBUG[0;39m [[32mmain                          [0;39m] - [34mo.s.w.s.m.m.a.RequestMappingHandlerMapping   [0;39m[350]: 4 mappings in 'requestMappingHandlerMapping'
2023-12-05 16:00:28.267  [39mDEBUG[0;39m [[32mmain                          [0;39m] - [34mo.s.b.f.support.DefaultListableBeanFactory   [0;39m[213]: Creating shared instance of singleton bean 'mvcPathMatcher'
2023-12-05 16:00:28.271  [39mDEBUG[0;39m [[32mmain                          [0;39m] - [34mo.s.b.f.support.DefaultListableBeanFactory   [0;39m[213]: Creating shared instance of singleton bean 'mvcUrlPathHelper'
2023-12-05 16:00:28.273  [39mDEBUG[0;39m [[32mmain                          [0;39m] - [34mo.s.b.f.support.DefaultListableBeanFactory   [0;39m[213]: Creating shared instance of singleton bean 'viewControllerHandlerMapping'
2023-12-05 16:00:28.275  [39mDEBUG[0;39m [[32mmain                          [0;39m] - [34mo.s.b.f.support.DefaultListableBeanFactory   [0;39m[213]: Creating shared instance of singleton bean 'beanNameHandlerMapping'
2023-12-05 16:00:28.279  [39mDEBUG[0;39m [[32mmain                          [0;39m] - [34mo.s.b.f.support.DefaultListableBeanFactory   [0;39m[213]: Creating shared instance of singleton bean 'resourceHandlerMapping'
2023-12-05 16:00:28.290  [39mDEBUG[0;39m [[32mmain                          [0;39m] - [34mo.s.w.servlet.handler.SimpleUrlHandlerMapping[0;39m[139]: Patterns [/webjars/**, /**] in 'resourceHandlerMapping'
2023-12-05 16:00:28.316  [39mDEBUG[0;39m [[32mmain                          [0;39m] - [34mo.s.b.f.support.DefaultListableBeanFactory   [0;39m[213]: Creating shared instance of singleton bean 'defaultServletHandlerMapping'
2023-12-05 16:00:28.319  [39mDEBUG[0;39m [[32mmain                          [0;39m] - [34mo.s.b.f.support.DefaultListableBeanFactory   [0;39m[213]: Creating shared instance of singleton bean 'mvcUriComponentsContributor'
2023-12-05 16:00:28.323  [39mDEBUG[0;39m [[32mmain                          [0;39m] - [34mo.s.b.f.support.DefaultListableBeanFactory   [0;39m[213]: Creating shared instance of singleton bean 'httpRequestHandlerAdapter'
2023-12-05 16:00:28.324  [39mDEBUG[0;39m [[32mmain                          [0;39m] - [34mo.s.b.f.support.DefaultListableBeanFactory   [0;39m[213]: Creating shared instance of singleton bean 'simpleControllerHandlerAdapter'
2023-12-05 16:00:28.325  [39mDEBUG[0;39m [[32mmain                          [0;39m] - [34mo.s.b.f.support.DefaultListableBeanFactory   [0;39m[213]: Creating shared instance of singleton bean 'handlerExceptionResolver'
2023-12-05 16:00:28.331  [39mDEBUG[0;39m [[32mmain                          [0;39m] - [34ms.w.s.m.m.a.ExceptionHandlerExceptionResolver[0;39m[302]: ControllerAdvice beans: 0 @ExceptionHandler, 1 ResponseBodyAdvice
2023-12-05 16:00:28.337  [39mDEBUG[0;39m [[32mmain                          [0;39m] - [34mo.s.b.f.support.DefaultListableBeanFactory   [0;39m[213]: Creating shared instance of singleton bean 'mvcViewResolver'
2023-12-05 16:00:28.341  [39mDEBUG[0;39m [[32mmain                          [0;39m] - [34mo.s.b.f.support.DefaultListableBeanFactory   [0;39m[213]: Creating shared instance of singleton bean 'defaultViewResolver'
2023-12-05 16:00:28.362  [39mDEBUG[0;39m [[32mmain                          [0;39m] - [34mo.s.b.f.support.DefaultListableBeanFactory   [0;39m[213]: Creating shared instance of singleton bean 'viewResolver'
2023-12-05 16:00:28.363  [39mDEBUG[0;39m [[32mmain                          [0;39m] - [34mo.s.b.f.support.DefaultListableBeanFactory   [0;39m[777]: Autowiring by type from bean name 'viewResolver' via factory method to bean named 'org.springframework.beans.factory.support.DefaultListableBeanFactory@66498326'
2023-12-05 16:00:28.370  [39mDEBUG[0;39m [[32mmain                          [0;39m] - [34mo.s.b.f.support.DefaultListableBeanFactory   [0;39m[213]: Creating shared instance of singleton bean 'welcomePageHandlerMapping'
2023-12-05 16:00:28.370  [39mDEBUG[0;39m [[32mmain                          [0;39m] - [34mo.s.b.f.support.DefaultListableBeanFactory   [0;39m[777]: Autowiring by type from bean name 'welcomePageHandlerMapping' via factory method to bean named 'org.springframework.boot.web.servlet.context.AnnotationConfigServletWebServerApplicationContext@48e4374'
2023-12-05 16:00:28.379  [39mDEBUG[0;39m [[32mmain                          [0;39m] - [34mo.s.b.f.support.DefaultListableBeanFactory   [0;39m[213]: Creating shared instance of singleton bean 'spring.datasource.druid-com.alibaba.druid.spring.boot.autoconfigure.properties.DruidStatProperties'
2023-12-05 16:00:28.381  [39mDEBUG[0;39m [[32mmain                          [0;39m] - [34mo.s.b.f.support.DefaultListableBeanFactory   [0;39m[213]: Creating shared instance of singleton bean 'com.baomidou.mybatisplus.autoconfigure.IdentifierGeneratorAutoConfiguration'
2023-12-05 16:00:28.387  [39mDEBUG[0;39m [[32mmain                          [0;39m] - [34mo.s.b.f.support.DefaultListableBeanFactory   [0;39m[213]: Creating shared instance of singleton bean 'com.baomidou.mybatisplus.autoconfigure.MybatisPlusLanguageDriverAutoConfiguration'
2023-12-05 16:00:28.388  [39mDEBUG[0;39m [[32mmain                          [0;39m] - [34mo.s.b.f.support.DefaultListableBeanFactory   [0;39m[213]: Creating shared instance of singleton bean 'org.mybatis.spring.boot.autoconfigure.MybatisLanguageDriverAutoConfiguration'
2023-12-05 16:00:28.389  [39mDEBUG[0;39m [[32mmain                          [0;39m] - [34mo.s.b.f.support.DefaultListableBeanFactory   [0;39m[213]: Creating shared instance of singleton bean 'org.mybatis.spring.boot.autoconfigure.MybatisAutoConfiguration'
2023-12-05 16:00:28.389  [39mDEBUG[0;39m [[32mmain                          [0;39m] - [34ms.c.LocalVariableTableParameterNameDiscoverer[0;39m[108]: Cannot find '.class' file for class [class org.mybatis.spring.boot.autoconfigure.MybatisAutoConfiguration$$EnhancerBySpringCGLIB$$bfd84612] - unable to determine constructor/method parameter names
2023-12-05 16:00:28.391  [39mDEBUG[0;39m [[32mmain                          [0;39m] - [34mo.s.b.f.support.DefaultListableBeanFactory   [0;39m[213]: Creating shared instance of singleton bean 'mybatis-org.mybatis.spring.boot.autoconfigure.MybatisProperties'
2023-12-05 16:00:28.393  [39mDEBUG[0;39m [[32mmain                          [0;39m] - [34mo.s.b.f.support.DefaultListableBeanFactory   [0;39m[777]: Autowiring by type from bean name 'org.mybatis.spring.boot.autoconfigure.MybatisAutoConfiguration' via constructor to bean named 'mybatis-org.mybatis.spring.boot.autoconfigure.MybatisProperties'
2023-12-05 16:00:28.393  [39mDEBUG[0;39m [[32mmain                          [0;39m] - [34mo.s.b.f.support.DefaultListableBeanFactory   [0;39m[777]: Autowiring by type from bean name 'org.mybatis.spring.boot.autoconfigure.MybatisAutoConfiguration' via constructor to bean named 'org.springframework.boot.web.servlet.context.AnnotationConfigServletWebServerApplicationContext@48e4374'
