2023-12-05 15:34:08.273  [39mDEBUG[0;39m [[32mmain                          [0;39m] - [34mc.b.mybatisplus.core.MybatisConfiguration    [0;39m[96]: addMappedStatement: sql.CrtExpiredPersonRecordMapper.insertSelective
2023-12-05 15:34:08.276  [39mDEBUG[0;39m [[32mmain                          [0;39m] - [34mc.b.mybatisplus.core.MybatisConfiguration    [0;39m[96]: addMappedStatement: sql.CrtExpiredPersonRecordMapper.updateByPrimaryKeySelective
2023-12-05 15:34:08.277  [39mDEBUG[0;39m [[32mmain                          [0;39m] - [34mc.b.mybatisplus.core.MybatisConfiguration    [0;39m[96]: addMappedStatement: sql.CrtExpiredPersonRecordMapper.updateByPrimaryKey
2023-12-05 15:34:08.278  [39mDEBUG[0;39m [[32mmain                          [0;39m] - [34mc.b.m.e.spring.MybatisSqlSessionFactoryBean  [0;39m[49]: Parsed mapper file: 'file [D:\demo\target\classes\mapper\CrtExpiredPersonRecordMapper.xml]'
2023-12-05 15:34:08.290  [39mDEBUG[0;39m [[32mmain                          [0;39m] - [34mc.b.mybatisplus.core.MybatisConfiguration    [0;39m[96]: addMappedStatement: sql.CrtExpiredRecordMapper.selectByExample
2023-12-05 15:34:08.292  [39mDEBUG[0;39m [[32mmain                          [0;39m] - [34mc.b.mybatisplus.core.MybatisConfiguration    [0;39m[96]: addMappedStatement: sql.CrtExpiredRecordMapper.selectByPrimaryKey
2023-12-05 15:34:08.293  [39mDEBUG[0;39m [[32mmain                          [0;39m] - [34mc.b.mybatisplus.core.MybatisConfiguration    [0;39m[96]: addMappedStatement: sql.CrtExpiredRecordMapper.deleteByPrimaryKey
2023-12-05 15:34:08.294  [39mDEBUG[0;39m [[32mmain                          [0;39m] - [34mc.b.mybatisplus.core.MybatisConfiguration    [0;39m[96]: addMappedStatement: sql.CrtExpiredRecordMapper.insert
2023-12-05 15:34:08.295  [39mDEBUG[0;39m [[32mmain                          [0;39m] - [34mc.b.mybatisplus.core.MybatisConfiguration    [0;39m[96]: addMappedStatement: sql.CrtExpiredRecordMapper.insertSelective
2023-12-05 15:34:08.296  [39mDEBUG[0;39m [[32mmain                          [0;39m] - [34mc.b.mybatisplus.core.MybatisConfiguration    [0;39m[96]: addMappedStatement: sql.CrtExpiredRecordMapper.updateByPrimaryKeySelective
2023-12-05 15:34:08.298  [39mDEBUG[0;39m [[32mmain                          [0;39m] - [34mc.b.mybatisplus.core.MybatisConfiguration    [0;39m[96]: addMappedStatement: sql.CrtExpiredRecordMapper.updateByPrimaryKey
2023-12-05 15:34:08.300  [39mDEBUG[0;39m [[32mmain                          [0;39m] - [34mc.b.m.e.spring.MybatisSqlSessionFactoryBean  [0;39m[49]: Parsed mapper file: 'file [D:\demo\target\classes\mapper\CrtExpiredRecordMapper.xml]'
2023-12-05 15:34:08.309  [39mDEBUG[0;39m [[32mmain                          [0;39m] - [34mc.b.mybatisplus.core.MybatisConfiguration    [0;39m[96]: addMappedStatement: sql.CrtExpiredRecordUnionMapper.selectByExample
2023-12-05 15:34:08.310  [39mDEBUG[0;39m [[32mmain                          [0;39m] - [34mc.b.mybatisplus.core.MybatisConfiguration    [0;39m[96]: addMappedStatement: sql.CrtExpiredRecordUnionMapper.selectByPrimaryKey
2023-12-05 15:34:08.310  [39mDEBUG[0;39m [[32mmain                          [0;39m] - [34mc.b.mybatisplus.core.MybatisConfiguration    [0;39m[96]: addMappedStatement: sql.CrtExpiredRecordUnionMapper.deleteByPrimaryKey
2023-12-05 15:34:08.311  [39mDEBUG[0;39m [[32mmain                          [0;39m] - [34mc.b.mybatisplus.core.MybatisConfiguration    [0;39m[96]: addMappedStatement: sql.CrtExpiredRecordUnionMapper.insert
2023-12-05 15:34:08.311  [39mDEBUG[0;39m [[32mmain                          [0;39m] - [34mc.b.mybatisplus.core.MybatisConfiguration    [0;39m[96]: addMappedStatement: sql.CrtExpiredRecordUnionMapper.insertSelective
2023-12-05 15:34:08.312  [39mDEBUG[0;39m [[32mmain                          [0;39m] - [34mc.b.mybatisplus.core.MybatisConfiguration    [0;39m[96]: addMappedStatement: sql.CrtExpiredRecordUnionMapper.updateByPrimaryKeySelective
2023-12-05 15:34:08.314  [39mDEBUG[0;39m [[32mmain                          [0;39m] - [34mc.b.mybatisplus.core.MybatisConfiguration    [0;39m[96]: addMappedStatement: sql.CrtExpiredRecordUnionMapper.updateByPrimaryKey
2023-12-05 15:34:08.315  [39mDEBUG[0;39m [[32mmain                          [0;39m] - [34mc.b.m.e.spring.MybatisSqlSessionFactoryBean  [0;39m[49]: Parsed mapper file: 'file [D:\demo\target\classes\mapper\CrtExpiredRecordUnionMapper.xml]'
2023-12-05 15:34:08.325  [39mDEBUG[0;39m [[32mmain                          [0;39m] - [34mc.b.mybatisplus.core.MybatisConfiguration    [0;39m[96]: addMappedStatement: sql.CtptyInfoUpdateRecordMapper.selectByExample
2023-12-05 15:34:08.326  [39mDEBUG[0;39m [[32mmain                          [0;39m] - [34mc.b.mybatisplus.core.MybatisConfiguration    [0;39m[96]: addMappedStatement: sql.CtptyInfoUpdateRecordMapper.selectByPrimaryKey
2023-12-05 15:34:08.327  [39mDEBUG[0;39m [[32mmain                          [0;39m] - [34mc.b.mybatisplus.core.MybatisConfiguration    [0;39m[96]: addMappedStatement: sql.CtptyInfoUpdateRecordMapper.deleteByPrimaryKey
2023-12-05 15:34:08.329  [39mDEBUG[0;39m [[32mmain                          [0;39m] - [34mc.b.mybatisplus.core.MybatisConfiguration    [0;39m[96]: addMappedStatement: sql.CtptyInfoUpdateRecordMapper.insert
2023-12-05 15:34:08.330  [39mDEBUG[0;39m [[32mmain                          [0;39m] - [34mc.b.mybatisplus.core.MybatisConfiguration    [0;39m[96]: addMappedStatement: sql.CtptyInfoUpdateRecordMapper.insertSelective
2023-12-05 15:34:08.331  [39mDEBUG[0;39m [[32mmain                          [0;39m] - [34mc.b.mybatisplus.core.MybatisConfiguration    [0;39m[96]: addMappedStatement: sql.CtptyInfoUpdateRecordMapper.updateByPrimaryKeySelective
2023-12-05 15:34:08.332  [39mDEBUG[0;39m [[32mmain                          [0;39m] - [34mc.b.mybatisplus.core.MybatisConfiguration    [0;39m[96]: addMappedStatement: sql.CtptyInfoUpdateRecordMapper.updateByPrimaryKey
2023-12-05 15:34:08.333  [39mDEBUG[0;39m [[32mmain                          [0;39m] - [34mc.b.m.e.spring.MybatisSqlSessionFactoryBean  [0;39m[49]: Parsed mapper file: 'file [D:\demo\target\classes\mapper\CtptyInfoUpdateRecordMapper.xml]'
2023-12-05 15:34:08.353  [39mDEBUG[0;39m [[32mmain                          [0;39m] - [34mc.b.mybatisplus.core.MybatisConfiguration    [0;39m[96]: addMappedStatement: sql.OtcDerivativeCounterpartyMapper.selectByPrimaryKey
2023-12-05 15:34:08.354  [39mDEBUG[0;39m [[32mmain                          [0;39m] - [34mc.b.mybatisplus.core.MybatisConfiguration    [0;39m[96]: addMappedStatement: sql.OtcDerivativeCounterpartyMapper.selectAll
2023-12-05 15:34:08.355  [39mDEBUG[0;39m [[32mmain                          [0;39m] - [34mc.b.mybatisplus.core.MybatisConfiguration    [0;39m[96]: addMappedStatement: sql.OtcDerivativeCounterpartyMapper.selectClientbyid
2023-12-05 15:34:08.356  [39mDEBUG[0;39m [[32mmain                          [0;39m] - [34mc.b.mybatisplus.core.MybatisConfiguration    [0;39m[96]: addMappedStatement: sql.OtcDerivativeCounterpartyMapper.deleteByPrimaryKey
