2023-12-05 16:17:28.339  [39mDEBUG[0;39m [[32mmain                          [0;39m] - [34mo.m.spring.mapper.ClassPathMapperScanner     [0;39m[49]: Enabling autowire by type for MapperFactoryBean with name 'counterpartyProdMonitorFlowMapper'.
2023-12-05 16:17:28.344  [39mDEBUG[0;39m [[32mmain                          [0;39m] - [34mo.m.spring.mapper.ClassPathMapperScanner     [0;39m[49]: Creating MapperFactoryBean with name 'crtExpiredPersonRecordMapper' and 'sql.CrtExpiredPersonRecordMapper' mapperInterface
2023-12-05 16:17:28.344  [39mDEBUG[0;39m [[32mmain                          [0;39m] - [34mo.m.spring.mapper.ClassPathMapperScanner     [0;39m[49]: Enabling autowire by type for MapperFactoryBean with name 'crtExpiredPersonRecordMapper'.
2023-12-05 16:17:28.345  [39mDEBUG[0;39m [[32mmain                          [0;39m] - [34mo.m.spring.mapper.ClassPathMapperScanner     [0;39m[49]: Creating MapperFactoryBean with name 'crtExpiredRecordMapper' and 'sql.CrtExpiredRecordMapper' mapperInterface
2023-12-05 16:17:28.345  [39mDEBUG[0;39m [[32mmain                          [0;39m] - [34mo.m.spring.mapper.ClassPathMapperScanner     [0;39m[49]: Enabling autowire by type for MapperFactoryBean with name 'crtExpiredRecordMapper'.
2023-12-05 16:17:28.345  [39mDEBUG[0;39m [[32mmain                          [0;39m] - [34mo.m.spring.mapper.ClassPathMapperScanner     [0;39m[49]: Creating MapperFactoryBean with name 'crtExpiredRecordUnionMapper' and 'sql.CrtExpiredRecordUnionMapper' mapperInterface
2023-12-05 16:17:28.346  [39mDEBUG[0;39m [[32mmain                          [0;39m] - [34mo.m.spring.mapper.ClassPathMapperScanner     [0;39m[49]: Enabling autowire by type for MapperFactoryBean with name 'crtExpiredRecordUnionMapper'.
2023-12-05 16:17:28.346  [39mDEBUG[0;39m [[32mmain                          [0;39m] - [34mo.m.spring.mapper.ClassPathMapperScanner     [0;39m[49]: Creating MapperFactoryBean with name 'ctptyInfoUpdateRecordMapper' and 'sql.CtptyInfoUpdateRecordMapper' mapperInterface
2023-12-05 16:17:28.346  [39mDEBUG[0;39m [[32mmain                          [0;39m] - [34mo.m.spring.mapper.ClassPathMapperScanner     [0;39m[49]: Enabling autowire by type for MapperFactoryBean with name 'ctptyInfoUpdateRecordMapper'.
2023-12-05 16:17:28.346  [39mDEBUG[0;39m [[32mmain                          [0;39m] - [34mo.m.spring.mapper.ClassPathMapperScanner     [0;39m[49]: Creating MapperFactoryBean with name 'otcDerivativeCounterpartyMapper' and 'sql.OtcDerivativeCounterpartyMapper' mapperInterface
2023-12-05 16:17:28.346  [39mDEBUG[0;39m [[32mmain                          [0;39m] - [34mo.m.spring.mapper.ClassPathMapperScanner     [0;39m[49]: Enabling autowire by type for MapperFactoryBean with name 'otcDerivativeCounterpartyMapper'.
2023-12-05 16:17:28.346  [39mDEBUG[0;39m [[32mmain                          [0;39m] - [34mo.m.spring.mapper.ClassPathMapperScanner     [0;39m[49]: Creating MapperFactoryBean with name 'processExpiredRemindMapper' and 'sql.ProcessExpiredRemindMapper' mapperInterface
2023-12-05 16:17:28.347  [39mDEBUG[0;39m [[32mmain                          [0;39m] - [34mo.m.spring.mapper.ClassPathMapperScanner     [0;39m[49]: Enabling autowire by type for MapperFactoryBean with name 'processExpiredRemindMapper'.
2023-12-05 16:17:28.528  [39mDEBUG[0;39m [[32mmain                          [0;39m] - [34mo.s.b.f.support.DefaultListableBeanFactory   [0;39m[213]: Creating shared instance of singleton bean 'org.springframework.context.event.internalEventListenerProcessor'
2023-12-05 16:17:28.530  [39mDEBUG[0;39m [[32mmain                          [0;39m] - [34mo.s.b.f.support.DefaultListableBeanFactory   [0;39m[213]: Creating shared instance of singleton bean 'org.springframework.boot.context.properties.ConfigurationBeanFactoryMetadata'
2023-12-05 16:17:28.531  [39mDEBUG[0;39m [[32mmain                          [0;39m] - [34mo.s.b.f.support.DefaultListableBeanFactory   [0;39m[213]: Creating shared instance of singleton bean 'preserveErrorControllerTargetClassPostProcessor'
2023-12-05 16:17:28.533  [39mDEBUG[0;39m [[32mmain                          [0;39m] - [34mo.s.b.f.support.DefaultListableBeanFactory   [0;39m[213]: Creating shared instance of singleton bean 'org.springframework.context.event.internalEventListenerFactory'
2023-12-05 16:17:28.543  [39mDEBUG[0;39m [[32mmain                          [0;39m] - [34mo.s.b.f.support.DefaultListableBeanFactory   [0;39m[213]: Creating shared instance of singleton bean 'org.springframework.context.annotation.internalAutowiredAnnotationProcessor'
2023-12-05 16:17:28.544  [39mDEBUG[0;39m [[32mmain                          [0;39m] - [34mo.s.b.f.support.DefaultListableBeanFactory   [0;39m[213]: Creating shared instance of singleton bean 'org.springframework.context.annotation.internalCommonAnnotationProcessor'
2023-12-05 16:17:28.546  [39mDEBUG[0;39m [[32mmain                          [0;39m] - [34mo.s.b.f.support.DefaultListableBeanFactory   [0;39m[213]: Creating shared instance of singleton bean 'org.springframework.boot.context.properties.ConfigurationPropertiesBindingPostProcessor'
2023-12-05 16:17:28.550  [39mDEBUG[0;39m [[32mmain                          [0;39m] - [34mo.s.b.f.support.DefaultListableBeanFactory   [0;39m[213]: Creating shared instance of singleton bean 'methodValidationPostProcessor'
2023-12-05 16:17:28.594  [39mDEBUG[0;39m [[32mmain                          [0;39m] - [34mo.s.b.f.support.DefaultListableBeanFactory   [0;39m[777]: Autowiring by type from bean name 'methodValidationPostProcessor' via factory method to bean named 'environment'
2023-12-05 16:17:28.609  [39mDEBUG[0;39m [[32mmain                          [0;39m] - [34mo.s.b.f.support.DefaultListableBeanFactory   [0;39m[213]: Creating shared instance of singleton bean 'persistenceExceptionTranslationPostProcessor'
2023-12-05 16:17:28.612  [39mDEBUG[0;39m [[32mmain                          [0;39m] - [34mo.s.b.f.support.DefaultListableBeanFactory   [0;39m[777]: Autowiring by type from bean name 'persistenceExceptionTranslationPostProcessor' via factory method to bean named 'environment'
2023-12-05 16:17:28.616  [39mDEBUG[0;39m [[32mmain                          [0;39m] - [34mo.s.b.f.support.DefaultListableBeanFactory   [0;39m[213]: Creating shared instance of singleton bean 'webServerFactoryCustomizerBeanPostProcessor'
2023-12-05 16:17:28.616  [39mDEBUG[0;39m [[32mmain                          [0;39m] - [34mo.s.b.f.support.DefaultListableBeanFactory   [0;39m[213]: Creating shared instance of singleton bean 'errorPageRegistrarBeanPostProcessor'
2023-12-05 16:17:28.621  [39mDEBUG[0;39m [[32mmain                          [0;39m] - [34mo.s.u.c.support.UiApplicationContextUtils    [0;39m[85]: Unable to locate ThemeSource with name 'themeSource': using default [org.springframework.ui.context.support.ResourceBundleThemeSource@60fa3495]
2023-12-05 16:17:28.622  [39mDEBUG[0;39m [[32mmain                          [0;39m] - [34mo.s.b.f.support.DefaultListableBeanFactory   [0;39m[213]: Creating shared instance of singleton bean 'tomcatServletWebServerFactory'
2023-12-05 16:17:28.623  [39mDEBUG[0;39m [[32mmain                          [0;39m] - [34mo.s.b.f.support.DefaultListableBeanFactory   [0;39m[213]: Creating shared instance of singleton bean 'org.springframework.boot.autoconfigure.web.servlet.ServletWebServerFactoryConfiguration$EmbeddedTomcat'
2023-12-05 16:17:28.691  [39mDEBUG[0;39m [[32mmain                          [0;39m] - [34mo.s.b.f.support.DefaultListableBeanFactory   [0;39m[213]: Creating shared instance of singleton bean 'websocketServletWebServerCustomizer'
2023-12-05 16:17:28.691  [39mDEBUG[0;39m [[32mmain                          [0;39m] - [34mo.s.b.f.support.DefaultListableBeanFactory   [0;39m[213]: Creating shared instance of singleton bean 'org.springframework.boot.autoconfigure.websocket.servlet.WebSocketServletAutoConfiguration$TomcatWebSocketConfiguration'
2023-12-05 16:17:28.696  [39mDEBUG[0;39m [[32mmain                          [0;39m] - [34mo.s.b.f.support.DefaultListableBeanFactory   [0;39m[213]: Creating shared instance of singleton bean 'servletWebServerFactoryCustomizer'
2023-12-05 16:17:28.696  [39mDEBUG[0;39m [[32mmain                          [0;39m] - [34mo.s.b.f.support.DefaultListableBeanFactory   [0;39m[213]: Creating shared instance of singleton bean 'org.springframework.boot.autoconfigure.web.servlet.ServletWebServerFactoryAutoConfiguration'
2023-12-05 16:17:28.700  [39mDEBUG[0;39m [[32mmain                          [0;39m] - [34mo.s.b.f.support.DefaultListableBeanFactory   [0;39m[213]: Creating shared instance of singleton bean 'server-org.springframework.boot.autoconfigure.web.ServerProperties'
2023-12-05 16:17:28.725  [39mDEBUG[0;39m [[32mmain                          [0;39m] - [34mo.s.b.f.support.DefaultListableBeanFactory   [0;39m[777]: Autowiring by type from bean name 'servletWebServerFactoryCustomizer' via factory method to bean named 'server-org.springframework.boot.autoconfigure.web.ServerProperties'
2023-12-05 16:17:28.730  [39mDEBUG[0;39m [[32mmain                          [0;39m] - [34mo.s.b.f.support.DefaultListableBeanFactory   [0;39m[213]: Creating shared instance of singleton bean 'tomcatServletWebServerFactoryCustomizer'
2023-12-05 16:17:28.731  [39mDEBUG[0;39m [[32mmain                          [0;39m] - [34mo.s.b.f.support.DefaultListableBeanFactory   [0;39m[777]: Autowiring by type from bean name 'tomcatServletWebServerFactoryCustomizer' via factory method to bean named 'server-org.springframework.boot.autoconfigure.web.ServerProperties'
2023-12-05 16:17:28.732  [39mDEBUG[0;39m [[32mmain                          [0;39m] - [34mo.s.b.f.support.DefaultListableBeanFactory   [0;39m[213]: Creating shared instance of singleton bean 'tomcatWebServerFactoryCustomizer'
2023-12-05 16:17:28.733  [39mDEBUG[0;39m [[32mmain                          [0;39m] - [34mo.s.b.f.support.DefaultListableBeanFactory   [0;39m[213]: Creating shared instance of singleton bean 'org.springframework.boot.autoconfigure.web.embedded.EmbeddedWebServerFactoryCustomizerAutoConfiguration$TomcatWebServerFactoryCustomizerConfiguration'
2023-12-05 16:17:28.736  [39mDEBUG[0;39m [[32mmain                          [0;39m] - [34mo.s.b.f.support.DefaultListableBeanFactory   [0;39m[777]: Autowiring by type from bean name 'tomcatWebServerFactoryCustomizer' via factory method to bean named 'environment'
2023-12-05 16:17:28.736  [39mDEBUG[0;39m [[32mmain                          [0;39m] - [34mo.s.b.f.support.DefaultListableBeanFactory   [0;39m[777]: Autowiring by type from bean name 'tomcatWebServerFactoryCustomizer' via factory method to bean named 'server-org.springframework.boot.autoconfigure.web.ServerProperties'
2023-12-05 16:17:28.742  [39mDEBUG[0;39m [[32mmain                          [0;39m] - [34mo.s.b.f.support.DefaultListableBeanFactory   [0;39m[213]: Creating shared instance of singleton bean 'localeCharsetMappingsCustomizer'
2023-12-05 16:17:28.742  [39mDEBUG[0;39m [[32mmain                          [0;39m] - [34mo.s.b.f.support.DefaultListableBeanFactory   [0;39m[213]: Creating shared instance of singleton bean 'org.springframework.boot.autoconfigure.web.servlet.HttpEncodingAutoConfiguration'
2023-12-05 16:17:28.743  [39mDEBUG[0;39m [[32mmain                          [0;39m] - [34ms.c.LocalVariableTableParameterNameDiscoverer[0;39m[108]: Cannot find '.class' file for class [class org.springframework.boot.autoconfigure.web.servlet.HttpEncodingAutoConfiguration$$EnhancerBySpringCGLIB$$d0d4442c] - unable to determine constructor/method parameter names
2023-12-05 16:17:28.744  [39mDEBUG[0;39m [[32mmain                          [0;39m] - [34mo.s.b.f.support.DefaultListableBeanFactory   [0;39m[213]: Creating shared instance of singleton bean 'spring.http-org.springframework.boot.autoconfigure.http.HttpProperties'
2023-12-05 16:17:28.747  [39mDEBUG[0;39m [[32mmain                          [0;39m] - [34mo.s.b.f.support.DefaultListableBeanFactory   [0;39m[777]: Autowiring by type from bean name 'org.springframework.boot.autoconfigure.web.servlet.HttpEncodingAutoConfiguration' via constructor to bean named 'spring.http-org.springframework.boot.autoconfigure.http.HttpProperties'
2023-12-05 16:17:28.776  [39mDEBUG[0;39m [[32mmain                          [0;39m] - [34mo.s.b.f.support.DefaultListableBeanFactory   [0;39m[213]: Creating shared instance of singleton bean 'errorPageCustomizer'
2023-12-05 16:17:28.776  [39mDEBUG[0;39m [[32mmain                          [0;39m] - [34mo.s.b.f.support.DefaultListableBeanFactory   [0;39m[213]: Creating shared instance of singleton bean 'org.springframework.boot.autoconfigure.web.servlet.error.ErrorMvcAutoConfiguration'
2023-12-05 16:17:28.776  [39mDEBUG[0;39m [[32mmain                          [0;39m] - [34ms.c.LocalVariableTableParameterNameDiscoverer[0;39m[108]: Cannot find '.class' file for class [class org.springframework.boot.autoconfigure.web.servlet.error.ErrorMvcAutoConfiguration$$EnhancerBySpringCGLIB$$292b930f] - unable to determine constructor/method parameter names
2023-12-05 16:17:28.778  [39mDEBUG[0;39m [[32mmain                          [0;39m] - [34mo.s.b.f.support.DefaultListableBeanFactory   [0;39m[213]: Creating shared instance of singleton bean 'dispatcherServletRegistration'
2023-12-05 16:17:28.778  [39mDEBUG[0;39m [[32mmain                          [0;39m] - [34mo.s.b.f.support.DefaultListableBeanFactory   [0;39m[213]: Creating shared instance of singleton bean 'org.springframework.boot.autoconfigure.web.servlet.DispatcherServletAutoConfiguration$DispatcherServletRegistrationConfiguration'
2023-12-05 16:17:28.779  [39mDEBUG[0;39m [[32mmain                          [0;39m] - [34ms.c.LocalVariableTableParameterNameDiscoverer[0;39m[108]: Cannot find '.class' file for class [class org.springframework.boot.autoconfigure.web.servlet.DispatcherServletAutoConfiguration$DispatcherServletRegistrationConfiguration$$EnhancerBySpringCGLIB$$af86b1fa] - unable to determine constructor/method parameter names
2023-12-05 16:17:28.780  [39mDEBUG[0;39m [[32mmain                          [0;39m] - [34mo.s.b.f.support.DefaultListableBeanFactory   [0;39m[213]: Creating shared instance of singleton bean 'spring.mvc-org.springframework.boot.autoconfigure.web.servlet.WebMvcProperties'
2023-12-05 16:17:28.782  [39mDEBUG[0;39m [[32mmain                          [0;39m] - [34mo.s.b.f.support.DefaultListableBeanFactory   [0;39m[777]: Autowiring by type from bean name 'org.springframework.boot.autoconfigure.web.servlet.DispatcherServletAutoConfiguration$DispatcherServletRegistrationConfiguration' via constructor to bean named 'spring.mvc-org.springframework.boot.autoconfigure.web.servlet.WebMvcProperties'
2023-12-05 16:17:28.785  [39mDEBUG[0;39m [[32mmain                          [0;39m] - [34mo.s.b.f.support.DefaultListableBeanFactory   [0;39m[213]: Creating shared instance of singleton bean 'multipartConfigElement'
2023-12-05 16:17:28.786  [39mDEBUG[0;39m [[32mmain                          [0;39m] - [34mo.s.b.f.support.DefaultListableBeanFactory   [0;39m[213]: Creating shared instance of singleton bean 'org.springframework.boot.autoconfigure.web.servlet.MultipartAutoConfiguration'
2023-12-05 16:17:28.788  [39mDEBUG[0;39m [[32mmain                          [0;39m] - [34ms.c.LocalVariableTableParameterNameDiscoverer[0;39m[108]: Cannot find '.class' file for class [class org.springframework.boot.autoconfigure.web.servlet.MultipartAutoConfiguration$$EnhancerBySpringCGLIB$$3fc4cc39] - unable to determine constructor/method parameter names
2023-12-05 16:17:28.790  [39mDEBUG[0;39m [[32mmain                          [0;39m] - [34mo.s.b.f.support.DefaultListableBeanFactory   [0;39m[213]: Creating shared instance of singleton bean 'spring.servlet.multipart-org.springframework.boot.autoconfigure.web.servlet.MultipartProperties'
2023-12-05 16:17:28.814  [39mDEBUG[0;39m [[32mmain                          [0;39m] - [34mo.s.b.f.support.DefaultListableBeanFactory   [0;39m[777]: Autowiring by type from bean name 'org.springframework.boot.autoconfigure.web.servlet.MultipartAutoConfiguration' via constructor to bean named 'spring.servlet.multipart-org.springframework.boot.autoconfigure.web.servlet.MultipartProperties'
2023-12-05 16:17:28.825  [39mDEBUG[0;39m [[32mmain                          [0;39m] - [34mo.s.b.f.support.DefaultListableBeanFactory   [0;39m[213]: Creating shared instance of singleton bean 'dispatcherServlet'
2023-12-05 16:17:28.826  [39mDEBUG[0;39m [[32mmain                          [0;39m] - [34mo.s.b.f.support.DefaultListableBeanFactory   [0;39m[213]: Creating shared instance of singleton bean 'org.springframework.boot.autoconfigure.web.servlet.DispatcherServletAutoConfiguration$DispatcherServletConfiguration'
2023-12-05 16:17:28.827  [39mDEBUG[0;39m [[32mmain                          [0;39m] - [34ms.c.LocalVariableTableParameterNameDiscoverer[0;39m[108]: Cannot find '.class' file for class [class org.springframework.boot.autoconfigure.web.servlet.DispatcherServletAutoConfiguration$DispatcherServletConfiguration$$EnhancerBySpringCGLIB$$4d7f1d53] - unable to determine constructor/method parameter names
2023-12-05 16:17:28.829  [39mDEBUG[0;39m [[32mmain                          [0;39m] - [34mo.s.b.f.support.DefaultListableBeanFactory   [0;39m[777]: Autowiring by type from bean name 'org.springframework.boot.autoconfigure.web.servlet.DispatcherServletAutoConfiguration$DispatcherServletConfiguration' via constructor to bean named 'spring.http-org.springframework.boot.autoconfigure.http.HttpProperties'
2023-12-05 16:17:28.829  [39mDEBUG[0;39m [[32mmain                          [0;39m] - [34mo.s.b.f.support.DefaultListableBeanFactory   [0;39m[777]: Autowiring by type from bean name 'org.springframework.boot.autoconfigure.web.servlet.DispatcherServletAutoConfiguration$DispatcherServletConfiguration' via constructor to bean named 'spring.mvc-org.springframework.boot.autoconfigure.web.servlet.WebMvcProperties'
