2023-12-05 16:24:18.828  [39mDEBUG[0;39m [[32mmain                          [0;39m] - [34mo.m.spring.mapper.ClassPathMapperScanner     [0;39m[49]: Enabling autowire by type for MapperFactoryBean with name 'counterpartyProdMonitorFlowMapper'.
2023-12-05 16:24:18.832  [39mDEBUG[0;39m [[32mmain                          [0;39m] - [34mo.m.spring.mapper.ClassPathMapperScanner     [0;39m[49]: Creating MapperFactoryBean with name 'crtExpiredPersonRecordMapper' and 'sql.CrtExpiredPersonRecordMapper' mapperInterface
2023-12-05 16:24:18.832  [39mDEBUG[0;39m [[32mmain                          [0;39m] - [34mo.m.spring.mapper.ClassPathMapperScanner     [0;39m[49]: Enabling autowire by type for MapperFactoryBean with name 'crtExpiredPersonRecordMapper'.
2023-12-05 16:24:18.832  [39mDEBUG[0;39m [[32mmain                          [0;39m] - [34mo.m.spring.mapper.ClassPathMapperScanner     [0;39m[49]: Creating MapperFactoryBean with name 'crtExpiredRecordMapper' and 'sql.CrtExpiredRecordMapper' mapperInterface
2023-12-05 16:24:18.833  [39mDEBUG[0;39m [[32mmain                          [0;39m] - [34mo.m.spring.mapper.ClassPathMapperScanner     [0;39m[49]: Enabling autowire by type for MapperFactoryBean with name 'crtExpiredRecordMapper'.
2023-12-05 16:24:18.833  [39mDEBUG[0;39m [[32mmain                          [0;39m] - [34mo.m.spring.mapper.ClassPathMapperScanner     [0;39m[49]: Creating MapperFactoryBean with name 'crtExpiredRecordUnionMapper' and 'sql.CrtExpiredRecordUnionMapper' mapperInterface
2023-12-05 16:24:18.833  [39mDEBUG[0;39m [[32mmain                          [0;39m] - [34mo.m.spring.mapper.ClassPathMapperScanner     [0;39m[49]: Enabling autowire by type for MapperFactoryBean with name 'crtExpiredRecordUnionMapper'.
2023-12-05 16:24:18.833  [39mDEBUG[0;39m [[32mmain                          [0;39m] - [34mo.m.spring.mapper.ClassPathMapperScanner     [0;39m[49]: Creating MapperFactoryBean with name 'ctptyInfoUpdateRecordMapper' and 'sql.CtptyInfoUpdateRecordMapper' mapperInterface
2023-12-05 16:24:18.833  [39mDEBUG[0;39m [[32mmain                          [0;39m] - [34mo.m.spring.mapper.ClassPathMapperScanner     [0;39m[49]: Enabling autowire by type for MapperFactoryBean with name 'ctptyInfoUpdateRecordMapper'.
2023-12-05 16:24:18.834  [39mDEBUG[0;39m [[32mmain                          [0;39m] - [34mo.m.spring.mapper.ClassPathMapperScanner     [0;39m[49]: Creating MapperFactoryBean with name 'otcDerivativeCounterpartyMapper' and 'sql.OtcDerivativeCounterpartyMapper' mapperInterface
2023-12-05 16:24:18.834  [39mDEBUG[0;39m [[32mmain                          [0;39m] - [34mo.m.spring.mapper.ClassPathMapperScanner     [0;39m[49]: Enabling autowire by type for MapperFactoryBean with name 'otcDerivativeCounterpartyMapper'.
2023-12-05 16:24:18.834  [39mDEBUG[0;39m [[32mmain                          [0;39m] - [34mo.m.spring.mapper.ClassPathMapperScanner     [0;39m[49]: Creating MapperFactoryBean with name 'processExpiredRemindMapper' and 'sql.ProcessExpiredRemindMapper' mapperInterface
2023-12-05 16:24:18.834  [39mDEBUG[0;39m [[32mmain                          [0;39m] - [34mo.m.spring.mapper.ClassPathMapperScanner     [0;39m[49]: Enabling autowire by type for MapperFactoryBean with name 'processExpiredRemindMapper'.
2023-12-05 16:24:19.043  [39mDEBUG[0;39m [[32mmain                          [0;39m] - [34mo.s.b.f.support.DefaultListableBeanFactory   [0;39m[213]: Creating shared instance of singleton bean 'org.springframework.context.event.internalEventListenerProcessor'
2023-12-05 16:24:19.045  [39mDEBUG[0;39m [[32mmain                          [0;39m] - [34mo.s.b.f.support.DefaultListableBeanFactory   [0;39m[213]: Creating shared instance of singleton bean 'org.springframework.boot.context.properties.ConfigurationBeanFactoryMetadata'
2023-12-05 16:24:19.046  [39mDEBUG[0;39m [[32mmain                          [0;39m] - [34mo.s.b.f.support.DefaultListableBeanFactory   [0;39m[213]: Creating shared instance of singleton bean 'preserveErrorControllerTargetClassPostProcessor'
2023-12-05 16:24:19.048  [39mDEBUG[0;39m [[32mmain                          [0;39m] - [34mo.s.b.f.support.DefaultListableBeanFactory   [0;39m[213]: Creating shared instance of singleton bean 'org.springframework.context.event.internalEventListenerFactory'
2023-12-05 16:24:19.071  [39mDEBUG[0;39m [[32mmain                          [0;39m] - [34mo.s.b.f.support.DefaultListableBeanFactory   [0;39m[213]: Creating shared instance of singleton bean 'org.springframework.context.annotation.internalAutowiredAnnotationProcessor'
2023-12-05 16:24:19.073  [39mDEBUG[0;39m [[32mmain                          [0;39m] - [34mo.s.b.f.support.DefaultListableBeanFactory   [0;39m[213]: Creating shared instance of singleton bean 'org.springframework.context.annotation.internalCommonAnnotationProcessor'
2023-12-05 16:24:19.077  [39mDEBUG[0;39m [[32mmain                          [0;39m] - [34mo.s.b.f.support.DefaultListableBeanFactory   [0;39m[213]: Creating shared instance of singleton bean 'org.springframework.boot.context.properties.ConfigurationPropertiesBindingPostProcessor'
2023-12-05 16:24:19.081  [39mDEBUG[0;39m [[32mmain                          [0;39m] - [34mo.s.b.f.support.DefaultListableBeanFactory   [0;39m[213]: Creating shared instance of singleton bean 'methodValidationPostProcessor'
2023-12-05 16:24:19.124  [39mDEBUG[0;39m [[32mmain                          [0;39m] - [34mo.s.b.f.support.DefaultListableBeanFactory   [0;39m[777]: Autowiring by type from bean name 'methodValidationPostProcessor' via factory method to bean named 'environment'
2023-12-05 16:24:19.136  [39mDEBUG[0;39m [[32mmain                          [0;39m] - [34mo.s.b.f.support.DefaultListableBeanFactory   [0;39m[213]: Creating shared instance of singleton bean 'persistenceExceptionTranslationPostProcessor'
2023-12-05 16:24:19.137  [39mDEBUG[0;39m [[32mmain                          [0;39m] - [34mo.s.b.f.support.DefaultListableBeanFactory   [0;39m[777]: Autowiring by type from bean name 'persistenceExceptionTranslationPostProcessor' via factory method to bean named 'environment'
2023-12-05 16:24:19.140  [39mDEBUG[0;39m [[32mmain                          [0;39m] - [34mo.s.b.f.support.DefaultListableBeanFactory   [0;39m[213]: Creating shared instance of singleton bean 'webServerFactoryCustomizerBeanPostProcessor'
2023-12-05 16:24:19.141  [39mDEBUG[0;39m [[32mmain                          [0;39m] - [34mo.s.b.f.support.DefaultListableBeanFactory   [0;39m[213]: Creating shared instance of singleton bean 'errorPageRegistrarBeanPostProcessor'
2023-12-05 16:24:19.145  [39mDEBUG[0;39m [[32mmain                          [0;39m] - [34mo.s.u.c.support.UiApplicationContextUtils    [0;39m[85]: Unable to locate ThemeSource with name 'themeSource': using default [org.springframework.ui.context.support.ResourceBundleThemeSource@1a1da881]
2023-12-05 16:24:19.145  [39mDEBUG[0;39m [[32mmain                          [0;39m] - [34mo.s.b.f.support.DefaultListableBeanFactory   [0;39m[213]: Creating shared instance of singleton bean 'tomcatServletWebServerFactory'
2023-12-05 16:24:19.146  [39mDEBUG[0;39m [[32mmain                          [0;39m] - [34mo.s.b.f.support.DefaultListableBeanFactory   [0;39m[213]: Creating shared instance of singleton bean 'org.springframework.boot.autoconfigure.web.servlet.ServletWebServerFactoryConfiguration$EmbeddedTomcat'
2023-12-05 16:24:19.202  [39mDEBUG[0;39m [[32mmain                          [0;39m] - [34mo.s.b.f.support.DefaultListableBeanFactory   [0;39m[213]: Creating shared instance of singleton bean 'websocketServletWebServerCustomizer'
2023-12-05 16:24:19.203  [39mDEBUG[0;39m [[32mmain                          [0;39m] - [34mo.s.b.f.support.DefaultListableBeanFactory   [0;39m[213]: Creating shared instance of singleton bean 'org.springframework.boot.autoconfigure.websocket.servlet.WebSocketServletAutoConfiguration$TomcatWebSocketConfiguration'
2023-12-05 16:24:19.207  [39mDEBUG[0;39m [[32mmain                          [0;39m] - [34mo.s.b.f.support.DefaultListableBeanFactory   [0;39m[213]: Creating shared instance of singleton bean 'servletWebServerFactoryCustomizer'
2023-12-05 16:24:19.208  [39mDEBUG[0;39m [[32mmain                          [0;39m] - [34mo.s.b.f.support.DefaultListableBeanFactory   [0;39m[213]: Creating shared instance of singleton bean 'org.springframework.boot.autoconfigure.web.servlet.ServletWebServerFactoryAutoConfiguration'
2023-12-05 16:24:19.211  [39mDEBUG[0;39m [[32mmain                          [0;39m] - [34mo.s.b.f.support.DefaultListableBeanFactory   [0;39m[213]: Creating shared instance of singleton bean 'server-org.springframework.boot.autoconfigure.web.ServerProperties'
2023-12-05 16:24:19.236  [39mDEBUG[0;39m [[32mmain                          [0;39m] - [34mo.s.b.f.support.DefaultListableBeanFactory   [0;39m[777]: Autowiring by type from bean name 'servletWebServerFactoryCustomizer' via factory method to bean named 'server-org.springframework.boot.autoconfigure.web.ServerProperties'
2023-12-05 16:24:19.239  [39mDEBUG[0;39m [[32mmain                          [0;39m] - [34mo.s.b.f.support.DefaultListableBeanFactory   [0;39m[213]: Creating shared instance of singleton bean 'tomcatServletWebServerFactoryCustomizer'
2023-12-05 16:24:19.240  [39mDEBUG[0;39m [[32mmain                          [0;39m] - [34mo.s.b.f.support.DefaultListableBeanFactory   [0;39m[777]: Autowiring by type from bean name 'tomcatServletWebServerFactoryCustomizer' via factory method to bean named 'server-org.springframework.boot.autoconfigure.web.ServerProperties'
2023-12-05 16:24:19.242  [39mDEBUG[0;39m [[32mmain                          [0;39m] - [34mo.s.b.f.support.DefaultListableBeanFactory   [0;39m[213]: Creating shared instance of singleton bean 'tomcatWebServerFactoryCustomizer'
2023-12-05 16:24:19.242  [39mDEBUG[0;39m [[32mmain                          [0;39m] - [34mo.s.b.f.support.DefaultListableBeanFactory   [0;39m[213]: Creating shared instance of singleton bean 'org.springframework.boot.autoconfigure.web.embedded.EmbeddedWebServerFactoryCustomizerAutoConfiguration$TomcatWebServerFactoryCustomizerConfiguration'
2023-12-05 16:24:19.245  [39mDEBUG[0;39m [[32mmain                          [0;39m] - [34mo.s.b.f.support.DefaultListableBeanFactory   [0;39m[777]: Autowiring by type from bean name 'tomcatWebServerFactoryCustomizer' via factory method to bean named 'environment'
2023-12-05 16:24:19.246  [39mDEBUG[0;39m [[32mmain                          [0;39m] - [34mo.s.b.f.support.DefaultListableBeanFactory   [0;39m[777]: Autowiring by type from bean name 'tomcatWebServerFactoryCustomizer' via factory method to bean named 'server-org.springframework.boot.autoconfigure.web.ServerProperties'
2023-12-05 16:24:19.251  [39mDEBUG[0;39m [[32mmain                          [0;39m] - [34mo.s.b.f.support.DefaultListableBeanFactory   [0;39m[213]: Creating shared instance of singleton bean 'localeCharsetMappingsCustomizer'
2023-12-05 16:24:19.252  [39mDEBUG[0;39m [[32mmain                          [0;39m] - [34mo.s.b.f.support.DefaultListableBeanFactory   [0;39m[213]: Creating shared instance of singleton bean 'org.springframework.boot.autoconfigure.web.servlet.HttpEncodingAutoConfiguration'
2023-12-05 16:24:19.253  [39mDEBUG[0;39m [[32mmain                          [0;39m] - [34ms.c.LocalVariableTableParameterNameDiscoverer[0;39m[108]: Cannot find '.class' file for class [class org.springframework.boot.autoconfigure.web.servlet.HttpEncodingAutoConfiguration$$EnhancerBySpringCGLIB$$41e5f3ca] - unable to determine constructor/method parameter names
2023-12-05 16:24:19.254  [39mDEBUG[0;39m [[32mmain                          [0;39m] - [34mo.s.b.f.support.DefaultListableBeanFactory   [0;39m[213]: Creating shared instance of singleton bean 'spring.http-org.springframework.boot.autoconfigure.http.HttpProperties'
2023-12-05 16:24:19.257  [39mDEBUG[0;39m [[32mmain                          [0;39m] - [34mo.s.b.f.support.DefaultListableBeanFactory   [0;39m[777]: Autowiring by type from bean name 'org.springframework.boot.autoconfigure.web.servlet.HttpEncodingAutoConfiguration' via constructor to bean named 'spring.http-org.springframework.boot.autoconfigure.http.HttpProperties'
2023-12-05 16:24:19.296  [39mDEBUG[0;39m [[32mmain                          [0;39m] - [34mo.s.b.f.support.DefaultListableBeanFactory   [0;39m[213]: Creating shared instance of singleton bean 'errorPageCustomizer'
2023-12-05 16:24:19.297  [39mDEBUG[0;39m [[32mmain                          [0;39m] - [34mo.s.b.f.support.DefaultListableBeanFactory   [0;39m[213]: Creating shared instance of singleton bean 'org.springframework.boot.autoconfigure.web.servlet.error.ErrorMvcAutoConfiguration'
2023-12-05 16:24:19.297  [39mDEBUG[0;39m [[32mmain                          [0;39m] - [34ms.c.LocalVariableTableParameterNameDiscoverer[0;39m[108]: Cannot find '.class' file for class [class org.springframework.boot.autoconfigure.web.servlet.error.ErrorMvcAutoConfiguration$$EnhancerBySpringCGLIB$$9a3d42ad] - unable to determine constructor/method parameter names
2023-12-05 16:24:19.299  [39mDEBUG[0;39m [[32mmain                          [0;39m] - [34mo.s.b.f.support.DefaultListableBeanFactory   [0;39m[213]: Creating shared instance of singleton bean 'dispatcherServletRegistration'
2023-12-05 16:24:19.301  [39mDEBUG[0;39m [[32mmain                          [0;39m] - [34mo.s.b.f.support.DefaultListableBeanFactory   [0;39m[213]: Creating shared instance of singleton bean 'org.springframework.boot.autoconfigure.web.servlet.DispatcherServletAutoConfiguration$DispatcherServletRegistrationConfiguration'
2023-12-05 16:24:19.302  [39mDEBUG[0;39m [[32mmain                          [0;39m] - [34ms.c.LocalVariableTableParameterNameDiscoverer[0;39m[108]: Cannot find '.class' file for class [class org.springframework.boot.autoconfigure.web.servlet.DispatcherServletAutoConfiguration$DispatcherServletRegistrationConfiguration$$EnhancerBySpringCGLIB$$20986198] - unable to determine constructor/method parameter names
2023-12-05 16:24:19.304  [39mDEBUG[0;39m [[32mmain                          [0;39m] - [34mo.s.b.f.support.DefaultListableBeanFactory   [0;39m[213]: Creating shared instance of singleton bean 'spring.mvc-org.springframework.boot.autoconfigure.web.servlet.WebMvcProperties'
2023-12-05 16:24:19.309  [39mDEBUG[0;39m [[32mmain                          [0;39m] - [34mo.s.b.f.support.DefaultListableBeanFactory   [0;39m[777]: Autowiring by type from bean name 'org.springframework.boot.autoconfigure.web.servlet.DispatcherServletAutoConfiguration$DispatcherServletRegistrationConfiguration' via constructor to bean named 'spring.mvc-org.springframework.boot.autoconfigure.web.servlet.WebMvcProperties'
2023-12-05 16:24:19.312  [39mDEBUG[0;39m [[32mmain                          [0;39m] - [34mo.s.b.f.support.DefaultListableBeanFactory   [0;39m[213]: Creating shared instance of singleton bean 'multipartConfigElement'
2023-12-05 16:24:19.313  [39mDEBUG[0;39m [[32mmain                          [0;39m] - [34mo.s.b.f.support.DefaultListableBeanFactory   [0;39m[213]: Creating shared instance of singleton bean 'org.springframework.boot.autoconfigure.web.servlet.MultipartAutoConfiguration'
2023-12-05 16:24:19.314  [39mDEBUG[0;39m [[32mmain                          [0;39m] - [34ms.c.LocalVariableTableParameterNameDiscoverer[0;39m[108]: Cannot find '.class' file for class [class org.springframework.boot.autoconfigure.web.servlet.MultipartAutoConfiguration$$EnhancerBySpringCGLIB$$b0d67bd7] - unable to determine constructor/method parameter names
2023-12-05 16:24:19.315  [39mDEBUG[0;39m [[32mmain                          [0;39m] - [34mo.s.b.f.support.DefaultListableBeanFactory   [0;39m[213]: Creating shared instance of singleton bean 'spring.servlet.multipart-org.springframework.boot.autoconfigure.web.servlet.MultipartProperties'
2023-12-05 16:24:19.342  [39mDEBUG[0;39m [[32mmain                          [0;39m] - [34mo.s.b.f.support.DefaultListableBeanFactory   [0;39m[777]: Autowiring by type from bean name 'org.springframework.boot.autoconfigure.web.servlet.MultipartAutoConfiguration' via constructor to bean named 'spring.servlet.multipart-org.springframework.boot.autoconfigure.web.servlet.MultipartProperties'
2023-12-05 16:24:19.355  [39mDEBUG[0;39m [[32mmain                          [0;39m] - [34mo.s.b.f.support.DefaultListableBeanFactory   [0;39m[213]: Creating shared instance of singleton bean 'dispatcherServlet'
2023-12-05 16:24:19.356  [39mDEBUG[0;39m [[32mmain                          [0;39m] - [34mo.s.b.f.support.DefaultListableBeanFactory   [0;39m[213]: Creating shared instance of singleton bean 'org.springframework.boot.autoconfigure.web.servlet.DispatcherServletAutoConfiguration$DispatcherServletConfiguration'
2023-12-05 16:24:19.357  [39mDEBUG[0;39m [[32mmain                          [0;39m] - [34ms.c.LocalVariableTableParameterNameDiscoverer[0;39m[108]: Cannot find '.class' file for class [class org.springframework.boot.autoconfigure.web.servlet.DispatcherServletAutoConfiguration$DispatcherServletConfiguration$$EnhancerBySpringCGLIB$$be90ccf1] - unable to determine constructor/method parameter names
2023-12-05 16:24:19.360  [39mDEBUG[0;39m [[32mmain                          [0;39m] - [34mo.s.b.f.support.DefaultListableBeanFactory   [0;39m[777]: Autowiring by type from bean name 'org.springframework.boot.autoconfigure.web.servlet.DispatcherServletAutoConfiguration$DispatcherServletConfiguration' via constructor to bean named 'spring.http-org.springframework.boot.autoconfigure.http.HttpProperties'
2023-12-05 16:24:19.360  [39mDEBUG[0;39m [[32mmain                          [0;39m] - [34mo.s.b.f.support.DefaultListableBeanFactory   [0;39m[777]: Autowiring by type from bean name 'org.springframework.boot.autoconfigure.web.servlet.DispatcherServletAutoConfiguration$DispatcherServletConfiguration' via constructor to bean named 'spring.mvc-org.springframework.boot.autoconfigure.web.servlet.WebMvcProperties'
