2023-12-05 16:16:02.235  [39mDEBUG[0;39m [[32mmain                          [0;39m] - [34mc.b.mybatisplus.core.MybatisConfiguration    [0;39m[96]: addMappedStatement: sql.ClientReviewBufferMapper.selectByExample
2023-12-05 16:16:02.243  [39mDEBUG[0;39m [[32mmain                          [0;39m] - [34mc.b.mybatisplus.core.MybatisConfiguration    [0;39m[96]: addMappedStatement: sql.ClientReviewBufferMapper.selectByPrimaryKey
2023-12-05 16:16:02.244  [39mDEBUG[0;39m [[32mmain                          [0;39m] - [34mc.b.mybatisplus.core.MybatisConfiguration    [0;39m[96]: addMappedStatement: sql.ClientReviewBufferMapper.deleteByPrimaryKey
2023-12-05 16:16:02.255  [39mDEBUG[0;39m [[32mmain                          [0;39m] - [34mc.b.mybatisplus.core.MybatisConfiguration    [0;39m[96]: addMappedStatement: sql.ClientReviewBufferMapper.insert
2023-12-05 16:16:02.255  [39mDEBUG[0;39m [[32mmain                          [0;39m] - [34mc.b.mybatisplus.core.MybatisConfiguration    [0;39m[96]: addMappedStatement: sql.ClientReviewBufferMapper.insertSelective
2023-12-05 16:16:02.256  [39mDEBUG[0;39m [[32mmain                          [0;39m] - [34mc.b.mybatisplus.core.MybatisConfiguration    [0;39m[96]: addMappedStatement: sql.ClientReviewBufferMapper.updateByPrimaryKeySelective
2023-12-05 16:16:02.257  [39mDEBUG[0;39m [[32mmain                          [0;39m] - [34mc.b.mybatisplus.core.MybatisConfiguration    [0;39m[96]: addMappedStatement: sql.ClientReviewBufferMapper.updateByPrimaryKey
2023-12-05 16:16:02.258  [39mDEBUG[0;39m [[32mmain                          [0;39m] - [34mc.b.m.e.spring.MybatisSqlSessionFactoryBean  [0;39m[49]: Parsed mapper file: 'file [D:\demo\target\classes\mapper\ClientReviewBufferMapper.xml]'
2023-12-05 16:16:02.275  [39mDEBUG[0;39m [[32mmain                          [0;39m] - [34mc.b.mybatisplus.core.MybatisConfiguration    [0;39m[96]: addMappedStatement: sql.ClientReviewCounterpartyMapper.selectByExample
2023-12-05 16:16:02.277  [39mDEBUG[0;39m [[32mmain                          [0;39m] - [34mc.b.mybatisplus.core.MybatisConfiguration    [0;39m[96]: addMappedStatement: sql.ClientReviewCounterpartyMapper.selectByPrimaryKey
2023-12-05 16:16:02.278  [39mDEBUG[0;39m [[32mmain                          [0;39m] - [34mc.b.mybatisplus.core.MybatisConfiguration    [0;39m[96]: addMappedStatement: sql.ClientReviewCounterpartyMapper.deleteByPrimaryKey
2023-12-05 16:16:02.279  [39mDEBUG[0;39m [[32mmain                          [0;39m] - [34mc.b.mybatisplus.core.MybatisConfiguration    [0;39m[96]: addMappedStatement: sql.ClientReviewCounterpartyMapper.insert
2023-12-05 16:16:02.281  [39mDEBUG[0;39m [[32mmain                          [0;39m] - [34mc.b.mybatisplus.core.MybatisConfiguration    [0;39m[96]: addMappedStatement: sql.ClientReviewCounterpartyMapper.insertSelective
2023-12-05 16:16:02.283  [39mDEBUG[0;39m [[32mmain                          [0;39m] - [34mc.b.mybatisplus.core.MybatisConfiguration    [0;39m[96]: addMappedStatement: sql.ClientReviewCounterpartyMapper.updateByPrimaryKeySelective
2023-12-05 16:16:02.286  [39mDEBUG[0;39m [[32mmain                          [0;39m] - [34mc.b.mybatisplus.core.MybatisConfiguration    [0;39m[96]: addMappedStatement: sql.ClientReviewCounterpartyMapper.updateByPrimaryKey
2023-12-05 16:16:02.287  [39mDEBUG[0;39m [[32mmain                          [0;39m] - [34mc.b.m.e.spring.MybatisSqlSessionFactoryBean  [0;39m[49]: Parsed mapper file: 'file [D:\demo\target\classes\mapper\ClientReviewCounterpartyMapper.xml]'
2023-12-05 16:16:02.317  [39mDEBUG[0;39m [[32mmain                          [0;39m] - [34mc.b.mybatisplus.core.MybatisConfiguration    [0;39m[96]: addMappedStatement: sql.ClientReviewDetailMapper.selectByExampleWithBLOBs
2023-12-05 16:16:02.319  [39mDEBUG[0;39m [[32mmain                          [0;39m] - [34mc.b.mybatisplus.core.MybatisConfiguration    [0;39m[96]: addMappedStatement: sql.ClientReviewDetailMapper.selectByExample
2023-12-05 16:16:02.321  [39mDEBUG[0;39m [[32mmain                          [0;39m] - [34mc.b.mybatisplus.core.MybatisConfiguration    [0;39m[96]: addMappedStatement: sql.ClientReviewDetailMapper.selectByPrimaryKey
2023-12-05 16:16:02.324  [39mDEBUG[0;39m [[32mmain                          [0;39m] - [34mc.b.mybatisplus.core.MybatisConfiguration    [0;39m[96]: addMappedStatement: sql.ClientReviewDetailMapper.deleteByPrimaryKey
2023-12-05 16:16:02.325  [39mDEBUG[0;39m [[32mmain                          [0;39m] - [34mc.b.mybatisplus.core.MybatisConfiguration    [0;39m[96]: addMappedStatement: sql.ClientReviewDetailMapper.insert
2023-12-05 16:16:02.326  [39mDEBUG[0;39m [[32mmain                          [0;39m] - [34mc.b.mybatisplus.core.MybatisConfiguration    [0;39m[96]: addMappedStatement: sql.ClientReviewDetailMapper.insertSelective
2023-12-05 16:16:02.328  [39mDEBUG[0;39m [[32mmain                          [0;39m] - [34mc.b.mybatisplus.core.MybatisConfiguration    [0;39m[96]: addMappedStatement: sql.ClientReviewDetailMapper.updateByPrimaryKeySelective
2023-12-05 16:16:02.329  [39mDEBUG[0;39m [[32mmain                          [0;39m] - [34mc.b.mybatisplus.core.MybatisConfiguration    [0;39m[96]: addMappedStatement: sql.ClientReviewDetailMapper.updateByPrimaryKeyWithBLOBs
2023-12-05 16:16:02.330  [39mDEBUG[0;39m [[32mmain                          [0;39m] - [34mc.b.mybatisplus.core.MybatisConfiguration    [0;39m[96]: addMappedStatement: sql.ClientReviewDetailMapper.updateByPrimaryKey
2023-12-05 16:16:02.332  [39mDEBUG[0;39m [[32mmain                          [0;39m] - [34mc.b.m.e.spring.MybatisSqlSessionFactoryBean  [0;39m[49]: Parsed mapper file: 'file [D:\demo\target\classes\mapper\ClientReviewDetailMapper.xml]'
2023-12-05 16:16:02.352  [39mDEBUG[0;39m [[32mmain                          [0;39m] - [34mc.b.mybatisplus.core.MybatisConfiguration    [0;39m[96]: addMappedStatement: sql.ClientReviewFileRecordMapper.selectByExample
2023-12-05 16:16:02.354  [39mDEBUG[0;39m [[32mmain                          [0;39m] - [34mc.b.mybatisplus.core.MybatisConfiguration    [0;39m[96]: addMappedStatement: sql.ClientReviewFileRecordMapper.selectByPrimaryKey
2023-12-05 16:16:02.356  [39mDEBUG[0;39m [[32mmain                          [0;39m] - [34mc.b.mybatisplus.core.MybatisConfiguration    [0;39m[96]: addMappedStatement: sql.ClientReviewFileRecordMapper.deleteByPrimaryKey
2023-12-05 16:16:02.357  [39mDEBUG[0;39m [[32mmain                          [0;39m] - [34mc.b.mybatisplus.core.MybatisConfiguration    [0;39m[96]: addMappedStatement: sql.ClientReviewFileRecordMapper.insert
2023-12-05 16:16:02.359  [39mDEBUG[0;39m [[32mmain                          [0;39m] - [34mc.b.mybatisplus.core.MybatisConfiguration    [0;39m[96]: addMappedStatement: sql.ClientReviewFileRecordMapper.insertSelective
2023-12-05 16:16:02.360  [39mDEBUG[0;39m [[32mmain                          [0;39m] - [34mc.b.mybatisplus.core.MybatisConfiguration    [0;39m[96]: addMappedStatement: sql.ClientReviewFileRecordMapper.updateByPrimaryKeySelective
