2023-12-05 17:00:45.219  [39mDEBUG[0;39m [[32mmain                          [0;39m] - [34mo.s.b.f.support.DefaultListableBeanFactory   [0;39m[213]: Creating shared instance of singleton bean 'spring.servlet.multipart-org.springframework.boot.autoconfigure.web.servlet.MultipartProperties'
2023-12-05 17:00:45.241  [39mDEBUG[0;39m [[32mmain                          [0;39m] - [34mo.s.b.f.support.DefaultListableBeanFactory   [0;39m[777]: Autowiring by type from bean name 'org.springframework.boot.autoconfigure.web.servlet.MultipartAutoConfiguration' via constructor to bean named 'spring.servlet.multipart-org.springframework.boot.autoconfigure.web.servlet.MultipartProperties'
2023-12-05 17:00:45.250  [39mDEBUG[0;39m [[32mmain                          [0;39m] - [34mo.s.b.f.support.DefaultListableBeanFactory   [0;39m[213]: Creating shared instance of singleton bean 'dispatcherServlet'
2023-12-05 17:00:45.250  [39mDEBUG[0;39m [[32mmain                          [0;39m] - [34mo.s.b.f.support.DefaultListableBeanFactory   [0;39m[213]: Creating shared instance of singleton bean 'org.springframework.boot.autoconfigure.web.servlet.DispatcherServletAutoConfiguration$DispatcherServletConfiguration'
2023-12-05 17:00:45.251  [39mDEBUG[0;39m [[32mmain                          [0;39m] - [34ms.c.LocalVariableTableParameterNameDiscoverer[0;39m[108]: Cannot find '.class' file for class [class org.springframework.boot.autoconfigure.web.servlet.DispatcherServletAutoConfiguration$DispatcherServletConfiguration$$EnhancerBySpringCGLIB$$ee0c9b21] - unable to determine constructor/method parameter names
2023-12-05 17:00:45.252  [39mDEBUG[0;39m [[32mmain                          [0;39m] - [34mo.s.b.f.support.DefaultListableBeanFactory   [0;39m[777]: Autowiring by type from bean name 'org.springframework.boot.autoconfigure.web.servlet.DispatcherServletAutoConfiguration$DispatcherServletConfiguration' via constructor to bean named 'spring.http-org.springframework.boot.autoconfigure.http.HttpProperties'
2023-12-05 17:00:45.253  [39mDEBUG[0;39m [[32mmain                          [0;39m] - [34mo.s.b.f.support.DefaultListableBeanFactory   [0;39m[777]: Autowiring by type from bean name 'org.springframework.boot.autoconfigure.web.servlet.DispatcherServletAutoConfiguration$DispatcherServletConfiguration' via constructor to bean named 'spring.mvc-org.springframework.boot.autoconfigure.web.servlet.WebMvcProperties'
2023-12-05 17:00:45.278  [39mDEBUG[0;39m [[32mmain                          [0;39m] - [34mo.s.b.f.support.DefaultListableBeanFactory   [0;39m[777]: Autowiring by type from bean name 'dispatcherServletRegistration' via factory method to bean named 'dispatcherServlet'
2023-12-05 17:00:45.290  [39mDEBUG[0;39m [[32mmain                          [0;39m] - [34mo.s.b.f.support.DefaultListableBeanFactory   [0;39m[777]: Autowiring by type from bean name 'org.springframework.boot.autoconfigure.web.servlet.error.ErrorMvcAutoConfiguration' via constructor to bean named 'server-org.springframework.boot.autoconfigure.web.ServerProperties'
2023-12-05 17:00:45.290  [39mDEBUG[0;39m [[32mmain                          [0;39m] - [34mo.s.b.f.support.DefaultListableBeanFactory   [0;39m[777]: Autowiring by type from bean name 'org.springframework.boot.autoconfigure.web.servlet.error.ErrorMvcAutoConfiguration' via constructor to bean named 'dispatcherServletRegistration'
2023-12-05 17:00:45.292  [39mDEBUG[0;39m [[32mmain                          [0;39m] - [34mo.s.b.f.support.DefaultListableBeanFactory   [0;39m[213]: Creating shared instance of singleton bean 'conventionErrorViewResolver'
2023-12-05 17:00:45.293  [39mDEBUG[0;39m [[32mmain                          [0;39m] - [34mo.s.b.f.support.DefaultListableBeanFactory   [0;39m[213]: Creating shared instance of singleton bean 'org.springframework.boot.autoconfigure.web.servlet.error.ErrorMvcAutoConfiguration$DefaultErrorViewResolverConfiguration'
2023-12-05 17:00:45.294  [39mDEBUG[0;39m [[32mmain                          [0;39m] - [34ms.c.LocalVariableTableParameterNameDiscoverer[0;39m[108]: Cannot find '.class' file for class [class org.springframework.boot.autoconfigure.web.servlet.error.ErrorMvcAutoConfiguration$DefaultErrorViewResolverConfiguration$$EnhancerBySpringCGLIB$$de4de57d] - unable to determine constructor/method parameter names
2023-12-05 17:00:45.297  [39mDEBUG[0;39m [[32mmain                          [0;39m] - [34mo.s.b.f.support.DefaultListableBeanFactory   [0;39m[213]: Creating shared instance of singleton bean 'spring.resources-org.springframework.boot.autoconfigure.web.ResourceProperties'
2023-12-05 17:00:45.300  [39mDEBUG[0;39m [[32mmain                          [0;39m] - [34mo.s.b.f.support.DefaultListableBeanFactory   [0;39m[777]: Autowiring by type from bean name 'org.springframework.boot.autoconfigure.web.servlet.error.ErrorMvcAutoConfiguration$DefaultErrorViewResolverConfiguration' via constructor to bean named 'org.springframework.boot.web.servlet.context.AnnotationConfigServletWebServerApplicationContext@c267ef4'
2023-12-05 17:00:45.301  [39mDEBUG[0;39m [[32mmain                          [0;39m] - [34mo.s.b.f.support.DefaultListableBeanFactory   [0;39m[777]: Autowiring by type from bean name 'org.springframework.boot.autoconfigure.web.servlet.error.ErrorMvcAutoConfiguration$DefaultErrorViewResolverConfiguration' via constructor to bean named 'spring.resources-org.springframework.boot.autoconfigure.web.ResourceProperties'
2023-12-05 17:00:45.665  [39mDEBUG[0;39m [[32mmain                          [0;39m] - [34mo.s.b.w.e.t.TomcatServletWebServerFactory    [0;39m[82]: Code archive: D:\javalesson\JAVAstudyrespository\org\springframework\boot\spring-boot\2.1.5.RELEASE\spring-boot-2.1.5.RELEASE.jar
2023-12-05 17:00:45.666  [39mDEBUG[0;39m [[32mmain                          [0;39m] - [34mo.s.b.w.e.t.TomcatServletWebServerFactory    [0;39m[126]: Code archive: D:\javalesson\JAVAstudyrespository\org\springframework\boot\spring-boot\2.1.5.RELEASE\spring-boot-2.1.5.RELEASE.jar
2023-12-05 17:00:45.667  [39mDEBUG[0;39m [[32mmain                          [0;39m] - [34mo.s.b.w.e.t.TomcatServletWebServerFactory    [0;39m[151]: None of the document roots [src/main/webapp, public, static] point to a directory and will be ignored.
2023-12-05 17:00:45.700  [34mINFO [0;39m [[32mmain                          [0;39m] - [34mo.s.boot.web.embedded.tomcat.TomcatWebServer [0;39m[90]: Tomcat initialized with port(s): 8080 (http)
2023-12-05 17:00:45.716  [34mINFO [0;39m [[32mmain                          [0;39m] - [34morg.apache.coyote.http11.Http11NioProtocol   [0;39m[173]: Initializing ProtocolHandler ["http-nio-8080"]
2023-12-05 17:00:45.728  [34mINFO [0;39m [[32mmain                          [0;39m] - [34morg.apache.catalina.core.StandardService     [0;39m[173]: Starting service [Tomcat]
2023-12-05 17:00:45.729  [34mINFO [0;39m [[32mmain                          [0;39m] - [34morg.apache.catalina.core.StandardEngine      [0;39m[173]: Starting Servlet engine: [Apache Tomcat/9.0.19]
2023-12-05 17:00:45.858  [34mINFO [0;39m [[32mmain                          [0;39m] - [34mo.a.c.c.C.[Tomcat].[localhost].[/]           [0;39m[173]: Initializing Spring embedded WebApplicationContext
2023-12-05 17:00:45.859  [39mDEBUG[0;39m [[32mmain                          [0;39m] - [34morg.springframework.web.context.ContextLoader[0;39m[288]: Published root WebApplicationContext as ServletContext attribute with name [org.springframework.web.context.WebApplicationContext.ROOT]
2023-12-05 17:00:45.859  [34mINFO [0;39m [[32mmain                          [0;39m] - [34morg.springframework.web.context.ContextLoader[0;39m[296]: Root WebApplicationContext: initialization completed in 2485 ms
2023-12-05 17:00:45.865  [39mDEBUG[0;39m [[32mmain                          [0;39m] - [34mo.s.b.f.support.DefaultListableBeanFactory   [0;39m[213]: Creating shared instance of singleton bean 'requestContextFilter'
2023-12-05 17:00:45.868  [39mDEBUG[0;39m [[32mmain                          [0;39m] - [34mo.s.b.f.support.DefaultListableBeanFactory   [0;39m[213]: Creating shared instance of singleton bean 'hiddenHttpMethodFilter'
2023-12-05 17:00:45.868  [39mDEBUG[0;39m [[32mmain                          [0;39m] - [34mo.s.b.f.support.DefaultListableBeanFactory   [0;39m[213]: Creating shared instance of singleton bean 'org.springframework.boot.autoconfigure.web.servlet.WebMvcAutoConfiguration'
2023-12-05 17:00:45.877  [39mDEBUG[0;39m [[32mmain                          [0;39m] - [34mo.s.b.f.support.DefaultListableBeanFactory   [0;39m[213]: Creating shared instance of singleton bean 'formContentFilter'
2023-12-05 17:00:45.884  [39mDEBUG[0;39m [[32mmain                          [0;39m] - [34mo.s.b.f.support.DefaultListableBeanFactory   [0;39m[213]: Creating shared instance of singleton bean 'characterEncodingFilter'
2023-12-05 17:00:45.897  [39mDEBUG[0;39m [[32mmain                          [0;39m] - [34mo.s.b.w.s.ServletContextInitializerBeans     [0;39m[267]: Mapping filters: characterEncodingFilter urls=[/*], hiddenHttpMethodFilter urls=[/*], formContentFilter urls=[/*], requestContextFilter urls=[/*]
2023-12-05 17:00:45.898  [39mDEBUG[0;39m [[32mmain                          [0;39m] - [34mo.s.b.w.s.ServletContextInitializerBeans     [0;39m[267]: Mapping servlets: dispatcherServlet urls=[/]
2023-12-05 17:00:45.938  [39mDEBUG[0;39m [[32mmain                          [0;39m] - [34mo.s.b.w.s.filter.OrderedRequestContextFilter [0;39m[241]: Filter 'requestContextFilter' configured for use
2023-12-05 17:00:45.939  [39mDEBUG[0;39m [[32mmain                          [0;39m] - [34mo.s.b.w.s.f.OrderedHiddenHttpMethodFilter    [0;39m[241]: Filter 'hiddenHttpMethodFilter' configured for use
2023-12-05 17:00:45.940  [39mDEBUG[0;39m [[32mmain                          [0;39m] - [34mo.s.b.w.s.f.OrderedCharacterEncodingFilter   [0;39m[241]: Filter 'characterEncodingFilter' configured for use
2023-12-05 17:00:45.941  [39mDEBUG[0;39m [[32mmain                          [0;39m] - [34mo.s.b.w.s.filter.OrderedFormContentFilter    [0;39m[241]: Filter 'formContentFilter' configured for use
2023-12-05 17:00:45.951  [39mDEBUG[0;39m [[32mmain                          [0;39m] - [34mo.s.b.f.support.DefaultListableBeanFactory   [0;39m[213]: Creating shared instance of singleton bean 'demoApplication'
2023-12-05 17:00:45.952  [39mDEBUG[0;39m [[32mmain                          [0;39m] - [34mo.s.b.f.support.DefaultListableBeanFactory   [0;39m[213]: Creating shared instance of singleton bean 'testController'
2023-12-05 17:00:45.955  [39mDEBUG[0;39m [[32mmain                          [0;39m] - [34mo.s.b.f.support.DefaultListableBeanFactory   [0;39m[213]: Creating shared instance of singleton bean 'testserviceImpl'
2023-12-05 17:00:45.960  [39mDEBUG[0;39m [[32mmain                          [0;39m] - [34mo.s.b.f.support.DefaultListableBeanFactory   [0;39m[213]: Creating shared instance of singleton bean 'otcDerivativeCounterpartyMapper'
2023-12-05 17:00:45.966  [39mDEBUG[0;39m [[32mmain                          [0;39m] - [34mo.s.b.f.support.DefaultListableBeanFactory   [0;39m[213]: Creating shared instance of singleton bean 'sqlSessionFactory'
2023-12-05 17:00:45.967  [39mDEBUG[0;39m [[32mmain                          [0;39m] - [34mo.s.b.f.support.DefaultListableBeanFactory   [0;39m[213]: Creating shared instance of singleton bean 'com.baomidou.mybatisplus.autoconfigure.MybatisPlusAutoConfiguration'
2023-12-05 17:00:45.967  [39mDEBUG[0;39m [[32mmain                          [0;39m] - [34ms.c.LocalVariableTableParameterNameDiscoverer[0;39m[108]: Cannot find '.class' file for class [class com.baomidou.mybatisplus.autoconfigure.MybatisPlusAutoConfiguration$$EnhancerBySpringCGLIB$$dbd577f2] - unable to determine constructor/method parameter names
2023-12-05 17:00:45.971  [39mDEBUG[0;39m [[32mmain                          [0;39m] - [34mo.s.b.f.support.DefaultListableBeanFactory   [0;39m[213]: Creating shared instance of singleton bean 'mybatis-plus-com.baomidou.mybatisplus.autoconfigure.MybatisPlusProperties'
2023-12-05 17:00:45.980  [39mDEBUG[0;39m [[32mmain                          [0;39m] - [34mo.s.b.f.support.DefaultListableBeanFactory   [0;39m[777]: Autowiring by type from bean name 'com.baomidou.mybatisplus.autoconfigure.MybatisPlusAutoConfiguration' via constructor to bean named 'mybatis-plus-com.baomidou.mybatisplus.autoconfigure.MybatisPlusProperties'
2023-12-05 17:00:45.980  [39mDEBUG[0;39m [[32mmain                          [0;39m] - [34mo.s.b.f.support.DefaultListableBeanFactory   [0;39m[777]: Autowiring by type from bean name 'com.baomidou.mybatisplus.autoconfigure.MybatisPlusAutoConfiguration' via constructor to bean named 'org.springframework.boot.web.servlet.context.AnnotationConfigServletWebServerApplicationContext@c267ef4'
2023-12-05 17:00:45.982  [39mDEBUG[0;39m [[32mmain                          [0;39m] - [34mo.s.b.f.support.DefaultListableBeanFactory   [0;39m[213]: Creating shared instance of singleton bean 'com.github.yulichang.interceptor.MPJInterceptor'
2023-12-05 17:00:45.999  [39mDEBUG[0;39m [[32mmain                          [0;39m] - [34mo.s.b.f.support.DefaultListableBeanFactory   [0;39m[213]: Creating shared instance of singleton bean 'dataSource'
2023-12-05 17:00:45.999  [39mDEBUG[0;39m [[32mmain                          [0;39m] - [34mo.s.b.f.support.DefaultListableBeanFactory   [0;39m[213]: Creating shared instance of singleton bean 'com.alibaba.druid.spring.boot.autoconfigure.DruidDataSourceAutoConfigure'
2023-12-05 17:00:46.003  [34mINFO [0;39m [[32mmain                          [0;39m] - [34mc.a.d.s.b.a.DruidDataSourceAutoConfigure     [0;39m[56]: Init DruidDataSource
