2023-12-05 16:00:28.400  [39mDEBUG[0;39m [[32mmain                          [0;39m] - [34mo.s.b.f.support.DefaultListableBeanFactory   [0;39m[213]: Creating shared instance of singleton bean 'com.github.pagehelper.autoconfigure.PageHelperAutoConfiguration'
2023-12-05 16:00:28.408  [39mDEBUG[0;39m [[32mmain                          [0;39m] - [34mo.s.b.f.support.DefaultListableBeanFactory   [0;39m[213]: Creating shared instance of singleton bean 'pagehelper-com.github.pagehelper.autoconfigure.PageHelperProperties'
2023-12-05 16:00:28.415  [39mDEBUG[0;39m [[32mmain                          [0;39m] - [34mo.s.b.f.support.DefaultListableBeanFactory   [0;39m[213]: Creating shared instance of singleton bean 'pageHelperProperties'
2023-12-05 16:00:28.482  [39mDEBUG[0;39m [[32mmain                          [0;39m] - [34mo.s.b.f.support.DefaultListableBeanFactory   [0;39m[213]: Creating shared instance of singleton bean 'com.github.yulichang.config.InterceptorConfig'
2023-12-05 16:00:28.488  [39mDEBUG[0;39m [[32mmain                          [0;39m] - [34mo.s.b.f.support.DefaultListableBeanFactory   [0;39m[213]: Creating shared instance of singleton bean 'org.springframework.boot.autoconfigure.jmx.JmxAutoConfiguration'
2023-12-05 16:00:28.495  [39mDEBUG[0;39m [[32mmain                          [0;39m] - [34mo.s.b.f.support.DefaultListableBeanFactory   [0;39m[213]: Creating shared instance of singleton bean 'mbeanExporter'
2023-12-05 16:00:28.496  [39mDEBUG[0;39m [[32mmain                          [0;39m] - [34mo.s.b.f.support.DefaultListableBeanFactory   [0;39m[213]: Creating shared instance of singleton bean 'objectNamingStrategy'
2023-12-05 16:00:28.501  [39mDEBUG[0;39m [[32mmain                          [0;39m] - [34mo.s.b.f.support.DefaultListableBeanFactory   [0;39m[777]: Autowiring by type from bean name 'mbeanExporter' via factory method to bean named 'objectNamingStrategy'
2023-12-05 16:00:28.517  [39mDEBUG[0;39m [[32mmain                          [0;39m] - [34mo.s.b.f.support.DefaultListableBeanFactory   [0;39m[213]: Creating shared instance of singleton bean 'mbeanServer'
2023-12-05 16:00:28.526  [39mDEBUG[0;39m [[32mmain                          [0;39m] - [34morg.springframework.jmx.support.JmxUtils     [0;39m[126]: Found MBeanServer: com.sun.jmx.mbeanserver.JmxMBeanServer@4bc622a1
2023-12-05 16:00:28.540  [39mDEBUG[0;39m [[32mmain                          [0;39m] - [34mo.s.b.f.support.DefaultListableBeanFactory   [0;39m[213]: Creating shared instance of singleton bean 'org.springframework.boot.autoconfigure.context.ConfigurationPropertiesAutoConfiguration'
2023-12-05 16:00:28.541  [39mDEBUG[0;39m [[32mmain                          [0;39m] - [34mo.s.b.f.support.DefaultListableBeanFactory   [0;39m[213]: Creating shared instance of singleton bean 'org.springframework.boot.autoconfigure.dao.PersistenceExceptionTranslationAutoConfiguration'
2023-12-05 16:00:28.542  [39mDEBUG[0;39m [[32mmain                          [0;39m] - [34mo.s.b.f.support.DefaultListableBeanFactory   [0;39m[213]: Creating shared instance of singleton bean 'org.springframework.boot.autoconfigure.http.JacksonHttpMessageConvertersConfiguration'
2023-12-05 16:00:28.543  [39mDEBUG[0;39m [[32mmain                          [0;39m] - [34mo.s.b.f.support.DefaultListableBeanFactory   [0;39m[213]: Creating shared instance of singleton bean 'org.springframework.boot.autoconfigure.http.codec.CodecsAutoConfiguration$LoggingCodecConfiguration'
2023-12-05 16:00:28.544  [39mDEBUG[0;39m [[32mmain                          [0;39m] - [34mo.s.b.f.support.DefaultListableBeanFactory   [0;39m[213]: Creating shared instance of singleton bean 'loggingCodecCustomizer'
2023-12-05 16:00:28.545  [39mDEBUG[0;39m [[32mmain                          [0;39m] - [34mo.s.b.f.support.DefaultListableBeanFactory   [0;39m[777]: Autowiring by type from bean name 'loggingCodecCustomizer' via factory method to bean named 'spring.http-org.springframework.boot.autoconfigure.http.HttpProperties'
2023-12-05 16:00:28.553  [39mDEBUG[0;39m [[32mmain                          [0;39m] - [34mo.s.b.f.support.DefaultListableBeanFactory   [0;39m[213]: Creating shared instance of singleton bean 'org.springframework.boot.autoconfigure.http.codec.CodecsAutoConfiguration$JacksonCodecConfiguration'
2023-12-05 16:00:28.555  [39mDEBUG[0;39m [[32mmain                          [0;39m] - [34mo.s.b.f.support.DefaultListableBeanFactory   [0;39m[213]: Creating shared instance of singleton bean 'jacksonCodecCustomizer'
2023-12-05 16:00:28.556  [39mDEBUG[0;39m [[32mmain                          [0;39m] - [34mo.s.b.f.support.DefaultListableBeanFactory   [0;39m[777]: Autowiring by type from bean name 'jacksonCodecCustomizer' via factory method to bean named 'jacksonObjectMapper'
2023-12-05 16:00:28.561  [39mDEBUG[0;39m [[32mmain                          [0;39m] - [34mo.s.b.f.support.DefaultListableBeanFactory   [0;39m[213]: Creating shared instance of singleton bean 'org.springframework.boot.autoconfigure.http.codec.CodecsAutoConfiguration'
2023-12-05 16:00:28.562  [39mDEBUG[0;39m [[32mmain                          [0;39m] - [34mo.s.b.f.support.DefaultListableBeanFactory   [0;39m[213]: Creating shared instance of singleton bean 'org.springframework.boot.autoconfigure.info.ProjectInfoAutoConfiguration'
2023-12-05 16:00:28.563  [39mDEBUG[0;39m [[32mmain                          [0;39m] - [34ms.c.LocalVariableTableParameterNameDiscoverer[0;39m[108]: Cannot find '.class' file for class [class org.springframework.boot.autoconfigure.info.ProjectInfoAutoConfiguration$$EnhancerBySpringCGLIB$$c8fe01fb] - unable to determine constructor/method parameter names
2023-12-05 16:00:28.564  [39mDEBUG[0;39m [[32mmain                          [0;39m] - [34mo.s.b.f.support.DefaultListableBeanFactory   [0;39m[213]: Creating shared instance of singleton bean 'spring.info-org.springframework.boot.autoconfigure.info.ProjectInfoProperties'
2023-12-05 16:00:28.566  [39mDEBUG[0;39m [[32mmain                          [0;39m] - [34mo.s.b.f.support.DefaultListableBeanFactory   [0;39m[777]: Autowiring by type from bean name 'org.springframework.boot.autoconfigure.info.ProjectInfoAutoConfiguration' via constructor to bean named 'spring.info-org.springframework.boot.autoconfigure.info.ProjectInfoProperties'
2023-12-05 16:00:28.567  [39mDEBUG[0;39m [[32mmain                          [0;39m] - [34mo.s.b.f.support.DefaultListableBeanFactory   [0;39m[213]: Creating shared instance of singleton bean 'org.springframework.boot.autoconfigure.jdbc.JdbcTemplateAutoConfiguration$JdbcTemplateConfiguration'
2023-12-05 16:00:28.574  [39mDEBUG[0;39m [[32mmain                          [0;39m] - [34ms.c.LocalVariableTableParameterNameDiscoverer[0;39m[108]: Cannot find '.class' file for class [class org.springframework.boot.autoconfigure.jdbc.JdbcTemplateAutoConfiguration$JdbcTemplateConfiguration$$EnhancerBySpringCGLIB$$a58f234f] - unable to determine constructor/method parameter names
2023-12-05 16:00:28.575  [39mDEBUG[0;39m [[32mmain                          [0;39m] - [34mo.s.b.f.support.DefaultListableBeanFactory   [0;39m[213]: Creating shared instance of singleton bean 'spring.jdbc-org.springframework.boot.autoconfigure.jdbc.JdbcProperties'
2023-12-05 16:00:28.576  [39mDEBUG[0;39m [[32mmain                          [0;39m] - [34mo.s.b.f.support.DefaultListableBeanFactory   [0;39m[777]: Autowiring by type from bean name 'org.springframework.boot.autoconfigure.jdbc.JdbcTemplateAutoConfiguration$JdbcTemplateConfiguration' via constructor to bean named 'dataSource'
2023-12-05 16:00:28.577  [39mDEBUG[0;39m [[32mmain                          [0;39m] - [34mo.s.b.f.support.DefaultListableBeanFactory   [0;39m[777]: Autowiring by type from bean name 'org.springframework.boot.autoconfigure.jdbc.JdbcTemplateAutoConfiguration$JdbcTemplateConfiguration' via constructor to bean named 'spring.jdbc-org.springframework.boot.autoconfigure.jdbc.JdbcProperties'
2023-12-05 16:00:28.578  [39mDEBUG[0;39m [[32mmain                          [0;39m] - [34mo.s.b.f.support.DefaultListableBeanFactory   [0;39m[213]: Creating shared instance of singleton bean 'jdbcTemplate'
2023-12-05 16:00:28.598  [39mDEBUG[0;39m [[32mmain                          [0;39m] - [34mo.s.b.f.support.DefaultListableBeanFactory   [0;39m[213]: Creating shared instance of singleton bean 'org.springframework.boot.autoconfigure.jdbc.JdbcTemplateAutoConfiguration$NamedParameterJdbcTemplateConfiguration'
2023-12-05 16:00:28.599  [39mDEBUG[0;39m [[32mmain                          [0;39m] - [34mo.s.b.f.support.DefaultListableBeanFactory   [0;39m[213]: Creating shared instance of singleton bean 'namedParameterJdbcTemplate'
