2023-12-05 16:36:29.041  [39mDEBUG[0;39m [[32mmain                          [0;39m] - [34mo.m.spring.mapper.ClassPathMapperScanner     [0;39m[49]: Creating MapperFactoryBean with name 'crtExpiredRecordMapper' and 'sql.CrtExpiredRecordMapper' mapperInterface
2023-12-05 16:36:29.047  [39mDEBUG[0;39m [[32mmain                          [0;39m] - [34mo.m.spring.mapper.ClassPathMapperScanner     [0;39m[49]: Enabling autowire by type for MapperFactoryBean with name 'crtExpiredRecordMapper'.
2023-12-05 16:36:29.048  [39mDEBUG[0;39m [[32mmain                          [0;39m] - [34mo.m.spring.mapper.ClassPathMapperScanner     [0;39m[49]: Creating MapperFactoryBean with name 'crtExpiredRecordUnionMapper' and 'sql.CrtExpiredRecordUnionMapper' mapperInterface
2023-12-05 16:36:29.048  [39mDEBUG[0;39m [[32mmain                          [0;39m] - [34mo.m.spring.mapper.ClassPathMapperScanner     [0;39m[49]: Enabling autowire by type for MapperFactoryBean with name 'crtExpiredRecordUnionMapper'.
2023-12-05 16:36:29.048  [39mDEBUG[0;39m [[32mmain                          [0;39m] - [34mo.m.spring.mapper.ClassPathMapperScanner     [0;39m[49]: Creating MapperFactoryBean with name 'ctptyInfoUpdateRecordMapper' and 'sql.CtptyInfoUpdateRecordMapper' mapperInterface
2023-12-05 16:36:29.049  [39mDEBUG[0;39m [[32mmain                          [0;39m] - [34mo.m.spring.mapper.ClassPathMapperScanner     [0;39m[49]: Enabling autowire by type for MapperFactoryBean with name 'ctptyInfoUpdateRecordMapper'.
2023-12-05 16:36:29.049  [39mDEBUG[0;39m [[32mmain                          [0;39m] - [34mo.m.spring.mapper.ClassPathMapperScanner     [0;39m[49]: Creating MapperFactoryBean with name 'otcDerivativeCounterpartyMapper' and 'sql.OtcDerivativeCounterpartyMapper' mapperInterface
2023-12-05 16:36:29.049  [39mDEBUG[0;39m [[32mmain                          [0;39m] - [34mo.m.spring.mapper.ClassPathMapperScanner     [0;39m[49]: Enabling autowire by type for MapperFactoryBean with name 'otcDerivativeCounterpartyMapper'.
2023-12-05 16:36:29.049  [39mDEBUG[0;39m [[32mmain                          [0;39m] - [34mo.m.spring.mapper.ClassPathMapperScanner     [0;39m[49]: Creating MapperFactoryBean with name 'processExpiredRemindMapper' and 'sql.ProcessExpiredRemindMapper' mapperInterface
2023-12-05 16:36:29.050  [39mDEBUG[0;39m [[32mmain                          [0;39m] - [34mo.m.spring.mapper.ClassPathMapperScanner     [0;39m[49]: Enabling autowire by type for MapperFactoryBean with name 'processExpiredRemindMapper'.
2023-12-05 16:36:29.353  [39mDEBUG[0;39m [[32mmain                          [0;39m] - [34mo.s.b.f.support.DefaultListableBeanFactory   [0;39m[213]: Creating shared instance of singleton bean 'org.springframework.context.event.internalEventListenerProcessor'
2023-12-05 16:36:29.354  [39mDEBUG[0;39m [[32mmain                          [0;39m] - [34mo.s.b.f.support.DefaultListableBeanFactory   [0;39m[213]: Creating shared instance of singleton bean 'org.springframework.boot.context.properties.ConfigurationBeanFactoryMetadata'
2023-12-05 16:36:29.355  [39mDEBUG[0;39m [[32mmain                          [0;39m] - [34mo.s.b.f.support.DefaultListableBeanFactory   [0;39m[213]: Creating shared instance of singleton bean 'preserveErrorControllerTargetClassPostProcessor'
2023-12-05 16:36:29.357  [39mDEBUG[0;39m [[32mmain                          [0;39m] - [34mo.s.b.f.support.DefaultListableBeanFactory   [0;39m[213]: Creating shared instance of singleton bean 'org.springframework.context.event.internalEventListenerFactory'
2023-12-05 16:36:29.358  [39mDEBUG[0;39m [[32mmain                          [0;39m] - [34mo.s.b.f.support.DefaultListableBeanFactory   [0;39m[213]: Creating shared instance of singleton bean 'org.springframework.transaction.config.internalTransactionalEventListenerFactory'
2023-12-05 16:36:29.371  [39mDEBUG[0;39m [[32mmain                          [0;39m] - [34mo.s.b.f.support.DefaultListableBeanFactory   [0;39m[213]: Creating shared instance of singleton bean 'org.springframework.context.annotation.internalAutowiredAnnotationProcessor'
2023-12-05 16:36:29.372  [39mDEBUG[0;39m [[32mmain                          [0;39m] - [34mo.s.b.f.support.DefaultListableBeanFactory   [0;39m[213]: Creating shared instance of singleton bean 'org.springframework.context.annotation.internalCommonAnnotationProcessor'
2023-12-05 16:36:29.376  [39mDEBUG[0;39m [[32mmain                          [0;39m] - [34mo.s.b.f.support.DefaultListableBeanFactory   [0;39m[213]: Creating shared instance of singleton bean 'org.springframework.boot.context.properties.ConfigurationPropertiesBindingPostProcessor'
2023-12-05 16:36:29.380  [39mDEBUG[0;39m [[32mmain                          [0;39m] - [34mo.s.b.f.support.DefaultListableBeanFactory   [0;39m[213]: Creating shared instance of singleton bean 'methodValidationPostProcessor'
2023-12-05 16:36:29.433  [39mDEBUG[0;39m [[32mmain                          [0;39m] - [34mo.s.b.f.support.DefaultListableBeanFactory   [0;39m[777]: Autowiring by type from bean name 'methodValidationPostProcessor' via factory method to bean named 'environment'
2023-12-05 16:36:29.445  [39mDEBUG[0;39m [[32mmain                          [0;39m] - [34mo.s.b.f.support.DefaultListableBeanFactory   [0;39m[213]: Creating shared instance of singleton bean 'dataSourceInitializerPostProcessor'
2023-12-05 16:36:29.448  [39mDEBUG[0;39m [[32mmain                          [0;39m] - [34mo.s.b.f.support.DefaultListableBeanFactory   [0;39m[213]: Creating shared instance of singleton bean 'persistenceExceptionTranslationPostProcessor'
2023-12-05 16:36:29.449  [39mDEBUG[0;39m [[32mmain                          [0;39m] - [34mo.s.b.f.support.DefaultListableBeanFactory   [0;39m[777]: Autowiring by type from bean name 'persistenceExceptionTranslationPostProcessor' via factory method to bean named 'environment'
2023-12-05 16:36:29.453  [39mDEBUG[0;39m [[32mmain                          [0;39m] - [34mo.s.b.f.support.DefaultListableBeanFactory   [0;39m[213]: Creating shared instance of singleton bean 'org.springframework.aop.config.internalAutoProxyCreator'
2023-12-05 16:36:29.475  [39mDEBUG[0;39m [[32mmain                          [0;39m] - [34mo.s.b.f.support.DefaultListableBeanFactory   [0;39m[213]: Creating shared instance of singleton bean 'webServerFactoryCustomizerBeanPostProcessor'
2023-12-05 16:36:29.476  [39mDEBUG[0;39m [[32mmain                          [0;39m] - [34mo.s.b.f.support.DefaultListableBeanFactory   [0;39m[213]: Creating shared instance of singleton bean 'errorPageRegistrarBeanPostProcessor'
2023-12-05 16:36:29.480  [39mDEBUG[0;39m [[32mmain                          [0;39m] - [34mo.s.u.c.support.UiApplicationContextUtils    [0;39m[85]: Unable to locate ThemeSource with name 'themeSource': using default [org.springframework.ui.context.support.ResourceBundleThemeSource@18e7143f]
2023-12-05 16:36:29.483  [39mDEBUG[0;39m [[32mmain                          [0;39m] - [34mo.s.b.f.support.DefaultListableBeanFactory   [0;39m[213]: Creating shared instance of singleton bean 'tomcatServletWebServerFactory'
2023-12-05 16:36:29.484  [39mDEBUG[0;39m [[32mmain                          [0;39m] - [34mo.s.b.f.support.DefaultListableBeanFactory   [0;39m[213]: Creating shared instance of singleton bean 'org.springframework.boot.autoconfigure.web.servlet.ServletWebServerFactoryConfiguration$EmbeddedTomcat'
2023-12-05 16:36:29.488  [39mDEBUG[0;39m [[32mmain                          [0;39m] - [34mo.s.b.f.support.DefaultListableBeanFactory   [0;39m[213]: Creating shared instance of singleton bean 'org.springframework.transaction.config.internalTransactionAdvisor'
2023-12-05 16:36:29.488  [39mDEBUG[0;39m [[32mmain                          [0;39m] - [34mo.s.b.f.support.DefaultListableBeanFactory   [0;39m[213]: Creating shared instance of singleton bean 'org.springframework.transaction.annotation.ProxyTransactionManagementConfiguration'
2023-12-05 16:36:29.519  [39mDEBUG[0;39m [[32mmain                          [0;39m] - [34mo.s.b.f.support.DefaultListableBeanFactory   [0;39m[213]: Creating shared instance of singleton bean 'transactionAttributeSource'
2023-12-05 16:36:29.525  [39mDEBUG[0;39m [[32mmain                          [0;39m] - [34mo.s.b.f.support.DefaultListableBeanFactory   [0;39m[213]: Creating shared instance of singleton bean 'transactionInterceptor'
2023-12-05 16:36:29.590  [39mDEBUG[0;39m [[32mmain                          [0;39m] - [34mo.s.b.f.support.DefaultListableBeanFactory   [0;39m[213]: Creating shared instance of singleton bean 'websocketServletWebServerCustomizer'
2023-12-05 16:36:29.592  [39mDEBUG[0;39m [[32mmain                          [0;39m] - [34mo.s.b.f.support.DefaultListableBeanFactory   [0;39m[213]: Creating shared instance of singleton bean 'org.springframework.boot.autoconfigure.websocket.servlet.WebSocketServletAutoConfiguration$TomcatWebSocketConfiguration'
2023-12-05 16:36:29.599  [39mDEBUG[0;39m [[32mmain                          [0;39m] - [34mo.s.b.f.support.DefaultListableBeanFactory   [0;39m[213]: Creating shared instance of singleton bean 'servletWebServerFactoryCustomizer'
2023-12-05 16:36:29.599  [39mDEBUG[0;39m [[32mmain                          [0;39m] - [34mo.s.b.f.support.DefaultListableBeanFactory   [0;39m[213]: Creating shared instance of singleton bean 'org.springframework.boot.autoconfigure.web.servlet.ServletWebServerFactoryAutoConfiguration'
2023-12-05 16:36:29.604  [39mDEBUG[0;39m [[32mmain                          [0;39m] - [34mo.s.b.f.support.DefaultListableBeanFactory   [0;39m[213]: Creating shared instance of singleton bean 'server-org.springframework.boot.autoconfigure.web.ServerProperties'
2023-12-05 16:36:29.643  [39mDEBUG[0;39m [[32mmain                          [0;39m] - [34mo.s.b.f.support.DefaultListableBeanFactory   [0;39m[777]: Autowiring by type from bean name 'servletWebServerFactoryCustomizer' via factory method to bean named 'server-org.springframework.boot.autoconfigure.web.ServerProperties'
2023-12-05 16:36:29.651  [39mDEBUG[0;39m [[32mmain                          [0;39m] - [34mo.s.b.f.support.DefaultListableBeanFactory   [0;39m[213]: Creating shared instance of singleton bean 'tomcatServletWebServerFactoryCustomizer'
2023-12-05 16:36:29.653  [39mDEBUG[0;39m [[32mmain                          [0;39m] - [34mo.s.b.f.support.DefaultListableBeanFactory   [0;39m[777]: Autowiring by type from bean name 'tomcatServletWebServerFactoryCustomizer' via factory method to bean named 'server-org.springframework.boot.autoconfigure.web.ServerProperties'
2023-12-05 16:36:29.655  [39mDEBUG[0;39m [[32mmain                          [0;39m] - [34mo.s.b.f.support.DefaultListableBeanFactory   [0;39m[213]: Creating shared instance of singleton bean 'tomcatWebServerFactoryCustomizer'
2023-12-05 16:36:29.656  [39mDEBUG[0;39m [[32mmain                          [0;39m] - [34mo.s.b.f.support.DefaultListableBeanFactory   [0;39m[213]: Creating shared instance of singleton bean 'org.springframework.boot.autoconfigure.web.embedded.EmbeddedWebServerFactoryCustomizerAutoConfiguration$TomcatWebServerFactoryCustomizerConfiguration'
2023-12-05 16:36:29.661  [39mDEBUG[0;39m [[32mmain                          [0;39m] - [34mo.s.b.f.support.DefaultListableBeanFactory   [0;39m[777]: Autowiring by type from bean name 'tomcatWebServerFactoryCustomizer' via factory method to bean named 'environment'
2023-12-05 16:36:29.661  [39mDEBUG[0;39m [[32mmain                          [0;39m] - [34mo.s.b.f.support.DefaultListableBeanFactory   [0;39m[777]: Autowiring by type from bean name 'tomcatWebServerFactoryCustomizer' via factory method to bean named 'server-org.springframework.boot.autoconfigure.web.ServerProperties'
2023-12-05 16:36:29.667  [39mDEBUG[0;39m [[32mmain                          [0;39m] - [34mo.s.b.f.support.DefaultListableBeanFactory   [0;39m[213]: Creating shared instance of singleton bean 'localeCharsetMappingsCustomizer'
2023-12-05 16:36:29.668  [39mDEBUG[0;39m [[32mmain                          [0;39m] - [34mo.s.b.f.support.DefaultListableBeanFactory   [0;39m[213]: Creating shared instance of singleton bean 'org.springframework.boot.autoconfigure.web.servlet.HttpEncodingAutoConfiguration'
2023-12-05 16:36:29.669  [39mDEBUG[0;39m [[32mmain                          [0;39m] - [34ms.c.LocalVariableTableParameterNameDiscoverer[0;39m[108]: Cannot find '.class' file for class [class org.springframework.boot.autoconfigure.web.servlet.HttpEncodingAutoConfiguration$$EnhancerBySpringCGLIB$$b58c1d18] - unable to determine constructor/method parameter names
2023-12-05 16:36:29.670  [39mDEBUG[0;39m [[32mmain                          [0;39m] - [34mo.s.b.f.support.DefaultListableBeanFactory   [0;39m[213]: Creating shared instance of singleton bean 'spring.http-org.springframework.boot.autoconfigure.http.HttpProperties'
2023-12-05 16:36:29.674  [39mDEBUG[0;39m [[32mmain                          [0;39m] - [34mo.s.b.f.support.DefaultListableBeanFactory   [0;39m[777]: Autowiring by type from bean name 'org.springframework.boot.autoconfigure.web.servlet.HttpEncodingAutoConfiguration' via constructor to bean named 'spring.http-org.springframework.boot.autoconfigure.http.HttpProperties'
2023-12-05 16:36:29.729  [39mDEBUG[0;39m [[32mmain                          [0;39m] - [34mo.s.b.f.support.DefaultListableBeanFactory   [0;39m[213]: Creating shared instance of singleton bean 'errorPageCustomizer'
2023-12-05 16:36:29.730  [39mDEBUG[0;39m [[32mmain                          [0;39m] - [34mo.s.b.f.support.DefaultListableBeanFactory   [0;39m[213]: Creating shared instance of singleton bean 'org.springframework.boot.autoconfigure.web.servlet.error.ErrorMvcAutoConfiguration'
2023-12-05 16:36:29.731  [39mDEBUG[0;39m [[32mmain                          [0;39m] - [34ms.c.LocalVariableTableParameterNameDiscoverer[0;39m[108]: Cannot find '.class' file for class [class org.springframework.boot.autoconfigure.web.servlet.error.ErrorMvcAutoConfiguration$$EnhancerBySpringCGLIB$$de36bfb] - unable to determine constructor/method parameter names
2023-12-05 16:36:29.733  [39mDEBUG[0;39m [[32mmain                          [0;39m] - [34mo.s.b.f.support.DefaultListableBeanFactory   [0;39m[213]: Creating shared instance of singleton bean 'dispatcherServletRegistration'
2023-12-05 16:36:29.733  [39mDEBUG[0;39m [[32mmain                          [0;39m] - [34mo.s.b.f.support.DefaultListableBeanFactory   [0;39m[213]: Creating shared instance of singleton bean 'org.springframework.boot.autoconfigure.web.servlet.DispatcherServletAutoConfiguration$DispatcherServletRegistrationConfiguration'
2023-12-05 16:36:29.734  [39mDEBUG[0;39m [[32mmain                          [0;39m] - [34ms.c.LocalVariableTableParameterNameDiscoverer[0;39m[108]: Cannot find '.class' file for class [class org.springframework.boot.autoconfigure.web.servlet.DispatcherServletAutoConfiguration$DispatcherServletRegistrationConfiguration$$EnhancerBySpringCGLIB$$943e8ae6] - unable to determine constructor/method parameter names
2023-12-05 16:36:29.735  [39mDEBUG[0;39m [[32mmain                          [0;39m] - [34mo.s.b.f.support.DefaultListableBeanFactory   [0;39m[213]: Creating shared instance of singleton bean 'spring.mvc-org.springframework.boot.autoconfigure.web.servlet.WebMvcProperties'
2023-12-05 16:36:29.742  [39mDEBUG[0;39m [[32mmain                          [0;39m] - [34mo.s.b.f.support.DefaultListableBeanFactory   [0;39m[777]: Autowiring by type from bean name 'org.springframework.boot.autoconfigure.web.servlet.DispatcherServletAutoConfiguration$DispatcherServletRegistrationConfiguration' via constructor to bean named 'spring.mvc-org.springframework.boot.autoconfigure.web.servlet.WebMvcProperties'
2023-12-05 16:36:29.745  [39mDEBUG[0;39m [[32mmain                          [0;39m] - [34mo.s.b.f.support.DefaultListableBeanFactory   [0;39m[213]: Creating shared instance of singleton bean 'multipartConfigElement'
2023-12-05 16:36:29.746  [39mDEBUG[0;39m [[32mmain                          [0;39m] - [34mo.s.b.f.support.DefaultListableBeanFactory   [0;39m[213]: Creating shared instance of singleton bean 'org.springframework.boot.autoconfigure.web.servlet.MultipartAutoConfiguration'
2023-12-05 16:36:29.748  [39mDEBUG[0;39m [[32mmain                          [0;39m] - [34ms.c.LocalVariableTableParameterNameDiscoverer[0;39m[108]: Cannot find '.class' file for class [class org.springframework.boot.autoconfigure.web.servlet.MultipartAutoConfiguration$$EnhancerBySpringCGLIB$$247ca525] - unable to determine constructor/method parameter names
2023-12-05 16:36:29.749  [39mDEBUG[0;39m [[32mmain                          [0;39m] - [34mo.s.b.f.support.DefaultListableBeanFactory   [0;39m[213]: Creating shared instance of singleton bean 'spring.servlet.multipart-org.springframework.boot.autoconfigure.web.servlet.MultipartProperties'
2023-12-05 16:36:29.769  [39mDEBUG[0;39m [[32mmain                          [0;39m] - [34mo.s.b.f.support.DefaultListableBeanFactory   [0;39m[777]: Autowiring by type from bean name 'org.springframework.boot.autoconfigure.web.servlet.MultipartAutoConfiguration' via constructor to bean named 'spring.servlet.multipart-org.springframework.boot.autoconfigure.web.servlet.MultipartProperties'
2023-12-05 16:36:29.780  [39mDEBUG[0;39m [[32mmain                          [0;39m] - [34mo.s.b.f.support.DefaultListableBeanFactory   [0;39m[213]: Creating shared instance of singleton bean 'dispatcherServlet'
