2023-12-05 16:34:13.718  [39mDEBUG[0;39m [[32mmain                          [0;39m] - [34mo.s.b.f.support.DefaultListableBeanFactory   [0;39m[213]: Creating shared instance of singleton bean 'parameterNamesModule'
2023-12-05 16:34:13.728  [39mDEBUG[0;39m [[32mmain                          [0;39m] - [34mo.s.b.f.support.DefaultListableBeanFactory   [0;39m[213]: Creating shared instance of singleton bean 'org.springframework.boot.autoconfigure.jackson.JacksonAutoConfiguration$ParameterNamesModuleConfiguration'
2023-12-05 16:34:13.738  [39mDEBUG[0;39m [[32mmain                          [0;39m] - [34mo.s.b.f.support.DefaultListableBeanFactory   [0;39m[213]: Creating shared instance of singleton bean 'jsonComponentModule'
2023-12-05 16:34:13.739  [39mDEBUG[0;39m [[32mmain                          [0;39m] - [34mo.s.b.f.support.DefaultListableBeanFactory   [0;39m[213]: Creating shared instance of singleton bean 'org.springframework.boot.autoconfigure.jackson.JacksonAutoConfiguration'
2023-12-05 16:34:13.772  [39mDEBUG[0;39m [[32mmain                          [0;39m] - [34mo.s.b.f.support.DefaultListableBeanFactory   [0;39m[777]: Autowiring by type from bean name 'jacksonObjectMapper' via factory method to bean named 'jacksonObjectMapperBuilder'
2023-12-05 16:34:13.812  [39mDEBUG[0;39m [[32mmain                          [0;39m] - [34mo.s.b.f.support.DefaultListableBeanFactory   [0;39m[777]: Autowiring by type from bean name 'mappingJackson2HttpMessageConverter' via factory method to bean named 'jacksonObjectMapper'
2023-12-05 16:34:13.828  [39mDEBUG[0;39m [[32mmain                          [0;39m] - [34mo.s.b.f.support.DefaultListableBeanFactory   [0;39m[213]: Creating shared instance of singleton bean 'mvcConversionService'
2023-12-05 16:34:13.835  [39mDEBUG[0;39m [[32mmain                          [0;39m] - [34mo.s.b.f.support.DefaultListableBeanFactory   [0;39m[213]: Creating shared instance of singleton bean 'mvcValidator'
2023-12-05 16:34:13.844  [39mDEBUG[0;39m [[32mmain                          [0;39m] - [34mo.s.b.f.support.DefaultListableBeanFactory   [0;39m[213]: Creating shared instance of singleton bean 'applicationTaskExecutor'
2023-12-05 16:34:13.846  [39mDEBUG[0;39m [[32mmain                          [0;39m] - [34mo.s.b.f.support.DefaultListableBeanFactory   [0;39m[777]: Autowiring by type from bean name 'applicationTaskExecutor' via factory method to bean named 'taskExecutorBuilder'
2023-12-05 16:34:13.855  [34mINFO [0;39m [[32mmain                          [0;39m] - [34mo.s.s.concurrent.ThreadPoolTaskExecutor      [0;39m[171]: Initializing ExecutorService 'applicationTaskExecutor'
2023-12-05 16:34:13.869  [39mDEBUG[0;39m [[32mmain                          [0;39m] - [34mo.s.w.s.m.m.a.RequestMappingHandlerAdapter   [0;39m[619]: ControllerAdvice beans: 0 @ModelAttribute, 0 @InitBinder, 1 RequestBodyAdvice, 1 ResponseBodyAdvice
2023-12-05 16:34:13.923  [39mDEBUG[0;39m [[32mmain                          [0;39m] - [34mo.s.b.f.support.DefaultListableBeanFactory   [0;39m[213]: Creating shared instance of singleton bean 'requestMappingHandlerMapping'
2023-12-05 16:34:13.938  [39mDEBUG[0;39m [[32mmain                          [0;39m] - [34mo.s.b.f.support.DefaultListableBeanFactory   [0;39m[213]: Creating shared instance of singleton bean 'mvcResourceUrlProvider'
2023-12-05 16:34:13.995  [39mDEBUG[0;39m [[32mmain                          [0;39m] - [34mo.s.w.s.m.m.a.RequestMappingHandlerMapping   [0;39m[350]: 4 mappings in 'requestMappingHandlerMapping'
2023-12-05 16:34:13.996  [39mDEBUG[0;39m [[32mmain                          [0;39m] - [34mo.s.b.f.support.DefaultListableBeanFactory   [0;39m[213]: Creating shared instance of singleton bean 'mvcPathMatcher'
2023-12-05 16:34:13.997  [39mDEBUG[0;39m [[32mmain                          [0;39m] - [34mo.s.b.f.support.DefaultListableBeanFactory   [0;39m[213]: Creating shared instance of singleton bean 'mvcUrlPathHelper'
2023-12-05 16:34:13.998  [39mDEBUG[0;39m [[32mmain                          [0;39m] - [34mo.s.b.f.support.DefaultListableBeanFactory   [0;39m[213]: Creating shared instance of singleton bean 'viewControllerHandlerMapping'
2023-12-05 16:34:14.000  [39mDEBUG[0;39m [[32mmain                          [0;39m] - [34mo.s.b.f.support.DefaultListableBeanFactory   [0;39m[213]: Creating shared instance of singleton bean 'beanNameHandlerMapping'
2023-12-05 16:34:14.003  [39mDEBUG[0;39m [[32mmain                          [0;39m] - [34mo.s.b.f.support.DefaultListableBeanFactory   [0;39m[213]: Creating shared instance of singleton bean 'resourceHandlerMapping'
2023-12-05 16:34:14.012  [39mDEBUG[0;39m [[32mmain                          [0;39m] - [34mo.s.w.servlet.handler.SimpleUrlHandlerMapping[0;39m[139]: Patterns [/webjars/**, /**] in 'resourceHandlerMapping'
2023-12-05 16:34:14.012  [39mDEBUG[0;39m [[32mmain                          [0;39m] - [34mo.s.b.f.support.DefaultListableBeanFactory   [0;39m[213]: Creating shared instance of singleton bean 'defaultServletHandlerMapping'
2023-12-05 16:34:14.013  [39mDEBUG[0;39m [[32mmain                          [0;39m] - [34mo.s.b.f.support.DefaultListableBeanFactory   [0;39m[213]: Creating shared instance of singleton bean 'mvcUriComponentsContributor'
2023-12-05 16:34:14.016  [39mDEBUG[0;39m [[32mmain                          [0;39m] - [34mo.s.b.f.support.DefaultListableBeanFactory   [0;39m[213]: Creating shared instance of singleton bean 'httpRequestHandlerAdapter'
2023-12-05 16:34:14.017  [39mDEBUG[0;39m [[32mmain                          [0;39m] - [34mo.s.b.f.support.DefaultListableBeanFactory   [0;39m[213]: Creating shared instance of singleton bean 'simpleControllerHandlerAdapter'
2023-12-05 16:34:14.018  [39mDEBUG[0;39m [[32mmain                          [0;39m] - [34mo.s.b.f.support.DefaultListableBeanFactory   [0;39m[213]: Creating shared instance of singleton bean 'handlerExceptionResolver'
2023-12-05 16:34:14.024  [39mDEBUG[0;39m [[32mmain                          [0;39m] - [34ms.w.s.m.m.a.ExceptionHandlerExceptionResolver[0;39m[302]: ControllerAdvice beans: 0 @ExceptionHandler, 1 ResponseBodyAdvice
2023-12-05 16:34:14.029  [39mDEBUG[0;39m [[32mmain                          [0;39m] - [34mo.s.b.f.support.DefaultListableBeanFactory   [0;39m[213]: Creating shared instance of singleton bean 'mvcViewResolver'
2023-12-05 16:34:14.037  [39mDEBUG[0;39m [[32mmain                          [0;39m] - [34mo.s.b.f.support.DefaultListableBeanFactory   [0;39m[213]: Creating shared instance of singleton bean 'defaultViewResolver'
2023-12-05 16:34:14.054  [39mDEBUG[0;39m [[32mmain                          [0;39m] - [34mo.s.b.f.support.DefaultListableBeanFactory   [0;39m[213]: Creating shared instance of singleton bean 'viewResolver'
2023-12-05 16:34:14.056  [39mDEBUG[0;39m [[32mmain                          [0;39m] - [34mo.s.b.f.support.DefaultListableBeanFactory   [0;39m[777]: Autowiring by type from bean name 'viewResolver' via factory method to bean named 'org.springframework.beans.factory.support.DefaultListableBeanFactory@4a668b6e'
2023-12-05 16:34:14.060  [39mDEBUG[0;39m [[32mmain                          [0;39m] - [34mo.s.b.f.support.DefaultListableBeanFactory   [0;39m[213]: Creating shared instance of singleton bean 'welcomePageHandlerMapping'
