2023-12-05 16:22:56.285  [39mDEBUG[0;39m [[32mmain                          [0;39m] - [34mc.b.mybatisplus.core.MybatisConfiguration    [0;39m[96]: addMappedStatement: sql.ClientReviewBufferMapper.updateByPrimaryKey
2023-12-05 16:22:56.292  [39mDEBUG[0;39m [[32mmain                          [0;39m] - [34mc.b.m.e.spring.MybatisSqlSessionFactoryBean  [0;39m[49]: Parsed mapper file: 'file [D:\demo\target\classes\mapper\ClientReviewBufferMapper.xml]'
2023-12-05 16:22:56.313  [39mDEBUG[0;39m [[32mmain                          [0;39m] - [34mc.b.mybatisplus.core.MybatisConfiguration    [0;39m[96]: addMappedStatement: sql.ClientReviewCounterpartyMapper.selectByExample
2023-12-05 16:22:56.315  [39mDEBUG[0;39m [[32mmain                          [0;39m] - [34mc.b.mybatisplus.core.MybatisConfiguration    [0;39m[96]: addMappedStatement: sql.ClientReviewCounterpartyMapper.selectByPrimaryKey
2023-12-05 16:22:56.317  [39mDEBUG[0;39m [[32mmain                          [0;39m] - [34mc.b.mybatisplus.core.MybatisConfiguration    [0;39m[96]: addMappedStatement: sql.ClientReviewCounterpartyMapper.deleteByPrimaryKey
2023-12-05 16:22:56.318  [39mDEBUG[0;39m [[32mmain                          [0;39m] - [34mc.b.mybatisplus.core.MybatisConfiguration    [0;39m[96]: addMappedStatement: sql.ClientReviewCounterpartyMapper.insert
2023-12-05 16:22:56.320  [39mDEBUG[0;39m [[32mmain                          [0;39m] - [34mc.b.mybatisplus.core.MybatisConfiguration    [0;39m[96]: addMappedStatement: sql.ClientReviewCounterpartyMapper.insertSelective
2023-12-05 16:22:56.321  [39mDEBUG[0;39m [[32mmain                          [0;39m] - [34mc.b.mybatisplus.core.MybatisConfiguration    [0;39m[96]: addMappedStatement: sql.ClientReviewCounterpartyMapper.updateByPrimaryKeySelective
2023-12-05 16:22:56.324  [39mDEBUG[0;39m [[32mmain                          [0;39m] - [34mc.b.mybatisplus.core.MybatisConfiguration    [0;39m[96]: addMappedStatement: sql.ClientReviewCounterpartyMapper.updateByPrimaryKey
2023-12-05 16:22:56.326  [39mDEBUG[0;39m [[32mmain                          [0;39m] - [34mc.b.m.e.spring.MybatisSqlSessionFactoryBean  [0;39m[49]: Parsed mapper file: 'file [D:\demo\target\classes\mapper\ClientReviewCounterpartyMapper.xml]'
2023-12-05 16:22:56.348  [39mDEBUG[0;39m [[32mmain                          [0;39m] - [34mc.b.mybatisplus.core.MybatisConfiguration    [0;39m[96]: addMappedStatement: sql.ClientReviewDetailMapper.selectByExampleWithBLOBs
2023-12-05 16:22:56.350  [39mDEBUG[0;39m [[32mmain                          [0;39m] - [34mc.b.mybatisplus.core.MybatisConfiguration    [0;39m[96]: addMappedStatement: sql.ClientReviewDetailMapper.selectByExample
2023-12-05 16:22:56.352  [39mDEBUG[0;39m [[32mmain                          [0;39m] - [34mc.b.mybatisplus.core.MybatisConfiguration    [0;39m[96]: addMappedStatement: sql.ClientReviewDetailMapper.selectByPrimaryKey
2023-12-05 16:22:56.353  [39mDEBUG[0;39m [[32mmain                          [0;39m] - [34mc.b.mybatisplus.core.MybatisConfiguration    [0;39m[96]: addMappedStatement: sql.ClientReviewDetailMapper.deleteByPrimaryKey
2023-12-05 16:22:56.355  [39mDEBUG[0;39m [[32mmain                          [0;39m] - [34mc.b.mybatisplus.core.MybatisConfiguration    [0;39m[96]: addMappedStatement: sql.ClientReviewDetailMapper.insert
2023-12-05 16:22:56.356  [39mDEBUG[0;39m [[32mmain                          [0;39m] - [34mc.b.mybatisplus.core.MybatisConfiguration    [0;39m[96]: addMappedStatement: sql.ClientReviewDetailMapper.insertSelective
2023-12-05 16:22:56.358  [39mDEBUG[0;39m [[32mmain                          [0;39m] - [34mc.b.mybatisplus.core.MybatisConfiguration    [0;39m[96]: addMappedStatement: sql.ClientReviewDetailMapper.updateByPrimaryKeySelective
2023-12-05 16:22:56.360  [39mDEBUG[0;39m [[32mmain                          [0;39m] - [34mc.b.mybatisplus.core.MybatisConfiguration    [0;39m[96]: addMappedStatement: sql.ClientReviewDetailMapper.updateByPrimaryKeyWithBLOBs
2023-12-05 16:22:56.362  [39mDEBUG[0;39m [[32mmain                          [0;39m] - [34mc.b.mybatisplus.core.MybatisConfiguration    [0;39m[96]: addMappedStatement: sql.ClientReviewDetailMapper.updateByPrimaryKey
2023-12-05 16:22:56.364  [39mDEBUG[0;39m [[32mmain                          [0;39m] - [34mc.b.m.e.spring.MybatisSqlSessionFactoryBean  [0;39m[49]: Parsed mapper file: 'file [D:\demo\target\classes\mapper\ClientReviewDetailMapper.xml]'
2023-12-05 16:22:56.382  [39mDEBUG[0;39m [[32mmain                          [0;39m] - [34mc.b.mybatisplus.core.MybatisConfiguration    [0;39m[96]: addMappedStatement: sql.ClientReviewFileRecordMapper.selectByExample
2023-12-05 16:22:56.384  [39mDEBUG[0;39m [[32mmain                          [0;39m] - [34mc.b.mybatisplus.core.MybatisConfiguration    [0;39m[96]: addMappedStatement: sql.ClientReviewFileRecordMapper.selectByPrimaryKey
2023-12-05 16:22:56.385  [39mDEBUG[0;39m [[32mmain                          [0;39m] - [34mc.b.mybatisplus.core.MybatisConfiguration    [0;39m[96]: addMappedStatement: sql.ClientReviewFileRecordMapper.deleteByPrimaryKey
2023-12-05 16:22:56.387  [39mDEBUG[0;39m [[32mmain                          [0;39m] - [34mc.b.mybatisplus.core.MybatisConfiguration    [0;39m[96]: addMappedStatement: sql.ClientReviewFileRecordMapper.insert
2023-12-05 16:22:56.388  [39mDEBUG[0;39m [[32mmain                          [0;39m] - [34mc.b.mybatisplus.core.MybatisConfiguration    [0;39m[96]: addMappedStatement: sql.ClientReviewFileRecordMapper.insertSelective
2023-12-05 16:22:56.389  [39mDEBUG[0;39m [[32mmain                          [0;39m] - [34mc.b.mybatisplus.core.MybatisConfiguration    [0;39m[96]: addMappedStatement: sql.ClientReviewFileRecordMapper.updateByPrimaryKeySelective
2023-12-05 16:22:56.391  [39mDEBUG[0;39m [[32mmain                          [0;39m] - [34mc.b.mybatisplus.core.MybatisConfiguration    [0;39m[96]: addMappedStatement: sql.ClientReviewFileRecordMapper.updateByPrimaryKey
2023-12-05 16:22:56.392  [39mDEBUG[0;39m [[32mmain                          [0;39m] - [34mc.b.m.e.spring.MybatisSqlSessionFactoryBean  [0;39m[49]: Parsed mapper file: 'file [D:\demo\target\classes\mapper\ClientReviewFileRecordMapper.xml]'
2023-12-05 16:22:56.409  [39mDEBUG[0;39m [[32mmain                          [0;39m] - [34mc.b.mybatisplus.core.MybatisConfiguration    [0;39m[96]: addMappedStatement: sql.ClientReviewRecordMapper.selectByExample
2023-12-05 16:22:56.411  [39mDEBUG[0;39m [[32mmain                          [0;39m] - [34mc.b.mybatisplus.core.MybatisConfiguration    [0;39m[96]: addMappedStatement: sql.ClientReviewRecordMapper.selectByPrimaryKey
2023-12-05 16:22:56.412  [39mDEBUG[0;39m [[32mmain                          [0;39m] - [34mc.b.mybatisplus.core.MybatisConfiguration    [0;39m[96]: addMappedStatement: sql.ClientReviewRecordMapper.deleteByPrimaryKey
2023-12-05 16:22:56.414  [39mDEBUG[0;39m [[32mmain                          [0;39m] - [34mc.b.mybatisplus.core.MybatisConfiguration    [0;39m[96]: addMappedStatement: sql.ClientReviewRecordMapper.insert
