2023-12-05 16:18:07.351  [34mINFO [0;39m [[32mmain                          [0;39m] - [34mo.s.s.concurrent.ThreadPoolTaskExecutor      [0;39m[171]: Initializing ExecutorService 'applicationTaskExecutor'
2023-12-05 16:18:07.369  [39mDEBUG[0;39m [[32mmain                          [0;39m] - [34mo.s.w.s.m.m.a.RequestMappingHandlerAdapter   [0;39m[619]: ControllerAdvice beans: 0 @ModelAttribute, 0 @InitBinder, 1 RequestBodyAdvice, 1 ResponseBodyAdvice
2023-12-05 16:18:07.462  [39mDEBUG[0;39m [[32mmain                          [0;39m] - [34mo.s.b.f.support.DefaultListableBeanFactory   [0;39m[213]: Creating shared instance of singleton bean 'requestMappingHandlerMapping'
2023-12-05 16:18:07.522  [39mDEBUG[0;39m [[32mmain                          [0;39m] - [34mo.s.b.f.support.DefaultListableBeanFactory   [0;39m[213]: Creating shared instance of singleton bean 'mvcResourceUrlProvider'
2023-12-05 16:18:07.577  [39mDEBUG[0;39m [[32mmain                          [0;39m] - [34mo.s.w.s.m.m.a.RequestMappingHandlerMapping   [0;39m[350]: 4 mappings in 'requestMappingHandlerMapping'
2023-12-05 16:18:07.578  [39mDEBUG[0;39m [[32mmain                          [0;39m] - [34mo.s.b.f.support.DefaultListableBeanFactory   [0;39m[213]: Creating shared instance of singleton bean 'mvcPathMatcher'
2023-12-05 16:18:07.579  [39mDEBUG[0;39m [[32mmain                          [0;39m] - [34mo.s.b.f.support.DefaultListableBeanFactory   [0;39m[213]: Creating shared instance of singleton bean 'mvcUrlPathHelper'
2023-12-05 16:18:07.581  [39mDEBUG[0;39m [[32mmain                          [0;39m] - [34mo.s.b.f.support.DefaultListableBeanFactory   [0;39m[213]: Creating shared instance of singleton bean 'viewControllerHandlerMapping'
2023-12-05 16:18:07.583  [39mDEBUG[0;39m [[32mmain                          [0;39m] - [34mo.s.b.f.support.DefaultListableBeanFactory   [0;39m[213]: Creating shared instance of singleton bean 'beanNameHandlerMapping'
2023-12-05 16:18:07.586  [39mDEBUG[0;39m [[32mmain                          [0;39m] - [34mo.s.b.f.support.DefaultListableBeanFactory   [0;39m[213]: Creating shared instance of singleton bean 'resourceHandlerMapping'
2023-12-05 16:18:07.593  [39mDEBUG[0;39m [[32mmain                          [0;39m] - [34mo.s.w.servlet.handler.SimpleUrlHandlerMapping[0;39m[139]: Patterns [/webjars/**, /**] in 'resourceHandlerMapping'
2023-12-05 16:18:07.593  [39mDEBUG[0;39m [[32mmain                          [0;39m] - [34mo.s.b.f.support.DefaultListableBeanFactory   [0;39m[213]: Creating shared instance of singleton bean 'defaultServletHandlerMapping'
2023-12-05 16:18:07.594  [39mDEBUG[0;39m [[32mmain                          [0;39m] - [34mo.s.b.f.support.DefaultListableBeanFactory   [0;39m[213]: Creating shared instance of singleton bean 'mvcUriComponentsContributor'
2023-12-05 16:18:07.597  [39mDEBUG[0;39m [[32mmain                          [0;39m] - [34mo.s.b.f.support.DefaultListableBeanFactory   [0;39m[213]: Creating shared instance of singleton bean 'httpRequestHandlerAdapter'
2023-12-05 16:18:07.598  [39mDEBUG[0;39m [[32mmain                          [0;39m] - [34mo.s.b.f.support.DefaultListableBeanFactory   [0;39m[213]: Creating shared instance of singleton bean 'simpleControllerHandlerAdapter'
2023-12-05 16:18:07.599  [39mDEBUG[0;39m [[32mmain                          [0;39m] - [34mo.s.b.f.support.DefaultListableBeanFactory   [0;39m[213]: Creating shared instance of singleton bean 'handlerExceptionResolver'
2023-12-05 16:18:07.606  [39mDEBUG[0;39m [[32mmain                          [0;39m] - [34ms.w.s.m.m.a.ExceptionHandlerExceptionResolver[0;39m[302]: ControllerAdvice beans: 0 @ExceptionHandler, 1 ResponseBodyAdvice
2023-12-05 16:18:07.610  [39mDEBUG[0;39m [[32mmain                          [0;39m] - [34mo.s.b.f.support.DefaultListableBeanFactory   [0;39m[213]: Creating shared instance of singleton bean 'mvcViewResolver'
2023-12-05 16:18:07.617  [39mDEBUG[0;39m [[32mmain                          [0;39m] - [34mo.s.b.f.support.DefaultListableBeanFactory   [0;39m[213]: Creating shared instance of singleton bean 'defaultViewResolver'
2023-12-05 16:18:07.632  [39mDEBUG[0;39m [[32mmain                          [0;39m] - [34mo.s.b.f.support.DefaultListableBeanFactory   [0;39m[213]: Creating shared instance of singleton bean 'viewResolver'
2023-12-05 16:18:07.633  [39mDEBUG[0;39m [[32mmain                          [0;39m] - [34mo.s.b.f.support.DefaultListableBeanFactory   [0;39m[777]: Autowiring by type from bean name 'viewResolver' via factory method to bean named 'org.springframework.beans.factory.support.DefaultListableBeanFactory@482bce4f'
2023-12-05 16:18:07.638  [39mDEBUG[0;39m [[32mmain                          [0;39m] - [34mo.s.b.f.support.DefaultListableBeanFactory   [0;39m[213]: Creating shared instance of singleton bean 'welcomePageHandlerMapping'
2023-12-05 16:18:07.638  [39mDEBUG[0;39m [[32mmain                          [0;39m] - [34mo.s.b.f.support.DefaultListableBeanFactory   [0;39m[777]: Autowiring by type from bean name 'welcomePageHandlerMapping' via factory method to bean named 'org.springframework.boot.web.servlet.context.AnnotationConfigServletWebServerApplicationContext@2b6faea6'
2023-12-05 16:18:07.647  [39mDEBUG[0;39m [[32mmain                          [0;39m] - [34mo.s.b.f.support.DefaultListableBeanFactory   [0;39m[213]: Creating shared instance of singleton bean 'spring.datasource.druid-com.alibaba.druid.spring.boot.autoconfigure.properties.DruidStatProperties'
2023-12-05 16:18:07.649  [39mDEBUG[0;39m [[32mmain                          [0;39m] - [34mo.s.b.f.support.DefaultListableBeanFactory   [0;39m[213]: Creating shared instance of singleton bean 'com.baomidou.mybatisplus.autoconfigure.IdentifierGeneratorAutoConfiguration'
2023-12-05 16:18:07.650  [39mDEBUG[0;39m [[32mmain                          [0;39m] - [34mo.s.b.f.support.DefaultListableBeanFactory   [0;39m[213]: Creating shared instance of singleton bean 'com.baomidou.mybatisplus.autoconfigure.MybatisPlusLanguageDriverAutoConfiguration'
2023-12-05 16:18:07.652  [39mDEBUG[0;39m [[32mmain                          [0;39m] - [34mo.s.b.f.support.DefaultListableBeanFactory   [0;39m[213]: Creating shared instance of singleton bean 'org.mybatis.spring.boot.autoconfigure.MybatisLanguageDriverAutoConfiguration'
2023-12-05 16:18:07.653  [39mDEBUG[0;39m [[32mmain                          [0;39m] - [34mo.s.b.f.support.DefaultListableBeanFactory   [0;39m[213]: Creating shared instance of singleton bean 'org.mybatis.spring.boot.autoconfigure.MybatisAutoConfiguration'
2023-12-05 16:18:07.653  [39mDEBUG[0;39m [[32mmain                          [0;39m] - [34ms.c.LocalVariableTableParameterNameDiscoverer[0;39m[108]: Cannot find '.class' file for class [class org.mybatis.spring.boot.autoconfigure.MybatisAutoConfiguration$$EnhancerBySpringCGLIB$$697a1432] - unable to determine constructor/method parameter names
2023-12-05 16:18:07.655  [39mDEBUG[0;39m [[32mmain                          [0;39m] - [34mo.s.b.f.support.DefaultListableBeanFactory   [0;39m[213]: Creating shared instance of singleton bean 'mybatis-org.mybatis.spring.boot.autoconfigure.MybatisProperties'
2023-12-05 16:18:07.657  [39mDEBUG[0;39m [[32mmain                          [0;39m] - [34mo.s.b.f.support.DefaultListableBeanFactory   [0;39m[777]: Autowiring by type from bean name 'org.mybatis.spring.boot.autoconfigure.MybatisAutoConfiguration' via constructor to bean named 'mybatis-org.mybatis.spring.boot.autoconfigure.MybatisProperties'
2023-12-05 16:18:07.657  [39mDEBUG[0;39m [[32mmain                          [0;39m] - [34mo.s.b.f.support.DefaultListableBeanFactory   [0;39m[777]: Autowiring by type from bean name 'org.mybatis.spring.boot.autoconfigure.MybatisAutoConfiguration' via constructor to bean named 'org.springframework.boot.web.servlet.context.AnnotationConfigServletWebServerApplicationContext@2b6faea6'
