2023-12-05 17:01:14.205  [39mDEBUG[0;39m [[32mmain                          [0;39m] - [34mc.b.mybatisplus.core.MybatisConfiguration    [0;39m[96]: addMappedStatement: sql.BeneficiaryOrgMapper.insertSelective
2023-12-05 17:01:14.209  [39mDEBUG[0;39m [[32mmain                          [0;39m] - [34mc.b.mybatisplus.core.MybatisConfiguration    [0;39m[96]: addMappedStatement: sql.BeneficiaryOrgMapper.updateByPrimaryKeySelective
2023-12-05 17:01:14.210  [39mDEBUG[0;39m [[32mmain                          [0;39m] - [34mc.b.mybatisplus.core.MybatisConfiguration    [0;39m[96]: addMappedStatement: sql.BeneficiaryOrgMapper.updateByPrimaryKey
2023-12-05 17:01:14.211  [39mDEBUG[0;39m [[32mmain                          [0;39m] - [34mc.b.m.e.spring.MybatisSqlSessionFactoryBean  [0;39m[49]: Parsed mapper file: 'file [D:\demo\target\classes\mapper\BeneficiaryOrgMapper.xml]'
2023-12-05 17:01:14.222  [39mDEBUG[0;39m [[32mmain                          [0;39m] - [34mc.b.mybatisplus.core.MybatisConfiguration    [0;39m[96]: addMappedStatement: sql.ClientReviewBufferMapper.selectByExample
2023-12-05 17:01:14.223  [39mDEBUG[0;39m [[32mmain                          [0;39m] - [34mc.b.mybatisplus.core.MybatisConfiguration    [0;39m[96]: addMappedStatement: sql.ClientReviewBufferMapper.selectByPrimaryKey
2023-12-05 17:01:14.224  [39mDEBUG[0;39m [[32mmain                          [0;39m] - [34mc.b.mybatisplus.core.MybatisConfiguration    [0;39m[96]: addMappedStatement: sql.ClientReviewBufferMapper.deleteByPrimaryKey
2023-12-05 17:01:14.225  [39mDEBUG[0;39m [[32mmain                          [0;39m] - [34mc.b.mybatisplus.core.MybatisConfiguration    [0;39m[96]: addMappedStatement: sql.ClientReviewBufferMapper.insert
2023-12-05 17:01:14.226  [39mDEBUG[0;39m [[32mmain                          [0;39m] - [34mc.b.mybatisplus.core.MybatisConfiguration    [0;39m[96]: addMappedStatement: sql.ClientReviewBufferMapper.insertSelective
2023-12-05 17:01:14.228  [39mDEBUG[0;39m [[32mmain                          [0;39m] - [34mc.b.mybatisplus.core.MybatisConfiguration    [0;39m[96]: addMappedStatement: sql.ClientReviewBufferMapper.updateByPrimaryKeySelective
2023-12-05 17:01:14.228  [39mDEBUG[0;39m [[32mmain                          [0;39m] - [34mc.b.mybatisplus.core.MybatisConfiguration    [0;39m[96]: addMappedStatement: sql.ClientReviewBufferMapper.updateByPrimaryKey
2023-12-05 17:01:14.229  [39mDEBUG[0;39m [[32mmain                          [0;39m] - [34mc.b.m.e.spring.MybatisSqlSessionFactoryBean  [0;39m[49]: Parsed mapper file: 'file [D:\demo\target\classes\mapper\ClientReviewBufferMapper.xml]'
2023-12-05 17:01:14.242  [39mDEBUG[0;39m [[32mmain                          [0;39m] - [34mc.b.mybatisplus.core.MybatisConfiguration    [0;39m[96]: addMappedStatement: sql.ClientReviewCounterpartyMapper.selectByExample
2023-12-05 17:01:14.243  [39mDEBUG[0;39m [[32mmain                          [0;39m] - [34mc.b.mybatisplus.core.MybatisConfiguration    [0;39m[96]: addMappedStatement: sql.ClientReviewCounterpartyMapper.selectByPrimaryKey
2023-12-05 17:01:14.243  [39mDEBUG[0;39m [[32mmain                          [0;39m] - [34mc.b.mybatisplus.core.MybatisConfiguration    [0;39m[96]: addMappedStatement: sql.ClientReviewCounterpartyMapper.deleteByPrimaryKey
2023-12-05 17:01:14.244  [39mDEBUG[0;39m [[32mmain                          [0;39m] - [34mc.b.mybatisplus.core.MybatisConfiguration    [0;39m[96]: addMappedStatement: sql.ClientReviewCounterpartyMapper.insert
2023-12-05 17:01:14.245  [39mDEBUG[0;39m [[32mmain                          [0;39m] - [34mc.b.mybatisplus.core.MybatisConfiguration    [0;39m[96]: addMappedStatement: sql.ClientReviewCounterpartyMapper.insertSelective
2023-12-05 17:01:14.246  [39mDEBUG[0;39m [[32mmain                          [0;39m] - [34mc.b.mybatisplus.core.MybatisConfiguration    [0;39m[96]: addMappedStatement: sql.ClientReviewCounterpartyMapper.updateByPrimaryKeySelective
2023-12-05 17:01:14.248  [39mDEBUG[0;39m [[32mmain                          [0;39m] - [34mc.b.mybatisplus.core.MybatisConfiguration    [0;39m[96]: addMappedStatement: sql.ClientReviewCounterpartyMapper.updateByPrimaryKey
2023-12-05 17:01:14.249  [39mDEBUG[0;39m [[32mmain                          [0;39m] - [34mc.b.m.e.spring.MybatisSqlSessionFactoryBean  [0;39m[49]: Parsed mapper file: 'file [D:\demo\target\classes\mapper\ClientReviewCounterpartyMapper.xml]'
2023-12-05 17:01:14.258  [39mDEBUG[0;39m [[32mmain                          [0;39m] - [34mc.b.mybatisplus.core.MybatisConfiguration    [0;39m[96]: addMappedStatement: sql.ClientReviewDetailMapper.selectByExampleWithBLOBs
2023-12-05 17:01:14.259  [39mDEBUG[0;39m [[32mmain                          [0;39m] - [34mc.b.mybatisplus.core.MybatisConfiguration    [0;39m[96]: addMappedStatement: sql.ClientReviewDetailMapper.selectByExample
2023-12-05 17:01:14.260  [39mDEBUG[0;39m [[32mmain                          [0;39m] - [34mc.b.mybatisplus.core.MybatisConfiguration    [0;39m[96]: addMappedStatement: sql.ClientReviewDetailMapper.selectByPrimaryKey
2023-12-05 17:01:14.261  [39mDEBUG[0;39m [[32mmain                          [0;39m] - [34mc.b.mybatisplus.core.MybatisConfiguration    [0;39m[96]: addMappedStatement: sql.ClientReviewDetailMapper.deleteByPrimaryKey
2023-12-05 17:01:14.262  [39mDEBUG[0;39m [[32mmain                          [0;39m] - [34mc.b.mybatisplus.core.MybatisConfiguration    [0;39m[96]: addMappedStatement: sql.ClientReviewDetailMapper.insert
2023-12-05 17:01:14.264  [39mDEBUG[0;39m [[32mmain                          [0;39m] - [34mc.b.mybatisplus.core.MybatisConfiguration    [0;39m[96]: addMappedStatement: sql.ClientReviewDetailMapper.insertSelective
2023-12-05 17:01:14.265  [39mDEBUG[0;39m [[32mmain                          [0;39m] - [34mc.b.mybatisplus.core.MybatisConfiguration    [0;39m[96]: addMappedStatement: sql.ClientReviewDetailMapper.updateByPrimaryKeySelective
2023-12-05 17:01:14.266  [39mDEBUG[0;39m [[32mmain                          [0;39m] - [34mc.b.mybatisplus.core.MybatisConfiguration    [0;39m[96]: addMappedStatement: sql.ClientReviewDetailMapper.updateByPrimaryKeyWithBLOBs
2023-12-05 17:01:14.268  [39mDEBUG[0;39m [[32mmain                          [0;39m] - [34mc.b.mybatisplus.core.MybatisConfiguration    [0;39m[96]: addMappedStatement: sql.ClientReviewDetailMapper.updateByPrimaryKey
2023-12-05 17:01:14.269  [39mDEBUG[0;39m [[32mmain                          [0;39m] - [34mc.b.m.e.spring.MybatisSqlSessionFactoryBean  [0;39m[49]: Parsed mapper file: 'file [D:\demo\target\classes\mapper\ClientReviewDetailMapper.xml]'
2023-12-05 17:01:14.281  [39mDEBUG[0;39m [[32mmain                          [0;39m] - [34mc.b.mybatisplus.core.MybatisConfiguration    [0;39m[96]: addMappedStatement: sql.ClientReviewFileRecordMapper.selectByExample
2023-12-05 17:01:14.283  [39mDEBUG[0;39m [[32mmain                          [0;39m] - [34mc.b.mybatisplus.core.MybatisConfiguration    [0;39m[96]: addMappedStatement: sql.ClientReviewFileRecordMapper.selectByPrimaryKey
