2023-12-05 16:00:24.286  [39mDEBUG[0;39m [[32mmain                          [0;39m] - [34mc.b.mybatisplus.core.MybatisConfiguration    [0;39m[96]: addMappedStatement: sql.ClientReviewRecordMapper.insertSelective
2023-12-05 16:00:24.292  [39mDEBUG[0;39m [[32mmain                          [0;39m] - [34mc.b.mybatisplus.core.MybatisConfiguration    [0;39m[96]: addMappedStatement: sql.ClientReviewRecordMapper.updateByPrimaryKeySelective
2023-12-05 16:00:24.294  [39mDEBUG[0;39m [[32mmain                          [0;39m] - [34mc.b.mybatisplus.core.MybatisConfiguration    [0;39m[96]: addMappedStatement: sql.ClientReviewRecordMapper.updateByPrimaryKey
2023-12-05 16:00:24.295  [39mDEBUG[0;39m [[32mmain                          [0;39m] - [34mc.b.m.e.spring.MybatisSqlSessionFactoryBean  [0;39m[49]: Parsed mapper file: 'file [D:\demo\target\classes\mapper\ClientReviewRecordMapper.xml]'
2023-12-05 16:00:24.319  [39mDEBUG[0;39m [[32mmain                          [0;39m] - [34mc.b.mybatisplus.core.MybatisConfiguration    [0;39m[96]: addMappedStatement: sql.CounterpartyBenefitOverListMapper.selectByExample
2023-12-05 16:00:24.321  [39mDEBUG[0;39m [[32mmain                          [0;39m] - [34mc.b.mybatisplus.core.MybatisConfiguration    [0;39m[96]: addMappedStatement: sql.CounterpartyBenefitOverListMapper.selectByPrimaryKey
2023-12-05 16:00:24.323  [39mDEBUG[0;39m [[32mmain                          [0;39m] - [34mc.b.mybatisplus.core.MybatisConfiguration    [0;39m[96]: addMappedStatement: sql.CounterpartyBenefitOverListMapper.deleteByPrimaryKey
2023-12-05 16:00:24.324  [39mDEBUG[0;39m [[32mmain                          [0;39m] - [34mc.b.mybatisplus.core.MybatisConfiguration    [0;39m[96]: addMappedStatement: sql.CounterpartyBenefitOverListMapper.insert
2023-12-05 16:00:24.326  [39mDEBUG[0;39m [[32mmain                          [0;39m] - [34mc.b.mybatisplus.core.MybatisConfiguration    [0;39m[96]: addMappedStatement: sql.CounterpartyBenefitOverListMapper.insertSelective
2023-12-05 16:00:24.327  [39mDEBUG[0;39m [[32mmain                          [0;39m] - [34mc.b.mybatisplus.core.MybatisConfiguration    [0;39m[96]: addMappedStatement: sql.CounterpartyBenefitOverListMapper.updateByPrimaryKeySelective
2023-12-05 16:00:24.328  [39mDEBUG[0;39m [[32mmain                          [0;39m] - [34mc.b.mybatisplus.core.MybatisConfiguration    [0;39m[96]: addMappedStatement: sql.CounterpartyBenefitOverListMapper.updateByPrimaryKey
2023-12-05 16:00:24.330  [39mDEBUG[0;39m [[32mmain                          [0;39m] - [34mc.b.m.e.spring.MybatisSqlSessionFactoryBean  [0;39m[49]: Parsed mapper file: 'file [D:\demo\target\classes\mapper\CounterpartyBenefitOverListMapper.xml]'
2023-12-05 16:00:24.350  [39mDEBUG[0;39m [[32mmain                          [0;39m] - [34mc.b.mybatisplus.core.MybatisConfiguration    [0;39m[96]: addMappedStatement: sql.CounterpartyOrgMapper.selectByExample
2023-12-05 16:00:24.352  [39mDEBUG[0;39m [[32mmain                          [0;39m] - [34mc.b.mybatisplus.core.MybatisConfiguration    [0;39m[96]: addMappedStatement: sql.CounterpartyOrgMapper.selectByPrimaryKey
2023-12-05 16:00:24.357  [39mDEBUG[0;39m [[32mmain                          [0;39m] - [34mc.b.mybatisplus.core.MybatisConfiguration    [0;39m[96]: addMappedStatement: sql.CounterpartyOrgMapper.deleteByPrimaryKey
2023-12-05 16:00:24.358  [39mDEBUG[0;39m [[32mmain                          [0;39m] - [34mc.b.mybatisplus.core.MybatisConfiguration    [0;39m[96]: addMappedStatement: sql.CounterpartyOrgMapper.insert
2023-12-05 16:00:24.360  [39mDEBUG[0;39m [[32mmain                          [0;39m] - [34mc.b.mybatisplus.core.MybatisConfiguration    [0;39m[96]: addMappedStatement: sql.CounterpartyOrgMapper.insertSelective
2023-12-05 16:00:24.361  [39mDEBUG[0;39m [[32mmain                          [0;39m] - [34mc.b.mybatisplus.core.MybatisConfiguration    [0;39m[96]: addMappedStatement: sql.CounterpartyOrgMapper.updateByPrimaryKeySelective
2023-12-05 16:00:24.452  [39mDEBUG[0;39m [[32mmain                          [0;39m] - [34mc.b.mybatisplus.core.MybatisConfiguration    [0;39m[96]: addMappedStatement: sql.CounterpartyOrgMapper.updateByPrimaryKey
2023-12-05 16:00:24.454  [39mDEBUG[0;39m [[32mmain                          [0;39m] - [34mc.b.m.e.spring.MybatisSqlSessionFactoryBean  [0;39m[49]: Parsed mapper file: 'file [D:\demo\target\classes\mapper\CounterpartyOrgMapper.xml]'
2023-12-05 16:00:24.471  [39mDEBUG[0;39m [[32mmain                          [0;39m] - [34mc.b.mybatisplus.core.MybatisConfiguration    [0;39m[96]: addMappedStatement: sql.CounterpartyProdMonitorFlowMapper.selectByExample
2023-12-05 16:00:24.472  [39mDEBUG[0;39m [[32mmain                          [0;39m] - [34mc.b.mybatisplus.core.MybatisConfiguration    [0;39m[96]: addMappedStatement: sql.CounterpartyProdMonitorFlowMapper.selectByPrimaryKey
2023-12-05 16:00:24.473  [39mDEBUG[0;39m [[32mmain                          [0;39m] - [34mc.b.mybatisplus.core.MybatisConfiguration    [0;39m[96]: addMappedStatement: sql.CounterpartyProdMonitorFlowMapper.deleteByPrimaryKey
2023-12-05 16:00:24.475  [39mDEBUG[0;39m [[32mmain                          [0;39m] - [34mc.b.mybatisplus.core.MybatisConfiguration    [0;39m[96]: addMappedStatement: sql.CounterpartyProdMonitorFlowMapper.insert
2023-12-05 16:00:24.476  [39mDEBUG[0;39m [[32mmain                          [0;39m] - [34mc.b.mybatisplus.core.MybatisConfiguration    [0;39m[96]: addMappedStatement: sql.CounterpartyProdMonitorFlowMapper.insertSelective
2023-12-05 16:00:24.488  [39mDEBUG[0;39m [[32mmain                          [0;39m] - [34mc.b.mybatisplus.core.MybatisConfiguration    [0;39m[96]: addMappedStatement: sql.CounterpartyProdMonitorFlowMapper.updateByPrimaryKeySelective
2023-12-05 16:00:24.490  [39mDEBUG[0;39m [[32mmain                          [0;39m] - [34mc.b.mybatisplus.core.MybatisConfiguration    [0;39m[96]: addMappedStatement: sql.CounterpartyProdMonitorFlowMapper.updateByPrimaryKey
2023-12-05 16:00:24.491  [39mDEBUG[0;39m [[32mmain                          [0;39m] - [34mc.b.m.e.spring.MybatisSqlSessionFactoryBean  [0;39m[49]: Parsed mapper file: 'file [D:\demo\target\classes\mapper\CounterpartyProdMonitorFlowMapper.xml]'
2023-12-05 16:00:24.507  [39mDEBUG[0;39m [[32mmain                          [0;39m] - [34mc.b.mybatisplus.core.MybatisConfiguration    [0;39m[96]: addMappedStatement: sql.CrtExpiredPersonRecordMapper.selectByExample
2023-12-05 16:00:24.508  [39mDEBUG[0;39m [[32mmain                          [0;39m] - [34mc.b.mybatisplus.core.MybatisConfiguration    [0;39m[96]: addMappedStatement: sql.CrtExpiredPersonRecordMapper.selectByPrimaryKey
2023-12-05 16:00:24.510  [39mDEBUG[0;39m [[32mmain                          [0;39m] - [34mc.b.mybatisplus.core.MybatisConfiguration    [0;39m[96]: addMappedStatement: sql.CrtExpiredPersonRecordMapper.deleteByPrimaryKey
2023-12-05 16:00:24.512  [39mDEBUG[0;39m [[32mmain                          [0;39m] - [34mc.b.mybatisplus.core.MybatisConfiguration    [0;39m[96]: addMappedStatement: sql.CrtExpiredPersonRecordMapper.insert
