2023-12-05 16:31:16.885  [39mDEBUG[0;39m [[32mmain                          [0;39m] - [34mc.b.mybatisplus.core.MybatisConfiguration    [0;39m[96]: addMappedStatement: sql.ClientReviewFileRecordMapper.deleteByPrimaryKey
2023-12-05 16:31:16.889  [39mDEBUG[0;39m [[32mmain                          [0;39m] - [34mc.b.mybatisplus.core.MybatisConfiguration    [0;39m[96]: addMappedStatement: sql.ClientReviewFileRecordMapper.insert
2023-12-05 16:31:16.890  [39mDEBUG[0;39m [[32mmain                          [0;39m] - [34mc.b.mybatisplus.core.MybatisConfiguration    [0;39m[96]: addMappedStatement: sql.ClientReviewFileRecordMapper.insertSelective
2023-12-05 16:31:16.891  [39mDEBUG[0;39m [[32mmain                          [0;39m] - [34mc.b.mybatisplus.core.MybatisConfiguration    [0;39m[96]: addMappedStatement: sql.ClientReviewFileRecordMapper.updateByPrimaryKeySelective
2023-12-05 16:31:16.893  [39mDEBUG[0;39m [[32mmain                          [0;39m] - [34mc.b.mybatisplus.core.MybatisConfiguration    [0;39m[96]: addMappedStatement: sql.ClientReviewFileRecordMapper.updateByPrimaryKey
2023-12-05 16:31:16.894  [39mDEBUG[0;39m [[32mmain                          [0;39m] - [34mc.b.m.e.spring.MybatisSqlSessionFactoryBean  [0;39m[49]: Parsed mapper file: 'file [D:\demo\target\classes\mapper\ClientReviewFileRecordMapper.xml]'
2023-12-05 16:31:16.909  [39mDEBUG[0;39m [[32mmain                          [0;39m] - [34mc.b.mybatisplus.core.MybatisConfiguration    [0;39m[96]: addMappedStatement: sql.ClientReviewRecordMapper.selectByExample
2023-12-05 16:31:16.910  [39mDEBUG[0;39m [[32mmain                          [0;39m] - [34mc.b.mybatisplus.core.MybatisConfiguration    [0;39m[96]: addMappedStatement: sql.ClientReviewRecordMapper.selectByPrimaryKey
2023-12-05 16:31:16.911  [39mDEBUG[0;39m [[32mmain                          [0;39m] - [34mc.b.mybatisplus.core.MybatisConfiguration    [0;39m[96]: addMappedStatement: sql.ClientReviewRecordMapper.deleteByPrimaryKey
2023-12-05 16:31:16.913  [39mDEBUG[0;39m [[32mmain                          [0;39m] - [34mc.b.mybatisplus.core.MybatisConfiguration    [0;39m[96]: addMappedStatement: sql.ClientReviewRecordMapper.insert
2023-12-05 16:31:16.915  [39mDEBUG[0;39m [[32mmain                          [0;39m] - [34mc.b.mybatisplus.core.MybatisConfiguration    [0;39m[96]: addMappedStatement: sql.ClientReviewRecordMapper.insertSelective
2023-12-05 16:31:16.916  [39mDEBUG[0;39m [[32mmain                          [0;39m] - [34mc.b.mybatisplus.core.MybatisConfiguration    [0;39m[96]: addMappedStatement: sql.ClientReviewRecordMapper.updateByPrimaryKeySelective
2023-12-05 16:31:16.917  [39mDEBUG[0;39m [[32mmain                          [0;39m] - [34mc.b.mybatisplus.core.MybatisConfiguration    [0;39m[96]: addMappedStatement: sql.ClientReviewRecordMapper.updateByPrimaryKey
2023-12-05 16:31:16.918  [39mDEBUG[0;39m [[32mmain                          [0;39m] - [34mc.b.m.e.spring.MybatisSqlSessionFactoryBean  [0;39m[49]: Parsed mapper file: 'file [D:\demo\target\classes\mapper\ClientReviewRecordMapper.xml]'
2023-12-05 16:31:16.931  [39mDEBUG[0;39m [[32mmain                          [0;39m] - [34mc.b.mybatisplus.core.MybatisConfiguration    [0;39m[96]: addMappedStatement: sql.CounterpartyBenefitOverListMapper.selectByExample
2023-12-05 16:31:16.932  [39mDEBUG[0;39m [[32mmain                          [0;39m] - [34mc.b.mybatisplus.core.MybatisConfiguration    [0;39m[96]: addMappedStatement: sql.CounterpartyBenefitOverListMapper.selectByPrimaryKey
2023-12-05 16:31:16.933  [39mDEBUG[0;39m [[32mmain                          [0;39m] - [34mc.b.mybatisplus.core.MybatisConfiguration    [0;39m[96]: addMappedStatement: sql.CounterpartyBenefitOverListMapper.deleteByPrimaryKey
2023-12-05 16:31:16.934  [39mDEBUG[0;39m [[32mmain                          [0;39m] - [34mc.b.mybatisplus.core.MybatisConfiguration    [0;39m[96]: addMappedStatement: sql.CounterpartyBenefitOverListMapper.insert
2023-12-05 16:31:16.935  [39mDEBUG[0;39m [[32mmain                          [0;39m] - [34mc.b.mybatisplus.core.MybatisConfiguration    [0;39m[96]: addMappedStatement: sql.CounterpartyBenefitOverListMapper.insertSelective
2023-12-05 16:31:16.935  [39mDEBUG[0;39m [[32mmain                          [0;39m] - [34mc.b.mybatisplus.core.MybatisConfiguration    [0;39m[96]: addMappedStatement: sql.CounterpartyBenefitOverListMapper.updateByPrimaryKeySelective
2023-12-05 16:31:16.936  [39mDEBUG[0;39m [[32mmain                          [0;39m] - [34mc.b.mybatisplus.core.MybatisConfiguration    [0;39m[96]: addMappedStatement: sql.CounterpartyBenefitOverListMapper.updateByPrimaryKey
2023-12-05 16:31:16.937  [39mDEBUG[0;39m [[32mmain                          [0;39m] - [34mc.b.m.e.spring.MybatisSqlSessionFactoryBean  [0;39m[49]: Parsed mapper file: 'file [D:\demo\target\classes\mapper\CounterpartyBenefitOverListMapper.xml]'
2023-12-05 16:31:16.948  [39mDEBUG[0;39m [[32mmain                          [0;39m] - [34mc.b.mybatisplus.core.MybatisConfiguration    [0;39m[96]: addMappedStatement: sql.CounterpartyOrgMapper.selectByExample
2023-12-05 16:31:16.950  [39mDEBUG[0;39m [[32mmain                          [0;39m] - [34mc.b.mybatisplus.core.MybatisConfiguration    [0;39m[96]: addMappedStatement: sql.CounterpartyOrgMapper.selectByPrimaryKey
2023-12-05 16:31:16.951  [39mDEBUG[0;39m [[32mmain                          [0;39m] - [34mc.b.mybatisplus.core.MybatisConfiguration    [0;39m[96]: addMappedStatement: sql.CounterpartyOrgMapper.deleteByPrimaryKey
2023-12-05 16:31:16.952  [39mDEBUG[0;39m [[32mmain                          [0;39m] - [34mc.b.mybatisplus.core.MybatisConfiguration    [0;39m[96]: addMappedStatement: sql.CounterpartyOrgMapper.insert
2023-12-05 16:31:16.954  [39mDEBUG[0;39m [[32mmain                          [0;39m] - [34mc.b.mybatisplus.core.MybatisConfiguration    [0;39m[96]: addMappedStatement: sql.CounterpartyOrgMapper.insertSelective
2023-12-05 16:31:16.955  [39mDEBUG[0;39m [[32mmain                          [0;39m] - [34mc.b.mybatisplus.core.MybatisConfiguration    [0;39m[96]: addMappedStatement: sql.CounterpartyOrgMapper.updateByPrimaryKeySelective
2023-12-05 16:31:16.956  [39mDEBUG[0;39m [[32mmain                          [0;39m] - [34mc.b.mybatisplus.core.MybatisConfiguration    [0;39m[96]: addMappedStatement: sql.CounterpartyOrgMapper.updateByPrimaryKey
2023-12-05 16:31:16.957  [39mDEBUG[0;39m [[32mmain                          [0;39m] - [34mc.b.m.e.spring.MybatisSqlSessionFactoryBean  [0;39m[49]: Parsed mapper file: 'file [D:\demo\target\classes\mapper\CounterpartyOrgMapper.xml]'
2023-12-05 16:31:16.969  [39mDEBUG[0;39m [[32mmain                          [0;39m] - [34mc.b.mybatisplus.core.MybatisConfiguration    [0;39m[96]: addMappedStatement: sql.CounterpartyProdMonitorFlowMapper.selectByExample
2023-12-05 16:31:16.970  [39mDEBUG[0;39m [[32mmain                          [0;39m] - [34mc.b.mybatisplus.core.MybatisConfiguration    [0;39m[96]: addMappedStatement: sql.CounterpartyProdMonitorFlowMapper.selectByPrimaryKey
2023-12-05 16:31:16.970  [39mDEBUG[0;39m [[32mmain                          [0;39m] - [34mc.b.mybatisplus.core.MybatisConfiguration    [0;39m[96]: addMappedStatement: sql.CounterpartyProdMonitorFlowMapper.deleteByPrimaryKey
2023-12-05 16:31:16.971  [39mDEBUG[0;39m [[32mmain                          [0;39m] - [34mc.b.mybatisplus.core.MybatisConfiguration    [0;39m[96]: addMappedStatement: sql.CounterpartyProdMonitorFlowMapper.insert
2023-12-05 16:31:16.972  [39mDEBUG[0;39m [[32mmain                          [0;39m] - [34mc.b.mybatisplus.core.MybatisConfiguration    [0;39m[96]: addMappedStatement: sql.CounterpartyProdMonitorFlowMapper.insertSelective
2023-12-05 16:31:16.973  [39mDEBUG[0;39m [[32mmain                          [0;39m] - [34mc.b.mybatisplus.core.MybatisConfiguration    [0;39m[96]: addMappedStatement: sql.CounterpartyProdMonitorFlowMapper.updateByPrimaryKeySelective
2023-12-05 16:31:16.974  [39mDEBUG[0;39m [[32mmain                          [0;39m] - [34mc.b.mybatisplus.core.MybatisConfiguration    [0;39m[96]: addMappedStatement: sql.CounterpartyProdMonitorFlowMapper.updateByPrimaryKey
2023-12-05 16:31:16.976  [39mDEBUG[0;39m [[32mmain                          [0;39m] - [34mc.b.m.e.spring.MybatisSqlSessionFactoryBean  [0;39m[49]: Parsed mapper file: 'file [D:\demo\target\classes\mapper\CounterpartyProdMonitorFlowMapper.xml]'
2023-12-05 16:31:16.986  [39mDEBUG[0;39m [[32mmain                          [0;39m] - [34mc.b.mybatisplus.core.MybatisConfiguration    [0;39m[96]: addMappedStatement: sql.CrtExpiredPersonRecordMapper.selectByExample
2023-12-05 16:31:16.987  [39mDEBUG[0;39m [[32mmain                          [0;39m] - [34mc.b.mybatisplus.core.MybatisConfiguration    [0;39m[96]: addMappedStatement: sql.CrtExpiredPersonRecordMapper.selectByPrimaryKey
2023-12-05 16:31:16.988  [39mDEBUG[0;39m [[32mmain                          [0;39m] - [34mc.b.mybatisplus.core.MybatisConfiguration    [0;39m[96]: addMappedStatement: sql.CrtExpiredPersonRecordMapper.deleteByPrimaryKey
2023-12-05 16:31:16.990  [39mDEBUG[0;39m [[32mmain                          [0;39m] - [34mc.b.mybatisplus.core.MybatisConfiguration    [0;39m[96]: addMappedStatement: sql.CrtExpiredPersonRecordMapper.insert
2023-12-05 16:31:16.991  [39mDEBUG[0;39m [[32mmain                          [0;39m] - [34mc.b.mybatisplus.core.MybatisConfiguration    [0;39m[96]: addMappedStatement: sql.CrtExpiredPersonRecordMapper.insertSelective
2023-12-05 16:31:16.992  [39mDEBUG[0;39m [[32mmain                          [0;39m] - [34mc.b.mybatisplus.core.MybatisConfiguration    [0;39m[96]: addMappedStatement: sql.CrtExpiredPersonRecordMapper.updateByPrimaryKeySelective
2023-12-05 16:31:16.993  [39mDEBUG[0;39m [[32mmain                          [0;39m] - [34mc.b.mybatisplus.core.MybatisConfiguration    [0;39m[96]: addMappedStatement: sql.CrtExpiredPersonRecordMapper.updateByPrimaryKey
2023-12-05 16:31:16.993  [39mDEBUG[0;39m [[32mmain                          [0;39m] - [34mc.b.m.e.spring.MybatisSqlSessionFactoryBean  [0;39m[49]: Parsed mapper file: 'file [D:\demo\target\classes\mapper\CrtExpiredPersonRecordMapper.xml]'
2023-12-05 16:31:17.003  [39mDEBUG[0;39m [[32mmain                          [0;39m] - [34mc.b.mybatisplus.core.MybatisConfiguration    [0;39m[96]: addMappedStatement: sql.CrtExpiredRecordMapper.selectByExample
2023-12-05 16:31:17.004  [39mDEBUG[0;39m [[32mmain                          [0;39m] - [34mc.b.mybatisplus.core.MybatisConfiguration    [0;39m[96]: addMappedStatement: sql.CrtExpiredRecordMapper.selectByPrimaryKey
2023-12-05 16:31:17.005  [39mDEBUG[0;39m [[32mmain                          [0;39m] - [34mc.b.mybatisplus.core.MybatisConfiguration    [0;39m[96]: addMappedStatement: sql.CrtExpiredRecordMapper.deleteByPrimaryKey
2023-12-05 16:31:17.005  [39mDEBUG[0;39m [[32mmain                          [0;39m] - [34mc.b.mybatisplus.core.MybatisConfiguration    [0;39m[96]: addMappedStatement: sql.CrtExpiredRecordMapper.insert
2023-12-05 16:31:17.006  [39mDEBUG[0;39m [[32mmain                          [0;39m] - [34mc.b.mybatisplus.core.MybatisConfiguration    [0;39m[96]: addMappedStatement: sql.CrtExpiredRecordMapper.insertSelective
2023-12-05 16:31:17.006  [39mDEBUG[0;39m [[32mmain                          [0;39m] - [34mc.b.mybatisplus.core.MybatisConfiguration    [0;39m[96]: addMappedStatement: sql.CrtExpiredRecordMapper.updateByPrimaryKeySelective
2023-12-05 16:31:17.007  [39mDEBUG[0;39m [[32mmain                          [0;39m] - [34mc.b.mybatisplus.core.MybatisConfiguration    [0;39m[96]: addMappedStatement: sql.CrtExpiredRecordMapper.updateByPrimaryKey
2023-12-05 16:31:17.008  [39mDEBUG[0;39m [[32mmain                          [0;39m] - [34mc.b.m.e.spring.MybatisSqlSessionFactoryBean  [0;39m[49]: Parsed mapper file: 'file [D:\demo\target\classes\mapper\CrtExpiredRecordMapper.xml]'
2023-12-05 16:31:17.015  [39mDEBUG[0;39m [[32mmain                          [0;39m] - [34mc.b.mybatisplus.core.MybatisConfiguration    [0;39m[96]: addMappedStatement: sql.CrtExpiredRecordUnionMapper.selectByExample
2023-12-05 16:31:17.015  [39mDEBUG[0;39m [[32mmain                          [0;39m] - [34mc.b.mybatisplus.core.MybatisConfiguration    [0;39m[96]: addMappedStatement: sql.CrtExpiredRecordUnionMapper.selectByPrimaryKey
2023-12-05 16:31:17.016  [39mDEBUG[0;39m [[32mmain                          [0;39m] - [34mc.b.mybatisplus.core.MybatisConfiguration    [0;39m[96]: addMappedStatement: sql.CrtExpiredRecordUnionMapper.deleteByPrimaryKey
2023-12-05 16:31:17.017  [39mDEBUG[0;39m [[32mmain                          [0;39m] - [34mc.b.mybatisplus.core.MybatisConfiguration    [0;39m[96]: addMappedStatement: sql.CrtExpiredRecordUnionMapper.insert
2023-12-05 16:31:17.017  [39mDEBUG[0;39m [[32mmain                          [0;39m] - [34mc.b.mybatisplus.core.MybatisConfiguration    [0;39m[96]: addMappedStatement: sql.CrtExpiredRecordUnionMapper.insertSelective
2023-12-05 16:31:17.018  [39mDEBUG[0;39m [[32mmain                          [0;39m] - [34mc.b.mybatisplus.core.MybatisConfiguration    [0;39m[96]: addMappedStatement: sql.CrtExpiredRecordUnionMapper.updateByPrimaryKeySelective
2023-12-05 16:31:17.019  [39mDEBUG[0;39m [[32mmain                          [0;39m] - [34mc.b.mybatisplus.core.MybatisConfiguration    [0;39m[96]: addMappedStatement: sql.CrtExpiredRecordUnionMapper.updateByPrimaryKey
2023-12-05 16:31:17.020  [39mDEBUG[0;39m [[32mmain                          [0;39m] - [34mc.b.m.e.spring.MybatisSqlSessionFactoryBean  [0;39m[49]: Parsed mapper file: 'file [D:\demo\target\classes\mapper\CrtExpiredRecordUnionMapper.xml]'
2023-12-05 16:31:17.028  [39mDEBUG[0;39m [[32mmain                          [0;39m] - [34mc.b.mybatisplus.core.MybatisConfiguration    [0;39m[96]: addMappedStatement: sql.CtptyInfoUpdateRecordMapper.selectByExample
2023-12-05 16:31:17.029  [39mDEBUG[0;39m [[32mmain                          [0;39m] - [34mc.b.mybatisplus.core.MybatisConfiguration    [0;39m[96]: addMappedStatement: sql.CtptyInfoUpdateRecordMapper.selectByPrimaryKey
2023-12-05 16:31:17.029  [39mDEBUG[0;39m [[32mmain                          [0;39m] - [34mc.b.mybatisplus.core.MybatisConfiguration    [0;39m[96]: addMappedStatement: sql.CtptyInfoUpdateRecordMapper.deleteByPrimaryKey
2023-12-05 16:31:17.030  [39mDEBUG[0;39m [[32mmain                          [0;39m] - [34mc.b.mybatisplus.core.MybatisConfiguration    [0;39m[96]: addMappedStatement: sql.CtptyInfoUpdateRecordMapper.insert
2023-12-05 16:31:17.031  [39mDEBUG[0;39m [[32mmain                          [0;39m] - [34mc.b.mybatisplus.core.MybatisConfiguration    [0;39m[96]: addMappedStatement: sql.CtptyInfoUpdateRecordMapper.insertSelective
2023-12-05 16:31:17.032  [39mDEBUG[0;39m [[32mmain                          [0;39m] - [34mc.b.mybatisplus.core.MybatisConfiguration    [0;39m[96]: addMappedStatement: sql.CtptyInfoUpdateRecordMapper.updateByPrimaryKeySelective
2023-12-05 16:31:17.032  [39mDEBUG[0;39m [[32mmain                          [0;39m] - [34mc.b.mybatisplus.core.MybatisConfiguration    [0;39m[96]: addMappedStatement: sql.CtptyInfoUpdateRecordMapper.updateByPrimaryKey
2023-12-05 16:31:17.033  [39mDEBUG[0;39m [[32mmain                          [0;39m] - [34mc.b.m.e.spring.MybatisSqlSessionFactoryBean  [0;39m[49]: Parsed mapper file: 'file [D:\demo\target\classes\mapper\CtptyInfoUpdateRecordMapper.xml]'
2023-12-05 16:31:17.052  [39mDEBUG[0;39m [[32mmain                          [0;39m] - [34mc.b.mybatisplus.core.MybatisConfiguration    [0;39m[96]: addMappedStatement: sql.OtcDerivativeCounterpartyMapper.selectByPrimaryKey
2023-12-05 16:31:17.053  [39mDEBUG[0;39m [[32mmain                          [0;39m] - [34mc.b.mybatisplus.core.MybatisConfiguration    [0;39m[96]: addMappedStatement: sql.OtcDerivativeCounterpartyMapper.selectAll
2023-12-05 16:31:17.053  [39mDEBUG[0;39m [[32mmain                          [0;39m] - [34mc.b.mybatisplus.core.MybatisConfiguration    [0;39m[96]: addMappedStatement: sql.OtcDerivativeCounterpartyMapper.selectClientbyid
2023-12-05 16:31:17.054  [39mDEBUG[0;39m [[32mmain                          [0;39m] - [34mc.b.mybatisplus.core.MybatisConfiguration    [0;39m[96]: addMappedStatement: sql.OtcDerivativeCounterpartyMapper.deleteByPrimaryKey
2023-12-05 16:31:17.055  [39mDEBUG[0;39m [[32mmain                          [0;39m] - [34mc.b.mybatisplus.core.MybatisConfiguration    [0;39m[96]: addMappedStatement: sql.OtcDerivativeCounterpartyMapper.insert
2023-12-05 16:31:17.057  [39mDEBUG[0;39m [[32mmain                          [0;39m] - [34mc.b.mybatisplus.core.MybatisConfiguration    [0;39m[96]: addMappedStatement: sql.OtcDerivativeCounterpartyMapper.insertSelective
2023-12-05 16:31:17.058  [39mDEBUG[0;39m [[32mmain                          [0;39m] - [34mc.b.mybatisplus.core.MybatisConfiguration    [0;39m[96]: addMappedStatement: sql.OtcDerivativeCounterpartyMapper.updateByPrimaryKeySelective
2023-12-05 16:31:17.059  [39mDEBUG[0;39m [[32mmain                          [0;39m] - [34mc.b.mybatisplus.core.MybatisConfiguration    [0;39m[96]: addMappedStatement: sql.OtcDerivativeCounterpartyMapper.updateByPrimaryKey
2023-12-05 16:31:17.061  [39mDEBUG[0;39m [[32mmain                          [0;39m] - [34mc.b.m.e.spring.MybatisSqlSessionFactoryBean  [0;39m[49]: Parsed mapper file: 'file [D:\demo\target\classes\mapper\OtcDerivativeCounterpartyMapper.xml]'
2023-12-05 16:31:17.069  [39mDEBUG[0;39m [[32mmain                          [0;39m] - [34mc.b.mybatisplus.core.MybatisConfiguration    [0;39m[96]: addMappedStatement: sql.ProcessExpiredRemindMapper.selectByExample
2023-12-05 16:31:17.070  [39mDEBUG[0;39m [[32mmain                          [0;39m] - [34mc.b.mybatisplus.core.MybatisConfiguration    [0;39m[96]: addMappedStatement: sql.ProcessExpiredRemindMapper.selectByPrimaryKey
2023-12-05 16:31:17.070  [39mDEBUG[0;39m [[32mmain                          [0;39m] - [34mc.b.mybatisplus.core.MybatisConfiguration    [0;39m[96]: addMappedStatement: sql.ProcessExpiredRemindMapper.deleteByPrimaryKey
2023-12-05 16:31:17.071  [39mDEBUG[0;39m [[32mmain                          [0;39m] - [34mc.b.mybatisplus.core.MybatisConfiguration    [0;39m[96]: addMappedStatement: sql.ProcessExpiredRemindMapper.insert
2023-12-05 16:31:17.072  [39mDEBUG[0;39m [[32mmain                          [0;39m] - [34mc.b.mybatisplus.core.MybatisConfiguration    [0;39m[96]: addMappedStatement: sql.ProcessExpiredRemindMapper.insertSelective
2023-12-05 16:31:17.072  [39mDEBUG[0;39m [[32mmain                          [0;39m] - [34mc.b.mybatisplus.core.MybatisConfiguration    [0;39m[96]: addMappedStatement: sql.ProcessExpiredRemindMapper.updateByPrimaryKeySelective
2023-12-05 16:31:17.073  [39mDEBUG[0;39m [[32mmain                          [0;39m] - [34mc.b.mybatisplus.core.MybatisConfiguration    [0;39m[96]: addMappedStatement: sql.ProcessExpiredRemindMapper.updateByPrimaryKey
2023-12-05 16:31:17.073  [39mDEBUG[0;39m [[32mmain                          [0;39m] - [34mc.b.m.e.spring.MybatisSqlSessionFactoryBean  [0;39m[49]: Parsed mapper file: 'file [D:\demo\target\classes\mapper\ProcessExpiredRemindMapper.xml]'
2023-12-05 16:31:17.520  [39mDEBUG[0;39m [[32mmain                          [0;39m] - [34mo.s.b.f.support.DefaultListableBeanFactory   [0;39m[213]: Creating shared instance of singleton bean 'sqlSessionTemplate'
2023-12-05 16:31:17.521  [39mDEBUG[0;39m [[32mmain                          [0;39m] - [34mo.s.b.f.support.DefaultListableBeanFactory   [0;39m[777]: Autowiring by type from bean name 'sqlSessionTemplate' via factory method to bean named 'sqlSessionFactory'
2023-12-05 16:31:17.531  [39mDEBUG[0;39m [[32mmain                          [0;39m] - [34mo.s.b.f.support.DefaultListableBeanFactory   [0;39m[213]: Creating shared instance of singleton bean 'testSpring'
2023-12-05 16:31:17.533  [39mDEBUG[0;39m [[32mmain                          [0;39m] - [34mo.s.b.f.support.DefaultListableBeanFactory   [0;39m[213]: Creating shared instance of singleton bean 'org.springframework.boot.autoconfigure.AutoConfigurationPackages'
2023-12-05 16:31:17.533  [39mDEBUG[0;39m [[32mmain                          [0;39m] - [34mo.s.b.f.support.DefaultListableBeanFactory   [0;39m[213]: Creating shared instance of singleton bean 'org.springframework.boot.autoconfigure.context.PropertyPlaceholderAutoConfiguration'
2023-12-05 16:31:17.534  [39mDEBUG[0;39m [[32mmain                          [0;39m] - [34mo.s.b.f.support.DefaultListableBeanFactory   [0;39m[213]: Creating shared instance of singleton bean 'org.springframework.boot.autoconfigure.websocket.servlet.WebSocketServletAutoConfiguration'
2023-12-05 16:31:17.535  [39mDEBUG[0;39m [[32mmain                          [0;39m] - [34mo.s.b.f.support.DefaultListableBeanFactory   [0;39m[213]: Creating shared instance of singleton bean 'org.springframework.boot.autoconfigure.web.servlet.DispatcherServletAutoConfiguration'
2023-12-05 16:31:17.535  [39mDEBUG[0;39m [[32mmain                          [0;39m] - [34mo.s.b.f.support.DefaultListableBeanFactory   [0;39m[213]: Creating shared instance of singleton bean 'org.springframework.boot.autoconfigure.task.TaskExecutionAutoConfiguration'
2023-12-05 16:31:17.536  [39mDEBUG[0;39m [[32mmain                          [0;39m] - [34ms.c.LocalVariableTableParameterNameDiscoverer[0;39m[108]: Cannot find '.class' file for class [class org.springframework.boot.autoconfigure.task.TaskExecutionAutoConfiguration$$EnhancerBySpringCGLIB$$550596ff] - unable to determine constructor/method parameter names
2023-12-05 16:31:17.537  [39mDEBUG[0;39m [[32mmain                          [0;39m] - [34mo.s.b.f.support.DefaultListableBeanFactory   [0;39m[213]: Creating shared instance of singleton bean 'spring.task.execution-org.springframework.boot.autoconfigure.task.TaskExecutionProperties'
2023-12-05 16:31:17.538  [39mDEBUG[0;39m [[32mmain                          [0;39m] - [34mo.s.b.f.support.DefaultListableBeanFactory   [0;39m[777]: Autowiring by type from bean name 'org.springframework.boot.autoconfigure.task.TaskExecutionAutoConfiguration' via constructor to bean named 'spring.task.execution-org.springframework.boot.autoconfigure.task.TaskExecutionProperties'
2023-12-05 16:31:17.539  [39mDEBUG[0;39m [[32mmain                          [0;39m] - [34mo.s.b.f.support.DefaultListableBeanFactory   [0;39m[213]: Creating shared instance of singleton bean 'taskExecutorBuilder'
2023-12-05 16:31:17.544  [39mDEBUG[0;39m [[32mmain                          [0;39m] - [34mo.s.b.f.support.DefaultListableBeanFactory   [0;39m[213]: Creating shared instance of singleton bean 'org.springframework.boot.autoconfigure.validation.ValidationAutoConfiguration'
2023-12-05 16:31:17.545  [39mDEBUG[0;39m [[32mmain                          [0;39m] - [34mo.s.b.f.support.DefaultListableBeanFactory   [0;39m[213]: Creating shared instance of singleton bean 'defaultValidator'
2023-12-05 16:31:17.550  [39mDEBUG[0;39m [[32mmain                          [0;39m] - [34mo.h.v.i.engine.resolver.TraversableResolvers [0;39m[60]: Cannot find javax.persistence.Persistence on classpath. Assuming non JPA 2 environment. All properties will per default be traversable.
2023-12-05 16:31:17.552  [39mDEBUG[0;39m [[32mmain                          [0;39m] - [34mo.h.v.m.ResourceBundleMessageInterpolator    [0;39m[89]: Loaded expression factory via original TCCL
2023-12-05 16:31:17.553  [39mDEBUG[0;39m [[32mmain                          [0;39m] - [34mo.h.v.i.engine.resolver.TraversableResolvers [0;39m[60]: Cannot find javax.persistence.Persistence on classpath. Assuming non JPA 2 environment. All properties will per default be traversable.
2023-12-05 16:31:17.554  [39mDEBUG[0;39m [[32mmain                          [0;39m] - [34mo.h.v.internal.engine.ConfigurationImpl      [0;39m[148]: Setting custom MessageInterpolator of type org.springframework.validation.beanvalidation.LocaleContextMessageInterpolator
2023-12-05 16:31:17.555  [39mDEBUG[0;39m [[32mmain                          [0;39m] - [34mo.h.v.internal.engine.ConfigurationImpl      [0;39m[180]: Setting custom ConstraintValidatorFactory of type org.springframework.validation.beanvalidation.SpringConstraintValidatorFactory
2023-12-05 16:31:17.556  [39mDEBUG[0;39m [[32mmain                          [0;39m] - [34mo.h.v.internal.engine.ConfigurationImpl      [0;39m[194]: Setting custom ParameterNameProvider of type org.springframework.validation.beanvalidation.LocalValidatorFactoryBean$1
2023-12-05 16:31:17.557  [39mDEBUG[0;39m [[32mmain                          [0;39m] - [34mo.h.v.internal.xml.config.ValidationXmlParser[0;39m[120]: Trying to load META-INF/validation.xml for XML based Validator configuration.
2023-12-05 16:31:17.557  [39mDEBUG[0;39m [[32mmain                          [0;39m] - [34mo.h.v.i.xml.config.ResourceLoaderHelper      [0;39m[53]: Trying to load META-INF/validation.xml via user class loader
2023-12-05 16:31:17.557  [39mDEBUG[0;39m [[32mmain                          [0;39m] - [34mo.h.v.i.xml.config.ResourceLoaderHelper      [0;39m[60]: Trying to load META-INF/validation.xml via TCCL
2023-12-05 16:31:17.557  [39mDEBUG[0;39m [[32mmain                          [0;39m] - [34mo.h.v.i.xml.config.ResourceLoaderHelper      [0;39m[66]: Trying to load META-INF/validation.xml via Hibernate Validator's class loader
2023-12-05 16:31:17.558  [39mDEBUG[0;39m [[32mmain                          [0;39m] - [34mo.h.v.internal.xml.config.ValidationXmlParser[0;39m[127]: No META-INF/validation.xml found. Using annotation based configuration only.
2023-12-05 16:31:17.562  [39mDEBUG[0;39m [[32mmain                          [0;39m] - [34mo.h.v.internal.engine.ValidatorFactoryImpl   [0;39m[578]: HV000234: Using org.springframework.validation.beanvalidation.LocaleContextMessageInterpolator as ValidatorFactory-scoped message interpolator.
2023-12-05 16:31:17.562  [39mDEBUG[0;39m [[32mmain                          [0;39m] - [34mo.h.v.internal.engine.ValidatorFactoryImpl   [0;39m[579]: HV000234: Using org.hibernate.validator.internal.engine.resolver.TraverseAllTraversableResolver as ValidatorFactory-scoped traversable resolver.
2023-12-05 16:31:17.562  [39mDEBUG[0;39m [[32mmain                          [0;39m] - [34mo.h.v.internal.engine.ValidatorFactoryImpl   [0;39m[580]: HV000234: Using org.hibernate.validator.internal.util.ExecutableParameterNameProvider as ValidatorFactory-scoped parameter name provider.
2023-12-05 16:31:17.562  [39mDEBUG[0;39m [[32mmain                          [0;39m] - [34mo.h.v.internal.engine.ValidatorFactoryImpl   [0;39m[581]: HV000234: Using org.hibernate.validator.internal.engine.DefaultClockProvider as ValidatorFactory-scoped clock provider.
2023-12-05 16:31:17.562  [39mDEBUG[0;39m [[32mmain                          [0;39m] - [34mo.h.v.internal.engine.ValidatorFactoryImpl   [0;39m[582]: HV000234: Using org.hibernate.validator.internal.engine.scripting.DefaultScriptEvaluatorFactory as ValidatorFactory-scoped script evaluator factory.
2023-12-05 16:31:17.563  [39mDEBUG[0;39m [[32mmain                          [0;39m] - [34mo.s.b.f.support.DefaultListableBeanFactory   [0;39m[213]: Creating shared instance of singleton bean 'org.springframework.boot.autoconfigure.web.servlet.error.ErrorMvcAutoConfiguration$WhitelabelErrorViewConfiguration'
2023-12-05 16:31:17.564  [39mDEBUG[0;39m [[32mmain                          [0;39m] - [34mo.s.b.f.support.DefaultListableBeanFactory   [0;39m[213]: Creating shared instance of singleton bean 'error'
2023-12-05 16:31:17.567  [39mDEBUG[0;39m [[32mmain                          [0;39m] - [34mo.s.b.f.support.DefaultListableBeanFactory   [0;39m[213]: Creating shared instance of singleton bean 'beanNameViewResolver'
2023-12-05 16:31:17.569  [39mDEBUG[0;39m [[32mmain                          [0;39m] - [34mo.s.b.f.support.DefaultListableBeanFactory   [0;39m[213]: Creating shared instance of singleton bean 'errorAttributes'
2023-12-05 16:31:17.571  [39mDEBUG[0;39m [[32mmain                          [0;39m] - [34mo.s.b.f.support.DefaultListableBeanFactory   [0;39m[213]: Creating shared instance of singleton bean 'basicErrorController'
2023-12-05 16:31:17.572  [39mDEBUG[0;39m [[32mmain                          [0;39m] - [34mo.s.b.f.support.DefaultListableBeanFactory   [0;39m[777]: Autowiring by type from bean name 'basicErrorController' via factory method to bean named 'errorAttributes'
2023-12-05 16:31:17.575  [39mDEBUG[0;39m [[32mmain                          [0;39m] - [34mo.s.b.f.support.DefaultListableBeanFactory   [0;39m[213]: Creating shared instance of singleton bean 'org.springframework.boot.autoconfigure.web.servlet.WebMvcAutoConfiguration$WebMvcAutoConfigurationAdapter$FaviconConfiguration'
2023-12-05 16:31:17.576  [39mDEBUG[0;39m [[32mmain                          [0;39m] - [34ms.c.LocalVariableTableParameterNameDiscoverer[0;39m[108]: Cannot find '.class' file for class [class org.springframework.boot.autoconfigure.web.servlet.WebMvcAutoConfiguration$WebMvcAutoConfigurationAdapter$FaviconConfiguration$$EnhancerBySpringCGLIB$$929421d4] - unable to determine constructor/method parameter names
2023-12-05 16:31:17.577  [39mDEBUG[0;39m [[32mmain                          [0;39m] - [34mo.s.b.f.support.DefaultListableBeanFactory   [0;39m[777]: Autowiring by type from bean name 'org.springframework.boot.autoconfigure.web.servlet.WebMvcAutoConfiguration$WebMvcAutoConfigurationAdapter$FaviconConfiguration' via constructor to bean named 'spring.resources-org.springframework.boot.autoconfigure.web.ResourceProperties'
2023-12-05 16:31:17.578  [39mDEBUG[0;39m [[32mmain                          [0;39m] - [34mo.s.b.f.support.DefaultListableBeanFactory   [0;39m[213]: Creating shared instance of singleton bean 'faviconHandlerMapping'
2023-12-05 16:31:17.586  [39mDEBUG[0;39m [[32mmain                          [0;39m] - [34mo.s.b.f.support.DefaultListableBeanFactory   [0;39m[213]: Creating shared instance of singleton bean 'faviconRequestHandler'
