2023-12-05 16:36:29.781  [39mDEBUG[0;39m [[32mmain                          [0;39m] - [34mo.s.b.f.support.DefaultListableBeanFactory   [0;39m[213]: Creating shared instance of singleton bean 'org.springframework.boot.autoconfigure.web.servlet.DispatcherServletAutoConfiguration$DispatcherServletConfiguration'
2023-12-05 16:36:29.789  [39mDEBUG[0;39m [[32mmain                          [0;39m] - [34ms.c.LocalVariableTableParameterNameDiscoverer[0;39m[108]: Cannot find '.class' file for class [class org.springframework.boot.autoconfigure.web.servlet.DispatcherServletAutoConfiguration$DispatcherServletConfiguration$$EnhancerBySpringCGLIB$$3236f63f] - unable to determine constructor/method parameter names
2023-12-05 16:36:29.792  [39mDEBUG[0;39m [[32mmain                          [0;39m] - [34mo.s.b.f.support.DefaultListableBeanFactory   [0;39m[777]: Autowiring by type from bean name 'org.springframework.boot.autoconfigure.web.servlet.DispatcherServletAutoConfiguration$DispatcherServletConfiguration' via constructor to bean named 'spring.http-org.springframework.boot.autoconfigure.http.HttpProperties'
2023-12-05 16:36:29.793  [39mDEBUG[0;39m [[32mmain                          [0;39m] - [34mo.s.b.f.support.DefaultListableBeanFactory   [0;39m[777]: Autowiring by type from bean name 'org.springframework.boot.autoconfigure.web.servlet.DispatcherServletAutoConfiguration$DispatcherServletConfiguration' via constructor to bean named 'spring.mvc-org.springframework.boot.autoconfigure.web.servlet.WebMvcProperties'
2023-12-05 16:36:29.822  [39mDEBUG[0;39m [[32mmain                          [0;39m] - [34mo.s.b.f.support.DefaultListableBeanFactory   [0;39m[777]: Autowiring by type from bean name 'dispatcherServletRegistration' via factory method to bean named 'dispatcherServlet'
2023-12-05 16:36:29.836  [39mDEBUG[0;39m [[32mmain                          [0;39m] - [34mo.s.b.f.support.DefaultListableBeanFactory   [0;39m[777]: Autowiring by type from bean name 'org.springframework.boot.autoconfigure.web.servlet.error.ErrorMvcAutoConfiguration' via constructor to bean named 'server-org.springframework.boot.autoconfigure.web.ServerProperties'
2023-12-05 16:36:29.836  [39mDEBUG[0;39m [[32mmain                          [0;39m] - [34mo.s.b.f.support.DefaultListableBeanFactory   [0;39m[777]: Autowiring by type from bean name 'org.springframework.boot.autoconfigure.web.servlet.error.ErrorMvcAutoConfiguration' via constructor to bean named 'dispatcherServletRegistration'
2023-12-05 16:36:29.838  [39mDEBUG[0;39m [[32mmain                          [0;39m] - [34mo.s.b.f.support.DefaultListableBeanFactory   [0;39m[213]: Creating shared instance of singleton bean 'conventionErrorViewResolver'
2023-12-05 16:36:29.839  [39mDEBUG[0;39m [[32mmain                          [0;39m] - [34mo.s.b.f.support.DefaultListableBeanFactory   [0;39m[213]: Creating shared instance of singleton bean 'org.springframework.boot.autoconfigure.web.servlet.error.ErrorMvcAutoConfiguration$DefaultErrorViewResolverConfiguration'
2023-12-05 16:36:29.840  [39mDEBUG[0;39m [[32mmain                          [0;39m] - [34ms.c.LocalVariableTableParameterNameDiscoverer[0;39m[108]: Cannot find '.class' file for class [class org.springframework.boot.autoconfigure.web.servlet.error.ErrorMvcAutoConfiguration$DefaultErrorViewResolverConfiguration$$EnhancerBySpringCGLIB$$2278409b] - unable to determine constructor/method parameter names
2023-12-05 16:36:29.843  [39mDEBUG[0;39m [[32mmain                          [0;39m] - [34mo.s.b.f.support.DefaultListableBeanFactory   [0;39m[213]: Creating shared instance of singleton bean 'spring.resources-org.springframework.boot.autoconfigure.web.ResourceProperties'
2023-12-05 16:36:29.848  [39mDEBUG[0;39m [[32mmain                          [0;39m] - [34mo.s.b.f.support.DefaultListableBeanFactory   [0;39m[777]: Autowiring by type from bean name 'org.springframework.boot.autoconfigure.web.servlet.error.ErrorMvcAutoConfiguration$DefaultErrorViewResolverConfiguration' via constructor to bean named 'org.springframework.boot.web.servlet.context.AnnotationConfigServletWebServerApplicationContext@670002'
2023-12-05 16:36:29.849  [39mDEBUG[0;39m [[32mmain                          [0;39m] - [34mo.s.b.f.support.DefaultListableBeanFactory   [0;39m[777]: Autowiring by type from bean name 'org.springframework.boot.autoconfigure.web.servlet.error.ErrorMvcAutoConfiguration$DefaultErrorViewResolverConfiguration' via constructor to bean named 'spring.resources-org.springframework.boot.autoconfigure.web.ResourceProperties'
2023-12-05 16:36:30.326  [39mDEBUG[0;39m [[32mmain                          [0;39m] - [34mo.s.b.w.e.t.TomcatServletWebServerFactory    [0;39m[82]: Code archive: D:\javalesson\JAVAstudyrespository\org\springframework\boot\spring-boot\2.1.5.RELEASE\spring-boot-2.1.5.RELEASE.jar
2023-12-05 16:36:30.326  [39mDEBUG[0;39m [[32mmain                          [0;39m] - [34mo.s.b.w.e.t.TomcatServletWebServerFactory    [0;39m[126]: Code archive: D:\javalesson\JAVAstudyrespository\org\springframework\boot\spring-boot\2.1.5.RELEASE\spring-boot-2.1.5.RELEASE.jar
2023-12-05 16:36:30.327  [39mDEBUG[0;39m [[32mmain                          [0;39m] - [34mo.s.b.w.e.t.TomcatServletWebServerFactory    [0;39m[151]: None of the document roots [src/main/webapp, public, static] point to a directory and will be ignored.
2023-12-05 16:36:30.361  [34mINFO [0;39m [[32mmain                          [0;39m] - [34mo.s.boot.web.embedded.tomcat.TomcatWebServer [0;39m[90]: Tomcat initialized with port(s): 8080 (http)
2023-12-05 16:36:30.377  [34mINFO [0;39m [[32mmain                          [0;39m] - [34morg.apache.coyote.http11.Http11NioProtocol   [0;39m[173]: Initializing ProtocolHandler ["http-nio-8080"]
2023-12-05 16:36:30.392  [34mINFO [0;39m [[32mmain                          [0;39m] - [34morg.apache.catalina.core.StandardService     [0;39m[173]: Starting service [Tomcat]
2023-12-05 16:36:30.393  [34mINFO [0;39m [[32mmain                          [0;39m] - [34morg.apache.catalina.core.StandardEngine      [0;39m[173]: Starting Servlet engine: [Apache Tomcat/9.0.19]
2023-12-05 16:36:30.546  [34mINFO [0;39m [[32mmain                          [0;39m] - [34mo.a.c.c.C.[Tomcat].[localhost].[/]           [0;39m[173]: Initializing Spring embedded WebApplicationContext
2023-12-05 16:36:30.546  [39mDEBUG[0;39m [[32mmain                          [0;39m] - [34morg.springframework.web.context.ContextLoader[0;39m[288]: Published root WebApplicationContext as ServletContext attribute with name [org.springframework.web.context.WebApplicationContext.ROOT]
2023-12-05 16:36:30.546  [34mINFO [0;39m [[32mmain                          [0;39m] - [34morg.springframework.web.context.ContextLoader[0;39m[296]: Root WebApplicationContext: initialization completed in 3308 ms
2023-12-05 16:36:30.553  [39mDEBUG[0;39m [[32mmain                          [0;39m] - [34mo.s.b.f.support.DefaultListableBeanFactory   [0;39m[213]: Creating shared instance of singleton bean 'requestContextFilter'
2023-12-05 16:36:30.557  [39mDEBUG[0;39m [[32mmain                          [0;39m] - [34mo.s.b.f.support.DefaultListableBeanFactory   [0;39m[213]: Creating shared instance of singleton bean 'hiddenHttpMethodFilter'
2023-12-05 16:36:30.558  [39mDEBUG[0;39m [[32mmain                          [0;39m] - [34mo.s.b.f.support.DefaultListableBeanFactory   [0;39m[213]: Creating shared instance of singleton bean 'org.springframework.boot.autoconfigure.web.servlet.WebMvcAutoConfiguration'
2023-12-05 16:36:30.567  [39mDEBUG[0;39m [[32mmain                          [0;39m] - [34mo.s.b.f.support.DefaultListableBeanFactory   [0;39m[213]: Creating shared instance of singleton bean 'formContentFilter'
2023-12-05 16:36:30.572  [39mDEBUG[0;39m [[32mmain                          [0;39m] - [34mo.s.b.f.support.DefaultListableBeanFactory   [0;39m[213]: Creating shared instance of singleton bean 'characterEncodingFilter'
